15:36:17: Namespace(batch_size=100, bench=False, data='cifar', decay_frequency=25000, decay_schedule='cosine', dense=False, density=0.05, epochs=100, fp16=False, growth='momentum', iters=1, l1=0.0, l2=0.0005, log_interval=100, lr=0.1, max_threads=10, model='alexnet-s', momentum=0.9, no_cuda=False, optimizer='sgd', prune='magnitude', prune_rate=0.5, redistribution='momentum', resume=None, save_features=False, save_model='./models/model.pt', seed=17, start_epoch=1, test_batch_size=100, valid_split=0.1, verbose=False)
15:36:17: 


15:36:17: ================================================================================
15:36:17: 
Iteration start: 1/1

15:36:19: AlexNet(
  (features): Sequential(
    (0): Conv2d(3, 96, kernel_size=(11, 11), stride=(2, 2), padding=(2, 2))
    (1): BatchNorm2d(96, eps=1e-05, momentum=0.1, affine=True, track_running_stats=True)
    (2): ReLU(inplace=True)
    (3): Conv2d(96, 256, kernel_size=(5, 5), stride=(2, 2), padding=(2, 2))
    (4): BatchNorm2d(256, eps=1e-05, momentum=0.1, affine=True, track_running_stats=True)
    (5): ReLU(inplace=True)
    (6): Conv2d(256, 384, kernel_size=(3, 3), stride=(2, 2), padding=(1, 1))
    (7): BatchNorm2d(384, eps=1e-05, momentum=0.1, affine=True, track_running_stats=True)
    (8): ReLU(inplace=True)
    (9): Conv2d(384, 384, kernel_size=(3, 3), stride=(2, 2), padding=(1, 1))
    (10): BatchNorm2d(384, eps=1e-05, momentum=0.1, affine=True, track_running_stats=True)
    (11): ReLU(inplace=True)
    (12): Conv2d(384, 256, kernel_size=(3, 3), stride=(2, 2), padding=(1, 1))
    (13): BatchNorm2d(256, eps=1e-05, momentum=0.1, affine=True, track_running_stats=True)
    (14): ReLU(inplace=True)
  )
  (classifier): Sequential(
    (0): Linear(in_features=256, out_features=1024, bias=True)
    (1): BatchNorm1d(1024, eps=1e-05, momentum=0.1, affine=True, track_running_stats=True)
    (2): ReLU(inplace=True)
    (3): Linear(in_features=1024, out_features=1024, bias=True)
    (4): BatchNorm1d(1024, eps=1e-05, momentum=0.1, affine=True, track_running_stats=True)
    (5): ReLU(inplace=True)
    (6): Linear(in_features=1024, out_features=10, bias=True)
  )
)
15:36:19: ============================================================
15:36:19: alexnet-s
15:36:19: ============================================================
15:36:19: ============================================================
15:36:19: Prune mode: magnitude
15:36:19: Growth mode: momentum
15:36:19: Redistribution mode: momentum
15:36:19: ============================================================
15:36:19: Train Epoch: 1 [0/45000 (0%)]	Loss: 2.292674
15:36:24: Train Epoch: 1 [10000/45000 (22%)]	Loss: 1.689278
15:36:29: Train Epoch: 1 [20000/45000 (44%)]	Loss: 1.648529
15:36:33: Train Epoch: 1 [30000/45000 (67%)]	Loss: 1.459289
15:36:38: Train Epoch: 1 [40000/45000 (89%)]	Loss: 1.595444
15:36:42: 
Evaluation: Average loss: 1.3977, Accuracy: 2455/5000 (49.100%)

15:36:42: Current learning rate: 0.1. Time taken for epoch: 23.18 seconds.

15:36:43: Train Epoch: 2 [0/45000 (0%)]	Loss: 1.330174
15:36:47: Train Epoch: 2 [10000/45000 (22%)]	Loss: 1.467118
15:36:52: Train Epoch: 2 [20000/45000 (44%)]	Loss: 1.554865
15:36:57: Train Epoch: 2 [30000/45000 (67%)]	Loss: 1.573074
15:37:01: Train Epoch: 2 [40000/45000 (89%)]	Loss: 1.525677
15:37:06: 
Evaluation: Average loss: 1.4131, Accuracy: 2452/5000 (49.040%)

15:37:06: Current learning rate: 0.1. Time taken for epoch: 23.77 seconds.

15:37:06: Train Epoch: 3 [0/45000 (0%)]	Loss: 1.733328
15:37:11: Train Epoch: 3 [10000/45000 (22%)]	Loss: 1.263712
15:37:16: Train Epoch: 3 [20000/45000 (44%)]	Loss: 1.256633
15:37:21: Train Epoch: 3 [30000/45000 (67%)]	Loss: 1.423996
15:37:25: Train Epoch: 3 [40000/45000 (89%)]	Loss: 1.359651
15:37:29: 
Evaluation: Average loss: 1.2146, Accuracy: 2812/5000 (56.240%)

15:37:29: Current learning rate: 0.1. Time taken for epoch: 23.69 seconds.

15:37:30: Train Epoch: 4 [0/45000 (0%)]	Loss: 1.251376
15:37:35: Train Epoch: 4 [10000/45000 (22%)]	Loss: 1.144642
15:37:39: Train Epoch: 4 [20000/45000 (44%)]	Loss: 1.167875
15:37:44: Train Epoch: 4 [30000/45000 (67%)]	Loss: 0.917121
15:37:49: Train Epoch: 4 [40000/45000 (89%)]	Loss: 1.105909
15:37:53: 
Evaluation: Average loss: 1.1613, Accuracy: 2923/5000 (58.460%)

15:37:53: Current learning rate: 0.1. Time taken for epoch: 23.65 seconds.

15:37:54: Train Epoch: 5 [0/45000 (0%)]	Loss: 1.185529
15:37:59: Train Epoch: 5 [10000/45000 (22%)]	Loss: 1.373248
15:38:03: Train Epoch: 5 [20000/45000 (44%)]	Loss: 1.152267
15:38:08: Train Epoch: 5 [30000/45000 (67%)]	Loss: 1.101210
15:38:13: Train Epoch: 5 [40000/45000 (89%)]	Loss: 1.081140
15:38:17: 
Evaluation: Average loss: 1.1951, Accuracy: 2865/5000 (57.300%)

15:38:17: Current learning rate: 0.1. Time taken for epoch: 24.24 seconds.

15:38:18: Train Epoch: 6 [0/45000 (0%)]	Loss: 1.313106
15:38:23: Train Epoch: 6 [10000/45000 (22%)]	Loss: 1.347413
15:38:28: Train Epoch: 6 [20000/45000 (44%)]	Loss: 1.197112
15:38:32: Train Epoch: 6 [30000/45000 (67%)]	Loss: 1.365281
15:38:37: Train Epoch: 6 [40000/45000 (89%)]	Loss: 1.151096
15:38:41: 
Evaluation: Average loss: 1.0926, Accuracy: 3112/5000 (62.240%)

15:38:41: Current learning rate: 0.1. Time taken for epoch: 23.96 seconds.

15:38:42: Train Epoch: 7 [0/45000 (0%)]	Loss: 1.104462
15:38:47: Train Epoch: 7 [10000/45000 (22%)]	Loss: 1.151324
15:38:52: Train Epoch: 7 [20000/45000 (44%)]	Loss: 1.130918
15:38:56: Train Epoch: 7 [30000/45000 (67%)]	Loss: 1.068448
15:39:01: Train Epoch: 7 [40000/45000 (89%)]	Loss: 1.155816
15:39:05: 
Evaluation: Average loss: 1.1059, Accuracy: 3028/5000 (60.560%)

15:39:05: Current learning rate: 0.1. Time taken for epoch: 24.03 seconds.

15:39:06: Train Epoch: 8 [0/45000 (0%)]	Loss: 1.101645
15:39:11: Train Epoch: 8 [10000/45000 (22%)]	Loss: 1.099370
15:39:16: Train Epoch: 8 [20000/45000 (44%)]	Loss: 1.072664
15:39:20: Train Epoch: 8 [30000/45000 (67%)]	Loss: 1.028866
15:39:25: Train Epoch: 8 [40000/45000 (89%)]	Loss: 1.016320
15:39:29: 
Evaluation: Average loss: 1.0478, Accuracy: 3147/5000 (62.940%)

15:39:29: Current learning rate: 0.1. Time taken for epoch: 24.05 seconds.

15:39:30: Train Epoch: 9 [0/45000 (0%)]	Loss: 1.013753
15:39:35: Train Epoch: 9 [10000/45000 (22%)]	Loss: 0.849179
15:39:40: Train Epoch: 9 [20000/45000 (44%)]	Loss: 0.979216
15:39:44: Train Epoch: 9 [30000/45000 (67%)]	Loss: 0.861294
15:39:49: Train Epoch: 9 [40000/45000 (89%)]	Loss: 1.168973
15:39:54: 
Evaluation: Average loss: 1.0945, Accuracy: 3051/5000 (61.020%)

15:39:54: Current learning rate: 0.1. Time taken for epoch: 24.24 seconds.

15:39:54: Train Epoch: 10 [0/45000 (0%)]	Loss: 1.147256
15:39:59: Train Epoch: 10 [10000/45000 (22%)]	Loss: 0.983291
15:40:04: Train Epoch: 10 [20000/45000 (44%)]	Loss: 1.011561
15:40:09: Train Epoch: 10 [30000/45000 (67%)]	Loss: 1.009839
15:40:14: Train Epoch: 10 [40000/45000 (89%)]	Loss: 0.904260
15:40:18: 
Evaluation: Average loss: 1.1985, Accuracy: 2987/5000 (59.740%)

15:40:18: Current learning rate: 0.1. Time taken for epoch: 24.40 seconds.

15:40:19: Train Epoch: 11 [0/45000 (0%)]	Loss: 1.168109
15:40:24: Train Epoch: 11 [10000/45000 (22%)]	Loss: 1.012111
15:40:28: Train Epoch: 11 [20000/45000 (44%)]	Loss: 1.038404
15:40:33: Train Epoch: 11 [30000/45000 (67%)]	Loss: 1.111335
15:40:38: Train Epoch: 11 [40000/45000 (89%)]	Loss: 1.181230
15:40:42: 
Evaluation: Average loss: 0.9936, Accuracy: 3278/5000 (65.560%)

15:40:42: Current learning rate: 0.1. Time taken for epoch: 24.13 seconds.

15:40:43: Train Epoch: 12 [0/45000 (0%)]	Loss: 1.070943
15:40:48: Train Epoch: 12 [10000/45000 (22%)]	Loss: 0.804582
15:40:52: Train Epoch: 12 [20000/45000 (44%)]	Loss: 1.083536
15:40:57: Train Epoch: 12 [30000/45000 (67%)]	Loss: 1.227224
15:41:02: Train Epoch: 12 [40000/45000 (89%)]	Loss: 1.195585
15:41:06: 
Evaluation: Average loss: 1.0025, Accuracy: 3265/5000 (65.300%)

15:41:06: Current learning rate: 0.1. Time taken for epoch: 24.27 seconds.

15:41:07: Train Epoch: 13 [0/45000 (0%)]	Loss: 1.168235
15:41:12: Train Epoch: 13 [10000/45000 (22%)]	Loss: 1.014516
15:41:17: Train Epoch: 13 [20000/45000 (44%)]	Loss: 0.951261
15:41:21: Train Epoch: 13 [30000/45000 (67%)]	Loss: 0.698381
15:41:26: Train Epoch: 13 [40000/45000 (89%)]	Loss: 0.942335
15:41:31: 
Evaluation: Average loss: 1.0522, Accuracy: 3146/5000 (62.920%)

15:41:31: Current learning rate: 0.1. Time taken for epoch: 24.20 seconds.

15:41:31: Train Epoch: 14 [0/45000 (0%)]	Loss: 1.301533
15:41:36: Train Epoch: 14 [10000/45000 (22%)]	Loss: 0.975861
15:41:41: Train Epoch: 14 [20000/45000 (44%)]	Loss: 1.062061
15:41:46: Train Epoch: 14 [30000/45000 (67%)]	Loss: 0.904723
15:41:50: Train Epoch: 14 [40000/45000 (89%)]	Loss: 1.048096
15:41:55: 
Evaluation: Average loss: 1.0026, Accuracy: 3224/5000 (64.480%)

15:41:55: Current learning rate: 0.1. Time taken for epoch: 24.03 seconds.

15:41:55: Train Epoch: 15 [0/45000 (0%)]	Loss: 0.999439
15:42:00: Train Epoch: 15 [10000/45000 (22%)]	Loss: 0.886271
15:42:05: Train Epoch: 15 [20000/45000 (44%)]	Loss: 1.215334
15:42:10: Train Epoch: 15 [30000/45000 (67%)]	Loss: 1.082559
15:42:15: Train Epoch: 15 [40000/45000 (89%)]	Loss: 1.061231
15:42:19: 
Evaluation: Average loss: 1.1261, Accuracy: 3054/5000 (61.080%)

15:42:19: Current learning rate: 0.1. Time taken for epoch: 24.60 seconds.

15:42:20: Train Epoch: 16 [0/45000 (0%)]	Loss: 0.763887
15:42:25: Train Epoch: 16 [10000/45000 (22%)]	Loss: 1.080373
15:42:30: Train Epoch: 16 [20000/45000 (44%)]	Loss: 0.844876
15:42:34: Train Epoch: 16 [30000/45000 (67%)]	Loss: 0.625259
15:42:39: Train Epoch: 16 [40000/45000 (89%)]	Loss: 0.734827
15:42:43: 
Evaluation: Average loss: 0.9674, Accuracy: 3289/5000 (65.780%)

15:42:43: Current learning rate: 0.1. Time taken for epoch: 24.13 seconds.

15:42:44: Train Epoch: 17 [0/45000 (0%)]	Loss: 0.874840
15:42:49: Train Epoch: 17 [10000/45000 (22%)]	Loss: 0.942625
15:42:54: Train Epoch: 17 [20000/45000 (44%)]	Loss: 0.912812
15:42:58: Train Epoch: 17 [30000/45000 (67%)]	Loss: 1.045029
15:43:03: Train Epoch: 17 [40000/45000 (89%)]	Loss: 1.046003
15:43:08: 
Evaluation: Average loss: 0.9632, Accuracy: 3301/5000 (66.020%)

15:43:08: Current learning rate: 0.1. Time taken for epoch: 24.29 seconds.

15:43:09: Train Epoch: 18 [0/45000 (0%)]	Loss: 0.932340
15:43:13: Train Epoch: 18 [10000/45000 (22%)]	Loss: 0.885627
15:43:18: Train Epoch: 18 [20000/45000 (44%)]	Loss: 1.299739
15:43:23: Train Epoch: 18 [30000/45000 (67%)]	Loss: 0.965240
15:43:28: Train Epoch: 18 [40000/45000 (89%)]	Loss: 1.050747
15:43:32: 
Evaluation: Average loss: 0.9886, Accuracy: 3255/5000 (65.100%)

15:43:32: Current learning rate: 0.1. Time taken for epoch: 24.39 seconds.

15:43:33: Train Epoch: 19 [0/45000 (0%)]	Loss: 0.948621
15:43:38: Train Epoch: 19 [10000/45000 (22%)]	Loss: 0.953620
15:43:42: Train Epoch: 19 [20000/45000 (44%)]	Loss: 0.842747
15:43:47: Train Epoch: 19 [30000/45000 (67%)]	Loss: 0.916940
15:43:52: Train Epoch: 19 [40000/45000 (89%)]	Loss: 0.979882
15:43:56: 
Evaluation: Average loss: 1.1652, Accuracy: 2978/5000 (59.560%)

15:43:56: Current learning rate: 0.1. Time taken for epoch: 24.11 seconds.

15:43:57: Train Epoch: 20 [0/45000 (0%)]	Loss: 1.054770
15:44:02: Train Epoch: 20 [10000/45000 (22%)]	Loss: 0.978781
15:44:07: Train Epoch: 20 [20000/45000 (44%)]	Loss: 0.981231
15:44:11: Train Epoch: 20 [30000/45000 (67%)]	Loss: 0.744491
15:44:16: Train Epoch: 20 [40000/45000 (89%)]	Loss: 0.811388
15:44:20: 
Evaluation: Average loss: 0.9212, Accuracy: 3354/5000 (67.080%)

15:44:21: Current learning rate: 0.1. Time taken for epoch: 24.42 seconds.

15:44:21: Train Epoch: 21 [0/45000 (0%)]	Loss: 0.900521
15:44:26: Train Epoch: 21 [10000/45000 (22%)]	Loss: 0.920179
15:44:31: Train Epoch: 21 [20000/45000 (44%)]	Loss: 0.935878
15:44:36: Train Epoch: 21 [30000/45000 (67%)]	Loss: 0.768133
15:44:40: Train Epoch: 21 [40000/45000 (89%)]	Loss: 1.014288
15:44:45: 
Evaluation: Average loss: 0.9644, Accuracy: 3314/5000 (66.280%)

15:44:45: Current learning rate: 0.1. Time taken for epoch: 24.28 seconds.

15:44:46: Train Epoch: 22 [0/45000 (0%)]	Loss: 0.876108
15:44:50: Train Epoch: 22 [10000/45000 (22%)]	Loss: 0.974209
15:44:55: Train Epoch: 22 [20000/45000 (44%)]	Loss: 0.952664
15:45:00: Train Epoch: 22 [30000/45000 (67%)]	Loss: 0.990450
15:45:05: Train Epoch: 22 [40000/45000 (89%)]	Loss: 0.758936
15:45:09: 
Evaluation: Average loss: 0.9767, Accuracy: 3313/5000 (66.260%)

15:45:09: Current learning rate: 0.1. Time taken for epoch: 24.38 seconds.

15:45:10: Train Epoch: 23 [0/45000 (0%)]	Loss: 0.974679
15:45:15: Train Epoch: 23 [10000/45000 (22%)]	Loss: 0.727063
15:45:20: Train Epoch: 23 [20000/45000 (44%)]	Loss: 0.849135
15:45:24: Train Epoch: 23 [30000/45000 (67%)]	Loss: 0.936540
15:45:29: Train Epoch: 23 [40000/45000 (89%)]	Loss: 0.851466
15:45:33: 
Evaluation: Average loss: 0.9169, Accuracy: 3385/5000 (67.700%)

15:45:33: Current learning rate: 0.1. Time taken for epoch: 24.15 seconds.

15:45:34: Train Epoch: 24 [0/45000 (0%)]	Loss: 0.985655
15:45:39: Train Epoch: 24 [10000/45000 (22%)]	Loss: 0.841724
15:45:44: Train Epoch: 24 [20000/45000 (44%)]	Loss: 0.751584
15:45:48: Train Epoch: 24 [30000/45000 (67%)]	Loss: 1.261758
15:45:53: Train Epoch: 24 [40000/45000 (89%)]	Loss: 0.798557
15:45:57: 
Evaluation: Average loss: 0.9581, Accuracy: 3321/5000 (66.420%)

15:45:57: Current learning rate: 0.1. Time taken for epoch: 23.86 seconds.

15:45:58: Train Epoch: 25 [0/45000 (0%)]	Loss: 1.076244
15:46:03: Train Epoch: 25 [10000/45000 (22%)]	Loss: 0.879526
15:46:08: Train Epoch: 25 [20000/45000 (44%)]	Loss: 1.012885
15:46:12: Train Epoch: 25 [30000/45000 (67%)]	Loss: 0.999789
15:46:17: Train Epoch: 25 [40000/45000 (89%)]	Loss: 0.954315
15:46:22: 
Evaluation: Average loss: 0.9594, Accuracy: 3285/5000 (65.700%)

15:46:22: Current learning rate: 0.1. Time taken for epoch: 24.33 seconds.

15:46:22: Train Epoch: 26 [0/45000 (0%)]	Loss: 0.918843
15:46:27: Train Epoch: 26 [10000/45000 (22%)]	Loss: 1.052713
15:46:32: Train Epoch: 26 [20000/45000 (44%)]	Loss: 0.812000
15:46:37: Train Epoch: 26 [30000/45000 (67%)]	Loss: 1.211314
15:46:41: Train Epoch: 26 [40000/45000 (89%)]	Loss: 0.789885
15:46:46: 
Evaluation: Average loss: 0.9691, Accuracy: 3286/5000 (65.720%)

15:46:46: Current learning rate: 0.1. Time taken for epoch: 24.05 seconds.

15:46:46: Train Epoch: 27 [0/45000 (0%)]	Loss: 1.180078
15:46:51: Train Epoch: 27 [10000/45000 (22%)]	Loss: 0.808253
15:46:56: Train Epoch: 27 [20000/45000 (44%)]	Loss: 0.691393
15:47:01: Train Epoch: 27 [30000/45000 (67%)]	Loss: 0.818044
15:47:06: Train Epoch: 27 [40000/45000 (89%)]	Loss: 0.800468
15:47:10: 
Evaluation: Average loss: 0.9451, Accuracy: 3358/5000 (67.160%)

15:47:10: Current learning rate: 0.1. Time taken for epoch: 24.31 seconds.

15:47:11: Train Epoch: 28 [0/45000 (0%)]	Loss: 1.112994
15:47:16: Train Epoch: 28 [10000/45000 (22%)]	Loss: 0.849476
15:47:20: Train Epoch: 28 [20000/45000 (44%)]	Loss: 0.864335
15:47:25: Train Epoch: 28 [30000/45000 (67%)]	Loss: 0.938402
15:47:30: Train Epoch: 28 [40000/45000 (89%)]	Loss: 0.939892
15:47:34: 
Evaluation: Average loss: 1.0061, Accuracy: 3221/5000 (64.420%)

15:47:34: Current learning rate: 0.1. Time taken for epoch: 24.16 seconds.

15:47:35: Train Epoch: 29 [0/45000 (0%)]	Loss: 0.962529
15:47:40: Train Epoch: 29 [10000/45000 (22%)]	Loss: 1.040307
15:47:44: Train Epoch: 29 [20000/45000 (44%)]	Loss: 0.784504
15:47:49: Train Epoch: 29 [30000/45000 (67%)]	Loss: 0.774441
15:47:54: Train Epoch: 29 [40000/45000 (89%)]	Loss: 0.810030
15:47:58: 
Evaluation: Average loss: 0.9017, Accuracy: 3394/5000 (67.880%)

15:47:58: Current learning rate: 0.1. Time taken for epoch: 24.04 seconds.

15:47:59: Train Epoch: 30 [0/45000 (0%)]	Loss: 0.905272
15:48:04: Train Epoch: 30 [10000/45000 (22%)]	Loss: 0.893312
15:48:09: Train Epoch: 30 [20000/45000 (44%)]	Loss: 0.853248
15:48:13: Train Epoch: 30 [30000/45000 (67%)]	Loss: 0.771360
15:48:18: Train Epoch: 30 [40000/45000 (89%)]	Loss: 0.856231
15:48:22: 
Evaluation: Average loss: 0.8591, Accuracy: 3453/5000 (69.060%)

15:48:23: Current learning rate: 0.1. Time taken for epoch: 24.42 seconds.

15:48:23: Train Epoch: 31 [0/45000 (0%)]	Loss: 0.790496
15:48:28: Train Epoch: 31 [10000/45000 (22%)]	Loss: 0.957891
15:48:33: Train Epoch: 31 [20000/45000 (44%)]	Loss: 0.918390
15:48:37: Train Epoch: 31 [30000/45000 (67%)]	Loss: 0.792517
15:48:42: Train Epoch: 31 [40000/45000 (89%)]	Loss: 0.840292
15:48:46: 
Evaluation: Average loss: 0.9163, Accuracy: 3380/5000 (67.600%)

15:48:46: Current learning rate: 0.1. Time taken for epoch: 23.88 seconds.

15:48:47: Train Epoch: 32 [0/45000 (0%)]	Loss: 0.868365
15:48:52: Train Epoch: 32 [10000/45000 (22%)]	Loss: 0.971020
15:48:57: Train Epoch: 32 [20000/45000 (44%)]	Loss: 0.970705
15:49:01: Train Epoch: 32 [30000/45000 (67%)]	Loss: 0.689358
15:49:06: Train Epoch: 32 [40000/45000 (89%)]	Loss: 0.663840
15:49:10: 
Evaluation: Average loss: 0.8909, Accuracy: 3453/5000 (69.060%)

15:49:11: Current learning rate: 0.1. Time taken for epoch: 24.08 seconds.

15:49:11: Train Epoch: 33 [0/45000 (0%)]	Loss: 0.800920
15:49:16: Train Epoch: 33 [10000/45000 (22%)]	Loss: 0.727046
15:49:21: Train Epoch: 33 [20000/45000 (44%)]	Loss: 0.863031
15:49:26: Train Epoch: 33 [30000/45000 (67%)]	Loss: 0.991318
15:49:30: Train Epoch: 33 [40000/45000 (89%)]	Loss: 0.951065
15:49:35: 
Evaluation: Average loss: 0.8858, Accuracy: 3437/5000 (68.740%)

15:49:35: Current learning rate: 0.1. Time taken for epoch: 24.14 seconds.

15:49:35: Train Epoch: 34 [0/45000 (0%)]	Loss: 0.791541
15:49:40: Train Epoch: 34 [10000/45000 (22%)]	Loss: 0.896955
15:49:45: Train Epoch: 34 [20000/45000 (44%)]	Loss: 1.143518
15:49:50: Train Epoch: 34 [30000/45000 (67%)]	Loss: 0.990067
15:49:54: Train Epoch: 34 [40000/45000 (89%)]	Loss: 0.875680
15:49:59: 
Evaluation: Average loss: 0.8799, Accuracy: 3473/5000 (69.460%)

15:49:59: Current learning rate: 0.1. Time taken for epoch: 24.05 seconds.

15:49:59: Train Epoch: 35 [0/45000 (0%)]	Loss: 0.799183
15:50:04: Train Epoch: 35 [10000/45000 (22%)]	Loss: 0.785531
15:50:09: Train Epoch: 35 [20000/45000 (44%)]	Loss: 0.886074
15:50:14: Train Epoch: 35 [30000/45000 (67%)]	Loss: 0.786103
15:50:19: Train Epoch: 35 [40000/45000 (89%)]	Loss: 0.787854
15:50:23: 
Evaluation: Average loss: 0.8607, Accuracy: 3485/5000 (69.700%)

15:50:23: Current learning rate: 0.1. Time taken for epoch: 24.39 seconds.

15:50:24: Train Epoch: 36 [0/45000 (0%)]	Loss: 0.911950
15:50:29: Train Epoch: 36 [10000/45000 (22%)]	Loss: 0.900818
15:50:33: Train Epoch: 36 [20000/45000 (44%)]	Loss: 0.924453
15:50:38: Train Epoch: 36 [30000/45000 (67%)]	Loss: 0.779247
15:50:43: Train Epoch: 36 [40000/45000 (89%)]	Loss: 1.025332
15:50:47: 
Evaluation: Average loss: 0.9165, Accuracy: 3446/5000 (68.920%)

15:50:47: Current learning rate: 0.1. Time taken for epoch: 23.82 seconds.

15:50:48: Train Epoch: 37 [0/45000 (0%)]	Loss: 0.820960
15:50:53: Train Epoch: 37 [10000/45000 (22%)]	Loss: 0.727570
15:50:57: Train Epoch: 37 [20000/45000 (44%)]	Loss: 0.907120
15:51:02: Train Epoch: 37 [30000/45000 (67%)]	Loss: 0.828450
15:51:07: Train Epoch: 37 [40000/45000 (89%)]	Loss: 0.797569
15:51:11: 
Evaluation: Average loss: 0.8668, Accuracy: 3493/5000 (69.860%)

15:51:11: Current learning rate: 0.1. Time taken for epoch: 24.33 seconds.

15:51:12: Train Epoch: 38 [0/45000 (0%)]	Loss: 0.713673
15:51:17: Train Epoch: 38 [10000/45000 (22%)]	Loss: 1.032356
15:51:22: Train Epoch: 38 [20000/45000 (44%)]	Loss: 0.857901
15:51:26: Train Epoch: 38 [30000/45000 (67%)]	Loss: 0.982954
15:51:31: Train Epoch: 38 [40000/45000 (89%)]	Loss: 0.616637
15:51:35: 
Evaluation: Average loss: 0.9804, Accuracy: 3298/5000 (65.960%)

15:51:35: Current learning rate: 0.1. Time taken for epoch: 23.91 seconds.

15:51:36: Train Epoch: 39 [0/45000 (0%)]	Loss: 0.846553
15:51:41: Train Epoch: 39 [10000/45000 (22%)]	Loss: 0.890888
15:51:45: Train Epoch: 39 [20000/45000 (44%)]	Loss: 0.955649
15:51:50: Train Epoch: 39 [30000/45000 (67%)]	Loss: 0.888279
15:51:55: Train Epoch: 39 [40000/45000 (89%)]	Loss: 0.868754
15:51:59: 
Evaluation: Average loss: 1.0101, Accuracy: 3277/5000 (65.540%)

15:51:59: Current learning rate: 0.1. Time taken for epoch: 24.01 seconds.

15:52:00: Train Epoch: 40 [0/45000 (0%)]	Loss: 0.711428
15:52:05: Train Epoch: 40 [10000/45000 (22%)]	Loss: 0.864009
15:52:10: Train Epoch: 40 [20000/45000 (44%)]	Loss: 0.960823
15:52:14: Train Epoch: 40 [30000/45000 (67%)]	Loss: 0.840599
15:52:19: Train Epoch: 40 [40000/45000 (89%)]	Loss: 1.055544
15:52:23: 
Evaluation: Average loss: 0.8774, Accuracy: 3480/5000 (69.600%)

15:52:24: Current learning rate: 0.1. Time taken for epoch: 24.39 seconds.

15:52:24: Train Epoch: 41 [0/45000 (0%)]	Loss: 0.660756
15:52:29: Train Epoch: 41 [10000/45000 (22%)]	Loss: 0.951656
15:52:34: Train Epoch: 41 [20000/45000 (44%)]	Loss: 0.820478
15:52:39: Train Epoch: 41 [30000/45000 (67%)]	Loss: 0.822364
15:52:43: Train Epoch: 41 [40000/45000 (89%)]	Loss: 0.672571
15:52:47: 
Evaluation: Average loss: 0.9022, Accuracy: 3421/5000 (68.420%)

15:52:48: Current learning rate: 0.1. Time taken for epoch: 23.97 seconds.

15:52:48: Train Epoch: 42 [0/45000 (0%)]	Loss: 0.652942
15:52:53: Train Epoch: 42 [10000/45000 (22%)]	Loss: 0.697927
15:52:58: Train Epoch: 42 [20000/45000 (44%)]	Loss: 0.680826
15:53:03: Train Epoch: 42 [30000/45000 (67%)]	Loss: 0.830590
15:53:07: Train Epoch: 42 [40000/45000 (89%)]	Loss: 0.693965
15:53:12: 
Evaluation: Average loss: 0.8766, Accuracy: 3462/5000 (69.240%)

15:53:12: Current learning rate: 0.1. Time taken for epoch: 24.21 seconds.

15:53:12: Train Epoch: 43 [0/45000 (0%)]	Loss: 0.773813
15:53:17: Train Epoch: 43 [10000/45000 (22%)]	Loss: 0.930429
15:53:22: Train Epoch: 43 [20000/45000 (44%)]	Loss: 0.713873
15:53:27: Train Epoch: 43 [30000/45000 (67%)]	Loss: 0.864437
15:53:31: Train Epoch: 43 [40000/45000 (89%)]	Loss: 0.857471
15:53:36: 
Evaluation: Average loss: 0.8857, Accuracy: 3422/5000 (68.440%)

15:53:36: Current learning rate: 0.1. Time taken for epoch: 23.82 seconds.

15:53:36: Train Epoch: 44 [0/45000 (0%)]	Loss: 0.946989
15:53:41: Train Epoch: 44 [10000/45000 (22%)]	Loss: 0.958425
15:53:46: Train Epoch: 44 [20000/45000 (44%)]	Loss: 0.831021
15:53:51: Train Epoch: 44 [30000/45000 (67%)]	Loss: 0.981145
15:53:55: Train Epoch: 44 [40000/45000 (89%)]	Loss: 0.785999
15:54:00: 
Evaluation: Average loss: 0.9003, Accuracy: 3409/5000 (68.180%)

15:54:00: Current learning rate: 0.1. Time taken for epoch: 24.01 seconds.

15:54:00: Train Epoch: 45 [0/45000 (0%)]	Loss: 0.948486
15:54:05: Train Epoch: 45 [10000/45000 (22%)]	Loss: 0.898405
15:54:10: Train Epoch: 45 [20000/45000 (44%)]	Loss: 0.822099
15:54:15: Train Epoch: 45 [30000/45000 (67%)]	Loss: 0.803597
15:54:19: Train Epoch: 45 [40000/45000 (89%)]	Loss: 0.940464
15:54:24: 
Evaluation: Average loss: 0.8318, Accuracy: 3552/5000 (71.040%)

15:54:24: Current learning rate: 0.1. Time taken for epoch: 24.23 seconds.

15:54:24: Train Epoch: 46 [0/45000 (0%)]	Loss: 0.623775
15:54:29: Train Epoch: 46 [10000/45000 (22%)]	Loss: 0.966045
15:54:34: Train Epoch: 46 [20000/45000 (44%)]	Loss: 0.726186
15:54:39: Train Epoch: 46 [30000/45000 (67%)]	Loss: 0.784071
15:54:43: Train Epoch: 46 [40000/45000 (89%)]	Loss: 0.875955
15:54:47: 
Evaluation: Average loss: 0.9013, Accuracy: 3409/5000 (68.180%)

15:54:48: Current learning rate: 0.1. Time taken for epoch: 23.71 seconds.

15:54:48: Train Epoch: 47 [0/45000 (0%)]	Loss: 0.841806
15:54:53: Train Epoch: 47 [10000/45000 (22%)]	Loss: 0.798805
15:54:58: Train Epoch: 47 [20000/45000 (44%)]	Loss: 0.800366
15:55:03: Train Epoch: 47 [30000/45000 (67%)]	Loss: 0.760189
15:55:07: Train Epoch: 47 [40000/45000 (89%)]	Loss: 0.921265
15:55:12: 
Evaluation: Average loss: 0.8657, Accuracy: 3495/5000 (69.900%)

15:55:12: Current learning rate: 0.1. Time taken for epoch: 24.31 seconds.

15:55:13: Train Epoch: 48 [0/45000 (0%)]	Loss: 0.695152
15:55:18: Train Epoch: 48 [10000/45000 (22%)]	Loss: 0.899246
15:55:22: Train Epoch: 48 [20000/45000 (44%)]	Loss: 0.681644
15:55:27: Train Epoch: 48 [30000/45000 (67%)]	Loss: 0.679236
15:55:32: Train Epoch: 48 [40000/45000 (89%)]	Loss: 0.769223
15:55:36: 
Evaluation: Average loss: 0.8435, Accuracy: 3541/5000 (70.820%)

15:55:36: Current learning rate: 0.1. Time taken for epoch: 24.24 seconds.

15:55:37: Train Epoch: 49 [0/45000 (0%)]	Loss: 0.812858
15:55:42: Train Epoch: 49 [10000/45000 (22%)]	Loss: 1.237706
15:55:46: Train Epoch: 49 [20000/45000 (44%)]	Loss: 0.841905
15:55:51: Train Epoch: 49 [30000/45000 (67%)]	Loss: 0.853551
15:55:56: Train Epoch: 49 [40000/45000 (89%)]	Loss: 0.768071
15:56:00: 
Evaluation: Average loss: 0.8674, Accuracy: 3460/5000 (69.200%)

15:56:00: Current learning rate: 0.1. Time taken for epoch: 23.80 seconds.

15:56:01: Train Epoch: 50 [0/45000 (0%)]	Loss: 0.873268
15:56:06: Train Epoch: 50 [10000/45000 (22%)]	Loss: 0.830845
15:56:10: Train Epoch: 50 [20000/45000 (44%)]	Loss: 0.743362
15:56:15: Train Epoch: 50 [30000/45000 (67%)]	Loss: 0.850480
15:56:20: Train Epoch: 50 [40000/45000 (89%)]	Loss: 1.025270
15:56:24: 
Evaluation: Average loss: 0.9070, Accuracy: 3408/5000 (68.160%)

15:56:24: Current learning rate: 0.1. Time taken for epoch: 24.17 seconds.

15:56:25: Train Epoch: 51 [0/45000 (0%)]	Loss: 0.867483
15:56:30: Train Epoch: 51 [10000/45000 (22%)]	Loss: 0.770522
15:56:34: Train Epoch: 51 [20000/45000 (44%)]	Loss: 0.784428
15:56:39: Train Epoch: 51 [30000/45000 (67%)]	Loss: 0.821049
15:56:44: Train Epoch: 51 [40000/45000 (89%)]	Loss: 0.810886
15:56:48: 
Evaluation: Average loss: 0.9983, Accuracy: 3285/5000 (65.700%)

15:56:48: Current learning rate: 0.1. Time taken for epoch: 24.09 seconds.

15:56:49: Train Epoch: 52 [0/45000 (0%)]	Loss: 0.878664
15:56:54: Train Epoch: 52 [10000/45000 (22%)]	Loss: 0.724417
15:56:59: Train Epoch: 52 [20000/45000 (44%)]	Loss: 0.896443
15:57:03: Train Epoch: 52 [30000/45000 (67%)]	Loss: 0.816912
15:57:08: Train Epoch: 52 [40000/45000 (89%)]	Loss: 0.691670
15:57:12: 
Evaluation: Average loss: 0.8495, Accuracy: 3549/5000 (70.980%)

15:57:13: Current learning rate: 0.1. Time taken for epoch: 24.34 seconds.

15:57:13: Train Epoch: 53 [0/45000 (0%)]	Loss: 0.893615
15:57:18: Train Epoch: 53 [10000/45000 (22%)]	Loss: 0.776545
15:57:23: Train Epoch: 53 [20000/45000 (44%)]	Loss: 0.796040
15:57:27: Train Epoch: 53 [30000/45000 (67%)]	Loss: 0.878918
15:57:32: Train Epoch: 53 [40000/45000 (89%)]	Loss: 0.834687
15:57:36: 
Evaluation: Average loss: 0.8990, Accuracy: 3403/5000 (68.060%)

15:57:36: Current learning rate: 0.1. Time taken for epoch: 23.85 seconds.

15:57:37: Train Epoch: 54 [0/45000 (0%)]	Loss: 0.776576
15:57:42: Train Epoch: 54 [10000/45000 (22%)]	Loss: 0.916616
15:57:47: Train Epoch: 54 [20000/45000 (44%)]	Loss: 0.818117
15:57:51: Train Epoch: 54 [30000/45000 (67%)]	Loss: 0.914876
15:57:56: Train Epoch: 54 [40000/45000 (89%)]	Loss: 0.898706
15:58:00: 
Evaluation: Average loss: 0.8692, Accuracy: 3500/5000 (70.000%)

15:58:00: Current learning rate: 0.1. Time taken for epoch: 23.92 seconds.

15:58:01: Train Epoch: 55 [0/45000 (0%)]	Loss: 0.754576
15:58:06: Train Epoch: 55 [10000/45000 (22%)]	Loss: 0.815835
15:58:11: Train Epoch: 55 [20000/45000 (44%)]	Loss: 0.655025
15:58:16: Train Epoch: 55 [30000/45000 (67%)]	Loss: 0.890649
15:58:20: Train Epoch: 55 [40000/45000 (89%)]	Loss: 0.956093
15:58:25: 
Evaluation: Average loss: 0.8680, Accuracy: 3469/5000 (69.380%)

15:58:25: Current learning rate: 0.1. Time taken for epoch: 24.38 seconds.

15:58:25: Train Epoch: 56 [0/45000 (0%)]	Loss: 0.831287
15:58:30: Train Epoch: 56 [10000/45000 (22%)]	Loss: 0.767399
15:58:35: Train Epoch: 56 [20000/45000 (44%)]	Loss: 1.010541
15:58:40: Train Epoch: 56 [30000/45000 (67%)]	Loss: 0.667583
15:58:44: Train Epoch: 56 [40000/45000 (89%)]	Loss: 0.597260
15:58:48: 
Evaluation: Average loss: 0.6543, Accuracy: 3840/5000 (76.800%)

15:58:49: Current learning rate: 0.010000000000000002. Time taken for epoch: 23.88 seconds.

15:58:49: Train Epoch: 57 [0/45000 (0%)]	Loss: 0.537707
15:58:54: Train Epoch: 57 [10000/45000 (22%)]	Loss: 0.832341
15:58:59: Train Epoch: 57 [20000/45000 (44%)]	Loss: 0.525262
15:59:03: Train Epoch: 57 [30000/45000 (67%)]	Loss: 0.620483
15:59:08: Train Epoch: 57 [40000/45000 (89%)]	Loss: 0.493573
15:59:12: 
Evaluation: Average loss: 0.6117, Accuracy: 3937/5000 (78.740%)

15:59:13: Current learning rate: 0.010000000000000002. Time taken for epoch: 24.00 seconds.

15:59:13: Train Epoch: 58 [0/45000 (0%)]	Loss: 0.520730
15:59:18: Train Epoch: 58 [10000/45000 (22%)]	Loss: 0.542678
15:59:23: Train Epoch: 58 [20000/45000 (44%)]	Loss: 0.449111
15:59:27: Train Epoch: 58 [30000/45000 (67%)]	Loss: 0.549277
15:59:32: Train Epoch: 58 [40000/45000 (89%)]	Loss: 0.526762
15:59:36: 
Evaluation: Average loss: 0.6101, Accuracy: 3966/5000 (79.320%)

15:59:36: Current learning rate: 0.010000000000000002. Time taken for epoch: 23.91 seconds.

15:59:37: Train Epoch: 59 [0/45000 (0%)]	Loss: 0.542324
15:59:42: Train Epoch: 59 [10000/45000 (22%)]	Loss: 0.510569
15:59:47: Train Epoch: 59 [20000/45000 (44%)]	Loss: 0.649970
15:59:52: Train Epoch: 59 [30000/45000 (67%)]	Loss: 0.677257
15:59:56: Train Epoch: 59 [40000/45000 (89%)]	Loss: 0.554092
16:00:01: 
Evaluation: Average loss: 0.5963, Accuracy: 3952/5000 (79.040%)

16:00:01: Current learning rate: 0.010000000000000002. Time taken for epoch: 24.20 seconds.

16:00:01: Train Epoch: 60 [0/45000 (0%)]	Loss: 0.550383
16:00:06: Train Epoch: 60 [10000/45000 (22%)]	Loss: 0.540951
16:00:11: Train Epoch: 60 [20000/45000 (44%)]	Loss: 0.427809
16:00:16: Train Epoch: 60 [30000/45000 (67%)]	Loss: 0.669375
16:00:20: Train Epoch: 60 [40000/45000 (89%)]	Loss: 0.777719
16:00:25: 
Evaluation: Average loss: 0.5823, Accuracy: 3993/5000 (79.860%)

16:00:25: Current learning rate: 0.010000000000000002. Time taken for epoch: 24.13 seconds.

16:00:25: Train Epoch: 61 [0/45000 (0%)]	Loss: 0.648142
16:00:30: Train Epoch: 61 [10000/45000 (22%)]	Loss: 0.590580
16:00:35: Train Epoch: 61 [20000/45000 (44%)]	Loss: 0.667125
16:00:39: Train Epoch: 61 [30000/45000 (67%)]	Loss: 0.657685
16:00:44: Train Epoch: 61 [40000/45000 (89%)]	Loss: 0.445908
16:00:48: 
Evaluation: Average loss: 0.5870, Accuracy: 4008/5000 (80.160%)

16:00:48: Current learning rate: 0.010000000000000002. Time taken for epoch: 23.58 seconds.

16:00:49: Train Epoch: 62 [0/45000 (0%)]	Loss: 0.547802
16:00:54: Train Epoch: 62 [10000/45000 (22%)]	Loss: 0.755825
16:00:59: Train Epoch: 62 [20000/45000 (44%)]	Loss: 0.626003
16:01:03: Train Epoch: 62 [30000/45000 (67%)]	Loss: 0.445536
16:01:08: Train Epoch: 62 [40000/45000 (89%)]	Loss: 0.626993
16:01:13: 
Evaluation: Average loss: 0.5730, Accuracy: 3989/5000 (79.780%)

16:01:13: Current learning rate: 0.010000000000000002. Time taken for epoch: 24.27 seconds.

16:01:13: Train Epoch: 63 [0/45000 (0%)]	Loss: 0.609955
16:01:18: Train Epoch: 63 [10000/45000 (22%)]	Loss: 0.604478
16:01:23: Train Epoch: 63 [20000/45000 (44%)]	Loss: 0.703887
16:01:28: Train Epoch: 63 [30000/45000 (67%)]	Loss: 0.422273
16:01:32: Train Epoch: 63 [40000/45000 (89%)]	Loss: 0.478138
16:01:36: 
Evaluation: Average loss: 0.5744, Accuracy: 3993/5000 (79.860%)

16:01:37: Current learning rate: 0.010000000000000002. Time taken for epoch: 23.95 seconds.

16:01:37: Train Epoch: 64 [0/45000 (0%)]	Loss: 0.475964
16:01:42: Train Epoch: 64 [10000/45000 (22%)]	Loss: 0.525990
16:01:47: Train Epoch: 64 [20000/45000 (44%)]	Loss: 0.577112
16:01:51: Train Epoch: 64 [30000/45000 (67%)]	Loss: 0.575457
16:01:56: Train Epoch: 64 [40000/45000 (89%)]	Loss: 0.622352
16:02:00: 
Evaluation: Average loss: 0.5644, Accuracy: 4020/5000 (80.400%)

16:02:01: Current learning rate: 0.010000000000000002. Time taken for epoch: 23.95 seconds.

16:02:01: Train Epoch: 65 [0/45000 (0%)]	Loss: 0.340216
16:02:06: Train Epoch: 65 [10000/45000 (22%)]	Loss: 0.440426
16:02:11: Train Epoch: 65 [20000/45000 (44%)]	Loss: 0.526027
16:02:16: Train Epoch: 65 [30000/45000 (67%)]	Loss: 0.550591
16:02:20: Train Epoch: 65 [40000/45000 (89%)]	Loss: 0.512861
16:02:25: 
Evaluation: Average loss: 0.5712, Accuracy: 4029/5000 (80.580%)

16:02:25: Current learning rate: 0.010000000000000002. Time taken for epoch: 24.13 seconds.

16:02:25: Train Epoch: 66 [0/45000 (0%)]	Loss: 0.667976
16:02:30: Train Epoch: 66 [10000/45000 (22%)]	Loss: 0.558446
16:02:35: Train Epoch: 66 [20000/45000 (44%)]	Loss: 0.425373
16:02:39: Train Epoch: 66 [30000/45000 (67%)]	Loss: 0.635303
16:02:44: Train Epoch: 66 [40000/45000 (89%)]	Loss: 0.437996
16:02:48: 
Evaluation: Average loss: 0.5570, Accuracy: 4017/5000 (80.340%)

16:02:49: Current learning rate: 0.010000000000000002. Time taken for epoch: 23.87 seconds.

16:02:49: Train Epoch: 67 [0/45000 (0%)]	Loss: 0.625336
16:02:54: Train Epoch: 67 [10000/45000 (22%)]	Loss: 0.503012
16:02:59: Train Epoch: 67 [20000/45000 (44%)]	Loss: 0.336242
16:03:04: Train Epoch: 67 [30000/45000 (67%)]	Loss: 0.608814
16:03:08: Train Epoch: 67 [40000/45000 (89%)]	Loss: 0.462778
16:03:13: 
Evaluation: Average loss: 0.5755, Accuracy: 4003/5000 (80.060%)

16:03:13: Current learning rate: 0.010000000000000002. Time taken for epoch: 24.21 seconds.

16:03:13: Train Epoch: 68 [0/45000 (0%)]	Loss: 0.588103
16:03:18: Train Epoch: 68 [10000/45000 (22%)]	Loss: 0.685437
16:03:23: Train Epoch: 68 [20000/45000 (44%)]	Loss: 0.590025
16:03:28: Train Epoch: 68 [30000/45000 (67%)]	Loss: 0.564999
16:03:32: Train Epoch: 68 [40000/45000 (89%)]	Loss: 0.424955
16:03:36: 
Evaluation: Average loss: 0.5683, Accuracy: 4008/5000 (80.160%)

16:03:37: Current learning rate: 0.010000000000000002. Time taken for epoch: 23.74 seconds.

16:03:37: Train Epoch: 69 [0/45000 (0%)]	Loss: 0.420694
16:03:42: Train Epoch: 69 [10000/45000 (22%)]	Loss: 0.585390
16:03:47: Train Epoch: 69 [20000/45000 (44%)]	Loss: 0.778420
16:03:51: Train Epoch: 69 [30000/45000 (67%)]	Loss: 0.465260
16:03:56: Train Epoch: 69 [40000/45000 (89%)]	Loss: 0.573430
16:04:00: 
Evaluation: Average loss: 0.5497, Accuracy: 4059/5000 (81.180%)

16:04:00: Current learning rate: 0.010000000000000002. Time taken for epoch: 23.88 seconds.

16:04:01: Train Epoch: 70 [0/45000 (0%)]	Loss: 0.464946
16:04:06: Train Epoch: 70 [10000/45000 (22%)]	Loss: 0.505090
16:04:11: Train Epoch: 70 [20000/45000 (44%)]	Loss: 0.648762
16:04:16: Train Epoch: 70 [30000/45000 (67%)]	Loss: 0.355867
16:04:20: Train Epoch: 70 [40000/45000 (89%)]	Loss: 0.474243
16:04:25: 
Evaluation: Average loss: 0.5820, Accuracy: 4005/5000 (80.100%)

16:04:25: Current learning rate: 0.010000000000000002. Time taken for epoch: 24.35 seconds.

16:04:25: Train Epoch: 71 [0/45000 (0%)]	Loss: 0.473808
16:04:30: Train Epoch: 71 [10000/45000 (22%)]	Loss: 0.306961
16:04:35: Train Epoch: 71 [20000/45000 (44%)]	Loss: 0.420124
16:04:40: Train Epoch: 71 [30000/45000 (67%)]	Loss: 0.520989
16:04:44: Train Epoch: 71 [40000/45000 (89%)]	Loss: 0.772696
16:04:49: 
Evaluation: Average loss: 0.5714, Accuracy: 3988/5000 (79.760%)

16:04:49: Current learning rate: 0.010000000000000002. Time taken for epoch: 23.89 seconds.

16:04:49: Train Epoch: 72 [0/45000 (0%)]	Loss: 0.473151
16:04:54: Train Epoch: 72 [10000/45000 (22%)]	Loss: 0.554357
16:04:59: Train Epoch: 72 [20000/45000 (44%)]	Loss: 0.551459
16:05:03: Train Epoch: 72 [30000/45000 (67%)]	Loss: 0.442498
16:05:08: Train Epoch: 72 [40000/45000 (89%)]	Loss: 0.532410
16:05:13: 
Evaluation: Average loss: 0.5772, Accuracy: 4009/5000 (80.180%)

16:05:13: Current learning rate: 0.010000000000000002. Time taken for epoch: 24.13 seconds.

16:05:14: Train Epoch: 73 [0/45000 (0%)]	Loss: 0.451635
16:05:18: Train Epoch: 73 [10000/45000 (22%)]	Loss: 0.405734
16:05:23: Train Epoch: 73 [20000/45000 (44%)]	Loss: 0.595934
16:05:28: Train Epoch: 73 [30000/45000 (67%)]	Loss: 0.553578
16:05:32: Train Epoch: 73 [40000/45000 (89%)]	Loss: 0.687984
16:05:37: 
Evaluation: Average loss: 0.5730, Accuracy: 4021/5000 (80.420%)

16:05:37: Current learning rate: 0.010000000000000002. Time taken for epoch: 23.92 seconds.

16:05:37: Train Epoch: 74 [0/45000 (0%)]	Loss: 0.423167
16:05:42: Train Epoch: 74 [10000/45000 (22%)]	Loss: 0.592113
16:05:47: Train Epoch: 74 [20000/45000 (44%)]	Loss: 0.558530
16:05:52: Train Epoch: 74 [30000/45000 (67%)]	Loss: 0.484835
16:05:56: Train Epoch: 74 [40000/45000 (89%)]	Loss: 0.507939
16:06:01: 
Evaluation: Average loss: 0.5585, Accuracy: 4023/5000 (80.460%)

16:06:01: Current learning rate: 0.010000000000000002. Time taken for epoch: 24.27 seconds.

16:06:01: Train Epoch: 75 [0/45000 (0%)]	Loss: 0.452632
16:06:07: Train Epoch: 75 [10000/45000 (22%)]	Loss: 0.482911
16:06:12: Train Epoch: 75 [20000/45000 (44%)]	Loss: 0.448764
16:06:16: Train Epoch: 75 [30000/45000 (67%)]	Loss: 0.421004
16:06:21: Train Epoch: 75 [40000/45000 (89%)]	Loss: 0.462128
16:06:25: 
Evaluation: Average loss: 0.5777, Accuracy: 4010/5000 (80.200%)

16:06:25: Current learning rate: 0.010000000000000002. Time taken for epoch: 24.43 seconds.

16:06:26: Train Epoch: 76 [0/45000 (0%)]	Loss: 0.519656
16:06:31: Train Epoch: 76 [10000/45000 (22%)]	Loss: 0.597430
16:06:36: Train Epoch: 76 [20000/45000 (44%)]	Loss: 0.368840
16:06:40: Train Epoch: 76 [30000/45000 (67%)]	Loss: 0.397215
16:06:45: Train Epoch: 76 [40000/45000 (89%)]	Loss: 0.557282
16:06:49: 
Evaluation: Average loss: 0.5968, Accuracy: 3954/5000 (79.080%)

16:06:49: Current learning rate: 0.010000000000000002. Time taken for epoch: 23.86 seconds.

16:06:50: Train Epoch: 77 [0/45000 (0%)]	Loss: 0.458667
16:06:55: Train Epoch: 77 [10000/45000 (22%)]	Loss: 0.776917
16:06:59: Train Epoch: 77 [20000/45000 (44%)]	Loss: 0.500982
16:07:04: Train Epoch: 77 [30000/45000 (67%)]	Loss: 0.454119
16:07:09: Train Epoch: 77 [40000/45000 (89%)]	Loss: 0.457226
16:07:13: 
Evaluation: Average loss: 0.5812, Accuracy: 3972/5000 (79.440%)

16:07:13: Current learning rate: 0.010000000000000002. Time taken for epoch: 24.20 seconds.

16:07:14: Train Epoch: 78 [0/45000 (0%)]	Loss: 0.509148
16:07:19: Train Epoch: 78 [10000/45000 (22%)]	Loss: 0.623519
16:07:24: Train Epoch: 78 [20000/45000 (44%)]	Loss: 0.427287
16:07:28: Train Epoch: 78 [30000/45000 (67%)]	Loss: 0.677749
16:07:33: Train Epoch: 78 [40000/45000 (89%)]	Loss: 0.448943
16:07:37: 
Evaluation: Average loss: 0.5864, Accuracy: 3948/5000 (78.960%)

16:07:38: Current learning rate: 0.010000000000000002. Time taken for epoch: 24.03 seconds.

16:07:38: Train Epoch: 79 [0/45000 (0%)]	Loss: 0.678309
16:07:43: Train Epoch: 79 [10000/45000 (22%)]	Loss: 0.604985
16:07:48: Train Epoch: 79 [20000/45000 (44%)]	Loss: 0.464881
16:07:52: Train Epoch: 79 [30000/45000 (67%)]	Loss: 0.482396
16:07:57: Train Epoch: 79 [40000/45000 (89%)]	Loss: 0.541751
16:08:02: 
Evaluation: Average loss: 0.5883, Accuracy: 3978/5000 (79.560%)

16:08:02: Current learning rate: 0.010000000000000002. Time taken for epoch: 24.24 seconds.

16:08:02: Train Epoch: 80 [0/45000 (0%)]	Loss: 0.553175
16:08:07: Train Epoch: 80 [10000/45000 (22%)]	Loss: 0.361234
16:08:12: Train Epoch: 80 [20000/45000 (44%)]	Loss: 0.550798
16:08:17: Train Epoch: 80 [30000/45000 (67%)]	Loss: 0.535738
16:08:22: Train Epoch: 80 [40000/45000 (89%)]	Loss: 0.433680
16:08:26: 
Evaluation: Average loss: 0.5959, Accuracy: 3978/5000 (79.560%)

16:08:26: Current learning rate: 0.010000000000000002. Time taken for epoch: 24.20 seconds.

16:08:27: Train Epoch: 81 [0/45000 (0%)]	Loss: 0.535871
16:08:31: Train Epoch: 81 [10000/45000 (22%)]	Loss: 0.308164
16:08:36: Train Epoch: 81 [20000/45000 (44%)]	Loss: 0.429088
16:08:41: Train Epoch: 81 [30000/45000 (67%)]	Loss: 0.445559
16:08:46: Train Epoch: 81 [40000/45000 (89%)]	Loss: 0.432595
16:08:50: 
Evaluation: Average loss: 0.5705, Accuracy: 4014/5000 (80.280%)

16:08:50: Current learning rate: 0.010000000000000002. Time taken for epoch: 24.11 seconds.

16:08:51: Train Epoch: 82 [0/45000 (0%)]	Loss: 0.487228
16:08:56: Train Epoch: 82 [10000/45000 (22%)]	Loss: 0.495873
16:09:00: Train Epoch: 82 [20000/45000 (44%)]	Loss: 0.416688
16:09:05: Train Epoch: 82 [30000/45000 (67%)]	Loss: 0.443713
16:09:10: Train Epoch: 82 [40000/45000 (89%)]	Loss: 0.650670
16:09:14: 
Evaluation: Average loss: 0.5824, Accuracy: 4002/5000 (80.040%)

16:09:14: Current learning rate: 0.010000000000000002. Time taken for epoch: 24.18 seconds.

16:09:15: Train Epoch: 83 [0/45000 (0%)]	Loss: 0.416633
16:09:20: Train Epoch: 83 [10000/45000 (22%)]	Loss: 0.422658
16:09:24: Train Epoch: 83 [20000/45000 (44%)]	Loss: 0.423579
16:09:29: Train Epoch: 83 [30000/45000 (67%)]	Loss: 0.455290
16:09:34: Train Epoch: 83 [40000/45000 (89%)]	Loss: 0.523949
16:09:38: 
Evaluation: Average loss: 0.6009, Accuracy: 3981/5000 (79.620%)

16:09:38: Current learning rate: 0.010000000000000002. Time taken for epoch: 24.13 seconds.

16:09:39: Train Epoch: 84 [0/45000 (0%)]	Loss: 0.480257
16:09:44: Train Epoch: 84 [10000/45000 (22%)]	Loss: 0.450456
16:09:49: Train Epoch: 84 [20000/45000 (44%)]	Loss: 0.567420
16:09:53: Train Epoch: 84 [30000/45000 (67%)]	Loss: 0.725671
16:09:58: Train Epoch: 84 [40000/45000 (89%)]	Loss: 0.355234
16:10:03: 
Evaluation: Average loss: 0.5924, Accuracy: 4003/5000 (80.060%)

16:10:03: Current learning rate: 0.010000000000000002. Time taken for epoch: 24.41 seconds.

16:10:03: Train Epoch: 85 [0/45000 (0%)]	Loss: 0.315094
16:10:08: Train Epoch: 85 [10000/45000 (22%)]	Loss: 0.603791
16:10:13: Train Epoch: 85 [20000/45000 (44%)]	Loss: 0.475397
16:10:18: Train Epoch: 85 [30000/45000 (67%)]	Loss: 0.578995
16:10:22: Train Epoch: 85 [40000/45000 (89%)]	Loss: 0.393294
16:10:27: 
Evaluation: Average loss: 0.5640, Accuracy: 4019/5000 (80.380%)

16:10:27: Current learning rate: 0.010000000000000002. Time taken for epoch: 23.97 seconds.

16:10:27: Train Epoch: 86 [0/45000 (0%)]	Loss: 0.650406
16:10:32: Train Epoch: 86 [10000/45000 (22%)]	Loss: 0.351141
16:10:37: Train Epoch: 86 [20000/45000 (44%)]	Loss: 0.543612
16:10:41: Train Epoch: 86 [30000/45000 (67%)]	Loss: 0.570686
16:10:46: Train Epoch: 86 [40000/45000 (89%)]	Loss: 0.643307
16:10:50: 
Evaluation: Average loss: 0.5740, Accuracy: 4037/5000 (80.740%)

16:10:50: Current learning rate: 0.010000000000000002. Time taken for epoch: 23.72 seconds.

16:10:51: Train Epoch: 87 [0/45000 (0%)]	Loss: 0.392544
16:10:56: Train Epoch: 87 [10000/45000 (22%)]	Loss: 0.419024
16:11:01: Train Epoch: 87 [20000/45000 (44%)]	Loss: 0.541850
16:11:05: Train Epoch: 87 [30000/45000 (67%)]	Loss: 0.384375
16:11:10: Train Epoch: 87 [40000/45000 (89%)]	Loss: 0.396621
16:11:14: 
Evaluation: Average loss: 0.5729, Accuracy: 4016/5000 (80.320%)

16:11:14: Current learning rate: 0.010000000000000002. Time taken for epoch: 24.00 seconds.

16:11:15: Train Epoch: 88 [0/45000 (0%)]	Loss: 0.440206
16:11:20: Train Epoch: 88 [10000/45000 (22%)]	Loss: 0.375243
16:11:25: Train Epoch: 88 [20000/45000 (44%)]	Loss: 0.362650
16:11:29: Train Epoch: 88 [30000/45000 (67%)]	Loss: 0.598191
16:11:34: Train Epoch: 88 [40000/45000 (89%)]	Loss: 0.437501
16:11:38: 
Evaluation: Average loss: 0.5741, Accuracy: 4020/5000 (80.400%)

16:11:38: Current learning rate: 0.010000000000000002. Time taken for epoch: 23.53 seconds.

16:11:38: Train Epoch: 89 [0/45000 (0%)]	Loss: 0.443399
16:11:43: Train Epoch: 89 [10000/45000 (22%)]	Loss: 0.670215
16:11:48: Train Epoch: 89 [20000/45000 (44%)]	Loss: 0.430112
16:11:53: Train Epoch: 89 [30000/45000 (67%)]	Loss: 0.441572
16:11:57: Train Epoch: 89 [40000/45000 (89%)]	Loss: 0.505319
16:12:02: 
Evaluation: Average loss: 0.5863, Accuracy: 3981/5000 (79.620%)

16:12:02: Current learning rate: 0.010000000000000002. Time taken for epoch: 23.84 seconds.

16:12:02: Train Epoch: 90 [0/45000 (0%)]	Loss: 0.591406
16:12:07: Train Epoch: 90 [10000/45000 (22%)]	Loss: 0.449700
16:12:12: Train Epoch: 90 [20000/45000 (44%)]	Loss: 0.436359
16:12:17: Train Epoch: 90 [30000/45000 (67%)]	Loss: 0.479503
16:12:21: Train Epoch: 90 [40000/45000 (89%)]	Loss: 0.370416
16:12:26: 
Evaluation: Average loss: 0.5736, Accuracy: 4025/5000 (80.500%)

16:12:26: Current learning rate: 0.010000000000000002. Time taken for epoch: 23.83 seconds.

16:12:26: Train Epoch: 91 [0/45000 (0%)]	Loss: 0.464100
16:12:31: Train Epoch: 91 [10000/45000 (22%)]	Loss: 0.452418
16:12:36: Train Epoch: 91 [20000/45000 (44%)]	Loss: 0.374237
16:12:40: Train Epoch: 91 [30000/45000 (67%)]	Loss: 0.389805
16:12:45: Train Epoch: 91 [40000/45000 (89%)]	Loss: 0.414686
16:12:49: 
Evaluation: Average loss: 0.5995, Accuracy: 3981/5000 (79.620%)

16:12:49: Current learning rate: 0.010000000000000002. Time taken for epoch: 23.30 seconds.

16:12:50: Train Epoch: 92 [0/45000 (0%)]	Loss: 0.495760
16:12:54: Train Epoch: 92 [10000/45000 (22%)]	Loss: 0.352858
16:12:59: Train Epoch: 92 [20000/45000 (44%)]	Loss: 0.571841
16:13:04: Train Epoch: 92 [30000/45000 (67%)]	Loss: 0.399529
16:13:09: Train Epoch: 92 [40000/45000 (89%)]	Loss: 0.608691
16:13:13: 
Evaluation: Average loss: 0.5705, Accuracy: 4008/5000 (80.160%)

16:13:13: Current learning rate: 0.010000000000000002. Time taken for epoch: 24.05 seconds.

16:13:14: Train Epoch: 93 [0/45000 (0%)]	Loss: 0.545669
16:13:18: Train Epoch: 93 [10000/45000 (22%)]	Loss: 0.385104
16:13:23: Train Epoch: 93 [20000/45000 (44%)]	Loss: 0.496349
16:13:28: Train Epoch: 93 [30000/45000 (67%)]	Loss: 0.489418
16:13:32: Train Epoch: 93 [40000/45000 (89%)]	Loss: 0.375393
16:13:36: 
Evaluation: Average loss: 0.6016, Accuracy: 3972/5000 (79.440%)

16:13:36: Current learning rate: 0.010000000000000002. Time taken for epoch: 23.42 seconds.

16:13:37: Train Epoch: 94 [0/45000 (0%)]	Loss: 0.560198
16:13:42: Train Epoch: 94 [10000/45000 (22%)]	Loss: 0.464324
16:13:46: Train Epoch: 94 [20000/45000 (44%)]	Loss: 0.563559
16:13:51: Train Epoch: 94 [30000/45000 (67%)]	Loss: 0.476481
16:13:56: Train Epoch: 94 [40000/45000 (89%)]	Loss: 0.452437
16:14:00: 
Evaluation: Average loss: 0.5745, Accuracy: 4003/5000 (80.060%)

16:14:00: Current learning rate: 0.010000000000000002. Time taken for epoch: 23.40 seconds.

16:14:00: Train Epoch: 95 [0/45000 (0%)]	Loss: 0.437985
16:14:05: Train Epoch: 95 [10000/45000 (22%)]	Loss: 0.360556
16:14:10: Train Epoch: 95 [20000/45000 (44%)]	Loss: 0.669144
16:14:15: Train Epoch: 95 [30000/45000 (67%)]	Loss: 0.392599
16:14:19: Train Epoch: 95 [40000/45000 (89%)]	Loss: 0.498248
16:14:23: 
Evaluation: Average loss: 0.5590, Accuracy: 4049/5000 (80.980%)

16:14:24: Current learning rate: 0.010000000000000002. Time taken for epoch: 23.73 seconds.

16:14:24: Train Epoch: 96 [0/45000 (0%)]	Loss: 0.334775
16:14:29: Train Epoch: 96 [10000/45000 (22%)]	Loss: 0.489124
16:14:34: Train Epoch: 96 [20000/45000 (44%)]	Loss: 0.623421
16:14:38: Train Epoch: 96 [30000/45000 (67%)]	Loss: 0.360476
16:14:43: Train Epoch: 96 [40000/45000 (89%)]	Loss: 0.498875
16:14:47: 
Evaluation: Average loss: 0.6045, Accuracy: 3951/5000 (79.020%)

16:14:47: Current learning rate: 0.010000000000000002. Time taken for epoch: 23.57 seconds.

16:14:48: Train Epoch: 97 [0/45000 (0%)]	Loss: 0.428261
16:14:53: Train Epoch: 97 [10000/45000 (22%)]	Loss: 0.340464
16:14:57: Train Epoch: 97 [20000/45000 (44%)]	Loss: 0.461712
16:15:02: Train Epoch: 97 [30000/45000 (67%)]	Loss: 0.601789
16:15:06: Train Epoch: 97 [40000/45000 (89%)]	Loss: 0.430256
16:15:11: 
Evaluation: Average loss: 0.5939, Accuracy: 3990/5000 (79.800%)

16:15:11: Current learning rate: 0.010000000000000002. Time taken for epoch: 23.64 seconds.

16:15:12: Train Epoch: 98 [0/45000 (0%)]	Loss: 0.387999
16:15:16: Train Epoch: 98 [10000/45000 (22%)]	Loss: 0.537099
16:15:21: Train Epoch: 98 [20000/45000 (44%)]	Loss: 0.520891
16:15:25: Train Epoch: 98 [30000/45000 (67%)]	Loss: 0.532872
16:15:30: Train Epoch: 98 [40000/45000 (89%)]	Loss: 0.454664
16:15:34: 
Evaluation: Average loss: 0.5807, Accuracy: 3989/5000 (79.780%)

16:15:34: Current learning rate: 0.010000000000000002. Time taken for epoch: 23.62 seconds.

16:15:35: Train Epoch: 99 [0/45000 (0%)]	Loss: 0.421753
16:15:40: Train Epoch: 99 [10000/45000 (22%)]	Loss: 0.537813
16:15:44: Train Epoch: 99 [20000/45000 (44%)]	Loss: 0.399194
16:15:49: Train Epoch: 99 [30000/45000 (67%)]	Loss: 0.406940
16:15:54: Train Epoch: 99 [40000/45000 (89%)]	Loss: 0.417007
16:15:58: 
Evaluation: Average loss: 0.5974, Accuracy: 3991/5000 (79.820%)

16:15:58: Current learning rate: 0.010000000000000002. Time taken for epoch: 23.36 seconds.

16:15:58: Train Epoch: 100 [0/45000 (0%)]	Loss: 0.469589
16:16:03: Train Epoch: 100 [10000/45000 (22%)]	Loss: 0.416619
16:16:08: Train Epoch: 100 [20000/45000 (44%)]	Loss: 0.499961
16:16:13: Train Epoch: 100 [30000/45000 (67%)]	Loss: 0.578710
16:16:17: Train Epoch: 100 [40000/45000 (89%)]	Loss: 0.554305
16:16:21: 
Evaluation: Average loss: 0.5802, Accuracy: 3993/5000 (79.860%)

16:16:21: Current learning rate: 0.010000000000000002. Time taken for epoch: 23.74 seconds.

16:16:24: 
Test evaluation: Average loss: 0.5352, Accuracy: 8179/10000 (81.790%)

16:16:24: 
Iteration end: 1/1

08:58:40: Namespace(batch_size=100, bench=False, data='cifar', decay_frequency=25000, decay_schedule='cosine', dense=False, density=0.05, epochs=100, fp16=False, growth='momentum', iters=1, l1=0.0, l2=0.0005, log_interval=100, lr=0.1, max_threads=10, model='alexnet-s', momentum=0.9, no_cuda=False, optimizer='sgd', prune='magnitude', prune_rate=0.5, redistribution='momentum', resume=None, save_features=False, save_model='./models/model.pt', seed=17, start_epoch=1, test_batch_size=100, valid_split=0.1, verbose=False)
08:58:40: 


08:58:40: ================================================================================
08:58:40: 
Iteration start: 1/1

08:58:41: AlexNet(
  (features): Sequential(
    (0): Conv2d(3, 96, kernel_size=(11, 11), stride=(2, 2), padding=(2, 2))
    (1): BatchNorm2d(96, eps=1e-05, momentum=0.1, affine=True, track_running_stats=True)
    (2): ReLU(inplace=True)
    (3): Conv2d(96, 256, kernel_size=(5, 5), stride=(2, 2), padding=(2, 2))
    (4): BatchNorm2d(256, eps=1e-05, momentum=0.1, affine=True, track_running_stats=True)
    (5): ReLU(inplace=True)
    (6): Conv2d(256, 384, kernel_size=(3, 3), stride=(2, 2), padding=(1, 1))
    (7): BatchNorm2d(384, eps=1e-05, momentum=0.1, affine=True, track_running_stats=True)
    (8): ReLU(inplace=True)
    (9): Conv2d(384, 384, kernel_size=(3, 3), stride=(2, 2), padding=(1, 1))
    (10): BatchNorm2d(384, eps=1e-05, momentum=0.1, affine=True, track_running_stats=True)
    (11): ReLU(inplace=True)
    (12): Conv2d(384, 256, kernel_size=(3, 3), stride=(2, 2), padding=(1, 1))
    (13): BatchNorm2d(256, eps=1e-05, momentum=0.1, affine=True, track_running_stats=True)
    (14): ReLU(inplace=True)
  )
  (classifier): Sequential(
    (0): Linear(in_features=256, out_features=1024, bias=True)
    (1): BatchNorm1d(1024, eps=1e-05, momentum=0.1, affine=True, track_running_stats=True)
    (2): ReLU(inplace=True)
    (3): Linear(in_features=1024, out_features=1024, bias=True)
    (4): BatchNorm1d(1024, eps=1e-05, momentum=0.1, affine=True, track_running_stats=True)
    (5): ReLU(inplace=True)
    (6): Linear(in_features=1024, out_features=10, bias=True)
  )
)
08:58:41: ============================================================
08:58:41: alexnet-s
08:58:41: ============================================================
08:58:41: ============================================================
08:58:41: Prune mode: magnitude
08:58:41: Growth mode: momentum
08:58:41: Redistribution mode: momentum
08:58:41: ============================================================
08:58:42: Train Epoch: 1 [0/45000 (0%)]	Loss: 2.292673
