20:09:38: Namespace(batch_size=100, bench=True, data='cifar', decay_frequency=25000, decay_schedule='cosine', dense=True, density=1.0, epochs=100, fp16=False, growth='momentum', iters=1, l1=0.0, l2=0.0005, log_interval=100, lr=0.1, max_threads=10, model='alexnet-b', momentum=0.9, no_cuda=False, optimizer='sgd', prune='magnitude', prune_rate=0.7, redistribution='momentum', resume=None, save_features=False, save_model='./models/model.pt', seed=17, start_epoch=1, test_batch_size=100, valid_split=0.1, verbose=True)
20:09:38: 


20:09:38: ================================================================================
20:09:38: 
Iteration start: 1/1

20:09:53: AlexNet(
  (features): Sequential(
    (0): Conv2d(3, 96, kernel_size=(11, 11), stride=(2, 2), padding=(2, 2))
    (1): BatchNorm2d(96, eps=1e-05, momentum=0.1, affine=True, track_running_stats=True)
    (2): ReLU(inplace=True)
    (3): Conv2d(96, 256, kernel_size=(5, 5), stride=(2, 2), padding=(2, 2))
    (4): BatchNorm2d(256, eps=1e-05, momentum=0.1, affine=True, track_running_stats=True)
    (5): ReLU(inplace=True)
    (6): Conv2d(256, 384, kernel_size=(3, 3), stride=(2, 2), padding=(1, 1))
    (7): BatchNorm2d(384, eps=1e-05, momentum=0.1, affine=True, track_running_stats=True)
    (8): ReLU(inplace=True)
    (9): Conv2d(384, 384, kernel_size=(3, 3), stride=(2, 2), padding=(1, 1))
    (10): BatchNorm2d(384, eps=1e-05, momentum=0.1, affine=True, track_running_stats=True)
    (11): ReLU(inplace=True)
    (12): Conv2d(384, 256, kernel_size=(3, 3), stride=(2, 2), padding=(1, 1))
    (13): BatchNorm2d(256, eps=1e-05, momentum=0.1, affine=True, track_running_stats=True)
    (14): ReLU(inplace=True)
  )
  (classifier): Sequential(
    (0): Linear(in_features=256, out_features=2048, bias=True)
    (1): BatchNorm1d(2048, eps=1e-05, momentum=0.1, affine=True, track_running_stats=True)
    (2): ReLU(inplace=True)
    (3): Linear(in_features=2048, out_features=2048, bias=True)
    (4): BatchNorm1d(2048, eps=1e-05, momentum=0.1, affine=True, track_running_stats=True)
    (5): ReLU(inplace=True)
    (6): Linear(in_features=2048, out_features=10, bias=True)
  )
)
20:09:53: ============================================================
20:09:53: alexnet-b
20:09:53: ============================================================
20:09:53: ============================================================
20:09:53: Prune mode: magnitude
20:09:53: Growth mode: momentum
20:09:53: Redistribution mode: momentum
20:09:53: ============================================================
20:09:54: Train Epoch: 1 [0/45000 (0%)]	Loss: 2.332046
20:09:59: Train Epoch: 1 [10000/45000 (22%)]	Loss: 2.119468
20:10:04: Train Epoch: 1 [20000/45000 (44%)]	Loss: 1.815551
20:10:09: Train Epoch: 1 [30000/45000 (67%)]	Loss: 1.780244
20:10:15: Train Epoch: 1 [40000/45000 (89%)]	Loss: 1.766926
20:10:19: 
Evaluation: Average loss: 1.6347, Accuracy: 1964/5000 (39.280%)

20:10:19: Current learning rate: 0.1. Time taken for epoch: 26.35 seconds.

20:10:20: Train Epoch: 2 [0/45000 (0%)]	Loss: 1.703259
20:10:25: Train Epoch: 2 [10000/45000 (22%)]	Loss: 1.601520
20:10:30: Train Epoch: 2 [20000/45000 (44%)]	Loss: 1.674454
20:10:35: Train Epoch: 2 [30000/45000 (67%)]	Loss: 1.430201
20:10:41: Train Epoch: 2 [40000/45000 (89%)]	Loss: 1.512126
20:10:45: 
Evaluation: Average loss: 1.4449, Accuracy: 2362/5000 (47.240%)

20:10:45: Current learning rate: 0.1. Time taken for epoch: 25.90 seconds.

20:10:46: Train Epoch: 3 [0/45000 (0%)]	Loss: 1.346049
20:10:51: Train Epoch: 3 [10000/45000 (22%)]	Loss: 1.319275
20:10:56: Train Epoch: 3 [20000/45000 (44%)]	Loss: 1.649459
20:11:02: Train Epoch: 3 [30000/45000 (67%)]	Loss: 1.491701
20:11:07: Train Epoch: 3 [40000/45000 (89%)]	Loss: 1.275379
20:11:11: 
Evaluation: Average loss: 1.3324, Accuracy: 2560/5000 (51.200%)

20:11:11: Current learning rate: 0.1. Time taken for epoch: 26.26 seconds.

20:11:12: Train Epoch: 4 [0/45000 (0%)]	Loss: 1.287008
20:11:18: Train Epoch: 4 [10000/45000 (22%)]	Loss: 1.274496
20:11:23: Train Epoch: 4 [20000/45000 (44%)]	Loss: 1.147418
20:11:28: Train Epoch: 4 [30000/45000 (67%)]	Loss: 1.149731
20:11:34: Train Epoch: 4 [40000/45000 (89%)]	Loss: 1.021145
20:11:38: 
Evaluation: Average loss: 1.2265, Accuracy: 2852/5000 (57.040%)

20:11:38: Current learning rate: 0.1. Time taken for epoch: 27.01 seconds.

20:11:39: Train Epoch: 5 [0/45000 (0%)]	Loss: 1.172092
20:11:45: Train Epoch: 5 [10000/45000 (22%)]	Loss: 1.372239
20:11:50: Train Epoch: 5 [20000/45000 (44%)]	Loss: 1.151991
20:11:55: Train Epoch: 5 [30000/45000 (67%)]	Loss: 0.910732
20:12:01: Train Epoch: 5 [40000/45000 (89%)]	Loss: 1.232187
20:12:06: 
Evaluation: Average loss: 1.2038, Accuracy: 2936/5000 (58.720%)

20:12:06: Current learning rate: 0.1. Time taken for epoch: 27.26 seconds.

20:12:06: Train Epoch: 6 [0/45000 (0%)]	Loss: 0.971287
20:12:12: Train Epoch: 6 [10000/45000 (22%)]	Loss: 1.233591
20:12:17: Train Epoch: 6 [20000/45000 (44%)]	Loss: 0.977713
20:12:23: Train Epoch: 6 [30000/45000 (67%)]	Loss: 1.125726
20:12:28: Train Epoch: 6 [40000/45000 (89%)]	Loss: 1.142404
20:12:33: 
Evaluation: Average loss: 1.1231, Accuracy: 3013/5000 (60.260%)

20:12:33: Current learning rate: 0.1. Time taken for epoch: 27.37 seconds.

20:12:34: Train Epoch: 7 [0/45000 (0%)]	Loss: 1.083731
20:12:39: Train Epoch: 7 [10000/45000 (22%)]	Loss: 1.199498
20:12:45: Train Epoch: 7 [20000/45000 (44%)]	Loss: 1.262243
20:12:50: Train Epoch: 7 [30000/45000 (67%)]	Loss: 1.086725
20:12:55: Train Epoch: 7 [40000/45000 (89%)]	Loss: 1.198928
20:13:00: 
Evaluation: Average loss: 1.0558, Accuracy: 3124/5000 (62.480%)

20:13:00: Current learning rate: 0.1. Time taken for epoch: 27.13 seconds.

20:13:01: Train Epoch: 8 [0/45000 (0%)]	Loss: 1.000502
20:13:07: Train Epoch: 8 [10000/45000 (22%)]	Loss: 0.885779
20:13:12: Train Epoch: 8 [20000/45000 (44%)]	Loss: 1.077618
20:13:17: Train Epoch: 8 [30000/45000 (67%)]	Loss: 0.987103
20:13:23: Train Epoch: 8 [40000/45000 (89%)]	Loss: 1.014079
20:13:28: 
Evaluation: Average loss: 1.0236, Accuracy: 3202/5000 (64.040%)

20:13:28: Current learning rate: 0.1. Time taken for epoch: 27.49 seconds.

20:13:28: Train Epoch: 9 [0/45000 (0%)]	Loss: 0.985395
20:13:34: Train Epoch: 9 [10000/45000 (22%)]	Loss: 0.869176
20:13:39: Train Epoch: 9 [20000/45000 (44%)]	Loss: 0.942719
20:13:45: Train Epoch: 9 [30000/45000 (67%)]	Loss: 1.082325
20:13:50: Train Epoch: 9 [40000/45000 (89%)]	Loss: 1.233822
20:13:55: 
Evaluation: Average loss: 1.0174, Accuracy: 3230/5000 (64.600%)

20:13:55: Current learning rate: 0.1. Time taken for epoch: 27.14 seconds.

20:13:55: Train Epoch: 10 [0/45000 (0%)]	Loss: 1.001392
20:14:01: Train Epoch: 10 [10000/45000 (22%)]	Loss: 1.056043
20:14:07: Train Epoch: 10 [20000/45000 (44%)]	Loss: 0.908180
20:14:12: Train Epoch: 10 [30000/45000 (67%)]	Loss: 0.789845
20:14:18: Train Epoch: 10 [40000/45000 (89%)]	Loss: 0.913611
20:14:22: 
Evaluation: Average loss: 0.9784, Accuracy: 3251/5000 (65.020%)

20:14:23: Current learning rate: 0.1. Time taken for epoch: 27.71 seconds.

20:14:23: Train Epoch: 11 [0/45000 (0%)]	Loss: 0.890855
20:14:29: Train Epoch: 11 [10000/45000 (22%)]	Loss: 0.911775
20:14:34: Train Epoch: 11 [20000/45000 (44%)]	Loss: 0.898875
20:14:40: Train Epoch: 11 [30000/45000 (67%)]	Loss: 0.953717
20:14:45: Train Epoch: 11 [40000/45000 (89%)]	Loss: 1.181487
20:14:50: 
Evaluation: Average loss: 1.0537, Accuracy: 3171/5000 (63.420%)

20:14:50: Current learning rate: 0.1. Time taken for epoch: 27.45 seconds.

20:14:51: Train Epoch: 12 [0/45000 (0%)]	Loss: 0.833704
20:14:56: Train Epoch: 12 [10000/45000 (22%)]	Loss: 1.026404
20:15:02: Train Epoch: 12 [20000/45000 (44%)]	Loss: 1.092589
20:15:07: Train Epoch: 12 [30000/45000 (67%)]	Loss: 0.973331
20:15:13: Train Epoch: 12 [40000/45000 (89%)]	Loss: 1.194540
20:15:18: 
Evaluation: Average loss: 0.9393, Accuracy: 3345/5000 (66.900%)

20:15:18: Current learning rate: 0.1. Time taken for epoch: 27.62 seconds.

20:15:18: Train Epoch: 13 [0/45000 (0%)]	Loss: 1.009892
20:15:24: Train Epoch: 13 [10000/45000 (22%)]	Loss: 0.879169
20:15:29: Train Epoch: 13 [20000/45000 (44%)]	Loss: 0.964558
20:15:35: Train Epoch: 13 [30000/45000 (67%)]	Loss: 0.882677
20:15:40: Train Epoch: 13 [40000/45000 (89%)]	Loss: 0.990289
20:15:45: 
Evaluation: Average loss: 0.9296, Accuracy: 3393/5000 (67.860%)

20:15:45: Current learning rate: 0.1. Time taken for epoch: 27.29 seconds.

20:15:46: Train Epoch: 14 [0/45000 (0%)]	Loss: 1.073735
20:15:51: Train Epoch: 14 [10000/45000 (22%)]	Loss: 0.980195
20:15:57: Train Epoch: 14 [20000/45000 (44%)]	Loss: 0.842627
20:16:02: Train Epoch: 14 [30000/45000 (67%)]	Loss: 1.047816
20:16:08: Train Epoch: 14 [40000/45000 (89%)]	Loss: 0.840128
20:16:13: 
Evaluation: Average loss: 0.9175, Accuracy: 3448/5000 (68.960%)

20:16:13: Current learning rate: 0.1. Time taken for epoch: 27.80 seconds.

20:16:13: Train Epoch: 15 [0/45000 (0%)]	Loss: 0.862152
20:16:19: Train Epoch: 15 [10000/45000 (22%)]	Loss: 0.673348
20:16:25: Train Epoch: 15 [20000/45000 (44%)]	Loss: 1.126666
20:16:30: Train Epoch: 15 [30000/45000 (67%)]	Loss: 0.976393
20:16:35: Train Epoch: 15 [40000/45000 (89%)]	Loss: 1.103333
20:16:40: 
Evaluation: Average loss: 0.9461, Accuracy: 3349/5000 (66.980%)

20:16:40: Current learning rate: 0.1. Time taken for epoch: 27.51 seconds.

20:16:41: Train Epoch: 16 [0/45000 (0%)]	Loss: 0.901092
20:16:46: Train Epoch: 16 [10000/45000 (22%)]	Loss: 0.929267
20:16:52: Train Epoch: 16 [20000/45000 (44%)]	Loss: 0.860528
20:16:58: Train Epoch: 16 [30000/45000 (67%)]	Loss: 0.806589
20:17:03: Train Epoch: 16 [40000/45000 (89%)]	Loss: 0.980804
20:17:08: 
Evaluation: Average loss: 0.9978, Accuracy: 3340/5000 (66.800%)

20:17:08: Current learning rate: 0.1. Time taken for epoch: 27.90 seconds.

20:17:09: Train Epoch: 17 [0/45000 (0%)]	Loss: 0.792340
20:17:15: Train Epoch: 17 [10000/45000 (22%)]	Loss: 0.819286
20:17:20: Train Epoch: 17 [20000/45000 (44%)]	Loss: 1.079636
20:17:25: Train Epoch: 17 [30000/45000 (67%)]	Loss: 0.909687
20:17:31: Train Epoch: 17 [40000/45000 (89%)]	Loss: 0.700450
20:17:36: 
Evaluation: Average loss: 0.9064, Accuracy: 3455/5000 (69.100%)

20:17:36: Current learning rate: 0.1. Time taken for epoch: 27.58 seconds.

20:17:36: Train Epoch: 18 [0/45000 (0%)]	Loss: 0.851308
20:17:42: Train Epoch: 18 [10000/45000 (22%)]	Loss: 0.929207
20:17:47: Train Epoch: 18 [20000/45000 (44%)]	Loss: 1.005774
20:17:53: Train Epoch: 18 [30000/45000 (67%)]	Loss: 0.870864
20:17:58: Train Epoch: 18 [40000/45000 (89%)]	Loss: 1.067469
20:18:03: 
Evaluation: Average loss: 0.8545, Accuracy: 3500/5000 (70.000%)

20:18:03: Current learning rate: 0.1. Time taken for epoch: 27.67 seconds.

20:18:04: Train Epoch: 19 [0/45000 (0%)]	Loss: 0.832164
20:18:10: Train Epoch: 19 [10000/45000 (22%)]	Loss: 0.802016
20:18:15: Train Epoch: 19 [20000/45000 (44%)]	Loss: 0.678623
20:18:21: Train Epoch: 19 [30000/45000 (67%)]	Loss: 1.120336
20:18:26: Train Epoch: 19 [40000/45000 (89%)]	Loss: 1.026092
20:18:31: 
Evaluation: Average loss: 0.9076, Accuracy: 3441/5000 (68.820%)

20:18:31: Current learning rate: 0.1. Time taken for epoch: 27.42 seconds.

20:18:32: Train Epoch: 20 [0/45000 (0%)]	Loss: 0.869622
20:18:37: Train Epoch: 20 [10000/45000 (22%)]	Loss: 0.784173
20:18:43: Train Epoch: 20 [20000/45000 (44%)]	Loss: 0.841290
20:18:48: Train Epoch: 20 [30000/45000 (67%)]	Loss: 0.950997
20:18:53: Train Epoch: 20 [40000/45000 (89%)]	Loss: 0.823363
20:18:58: 
Evaluation: Average loss: 0.9179, Accuracy: 3412/5000 (68.240%)

20:18:58: Current learning rate: 0.1. Time taken for epoch: 27.49 seconds.

20:18:59: Train Epoch: 21 [0/45000 (0%)]	Loss: 0.786202
20:19:05: Train Epoch: 21 [10000/45000 (22%)]	Loss: 0.745265
20:19:10: Train Epoch: 21 [20000/45000 (44%)]	Loss: 0.781940
20:19:16: Train Epoch: 21 [30000/45000 (67%)]	Loss: 0.821773
20:19:21: Train Epoch: 21 [40000/45000 (89%)]	Loss: 0.700442
20:19:26: 
Evaluation: Average loss: 0.8588, Accuracy: 3541/5000 (70.820%)

20:19:26: Current learning rate: 0.1. Time taken for epoch: 27.81 seconds.

20:19:27: Train Epoch: 22 [0/45000 (0%)]	Loss: 0.562538
20:19:32: Train Epoch: 22 [10000/45000 (22%)]	Loss: 0.897742
20:19:38: Train Epoch: 22 [20000/45000 (44%)]	Loss: 0.776529
20:19:43: Train Epoch: 22 [30000/45000 (67%)]	Loss: 0.961813
20:19:49: Train Epoch: 22 [40000/45000 (89%)]	Loss: 0.919357
20:19:53: 
Evaluation: Average loss: 0.8760, Accuracy: 3494/5000 (69.880%)

20:19:54: Current learning rate: 0.1. Time taken for epoch: 27.46 seconds.

20:19:54: Train Epoch: 23 [0/45000 (0%)]	Loss: 0.846378
20:20:00: Train Epoch: 23 [10000/45000 (22%)]	Loss: 0.784530
20:20:05: Train Epoch: 23 [20000/45000 (44%)]	Loss: 0.861521
20:20:11: Train Epoch: 23 [30000/45000 (67%)]	Loss: 0.732870
20:20:16: Train Epoch: 23 [40000/45000 (89%)]	Loss: 0.789204
20:20:21: 
Evaluation: Average loss: 0.9028, Accuracy: 3432/5000 (68.640%)

20:20:21: Current learning rate: 0.1. Time taken for epoch: 27.60 seconds.

20:20:22: Train Epoch: 24 [0/45000 (0%)]	Loss: 0.808479
20:20:27: Train Epoch: 24 [10000/45000 (22%)]	Loss: 0.927930
20:20:33: Train Epoch: 24 [20000/45000 (44%)]	Loss: 1.006549
20:20:38: Train Epoch: 24 [30000/45000 (67%)]	Loss: 0.961665
20:20:44: Train Epoch: 24 [40000/45000 (89%)]	Loss: 0.817959
20:20:49: 
Evaluation: Average loss: 0.8648, Accuracy: 3514/5000 (70.280%)

20:20:49: Current learning rate: 0.1. Time taken for epoch: 27.51 seconds.

20:20:49: Train Epoch: 25 [0/45000 (0%)]	Loss: 0.886258
20:20:55: Train Epoch: 25 [10000/45000 (22%)]	Loss: 0.839409
20:21:01: Train Epoch: 25 [20000/45000 (44%)]	Loss: 0.750198
20:21:06: Train Epoch: 25 [30000/45000 (67%)]	Loss: 0.767789
20:21:12: Train Epoch: 25 [40000/45000 (89%)]	Loss: 0.777502
20:21:16: 
Evaluation: Average loss: 0.9218, Accuracy: 3430/5000 (68.600%)

20:21:17: Current learning rate: 0.1. Time taken for epoch: 27.93 seconds.

20:21:17: Train Epoch: 26 [0/45000 (0%)]	Loss: 0.777272
20:21:23: Train Epoch: 26 [10000/45000 (22%)]	Loss: 0.893828
20:21:28: Train Epoch: 26 [20000/45000 (44%)]	Loss: 0.800576
20:21:34: Train Epoch: 26 [30000/45000 (67%)]	Loss: 0.780503
20:21:39: Train Epoch: 26 [40000/45000 (89%)]	Loss: 0.649781
20:21:44: 
Evaluation: Average loss: 0.9606, Accuracy: 3324/5000 (66.480%)

20:21:44: Current learning rate: 0.1. Time taken for epoch: 27.44 seconds.

20:21:44: Train Epoch: 27 [0/45000 (0%)]	Loss: 0.865256
20:21:50: Train Epoch: 27 [10000/45000 (22%)]	Loss: 0.813048
20:21:56: Train Epoch: 27 [20000/45000 (44%)]	Loss: 0.753810
20:22:02: Train Epoch: 27 [30000/45000 (67%)]	Loss: 1.003536
20:22:07: Train Epoch: 27 [40000/45000 (89%)]	Loss: 0.956604
20:22:12: 
Evaluation: Average loss: 0.8138, Accuracy: 3597/5000 (71.940%)

20:22:12: Current learning rate: 0.1. Time taken for epoch: 28.15 seconds.

20:22:13: Train Epoch: 28 [0/45000 (0%)]	Loss: 0.648225
20:22:19: Train Epoch: 28 [10000/45000 (22%)]	Loss: 0.633396
20:22:24: Train Epoch: 28 [20000/45000 (44%)]	Loss: 0.686225
20:22:29: Train Epoch: 28 [30000/45000 (67%)]	Loss: 0.734952
20:22:35: Train Epoch: 28 [40000/45000 (89%)]	Loss: 0.805981
20:22:40: 
Evaluation: Average loss: 0.8864, Accuracy: 3473/5000 (69.460%)

20:22:40: Current learning rate: 0.1. Time taken for epoch: 27.79 seconds.

20:22:41: Train Epoch: 29 [0/45000 (0%)]	Loss: 0.702499
20:22:46: Train Epoch: 29 [10000/45000 (22%)]	Loss: 0.841394
20:22:52: Train Epoch: 29 [20000/45000 (44%)]	Loss: 0.823374
20:22:57: Train Epoch: 29 [30000/45000 (67%)]	Loss: 0.873381
20:23:03: Train Epoch: 29 [40000/45000 (89%)]	Loss: 1.054903
20:23:08: 
Evaluation: Average loss: 0.8812, Accuracy: 3474/5000 (69.480%)

20:23:08: Current learning rate: 0.1. Time taken for epoch: 27.82 seconds.

20:23:08: Train Epoch: 30 [0/45000 (0%)]	Loss: 0.797734
20:23:14: Train Epoch: 30 [10000/45000 (22%)]	Loss: 0.756931
20:23:20: Train Epoch: 30 [20000/45000 (44%)]	Loss: 0.902243
20:23:25: Train Epoch: 30 [30000/45000 (67%)]	Loss: 0.788351
20:23:31: Train Epoch: 30 [40000/45000 (89%)]	Loss: 0.888924
20:23:36: 
Evaluation: Average loss: 0.8238, Accuracy: 3576/5000 (71.520%)

20:23:36: Current learning rate: 0.1. Time taken for epoch: 27.85 seconds.

20:23:36: Train Epoch: 31 [0/45000 (0%)]	Loss: 1.100031
20:23:42: Train Epoch: 31 [10000/45000 (22%)]	Loss: 0.733337
20:23:47: Train Epoch: 31 [20000/45000 (44%)]	Loss: 0.956398
20:23:53: Train Epoch: 31 [30000/45000 (67%)]	Loss: 0.826018
20:23:58: Train Epoch: 31 [40000/45000 (89%)]	Loss: 0.849014
20:24:04: 
Evaluation: Average loss: 0.8686, Accuracy: 3514/5000 (70.280%)

20:24:04: Current learning rate: 0.1. Time taken for epoch: 27.97 seconds.

20:24:04: Train Epoch: 32 [0/45000 (0%)]	Loss: 0.710751
20:24:10: Train Epoch: 32 [10000/45000 (22%)]	Loss: 0.754858
20:24:16: Train Epoch: 32 [20000/45000 (44%)]	Loss: 0.747709
20:24:21: Train Epoch: 32 [30000/45000 (67%)]	Loss: 0.850939
20:24:27: Train Epoch: 32 [40000/45000 (89%)]	Loss: 0.895223
20:24:31: 
Evaluation: Average loss: 0.9188, Accuracy: 3410/5000 (68.200%)

20:24:32: Current learning rate: 0.1. Time taken for epoch: 27.96 seconds.

20:24:32: Train Epoch: 33 [0/45000 (0%)]	Loss: 0.927235
20:24:38: Train Epoch: 33 [10000/45000 (22%)]	Loss: 0.711578
20:24:43: Train Epoch: 33 [20000/45000 (44%)]	Loss: 0.675754
20:24:49: Train Epoch: 33 [30000/45000 (67%)]	Loss: 0.967115
20:24:54: Train Epoch: 33 [40000/45000 (89%)]	Loss: 0.962166
20:24:59: 
Evaluation: Average loss: 0.8490, Accuracy: 3511/5000 (70.220%)

20:24:59: Current learning rate: 0.1. Time taken for epoch: 27.56 seconds.

20:25:00: Train Epoch: 34 [0/45000 (0%)]	Loss: 0.697152
20:25:06: Train Epoch: 34 [10000/45000 (22%)]	Loss: 0.925976
20:25:11: Train Epoch: 34 [20000/45000 (44%)]	Loss: 0.794752
20:25:17: Train Epoch: 34 [30000/45000 (67%)]	Loss: 0.882949
20:25:22: Train Epoch: 34 [40000/45000 (89%)]	Loss: 0.764800
20:25:27: 
Evaluation: Average loss: 0.8198, Accuracy: 3590/5000 (71.800%)

20:25:27: Current learning rate: 0.1. Time taken for epoch: 28.07 seconds.

20:25:28: Train Epoch: 35 [0/45000 (0%)]	Loss: 0.755282
20:25:34: Train Epoch: 35 [10000/45000 (22%)]	Loss: 0.695023
20:25:39: Train Epoch: 35 [20000/45000 (44%)]	Loss: 0.625365
20:25:45: Train Epoch: 35 [30000/45000 (67%)]	Loss: 0.951074
20:25:50: Train Epoch: 35 [40000/45000 (89%)]	Loss: 0.800903
20:25:55: 
Evaluation: Average loss: 0.8593, Accuracy: 3534/5000 (70.680%)

20:25:55: Current learning rate: 0.1. Time taken for epoch: 27.76 seconds.

20:25:55: Train Epoch: 36 [0/45000 (0%)]	Loss: 0.663818
20:26:02: Train Epoch: 36 [10000/45000 (22%)]	Loss: 0.729343
20:26:07: Train Epoch: 36 [20000/45000 (44%)]	Loss: 0.742102
20:26:13: Train Epoch: 36 [30000/45000 (67%)]	Loss: 0.693425
20:26:18: Train Epoch: 36 [40000/45000 (89%)]	Loss: 0.834084
20:26:23: 
Evaluation: Average loss: 0.8460, Accuracy: 3538/5000 (70.760%)

20:26:23: Current learning rate: 0.1. Time taken for epoch: 28.13 seconds.

20:26:24: Train Epoch: 37 [0/45000 (0%)]	Loss: 0.744958
20:26:29: Train Epoch: 37 [10000/45000 (22%)]	Loss: 0.750950
20:26:35: Train Epoch: 37 [20000/45000 (44%)]	Loss: 0.774978
20:26:40: Train Epoch: 37 [30000/45000 (67%)]	Loss: 0.784474
20:26:46: Train Epoch: 37 [40000/45000 (89%)]	Loss: 0.767584
20:26:51: 
Evaluation: Average loss: 0.8996, Accuracy: 3491/5000 (69.820%)

20:26:51: Current learning rate: 0.1. Time taken for epoch: 27.52 seconds.

20:26:51: Train Epoch: 38 [0/45000 (0%)]	Loss: 0.620888
20:26:57: Train Epoch: 38 [10000/45000 (22%)]	Loss: 0.838351
20:27:03: Train Epoch: 38 [20000/45000 (44%)]	Loss: 1.054160
20:27:08: Train Epoch: 38 [30000/45000 (67%)]	Loss: 0.819806
20:27:14: Train Epoch: 38 [40000/45000 (89%)]	Loss: 0.912353
20:27:19: 
Evaluation: Average loss: 0.8617, Accuracy: 3517/5000 (70.340%)

20:27:19: Current learning rate: 0.1. Time taken for epoch: 28.37 seconds.

20:27:19: Train Epoch: 39 [0/45000 (0%)]	Loss: 0.638165
20:27:25: Train Epoch: 39 [10000/45000 (22%)]	Loss: 0.695576
20:27:31: Train Epoch: 39 [20000/45000 (44%)]	Loss: 0.794710
20:27:36: Train Epoch: 39 [30000/45000 (67%)]	Loss: 0.676008
20:27:42: Train Epoch: 39 [40000/45000 (89%)]	Loss: 0.831009
20:27:47: 
Evaluation: Average loss: 0.7753, Accuracy: 3685/5000 (73.700%)

20:27:47: Current learning rate: 0.1. Time taken for epoch: 27.65 seconds.

20:27:47: Train Epoch: 40 [0/45000 (0%)]	Loss: 0.598181
20:27:53: Train Epoch: 40 [10000/45000 (22%)]	Loss: 0.712358
20:27:59: Train Epoch: 40 [20000/45000 (44%)]	Loss: 0.690870
20:28:04: Train Epoch: 40 [30000/45000 (67%)]	Loss: 0.735921
20:28:10: Train Epoch: 40 [40000/45000 (89%)]	Loss: 0.659838
20:28:15: 
Evaluation: Average loss: 0.8004, Accuracy: 3620/5000 (72.400%)

20:28:15: Current learning rate: 0.1. Time taken for epoch: 28.08 seconds.

20:28:16: Train Epoch: 41 [0/45000 (0%)]	Loss: 0.692346
20:28:21: Train Epoch: 41 [10000/45000 (22%)]	Loss: 0.921897
20:28:27: Train Epoch: 41 [20000/45000 (44%)]	Loss: 0.752344
20:28:32: Train Epoch: 41 [30000/45000 (67%)]	Loss: 0.906361
20:28:37: Train Epoch: 41 [40000/45000 (89%)]	Loss: 0.863985
20:28:42: 
Evaluation: Average loss: 0.9303, Accuracy: 3414/5000 (68.280%)

20:28:42: Current learning rate: 0.1. Time taken for epoch: 27.58 seconds.

20:28:43: Train Epoch: 42 [0/45000 (0%)]	Loss: 0.705810
20:28:49: Train Epoch: 42 [10000/45000 (22%)]	Loss: 0.801216
20:28:54: Train Epoch: 42 [20000/45000 (44%)]	Loss: 0.894365
20:29:00: Train Epoch: 42 [30000/45000 (67%)]	Loss: 1.031443
20:29:05: Train Epoch: 42 [40000/45000 (89%)]	Loss: 0.760139
20:29:10: 
Evaluation: Average loss: 0.8443, Accuracy: 3545/5000 (70.900%)

20:29:10: Current learning rate: 0.1. Time taken for epoch: 27.94 seconds.

20:29:11: Train Epoch: 43 [0/45000 (0%)]	Loss: 0.897399
20:29:17: Train Epoch: 43 [10000/45000 (22%)]	Loss: 0.752635
20:29:22: Train Epoch: 43 [20000/45000 (44%)]	Loss: 0.691688
20:29:28: Train Epoch: 43 [30000/45000 (67%)]	Loss: 0.882442
20:29:33: Train Epoch: 43 [40000/45000 (89%)]	Loss: 0.826620
20:29:38: 
Evaluation: Average loss: 0.8234, Accuracy: 3566/5000 (71.320%)

20:29:38: Current learning rate: 0.1. Time taken for epoch: 27.72 seconds.

20:29:39: Train Epoch: 44 [0/45000 (0%)]	Loss: 0.747105
20:29:44: Train Epoch: 44 [10000/45000 (22%)]	Loss: 0.867442
20:29:50: Train Epoch: 44 [20000/45000 (44%)]	Loss: 0.808742
20:29:55: Train Epoch: 44 [30000/45000 (67%)]	Loss: 0.727261
20:30:01: Train Epoch: 44 [40000/45000 (89%)]	Loss: 0.780574
20:30:06: 
Evaluation: Average loss: 0.8770, Accuracy: 3498/5000 (69.960%)

20:30:06: Current learning rate: 0.1. Time taken for epoch: 27.76 seconds.

20:30:06: Train Epoch: 45 [0/45000 (0%)]	Loss: 0.763520
20:30:12: Train Epoch: 45 [10000/45000 (22%)]	Loss: 0.694421
20:30:18: Train Epoch: 45 [20000/45000 (44%)]	Loss: 0.943303
20:30:23: Train Epoch: 45 [30000/45000 (67%)]	Loss: 0.750629
20:30:29: Train Epoch: 45 [40000/45000 (89%)]	Loss: 0.836418
20:30:34: 
Evaluation: Average loss: 0.8814, Accuracy: 3493/5000 (69.860%)

20:30:34: Current learning rate: 0.1. Time taken for epoch: 27.92 seconds.

20:30:34: Train Epoch: 46 [0/45000 (0%)]	Loss: 0.621597
20:30:40: Train Epoch: 46 [10000/45000 (22%)]	Loss: 0.661877
20:30:46: Train Epoch: 46 [20000/45000 (44%)]	Loss: 0.724577
20:30:51: Train Epoch: 46 [30000/45000 (67%)]	Loss: 0.868756
20:30:57: Train Epoch: 46 [40000/45000 (89%)]	Loss: 0.791544
20:31:01: 
Evaluation: Average loss: 0.8423, Accuracy: 3556/5000 (71.120%)

20:31:01: Current learning rate: 0.1. Time taken for epoch: 27.84 seconds.

20:31:02: Train Epoch: 47 [0/45000 (0%)]	Loss: 0.654411
20:31:08: Train Epoch: 47 [10000/45000 (22%)]	Loss: 0.734964
20:31:14: Train Epoch: 47 [20000/45000 (44%)]	Loss: 0.626471
20:31:19: Train Epoch: 47 [30000/45000 (67%)]	Loss: 0.761899
20:31:25: Train Epoch: 47 [40000/45000 (89%)]	Loss: 0.750293
20:31:29: 
Evaluation: Average loss: 0.7927, Accuracy: 3638/5000 (72.760%)

20:31:29: Current learning rate: 0.1. Time taken for epoch: 27.87 seconds.

20:31:30: Train Epoch: 48 [0/45000 (0%)]	Loss: 0.870201
20:31:36: Train Epoch: 48 [10000/45000 (22%)]	Loss: 0.740873
20:31:41: Train Epoch: 48 [20000/45000 (44%)]	Loss: 0.882869
20:31:47: Train Epoch: 48 [30000/45000 (67%)]	Loss: 0.705662
20:31:52: Train Epoch: 48 [40000/45000 (89%)]	Loss: 0.824987
20:31:57: 
Evaluation: Average loss: 0.8021, Accuracy: 3597/5000 (71.940%)

20:31:57: Current learning rate: 0.1. Time taken for epoch: 27.93 seconds.

20:31:58: Train Epoch: 49 [0/45000 (0%)]	Loss: 0.827851
20:32:04: Train Epoch: 49 [10000/45000 (22%)]	Loss: 0.819094
20:32:09: Train Epoch: 49 [20000/45000 (44%)]	Loss: 0.841715
20:32:15: Train Epoch: 49 [30000/45000 (67%)]	Loss: 0.788495
20:32:20: Train Epoch: 49 [40000/45000 (89%)]	Loss: 0.701582
20:32:25: 
Evaluation: Average loss: 0.8295, Accuracy: 3602/5000 (72.040%)

20:32:25: Current learning rate: 0.1. Time taken for epoch: 28.14 seconds.

20:32:26: Train Epoch: 50 [0/45000 (0%)]	Loss: 0.641800
20:32:32: Train Epoch: 50 [10000/45000 (22%)]	Loss: 0.751420
20:32:37: Train Epoch: 50 [20000/45000 (44%)]	Loss: 0.798156
20:32:43: Train Epoch: 50 [30000/45000 (67%)]	Loss: 0.634373
20:32:48: Train Epoch: 50 [40000/45000 (89%)]	Loss: 0.823221
20:32:53: 
Evaluation: Average loss: 0.8164, Accuracy: 3591/5000 (71.820%)

20:32:53: Current learning rate: 0.1. Time taken for epoch: 27.35 seconds.

20:32:54: Train Epoch: 51 [0/45000 (0%)]	Loss: 0.685993
20:32:59: Train Epoch: 51 [10000/45000 (22%)]	Loss: 1.001811
20:33:05: Train Epoch: 51 [20000/45000 (44%)]	Loss: 0.846624
20:33:10: Train Epoch: 51 [30000/45000 (67%)]	Loss: 0.696878
20:33:16: Train Epoch: 51 [40000/45000 (89%)]	Loss: 0.836806
20:33:21: 
Evaluation: Average loss: 0.8036, Accuracy: 3618/5000 (72.360%)

20:33:21: Current learning rate: 0.1. Time taken for epoch: 28.21 seconds.

20:33:22: Train Epoch: 52 [0/45000 (0%)]	Loss: 0.712173
20:33:27: Train Epoch: 52 [10000/45000 (22%)]	Loss: 0.955667
20:33:33: Train Epoch: 52 [20000/45000 (44%)]	Loss: 0.689655
20:33:38: Train Epoch: 52 [30000/45000 (67%)]	Loss: 0.647769
20:33:44: Train Epoch: 52 [40000/45000 (89%)]	Loss: 0.662899
20:33:49: 
Evaluation: Average loss: 0.8506, Accuracy: 3555/5000 (71.100%)

20:33:49: Current learning rate: 0.1. Time taken for epoch: 27.61 seconds.

20:33:49: Train Epoch: 53 [0/45000 (0%)]	Loss: 0.716060
20:33:55: Train Epoch: 53 [10000/45000 (22%)]	Loss: 0.908050
20:34:01: Train Epoch: 53 [20000/45000 (44%)]	Loss: 0.975047
20:34:06: Train Epoch: 53 [30000/45000 (67%)]	Loss: 0.604430
20:34:12: Train Epoch: 53 [40000/45000 (89%)]	Loss: 0.764205
20:34:17: 
Evaluation: Average loss: 0.7636, Accuracy: 3687/5000 (73.740%)

20:34:17: Current learning rate: 0.1. Time taken for epoch: 28.06 seconds.

20:34:17: Train Epoch: 54 [0/45000 (0%)]	Loss: 0.590045
20:34:23: Train Epoch: 54 [10000/45000 (22%)]	Loss: 0.759388
20:34:29: Train Epoch: 54 [20000/45000 (44%)]	Loss: 0.604001
20:34:34: Train Epoch: 54 [30000/45000 (67%)]	Loss: 1.089476
20:34:39: Train Epoch: 54 [40000/45000 (89%)]	Loss: 0.722706
20:34:44: 
Evaluation: Average loss: 0.8375, Accuracy: 3564/5000 (71.280%)

20:34:44: Current learning rate: 0.1. Time taken for epoch: 27.67 seconds.

20:34:45: Train Epoch: 55 [0/45000 (0%)]	Loss: 0.689628
20:34:51: Train Epoch: 55 [10000/45000 (22%)]	Loss: 0.654532
20:34:56: Train Epoch: 55 [20000/45000 (44%)]	Loss: 0.871968
20:35:02: Train Epoch: 55 [30000/45000 (67%)]	Loss: 0.853802
20:35:07: Train Epoch: 55 [40000/45000 (89%)]	Loss: 0.848605
20:35:12: 
Evaluation: Average loss: 0.7687, Accuracy: 3701/5000 (74.020%)

20:35:12: Current learning rate: 0.1. Time taken for epoch: 27.99 seconds.

20:35:13: Train Epoch: 56 [0/45000 (0%)]	Loss: 0.845337
20:35:19: Train Epoch: 56 [10000/45000 (22%)]	Loss: 0.808274
20:35:24: Train Epoch: 56 [20000/45000 (44%)]	Loss: 0.748863
20:35:30: Train Epoch: 56 [30000/45000 (67%)]	Loss: 0.544801
20:35:35: Train Epoch: 56 [40000/45000 (89%)]	Loss: 0.733182
20:35:40: 
Evaluation: Average loss: 0.6023, Accuracy: 3943/5000 (78.860%)

20:35:40: Current learning rate: 0.010000000000000002. Time taken for epoch: 27.76 seconds.

20:35:41: Train Epoch: 57 [0/45000 (0%)]	Loss: 0.634608
20:35:47: Train Epoch: 57 [10000/45000 (22%)]	Loss: 0.645017
20:35:52: Train Epoch: 57 [20000/45000 (44%)]	Loss: 0.599741
20:35:58: Train Epoch: 57 [30000/45000 (67%)]	Loss: 0.595112
20:36:03: Train Epoch: 57 [40000/45000 (89%)]	Loss: 0.537728
20:36:08: 
Evaluation: Average loss: 0.5592, Accuracy: 4012/5000 (80.240%)

20:36:08: Current learning rate: 0.010000000000000002. Time taken for epoch: 28.14 seconds.

20:36:09: Train Epoch: 58 [0/45000 (0%)]	Loss: 0.402444
20:36:15: Train Epoch: 58 [10000/45000 (22%)]	Loss: 0.547032
20:36:20: Train Epoch: 58 [20000/45000 (44%)]	Loss: 0.419649
20:36:26: Train Epoch: 58 [30000/45000 (67%)]	Loss: 0.398542
20:36:31: Train Epoch: 58 [40000/45000 (89%)]	Loss: 0.580330
20:36:36: 
Evaluation: Average loss: 0.5443, Accuracy: 4046/5000 (80.920%)

20:36:36: Current learning rate: 0.010000000000000002. Time taken for epoch: 27.99 seconds.

20:36:37: Train Epoch: 59 [0/45000 (0%)]	Loss: 0.434988
20:36:43: Train Epoch: 59 [10000/45000 (22%)]	Loss: 0.475613
20:36:48: Train Epoch: 59 [20000/45000 (44%)]	Loss: 0.521904
20:36:54: Train Epoch: 59 [30000/45000 (67%)]	Loss: 0.374224
20:36:59: Train Epoch: 59 [40000/45000 (89%)]	Loss: 0.360108
20:37:04: 
Evaluation: Average loss: 0.5417, Accuracy: 4063/5000 (81.260%)

20:37:04: Current learning rate: 0.010000000000000002. Time taken for epoch: 28.14 seconds.

20:37:05: Train Epoch: 60 [0/45000 (0%)]	Loss: 0.353477
20:37:11: Train Epoch: 60 [10000/45000 (22%)]	Loss: 0.417615
20:37:17: Train Epoch: 60 [20000/45000 (44%)]	Loss: 0.416828
20:37:22: Train Epoch: 60 [30000/45000 (67%)]	Loss: 0.456764
20:37:28: Train Epoch: 60 [40000/45000 (89%)]	Loss: 0.410255
20:37:33: 
Evaluation: Average loss: 0.5287, Accuracy: 4079/5000 (81.580%)

20:37:33: Current learning rate: 0.010000000000000002. Time taken for epoch: 28.33 seconds.

20:37:33: Train Epoch: 61 [0/45000 (0%)]	Loss: 0.393016
20:37:39: Train Epoch: 61 [10000/45000 (22%)]	Loss: 0.481225
20:37:45: Train Epoch: 61 [20000/45000 (44%)]	Loss: 0.348076
20:37:50: Train Epoch: 61 [30000/45000 (67%)]	Loss: 0.454184
20:37:56: Train Epoch: 61 [40000/45000 (89%)]	Loss: 0.414393
20:38:01: 
Evaluation: Average loss: 0.5293, Accuracy: 4092/5000 (81.840%)

20:38:01: Current learning rate: 0.010000000000000002. Time taken for epoch: 27.95 seconds.

20:38:01: Train Epoch: 62 [0/45000 (0%)]	Loss: 0.457534
20:38:07: Train Epoch: 62 [10000/45000 (22%)]	Loss: 0.349251
20:38:13: Train Epoch: 62 [20000/45000 (44%)]	Loss: 0.449796
20:38:18: Train Epoch: 62 [30000/45000 (67%)]	Loss: 0.324002
20:38:24: Train Epoch: 62 [40000/45000 (89%)]	Loss: 0.405797
20:38:29: 
Evaluation: Average loss: 0.5113, Accuracy: 4089/5000 (81.780%)

20:38:29: Current learning rate: 0.010000000000000002. Time taken for epoch: 28.10 seconds.

20:38:30: Train Epoch: 63 [0/45000 (0%)]	Loss: 0.434277
20:38:35: Train Epoch: 63 [10000/45000 (22%)]	Loss: 0.441838
20:38:41: Train Epoch: 63 [20000/45000 (44%)]	Loss: 0.431586
20:38:46: Train Epoch: 63 [30000/45000 (67%)]	Loss: 0.284155
20:38:52: Train Epoch: 63 [40000/45000 (89%)]	Loss: 0.422551
20:38:57: 
Evaluation: Average loss: 0.5122, Accuracy: 4122/5000 (82.440%)

20:38:57: Current learning rate: 0.010000000000000002. Time taken for epoch: 28.01 seconds.

20:38:57: Train Epoch: 64 [0/45000 (0%)]	Loss: 0.390404
20:39:03: Train Epoch: 64 [10000/45000 (22%)]	Loss: 0.338587
20:39:09: Train Epoch: 64 [20000/45000 (44%)]	Loss: 0.495569
20:39:14: Train Epoch: 64 [30000/45000 (67%)]	Loss: 0.327078
20:39:20: Train Epoch: 64 [40000/45000 (89%)]	Loss: 0.190212
20:39:25: 
Evaluation: Average loss: 0.5201, Accuracy: 4124/5000 (82.480%)

20:39:25: Current learning rate: 0.010000000000000002. Time taken for epoch: 28.15 seconds.

20:39:26: Train Epoch: 65 [0/45000 (0%)]	Loss: 0.336612
20:39:31: Train Epoch: 65 [10000/45000 (22%)]	Loss: 0.475423
20:39:37: Train Epoch: 65 [20000/45000 (44%)]	Loss: 0.421365
20:39:42: Train Epoch: 65 [30000/45000 (67%)]	Loss: 0.284624
20:39:48: Train Epoch: 65 [40000/45000 (89%)]	Loss: 0.413404
20:39:53: 
Evaluation: Average loss: 0.5038, Accuracy: 4138/5000 (82.760%)

20:39:53: Current learning rate: 0.010000000000000002. Time taken for epoch: 27.85 seconds.

20:39:53: Train Epoch: 66 [0/45000 (0%)]	Loss: 0.370159
20:39:59: Train Epoch: 66 [10000/45000 (22%)]	Loss: 0.270240
20:40:05: Train Epoch: 66 [20000/45000 (44%)]	Loss: 0.438264
20:40:11: Train Epoch: 66 [30000/45000 (67%)]	Loss: 0.584374
20:40:16: Train Epoch: 66 [40000/45000 (89%)]	Loss: 0.429462
20:40:21: 
Evaluation: Average loss: 0.5267, Accuracy: 4104/5000 (82.080%)

20:40:21: Current learning rate: 0.010000000000000002. Time taken for epoch: 28.39 seconds.

20:40:22: Train Epoch: 67 [0/45000 (0%)]	Loss: 0.359733
20:40:28: Train Epoch: 67 [10000/45000 (22%)]	Loss: 0.242420
20:40:33: Train Epoch: 67 [20000/45000 (44%)]	Loss: 0.279032
20:40:39: Train Epoch: 67 [30000/45000 (67%)]	Loss: 0.395696
20:40:44: Train Epoch: 67 [40000/45000 (89%)]	Loss: 0.322669
20:40:49: 
Evaluation: Average loss: 0.5126, Accuracy: 4134/5000 (82.680%)

20:40:49: Current learning rate: 0.010000000000000002. Time taken for epoch: 27.78 seconds.

20:40:49: Train Epoch: 68 [0/45000 (0%)]	Loss: 0.222608
20:40:55: Train Epoch: 68 [10000/45000 (22%)]	Loss: 0.386136
20:41:01: Train Epoch: 68 [20000/45000 (44%)]	Loss: 0.222245
20:41:06: Train Epoch: 68 [30000/45000 (67%)]	Loss: 0.434966
20:41:12: Train Epoch: 68 [40000/45000 (89%)]	Loss: 0.423583
20:41:17: 
Evaluation: Average loss: 0.5145, Accuracy: 4139/5000 (82.780%)

20:41:17: Current learning rate: 0.010000000000000002. Time taken for epoch: 28.03 seconds.

20:41:18: Train Epoch: 69 [0/45000 (0%)]	Loss: 0.302806
20:41:24: Train Epoch: 69 [10000/45000 (22%)]	Loss: 0.367732
20:41:29: Train Epoch: 69 [20000/45000 (44%)]	Loss: 0.283383
20:41:35: Train Epoch: 69 [30000/45000 (67%)]	Loss: 0.453088
20:41:40: Train Epoch: 69 [40000/45000 (89%)]	Loss: 0.321756
20:41:45: 
Evaluation: Average loss: 0.5532, Accuracy: 4087/5000 (81.740%)

20:41:45: Current learning rate: 0.010000000000000002. Time taken for epoch: 28.02 seconds.

20:41:46: Train Epoch: 70 [0/45000 (0%)]	Loss: 0.464536
20:41:51: Train Epoch: 70 [10000/45000 (22%)]	Loss: 0.417455
20:41:57: Train Epoch: 70 [20000/45000 (44%)]	Loss: 0.368260
20:42:02: Train Epoch: 70 [30000/45000 (67%)]	Loss: 0.535831
20:42:08: Train Epoch: 70 [40000/45000 (89%)]	Loss: 0.288236
20:42:13: 
Evaluation: Average loss: 0.5183, Accuracy: 4140/5000 (82.800%)

20:42:13: Current learning rate: 0.010000000000000002. Time taken for epoch: 28.15 seconds.

20:42:14: Train Epoch: 71 [0/45000 (0%)]	Loss: 0.408686
20:42:20: Train Epoch: 71 [10000/45000 (22%)]	Loss: 0.440074
20:42:25: Train Epoch: 71 [20000/45000 (44%)]	Loss: 0.421289
20:42:31: Train Epoch: 71 [30000/45000 (67%)]	Loss: 0.354751
20:42:36: Train Epoch: 71 [40000/45000 (89%)]	Loss: 0.392419
20:42:41: 
Evaluation: Average loss: 0.5439, Accuracy: 4097/5000 (81.940%)

20:42:41: Current learning rate: 0.010000000000000002. Time taken for epoch: 28.23 seconds.

20:42:42: Train Epoch: 72 [0/45000 (0%)]	Loss: 0.485122
20:42:48: Train Epoch: 72 [10000/45000 (22%)]	Loss: 0.276782
20:42:53: Train Epoch: 72 [20000/45000 (44%)]	Loss: 0.262777
20:42:59: Train Epoch: 72 [30000/45000 (67%)]	Loss: 0.280394
20:43:05: Train Epoch: 72 [40000/45000 (89%)]	Loss: 0.469672
20:43:09: 
Evaluation: Average loss: 0.5083, Accuracy: 4159/5000 (83.180%)

20:43:10: Current learning rate: 0.010000000000000002. Time taken for epoch: 28.15 seconds.

20:43:10: Train Epoch: 73 [0/45000 (0%)]	Loss: 0.334893
20:43:16: Train Epoch: 73 [10000/45000 (22%)]	Loss: 0.314971
20:43:21: Train Epoch: 73 [20000/45000 (44%)]	Loss: 0.253757
20:43:27: Train Epoch: 73 [30000/45000 (67%)]	Loss: 0.321570
20:43:32: Train Epoch: 73 [40000/45000 (89%)]	Loss: 0.267852
20:43:37: 
Evaluation: Average loss: 0.5305, Accuracy: 4129/5000 (82.580%)

20:43:37: Current learning rate: 0.010000000000000002. Time taken for epoch: 27.74 seconds.

20:43:38: Train Epoch: 74 [0/45000 (0%)]	Loss: 0.423245
20:43:44: Train Epoch: 74 [10000/45000 (22%)]	Loss: 0.437699
20:43:49: Train Epoch: 74 [20000/45000 (44%)]	Loss: 0.396458
20:43:55: Train Epoch: 74 [30000/45000 (67%)]	Loss: 0.375413
20:44:00: Train Epoch: 74 [40000/45000 (89%)]	Loss: 0.295597
20:44:05: 
Evaluation: Average loss: 0.5248, Accuracy: 4169/5000 (83.380%)

20:44:05: Current learning rate: 0.010000000000000002. Time taken for epoch: 27.98 seconds.

20:44:06: Train Epoch: 75 [0/45000 (0%)]	Loss: 0.204515
20:44:12: Train Epoch: 75 [10000/45000 (22%)]	Loss: 0.317204
20:44:17: Train Epoch: 75 [20000/45000 (44%)]	Loss: 0.385463
20:44:23: Train Epoch: 75 [30000/45000 (67%)]	Loss: 0.222631
20:44:28: Train Epoch: 75 [40000/45000 (89%)]	Loss: 0.387266
20:44:33: 
Evaluation: Average loss: 0.5294, Accuracy: 4131/5000 (82.620%)

20:44:33: Current learning rate: 0.010000000000000002. Time taken for epoch: 27.93 seconds.

20:44:34: Train Epoch: 76 [0/45000 (0%)]	Loss: 0.377888
20:44:40: Train Epoch: 76 [10000/45000 (22%)]	Loss: 0.462023
20:44:45: Train Epoch: 76 [20000/45000 (44%)]	Loss: 0.441079
20:44:50: Train Epoch: 76 [30000/45000 (67%)]	Loss: 0.273520
20:44:56: Train Epoch: 76 [40000/45000 (89%)]	Loss: 0.426514
20:45:01: 
Evaluation: Average loss: 0.5215, Accuracy: 4126/5000 (82.520%)

20:45:01: Current learning rate: 0.010000000000000002. Time taken for epoch: 27.74 seconds.

20:45:02: Train Epoch: 77 [0/45000 (0%)]	Loss: 0.332360
20:45:07: Train Epoch: 77 [10000/45000 (22%)]	Loss: 0.331227
20:45:13: Train Epoch: 77 [20000/45000 (44%)]	Loss: 0.324704
20:45:19: Train Epoch: 77 [30000/45000 (67%)]	Loss: 0.335070
20:45:24: Train Epoch: 77 [40000/45000 (89%)]	Loss: 0.207739
20:45:29: 
Evaluation: Average loss: 0.5428, Accuracy: 4103/5000 (82.060%)

20:45:29: Current learning rate: 0.010000000000000002. Time taken for epoch: 28.22 seconds.

20:45:30: Train Epoch: 78 [0/45000 (0%)]	Loss: 0.280673
20:45:36: Train Epoch: 78 [10000/45000 (22%)]	Loss: 0.388178
20:45:41: Train Epoch: 78 [20000/45000 (44%)]	Loss: 0.339230
20:45:46: Train Epoch: 78 [30000/45000 (67%)]	Loss: 0.365093
20:45:52: Train Epoch: 78 [40000/45000 (89%)]	Loss: 0.359821
20:45:57: 
Evaluation: Average loss: 0.5589, Accuracy: 4069/5000 (81.380%)

20:45:57: Current learning rate: 0.010000000000000002. Time taken for epoch: 27.86 seconds.

20:45:58: Train Epoch: 79 [0/45000 (0%)]	Loss: 0.393470
20:46:04: Train Epoch: 79 [10000/45000 (22%)]	Loss: 0.377936
20:46:09: Train Epoch: 79 [20000/45000 (44%)]	Loss: 0.191174
20:46:15: Train Epoch: 79 [30000/45000 (67%)]	Loss: 0.163112
20:46:20: Train Epoch: 79 [40000/45000 (89%)]	Loss: 0.301914
20:46:25: 
Evaluation: Average loss: 0.5528, Accuracy: 4066/5000 (81.320%)

20:46:25: Current learning rate: 0.010000000000000002. Time taken for epoch: 28.04 seconds.

20:46:26: Train Epoch: 80 [0/45000 (0%)]	Loss: 0.374595
20:46:31: Train Epoch: 80 [10000/45000 (22%)]	Loss: 0.392925
20:46:37: Train Epoch: 80 [20000/45000 (44%)]	Loss: 0.249918
20:46:42: Train Epoch: 80 [30000/45000 (67%)]	Loss: 0.254847
20:46:48: Train Epoch: 80 [40000/45000 (89%)]	Loss: 0.434205
20:46:53: 
Evaluation: Average loss: 0.5425, Accuracy: 4081/5000 (81.620%)

20:46:53: Current learning rate: 0.010000000000000002. Time taken for epoch: 27.70 seconds.

20:46:53: Train Epoch: 81 [0/45000 (0%)]	Loss: 0.310356
20:46:59: Train Epoch: 81 [10000/45000 (22%)]	Loss: 0.239218
20:47:05: Train Epoch: 81 [20000/45000 (44%)]	Loss: 0.277573
20:47:10: Train Epoch: 81 [30000/45000 (67%)]	Loss: 0.383681
20:47:16: Train Epoch: 81 [40000/45000 (89%)]	Loss: 0.239439
20:47:21: 
Evaluation: Average loss: 0.5511, Accuracy: 4084/5000 (81.680%)

20:47:21: Current learning rate: 0.010000000000000002. Time taken for epoch: 28.03 seconds.

20:47:22: Train Epoch: 82 [0/45000 (0%)]	Loss: 0.282647
20:47:27: Train Epoch: 82 [10000/45000 (22%)]	Loss: 0.357768
20:47:33: Train Epoch: 82 [20000/45000 (44%)]	Loss: 0.401934
20:47:38: Train Epoch: 82 [30000/45000 (67%)]	Loss: 0.265777
20:47:44: Train Epoch: 82 [40000/45000 (89%)]	Loss: 0.525257
20:47:49: 
Evaluation: Average loss: 0.5404, Accuracy: 4136/5000 (82.720%)

20:47:49: Current learning rate: 0.010000000000000002. Time taken for epoch: 27.97 seconds.

20:47:49: Train Epoch: 83 [0/45000 (0%)]	Loss: 0.306277
20:47:55: Train Epoch: 83 [10000/45000 (22%)]	Loss: 0.299073
20:48:01: Train Epoch: 83 [20000/45000 (44%)]	Loss: 0.281455
20:48:07: Train Epoch: 83 [30000/45000 (67%)]	Loss: 0.328260
20:48:12: Train Epoch: 83 [40000/45000 (89%)]	Loss: 0.178740
20:48:17: 
Evaluation: Average loss: 0.5490, Accuracy: 4103/5000 (82.060%)

20:48:17: Current learning rate: 0.010000000000000002. Time taken for epoch: 28.34 seconds.

20:48:18: Train Epoch: 84 [0/45000 (0%)]	Loss: 0.452665
20:48:23: Train Epoch: 84 [10000/45000 (22%)]	Loss: 0.423260
20:48:29: Train Epoch: 84 [20000/45000 (44%)]	Loss: 0.230052
20:48:34: Train Epoch: 84 [30000/45000 (67%)]	Loss: 0.398898
20:48:40: Train Epoch: 84 [40000/45000 (89%)]	Loss: 0.328797
20:48:45: 
Evaluation: Average loss: 0.5668, Accuracy: 4076/5000 (81.520%)

20:48:45: Current learning rate: 0.010000000000000002. Time taken for epoch: 27.62 seconds.

20:48:45: Train Epoch: 85 [0/45000 (0%)]	Loss: 0.404307
20:48:51: Train Epoch: 85 [10000/45000 (22%)]	Loss: 0.343530
20:48:57: Train Epoch: 85 [20000/45000 (44%)]	Loss: 0.326457
20:49:02: Train Epoch: 85 [30000/45000 (67%)]	Loss: 0.329610
20:49:08: Train Epoch: 85 [40000/45000 (89%)]	Loss: 0.466927
20:49:13: 
Evaluation: Average loss: 0.5481, Accuracy: 4117/5000 (82.340%)

20:49:13: Current learning rate: 0.010000000000000002. Time taken for epoch: 27.97 seconds.

20:49:13: Train Epoch: 86 [0/45000 (0%)]	Loss: 0.302700
20:49:19: Train Epoch: 86 [10000/45000 (22%)]	Loss: 0.425727
20:49:25: Train Epoch: 86 [20000/45000 (44%)]	Loss: 0.289807
20:49:30: Train Epoch: 86 [30000/45000 (67%)]	Loss: 0.427781
20:49:36: Train Epoch: 86 [40000/45000 (89%)]	Loss: 0.285748
20:49:41: 
Evaluation: Average loss: 0.5461, Accuracy: 4101/5000 (82.020%)

20:49:41: Current learning rate: 0.010000000000000002. Time taken for epoch: 28.38 seconds.

20:49:42: Train Epoch: 87 [0/45000 (0%)]	Loss: 0.306025
20:49:47: Train Epoch: 87 [10000/45000 (22%)]	Loss: 0.422924
20:49:53: Train Epoch: 87 [20000/45000 (44%)]	Loss: 0.224371
20:49:59: Train Epoch: 87 [30000/45000 (67%)]	Loss: 0.332309
20:50:04: Train Epoch: 87 [40000/45000 (89%)]	Loss: 0.311164
20:50:09: 
Evaluation: Average loss: 0.5274, Accuracy: 4143/5000 (82.860%)

20:50:09: Current learning rate: 0.010000000000000002. Time taken for epoch: 27.99 seconds.

20:50:10: Train Epoch: 88 [0/45000 (0%)]	Loss: 0.331722
20:50:16: Train Epoch: 88 [10000/45000 (22%)]	Loss: 0.282467
20:50:21: Train Epoch: 88 [20000/45000 (44%)]	Loss: 0.193515
20:50:26: Train Epoch: 88 [30000/45000 (67%)]	Loss: 0.427202
20:50:32: Train Epoch: 88 [40000/45000 (89%)]	Loss: 0.167666
20:50:37: 
Evaluation: Average loss: 0.5476, Accuracy: 4093/5000 (81.860%)

20:50:37: Current learning rate: 0.010000000000000002. Time taken for epoch: 28.00 seconds.

20:50:38: Train Epoch: 89 [0/45000 (0%)]	Loss: 0.218750
20:50:43: Train Epoch: 89 [10000/45000 (22%)]	Loss: 0.284219
20:50:49: Train Epoch: 89 [20000/45000 (44%)]	Loss: 0.253029
20:50:54: Train Epoch: 89 [30000/45000 (67%)]	Loss: 0.295730
20:51:00: Train Epoch: 89 [40000/45000 (89%)]	Loss: 0.357426
20:51:05: 
Evaluation: Average loss: 0.5494, Accuracy: 4107/5000 (82.140%)

20:51:05: Current learning rate: 0.010000000000000002. Time taken for epoch: 27.96 seconds.

20:51:06: Train Epoch: 90 [0/45000 (0%)]	Loss: 0.366897
20:51:11: Train Epoch: 90 [10000/45000 (22%)]	Loss: 0.301621
20:51:17: Train Epoch: 90 [20000/45000 (44%)]	Loss: 0.234917
20:51:22: Train Epoch: 90 [30000/45000 (67%)]	Loss: 0.327620
20:51:28: Train Epoch: 90 [40000/45000 (89%)]	Loss: 0.336090
20:51:33: 
Evaluation: Average loss: 0.5819, Accuracy: 4035/5000 (80.700%)

20:51:33: Current learning rate: 0.010000000000000002. Time taken for epoch: 27.83 seconds.

20:51:34: Train Epoch: 91 [0/45000 (0%)]	Loss: 0.257307
20:51:39: Train Epoch: 91 [10000/45000 (22%)]	Loss: 0.240170
20:51:44: Train Epoch: 91 [20000/45000 (44%)]	Loss: 0.372007
20:51:50: Train Epoch: 91 [30000/45000 (67%)]	Loss: 0.243040
20:51:55: Train Epoch: 91 [40000/45000 (89%)]	Loss: 0.194546
20:52:00: 
Evaluation: Average loss: 0.5765, Accuracy: 4075/5000 (81.500%)

20:52:00: Current learning rate: 0.010000000000000002. Time taken for epoch: 27.42 seconds.

20:52:01: Train Epoch: 92 [0/45000 (0%)]	Loss: 0.332186
20:52:07: Train Epoch: 92 [10000/45000 (22%)]	Loss: 0.241715
20:52:12: Train Epoch: 92 [20000/45000 (44%)]	Loss: 0.244414
20:52:18: Train Epoch: 92 [30000/45000 (67%)]	Loss: 0.327116
20:52:23: Train Epoch: 92 [40000/45000 (89%)]	Loss: 0.386773
20:52:28: 
Evaluation: Average loss: 0.5680, Accuracy: 4075/5000 (81.500%)

20:52:28: Current learning rate: 0.010000000000000002. Time taken for epoch: 27.87 seconds.

20:52:29: Train Epoch: 93 [0/45000 (0%)]	Loss: 0.353886
20:52:35: Train Epoch: 93 [10000/45000 (22%)]	Loss: 0.432916
20:52:40: Train Epoch: 93 [20000/45000 (44%)]	Loss: 0.339745
20:52:45: Train Epoch: 93 [30000/45000 (67%)]	Loss: 0.352682
20:52:51: Train Epoch: 93 [40000/45000 (89%)]	Loss: 0.301546
20:52:55: 
Evaluation: Average loss: 0.5906, Accuracy: 4068/5000 (81.360%)

20:52:55: Current learning rate: 0.010000000000000002. Time taken for epoch: 27.31 seconds.

20:52:56: Train Epoch: 94 [0/45000 (0%)]	Loss: 0.318313
20:53:02: Train Epoch: 94 [10000/45000 (22%)]	Loss: 0.253186
20:53:08: Train Epoch: 94 [20000/45000 (44%)]	Loss: 0.294420
20:53:13: Train Epoch: 94 [30000/45000 (67%)]	Loss: 0.370963
20:53:18: Train Epoch: 94 [40000/45000 (89%)]	Loss: 0.253949
20:53:23: 
Evaluation: Average loss: 0.5789, Accuracy: 4056/5000 (81.120%)

20:53:23: Current learning rate: 0.010000000000000002. Time taken for epoch: 27.80 seconds.

20:53:24: Train Epoch: 95 [0/45000 (0%)]	Loss: 0.275003
20:53:30: Train Epoch: 95 [10000/45000 (22%)]	Loss: 0.284353
20:53:35: Train Epoch: 95 [20000/45000 (44%)]	Loss: 0.382487
20:53:40: Train Epoch: 95 [30000/45000 (67%)]	Loss: 0.207219
20:53:46: Train Epoch: 95 [40000/45000 (89%)]	Loss: 0.228262
20:53:50: 
Evaluation: Average loss: 0.5736, Accuracy: 4059/5000 (81.180%)

20:53:51: Current learning rate: 0.010000000000000002. Time taken for epoch: 27.29 seconds.

20:53:51: Train Epoch: 96 [0/45000 (0%)]	Loss: 0.343600
20:53:57: Train Epoch: 96 [10000/45000 (22%)]	Loss: 0.260878
20:54:02: Train Epoch: 96 [20000/45000 (44%)]	Loss: 0.323283
20:54:08: Train Epoch: 96 [30000/45000 (67%)]	Loss: 0.399973
20:54:13: Train Epoch: 96 [40000/45000 (89%)]	Loss: 0.441298
20:54:18: 
Evaluation: Average loss: 0.5588, Accuracy: 4077/5000 (81.540%)

20:54:18: Current learning rate: 0.010000000000000002. Time taken for epoch: 27.64 seconds.

20:54:19: Train Epoch: 97 [0/45000 (0%)]	Loss: 0.296916
20:54:24: Train Epoch: 97 [10000/45000 (22%)]	Loss: 0.225843
20:54:30: Train Epoch: 97 [20000/45000 (44%)]	Loss: 0.397748
20:54:35: Train Epoch: 97 [30000/45000 (67%)]	Loss: 0.246334
20:54:41: Train Epoch: 97 [40000/45000 (89%)]	Loss: 0.328923
20:54:45: 
Evaluation: Average loss: 0.5688, Accuracy: 4064/5000 (81.280%)

20:54:45: Current learning rate: 0.010000000000000002. Time taken for epoch: 27.22 seconds.

20:54:46: Train Epoch: 98 [0/45000 (0%)]	Loss: 0.293874
20:54:52: Train Epoch: 98 [10000/45000 (22%)]	Loss: 0.366276
20:54:57: Train Epoch: 98 [20000/45000 (44%)]	Loss: 0.241365
20:55:02: Train Epoch: 98 [30000/45000 (67%)]	Loss: 0.227119
20:55:08: Train Epoch: 98 [40000/45000 (89%)]	Loss: 0.193303
20:55:13: 
Evaluation: Average loss: 0.5866, Accuracy: 4094/5000 (81.880%)

20:55:13: Current learning rate: 0.010000000000000002. Time taken for epoch: 27.24 seconds.

20:55:13: Train Epoch: 99 [0/45000 (0%)]	Loss: 0.281140
20:55:19: Train Epoch: 99 [10000/45000 (22%)]	Loss: 0.314570
20:55:24: Train Epoch: 99 [20000/45000 (44%)]	Loss: 0.225418
20:55:30: Train Epoch: 99 [30000/45000 (67%)]	Loss: 0.226058
20:55:35: Train Epoch: 99 [40000/45000 (89%)]	Loss: 0.267898
20:55:40: 
Evaluation: Average loss: 0.5763, Accuracy: 4088/5000 (81.760%)

20:55:40: Current learning rate: 0.010000000000000002. Time taken for epoch: 27.01 seconds.

20:55:40: Train Epoch: 100 [0/45000 (0%)]	Loss: 0.197104
20:55:46: Train Epoch: 100 [10000/45000 (22%)]	Loss: 0.324503
20:55:51: Train Epoch: 100 [20000/45000 (44%)]	Loss: 0.363696
20:55:56: Train Epoch: 100 [30000/45000 (67%)]	Loss: 0.270214
20:56:02: Train Epoch: 100 [40000/45000 (89%)]	Loss: 0.384278
20:56:07: 
Evaluation: Average loss: 0.5718, Accuracy: 4074/5000 (81.480%)

20:56:07: Current learning rate: 0.010000000000000002. Time taken for epoch: 27.16 seconds.

20:56:09: 
Test evaluation: Average loss: 0.5136, Accuracy: 8357/10000 (83.570%)

20:56:09: 
Iteration end: 1/1

