18:41:56: Namespace(batch_size=100, bench=True, data='mnist', decay_frequency=25000, decay_schedule='cosine', dense=True, density=1.0, epochs=100, fp16=False, growth='momentum', iters=1, l1=0.0, l2=0.0005, log_interval=100, lr=0.1, max_threads=10, model='lenet300-100', momentum=0.9, no_cuda=False, optimizer='sgd', prune='magnitude', prune_rate=0.7, redistribution='momentum', resume=None, save_features=False, save_model='./models/model.pt', seed=17, start_epoch=1, test_batch_size=100, valid_split=0.1, verbose=True)
18:41:56: 


18:41:56: ================================================================================
18:41:56: 
Iteration start: 1/1

18:41:59: LeNet_300_100(
  (fc1): Linear(in_features=784, out_features=300, bias=True)
  (fc2): Linear(in_features=300, out_features=100, bias=True)
  (fc3): Linear(in_features=100, out_features=10, bias=True)
)
18:41:59: ============================================================
18:41:59: lenet300-100
18:41:59: ============================================================
18:41:59: ============================================================
18:41:59: Prune mode: magnitude
18:41:59: Growth mode: momentum
18:41:59: Redistribution mode: momentum
18:41:59: ============================================================
18:42:00: Train Epoch: 1 [0/54000 (0%)]	Loss: 2.304187
18:42:01: Train Epoch: 1 [10000/54000 (19%)]	Loss: 0.241723
18:42:03: Train Epoch: 1 [20000/54000 (37%)]	Loss: 0.259882
18:42:04: Train Epoch: 1 [30000/54000 (56%)]	Loss: 0.067624
18:42:06: Train Epoch: 1 [40000/54000 (74%)]	Loss: 0.243454
18:42:07: Train Epoch: 1 [50000/54000 (93%)]	Loss: 0.273786
18:42:09: 
Evaluation: Average loss: 0.1069, Accuracy: 5808/6000 (96.800%)

18:42:09: Current learning rate: 0.1. Time taken for epoch: 9.90 seconds.

18:42:09: Train Epoch: 2 [0/54000 (0%)]	Loss: 0.189603
18:42:11: Train Epoch: 2 [10000/54000 (19%)]	Loss: 0.099759
18:42:13: Train Epoch: 2 [20000/54000 (37%)]	Loss: 0.074737
18:42:14: Train Epoch: 2 [30000/54000 (56%)]	Loss: 0.077336
18:42:16: Train Epoch: 2 [40000/54000 (74%)]	Loss: 0.096332
18:42:17: Train Epoch: 2 [50000/54000 (93%)]	Loss: 0.107351
18:42:19: 
Evaluation: Average loss: 0.1021, Accuracy: 5823/6000 (97.050%)

18:42:19: Current learning rate: 0.1. Time taken for epoch: 9.56 seconds.

18:42:19: Train Epoch: 3 [0/54000 (0%)]	Loss: 0.124177
18:42:21: Train Epoch: 3 [10000/54000 (19%)]	Loss: 0.045223
18:42:22: Train Epoch: 3 [20000/54000 (37%)]	Loss: 0.041004
18:42:24: Train Epoch: 3 [30000/54000 (56%)]	Loss: 0.074078
18:42:25: Train Epoch: 3 [40000/54000 (74%)]	Loss: 0.149300
18:42:27: Train Epoch: 3 [50000/54000 (93%)]	Loss: 0.154199
18:42:28: 
Evaluation: Average loss: 0.0885, Accuracy: 5825/6000 (97.083%)

18:42:28: Current learning rate: 0.1. Time taken for epoch: 9.51 seconds.

18:42:29: Train Epoch: 4 [0/54000 (0%)]	Loss: 0.097234
18:42:30: Train Epoch: 4 [10000/54000 (19%)]	Loss: 0.007349
18:42:32: Train Epoch: 4 [20000/54000 (37%)]	Loss: 0.135007
18:42:33: Train Epoch: 4 [30000/54000 (56%)]	Loss: 0.091611
18:42:35: Train Epoch: 4 [40000/54000 (74%)]	Loss: 0.155061
18:42:36: Train Epoch: 4 [50000/54000 (93%)]	Loss: 0.026998
18:42:38: 
Evaluation: Average loss: 0.1011, Accuracy: 5829/6000 (97.150%)

18:42:38: Current learning rate: 0.1. Time taken for epoch: 9.53 seconds.

18:42:38: Train Epoch: 5 [0/54000 (0%)]	Loss: 0.053188
18:42:40: Train Epoch: 5 [10000/54000 (19%)]	Loss: 0.074089
18:42:41: Train Epoch: 5 [20000/54000 (37%)]	Loss: 0.107473
18:42:43: Train Epoch: 5 [30000/54000 (56%)]	Loss: 0.129821
18:42:44: Train Epoch: 5 [40000/54000 (74%)]	Loss: 0.051762
18:42:46: Train Epoch: 5 [50000/54000 (93%)]	Loss: 0.097599
18:42:47: 
Evaluation: Average loss: 0.0832, Accuracy: 5844/6000 (97.400%)

18:42:47: Current learning rate: 0.1. Time taken for epoch: 9.57 seconds.

18:42:48: Train Epoch: 6 [0/54000 (0%)]	Loss: 0.050185
18:42:49: Train Epoch: 6 [10000/54000 (19%)]	Loss: 0.091627
18:42:51: Train Epoch: 6 [20000/54000 (37%)]	Loss: 0.128049
18:42:52: Train Epoch: 6 [30000/54000 (56%)]	Loss: 0.075164
18:42:54: Train Epoch: 6 [40000/54000 (74%)]	Loss: 0.152628
18:42:55: Train Epoch: 6 [50000/54000 (93%)]	Loss: 0.135789
18:42:57: 
Evaluation: Average loss: 0.1028, Accuracy: 5813/6000 (96.883%)

18:42:57: Current learning rate: 0.1. Time taken for epoch: 9.52 seconds.

18:42:57: Train Epoch: 7 [0/54000 (0%)]	Loss: 0.079623
18:42:59: Train Epoch: 7 [10000/54000 (19%)]	Loss: 0.079289
18:43:00: Train Epoch: 7 [20000/54000 (37%)]	Loss: 0.057604
18:43:02: Train Epoch: 7 [30000/54000 (56%)]	Loss: 0.027503
18:43:03: Train Epoch: 7 [40000/54000 (74%)]	Loss: 0.045838
18:43:05: Train Epoch: 7 [50000/54000 (93%)]	Loss: 0.038347
18:43:07: 
Evaluation: Average loss: 0.1027, Accuracy: 5828/6000 (97.133%)

18:43:07: Current learning rate: 0.1. Time taken for epoch: 9.76 seconds.

18:43:07: Train Epoch: 8 [0/54000 (0%)]	Loss: 0.045441
18:43:09: Train Epoch: 8 [10000/54000 (19%)]	Loss: 0.059669
18:43:10: Train Epoch: 8 [20000/54000 (37%)]	Loss: 0.017329
18:43:12: Train Epoch: 8 [30000/54000 (56%)]	Loss: 0.151144
18:43:13: Train Epoch: 8 [40000/54000 (74%)]	Loss: 0.045872
18:43:15: Train Epoch: 8 [50000/54000 (93%)]	Loss: 0.082966
18:43:16: 
Evaluation: Average loss: 0.0909, Accuracy: 5842/6000 (97.367%)

18:43:16: Current learning rate: 0.1. Time taken for epoch: 9.77 seconds.

18:43:17: Train Epoch: 9 [0/54000 (0%)]	Loss: 0.070235
18:43:18: Train Epoch: 9 [10000/54000 (19%)]	Loss: 0.038817
18:43:20: Train Epoch: 9 [20000/54000 (37%)]	Loss: 0.024418
18:43:21: Train Epoch: 9 [30000/54000 (56%)]	Loss: 0.042897
18:43:23: Train Epoch: 9 [40000/54000 (74%)]	Loss: 0.011076
18:43:24: Train Epoch: 9 [50000/54000 (93%)]	Loss: 0.051329
18:43:26: 
Evaluation: Average loss: 0.0824, Accuracy: 5857/6000 (97.617%)

18:43:26: Current learning rate: 0.1. Time taken for epoch: 9.62 seconds.

18:43:26: Train Epoch: 10 [0/54000 (0%)]	Loss: 0.013818
18:43:28: Train Epoch: 10 [10000/54000 (19%)]	Loss: 0.107889
18:43:29: Train Epoch: 10 [20000/54000 (37%)]	Loss: 0.045913
18:43:31: Train Epoch: 10 [30000/54000 (56%)]	Loss: 0.059782
18:43:32: Train Epoch: 10 [40000/54000 (74%)]	Loss: 0.091264
18:43:34: Train Epoch: 10 [50000/54000 (93%)]	Loss: 0.059358
18:43:36: 
Evaluation: Average loss: 0.0804, Accuracy: 5857/6000 (97.617%)

18:43:36: Current learning rate: 0.1. Time taken for epoch: 9.54 seconds.

18:43:36: Train Epoch: 11 [0/54000 (0%)]	Loss: 0.029876
18:43:37: Train Epoch: 11 [10000/54000 (19%)]	Loss: 0.040233
18:43:39: Train Epoch: 11 [20000/54000 (37%)]	Loss: 0.108672
18:43:40: Train Epoch: 11 [30000/54000 (56%)]	Loss: 0.061304
18:43:42: Train Epoch: 11 [40000/54000 (74%)]	Loss: 0.058491
18:43:44: Train Epoch: 11 [50000/54000 (93%)]	Loss: 0.008699
18:43:45: 
Evaluation: Average loss: 0.0736, Accuracy: 5865/6000 (97.750%)

18:43:45: Current learning rate: 0.1. Time taken for epoch: 9.67 seconds.

18:43:46: Train Epoch: 12 [0/54000 (0%)]	Loss: 0.006659
18:43:47: Train Epoch: 12 [10000/54000 (19%)]	Loss: 0.037234
18:43:49: Train Epoch: 12 [20000/54000 (37%)]	Loss: 0.061388
18:43:50: Train Epoch: 12 [30000/54000 (56%)]	Loss: 0.016032
18:43:52: Train Epoch: 12 [40000/54000 (74%)]	Loss: 0.030097
18:43:53: Train Epoch: 12 [50000/54000 (93%)]	Loss: 0.144561
18:43:55: 
Evaluation: Average loss: 0.0938, Accuracy: 5836/6000 (97.267%)

18:43:55: Current learning rate: 0.1. Time taken for epoch: 9.58 seconds.

18:43:55: Train Epoch: 13 [0/54000 (0%)]	Loss: 0.051254
18:43:57: Train Epoch: 13 [10000/54000 (19%)]	Loss: 0.073170
18:43:58: Train Epoch: 13 [20000/54000 (37%)]	Loss: 0.132427
18:44:00: Train Epoch: 13 [30000/54000 (56%)]	Loss: 0.024415
18:44:01: Train Epoch: 13 [40000/54000 (74%)]	Loss: 0.010588
18:44:03: Train Epoch: 13 [50000/54000 (93%)]	Loss: 0.026850
18:44:04: 
Evaluation: Average loss: 0.0873, Accuracy: 5852/6000 (97.533%)

18:44:04: Current learning rate: 0.1. Time taken for epoch: 9.72 seconds.

18:44:05: Train Epoch: 14 [0/54000 (0%)]	Loss: 0.002514
18:44:06: Train Epoch: 14 [10000/54000 (19%)]	Loss: 0.138398
18:44:08: Train Epoch: 14 [20000/54000 (37%)]	Loss: 0.017246
18:44:10: Train Epoch: 14 [30000/54000 (56%)]	Loss: 0.010854
18:44:11: Train Epoch: 14 [40000/54000 (74%)]	Loss: 0.123561
18:44:13: Train Epoch: 14 [50000/54000 (93%)]	Loss: 0.044690
18:44:14: 
Evaluation: Average loss: 0.0984, Accuracy: 5843/6000 (97.383%)

18:44:14: Current learning rate: 0.1. Time taken for epoch: 9.76 seconds.

18:44:15: Train Epoch: 15 [0/54000 (0%)]	Loss: 0.040379
18:44:16: Train Epoch: 15 [10000/54000 (19%)]	Loss: 0.006532
18:44:18: Train Epoch: 15 [20000/54000 (37%)]	Loss: 0.103022
18:44:19: Train Epoch: 15 [30000/54000 (56%)]	Loss: 0.086826
18:44:21: Train Epoch: 15 [40000/54000 (74%)]	Loss: 0.007734
18:44:22: Train Epoch: 15 [50000/54000 (93%)]	Loss: 0.082705
18:44:24: 
Evaluation: Average loss: 0.0941, Accuracy: 5837/6000 (97.283%)

18:44:24: Current learning rate: 0.1. Time taken for epoch: 9.59 seconds.

18:44:24: Train Epoch: 16 [0/54000 (0%)]	Loss: 0.026287
18:44:26: Train Epoch: 16 [10000/54000 (19%)]	Loss: 0.025751
18:44:27: Train Epoch: 16 [20000/54000 (37%)]	Loss: 0.013274
18:44:29: Train Epoch: 16 [30000/54000 (56%)]	Loss: 0.041196
18:44:30: Train Epoch: 16 [40000/54000 (74%)]	Loss: 0.092920
18:44:32: Train Epoch: 16 [50000/54000 (93%)]	Loss: 0.039277
18:44:33: 
Evaluation: Average loss: 0.0915, Accuracy: 5853/6000 (97.550%)

18:44:33: Current learning rate: 0.1. Time taken for epoch: 9.52 seconds.

18:44:34: Train Epoch: 17 [0/54000 (0%)]	Loss: 0.070914
18:44:35: Train Epoch: 17 [10000/54000 (19%)]	Loss: 0.145497
18:44:37: Train Epoch: 17 [20000/54000 (37%)]	Loss: 0.028534
18:44:38: Train Epoch: 17 [30000/54000 (56%)]	Loss: 0.031411
18:44:40: Train Epoch: 17 [40000/54000 (74%)]	Loss: 0.070584
18:44:41: Train Epoch: 17 [50000/54000 (93%)]	Loss: 0.022139
18:44:43: 
Evaluation: Average loss: 0.0883, Accuracy: 5845/6000 (97.417%)

18:44:43: Current learning rate: 0.1. Time taken for epoch: 9.61 seconds.

18:44:43: Train Epoch: 18 [0/54000 (0%)]	Loss: 0.066562
18:44:45: Train Epoch: 18 [10000/54000 (19%)]	Loss: 0.062862
18:44:46: Train Epoch: 18 [20000/54000 (37%)]	Loss: 0.037425
18:44:48: Train Epoch: 18 [30000/54000 (56%)]	Loss: 0.009053
18:44:49: Train Epoch: 18 [40000/54000 (74%)]	Loss: 0.025321
18:44:51: Train Epoch: 18 [50000/54000 (93%)]	Loss: 0.064863
18:44:53: 
Evaluation: Average loss: 0.0852, Accuracy: 5854/6000 (97.567%)

18:44:53: Current learning rate: 0.1. Time taken for epoch: 9.56 seconds.

18:44:53: Train Epoch: 19 [0/54000 (0%)]	Loss: 0.114807
18:44:54: Train Epoch: 19 [10000/54000 (19%)]	Loss: 0.024432
18:44:56: Train Epoch: 19 [20000/54000 (37%)]	Loss: 0.098044
18:44:58: Train Epoch: 19 [30000/54000 (56%)]	Loss: 0.036768
18:44:59: Train Epoch: 19 [40000/54000 (74%)]	Loss: 0.159351
18:45:00: Train Epoch: 19 [50000/54000 (93%)]	Loss: 0.041964
18:45:02: 
Evaluation: Average loss: 0.0776, Accuracy: 5870/6000 (97.833%)

18:45:02: Current learning rate: 0.1. Time taken for epoch: 9.66 seconds.

18:45:03: Train Epoch: 20 [0/54000 (0%)]	Loss: 0.004887
18:45:04: Train Epoch: 20 [10000/54000 (19%)]	Loss: 0.012973
18:45:06: Train Epoch: 20 [20000/54000 (37%)]	Loss: 0.087332
18:45:07: Train Epoch: 20 [30000/54000 (56%)]	Loss: 0.123934
18:45:09: Train Epoch: 20 [40000/54000 (74%)]	Loss: 0.158710
18:45:10: Train Epoch: 20 [50000/54000 (93%)]	Loss: 0.122235
18:45:12: 
Evaluation: Average loss: 0.0786, Accuracy: 5868/6000 (97.800%)

18:45:12: Current learning rate: 0.1. Time taken for epoch: 9.74 seconds.

18:45:12: Train Epoch: 21 [0/54000 (0%)]	Loss: 0.041259
18:45:14: Train Epoch: 21 [10000/54000 (19%)]	Loss: 0.069951
18:45:15: Train Epoch: 21 [20000/54000 (37%)]	Loss: 0.045874
18:45:17: Train Epoch: 21 [30000/54000 (56%)]	Loss: 0.045934
18:45:18: Train Epoch: 21 [40000/54000 (74%)]	Loss: 0.072227
18:45:20: Train Epoch: 21 [50000/54000 (93%)]	Loss: 0.066706
18:45:21: 
Evaluation: Average loss: 0.0896, Accuracy: 5843/6000 (97.383%)

18:45:21: Current learning rate: 0.1. Time taken for epoch: 9.53 seconds.

18:45:22: Train Epoch: 22 [0/54000 (0%)]	Loss: 0.055622
18:45:23: Train Epoch: 22 [10000/54000 (19%)]	Loss: 0.024786
18:45:25: Train Epoch: 22 [20000/54000 (37%)]	Loss: 0.004261
18:45:26: Train Epoch: 22 [30000/54000 (56%)]	Loss: 0.027633
18:45:28: Train Epoch: 22 [40000/54000 (74%)]	Loss: 0.031789
18:45:29: Train Epoch: 22 [50000/54000 (93%)]	Loss: 0.063951
18:45:31: 
Evaluation: Average loss: 0.0833, Accuracy: 5852/6000 (97.533%)

18:45:31: Current learning rate: 0.1. Time taken for epoch: 9.54 seconds.

18:45:31: Train Epoch: 23 [0/54000 (0%)]	Loss: 0.031847
18:45:33: Train Epoch: 23 [10000/54000 (19%)]	Loss: 0.022147
18:45:34: Train Epoch: 23 [20000/54000 (37%)]	Loss: 0.044269
18:45:36: Train Epoch: 23 [30000/54000 (56%)]	Loss: 0.228417
18:45:37: Train Epoch: 23 [40000/54000 (74%)]	Loss: 0.074655
18:45:39: Train Epoch: 23 [50000/54000 (93%)]	Loss: 0.022439
18:45:41: 
Evaluation: Average loss: 0.0734, Accuracy: 5870/6000 (97.833%)

18:45:41: Current learning rate: 0.1. Time taken for epoch: 9.56 seconds.

18:45:41: Train Epoch: 24 [0/54000 (0%)]	Loss: 0.030245
18:45:42: Train Epoch: 24 [10000/54000 (19%)]	Loss: 0.009623
18:45:44: Train Epoch: 24 [20000/54000 (37%)]	Loss: 0.027814
18:45:46: Train Epoch: 24 [30000/54000 (56%)]	Loss: 0.049386
18:45:47: Train Epoch: 24 [40000/54000 (74%)]	Loss: 0.098832
18:45:49: Train Epoch: 24 [50000/54000 (93%)]	Loss: 0.027390
18:45:50: 
Evaluation: Average loss: 0.0784, Accuracy: 5852/6000 (97.533%)

18:45:50: Current learning rate: 0.1. Time taken for epoch: 9.65 seconds.

18:45:51: Train Epoch: 25 [0/54000 (0%)]	Loss: 0.007261
18:45:52: Train Epoch: 25 [10000/54000 (19%)]	Loss: 0.020451
18:45:54: Train Epoch: 25 [20000/54000 (37%)]	Loss: 0.029249
18:45:55: Train Epoch: 25 [30000/54000 (56%)]	Loss: 0.056737
18:45:57: Train Epoch: 25 [40000/54000 (74%)]	Loss: 0.047298
18:45:58: Train Epoch: 25 [50000/54000 (93%)]	Loss: 0.018757
18:46:00: 
Evaluation: Average loss: 0.0905, Accuracy: 5852/6000 (97.533%)

18:46:00: Current learning rate: 0.1. Time taken for epoch: 9.62 seconds.

18:46:00: Train Epoch: 26 [0/54000 (0%)]	Loss: 0.047511
18:46:02: Train Epoch: 26 [10000/54000 (19%)]	Loss: 0.041496
18:46:03: Train Epoch: 26 [20000/54000 (37%)]	Loss: 0.025346
18:46:05: Train Epoch: 26 [30000/54000 (56%)]	Loss: 0.032777
18:46:06: Train Epoch: 26 [40000/54000 (74%)]	Loss: 0.113519
18:46:08: Train Epoch: 26 [50000/54000 (93%)]	Loss: 0.111939
18:46:10: 
Evaluation: Average loss: 0.0812, Accuracy: 5869/6000 (97.817%)

18:46:10: Current learning rate: 0.1. Time taken for epoch: 9.81 seconds.

18:46:10: Train Epoch: 27 [0/54000 (0%)]	Loss: 0.195469
18:46:12: Train Epoch: 27 [10000/54000 (19%)]	Loss: 0.012747
18:46:13: Train Epoch: 27 [20000/54000 (37%)]	Loss: 0.021305
18:46:15: Train Epoch: 27 [30000/54000 (56%)]	Loss: 0.144023
18:46:16: Train Epoch: 27 [40000/54000 (74%)]	Loss: 0.042114
18:46:17: Train Epoch: 27 [50000/54000 (93%)]	Loss: 0.023060
18:46:19: 
Evaluation: Average loss: 0.0806, Accuracy: 5852/6000 (97.533%)

18:46:19: Current learning rate: 0.1. Time taken for epoch: 9.56 seconds.

18:46:20: Train Epoch: 28 [0/54000 (0%)]	Loss: 0.042317
18:46:21: Train Epoch: 28 [10000/54000 (19%)]	Loss: 0.035782
18:46:23: Train Epoch: 28 [20000/54000 (37%)]	Loss: 0.053953
18:46:24: Train Epoch: 28 [30000/54000 (56%)]	Loss: 0.018707
18:46:26: Train Epoch: 28 [40000/54000 (74%)]	Loss: 0.143684
18:46:27: Train Epoch: 28 [50000/54000 (93%)]	Loss: 0.078449
18:46:29: 
Evaluation: Average loss: 0.0819, Accuracy: 5863/6000 (97.717%)

18:46:29: Current learning rate: 0.1. Time taken for epoch: 9.49 seconds.

18:46:29: Train Epoch: 29 [0/54000 (0%)]	Loss: 0.049775
18:46:31: Train Epoch: 29 [10000/54000 (19%)]	Loss: 0.039048
18:46:32: Train Epoch: 29 [20000/54000 (37%)]	Loss: 0.078086
18:46:34: Train Epoch: 29 [30000/54000 (56%)]	Loss: 0.078287
18:46:35: Train Epoch: 29 [40000/54000 (74%)]	Loss: 0.037617
18:46:36: Train Epoch: 29 [50000/54000 (93%)]	Loss: 0.096318
18:46:38: 
Evaluation: Average loss: 0.0873, Accuracy: 5842/6000 (97.367%)

18:46:38: Current learning rate: 0.1. Time taken for epoch: 9.40 seconds.

18:46:38: Train Epoch: 30 [0/54000 (0%)]	Loss: 0.035856
18:46:40: Train Epoch: 30 [10000/54000 (19%)]	Loss: 0.047499
18:46:41: Train Epoch: 30 [20000/54000 (37%)]	Loss: 0.070299
18:46:43: Train Epoch: 30 [30000/54000 (56%)]	Loss: 0.116575
18:46:44: Train Epoch: 30 [40000/54000 (74%)]	Loss: 0.093686
18:46:46: Train Epoch: 30 [50000/54000 (93%)]	Loss: 0.048552
18:46:48: 
Evaluation: Average loss: 0.0879, Accuracy: 5847/6000 (97.450%)

18:46:48: Current learning rate: 0.1. Time taken for epoch: 9.49 seconds.

18:46:48: Train Epoch: 31 [0/54000 (0%)]	Loss: 0.084452
18:46:49: Train Epoch: 31 [10000/54000 (19%)]	Loss: 0.012766
18:46:51: Train Epoch: 31 [20000/54000 (37%)]	Loss: 0.076541
18:46:52: Train Epoch: 31 [30000/54000 (56%)]	Loss: 0.035523
18:46:54: Train Epoch: 31 [40000/54000 (74%)]	Loss: 0.057004
18:46:55: Train Epoch: 31 [50000/54000 (93%)]	Loss: 0.054350
18:46:57: 
Evaluation: Average loss: 0.0737, Accuracy: 5880/6000 (98.000%)

18:46:57: Current learning rate: 0.1. Time taken for epoch: 9.55 seconds.

18:46:58: Train Epoch: 32 [0/54000 (0%)]	Loss: 0.029125
18:46:59: Train Epoch: 32 [10000/54000 (19%)]	Loss: 0.100427
18:47:01: Train Epoch: 32 [20000/54000 (37%)]	Loss: 0.045077
18:47:02: Train Epoch: 32 [30000/54000 (56%)]	Loss: 0.076574
18:47:04: Train Epoch: 32 [40000/54000 (74%)]	Loss: 0.025369
18:47:05: Train Epoch: 32 [50000/54000 (93%)]	Loss: 0.082454
18:47:07: 
Evaluation: Average loss: 0.0760, Accuracy: 5867/6000 (97.783%)

18:47:07: Current learning rate: 0.1. Time taken for epoch: 9.69 seconds.

18:47:07: Train Epoch: 33 [0/54000 (0%)]	Loss: 0.020472
18:47:09: Train Epoch: 33 [10000/54000 (19%)]	Loss: 0.019201
18:47:10: Train Epoch: 33 [20000/54000 (37%)]	Loss: 0.033292
18:47:12: Train Epoch: 33 [30000/54000 (56%)]	Loss: 0.042672
18:47:13: Train Epoch: 33 [40000/54000 (74%)]	Loss: 0.020071
18:47:15: Train Epoch: 33 [50000/54000 (93%)]	Loss: 0.046947
18:47:16: 
Evaluation: Average loss: 0.0716, Accuracy: 5888/6000 (98.133%)

18:47:16: Current learning rate: 0.1. Time taken for epoch: 9.60 seconds.

18:47:17: Train Epoch: 34 [0/54000 (0%)]	Loss: 0.021837
18:47:18: Train Epoch: 34 [10000/54000 (19%)]	Loss: 0.042756
18:47:20: Train Epoch: 34 [20000/54000 (37%)]	Loss: 0.024290
18:47:21: Train Epoch: 34 [30000/54000 (56%)]	Loss: 0.004471
18:47:23: Train Epoch: 34 [40000/54000 (74%)]	Loss: 0.018452
18:47:24: Train Epoch: 34 [50000/54000 (93%)]	Loss: 0.079828
18:47:26: 
Evaluation: Average loss: 0.0771, Accuracy: 5867/6000 (97.783%)

18:47:26: Current learning rate: 0.1. Time taken for epoch: 9.44 seconds.

18:47:26: Train Epoch: 35 [0/54000 (0%)]	Loss: 0.021211
18:47:28: Train Epoch: 35 [10000/54000 (19%)]	Loss: 0.004807
18:47:29: Train Epoch: 35 [20000/54000 (37%)]	Loss: 0.042333
18:47:31: Train Epoch: 35 [30000/54000 (56%)]	Loss: 0.032437
18:47:32: Train Epoch: 35 [40000/54000 (74%)]	Loss: 0.049005
18:47:34: Train Epoch: 35 [50000/54000 (93%)]	Loss: 0.159583
18:47:35: 
Evaluation: Average loss: 0.0778, Accuracy: 5873/6000 (97.883%)

18:47:35: Current learning rate: 0.1. Time taken for epoch: 9.33 seconds.

18:47:36: Train Epoch: 36 [0/54000 (0%)]	Loss: 0.033644
18:47:37: Train Epoch: 36 [10000/54000 (19%)]	Loss: 0.014135
18:47:39: Train Epoch: 36 [20000/54000 (37%)]	Loss: 0.064550
18:47:40: Train Epoch: 36 [30000/54000 (56%)]	Loss: 0.031201
18:47:41: Train Epoch: 36 [40000/54000 (74%)]	Loss: 0.084145
18:47:43: Train Epoch: 36 [50000/54000 (93%)]	Loss: 0.072830
18:47:44: 
Evaluation: Average loss: 0.0774, Accuracy: 5879/6000 (97.983%)

18:47:44: Current learning rate: 0.1. Time taken for epoch: 9.31 seconds.

18:47:45: Train Epoch: 37 [0/54000 (0%)]	Loss: 0.044180
18:47:46: Train Epoch: 37 [10000/54000 (19%)]	Loss: 0.035336
18:47:48: Train Epoch: 37 [20000/54000 (37%)]	Loss: 0.020410
18:47:49: Train Epoch: 37 [30000/54000 (56%)]	Loss: 0.108369
18:47:51: Train Epoch: 37 [40000/54000 (74%)]	Loss: 0.059503
18:47:52: Train Epoch: 37 [50000/54000 (93%)]	Loss: 0.024118
18:47:54: 
Evaluation: Average loss: 0.0755, Accuracy: 5877/6000 (97.950%)

18:47:54: Current learning rate: 0.1. Time taken for epoch: 9.31 seconds.

18:47:54: Train Epoch: 38 [0/54000 (0%)]	Loss: 0.012859
18:47:56: Train Epoch: 38 [10000/54000 (19%)]	Loss: 0.019505
18:47:57: Train Epoch: 38 [20000/54000 (37%)]	Loss: 0.045549
18:47:59: Train Epoch: 38 [30000/54000 (56%)]	Loss: 0.086583
18:48:00: Train Epoch: 38 [40000/54000 (74%)]	Loss: 0.014268
18:48:02: Train Epoch: 38 [50000/54000 (93%)]	Loss: 0.084116
18:48:03: 
Evaluation: Average loss: 0.0815, Accuracy: 5850/6000 (97.500%)

18:48:03: Current learning rate: 0.1. Time taken for epoch: 9.53 seconds.

18:48:04: Train Epoch: 39 [0/54000 (0%)]	Loss: 0.024075
18:48:05: Train Epoch: 39 [10000/54000 (19%)]	Loss: 0.017040
18:48:07: Train Epoch: 39 [20000/54000 (37%)]	Loss: 0.091329
18:48:08: Train Epoch: 39 [30000/54000 (56%)]	Loss: 0.021146
18:48:10: Train Epoch: 39 [40000/54000 (74%)]	Loss: 0.025977
18:48:11: Train Epoch: 39 [50000/54000 (93%)]	Loss: 0.080276
18:48:13: 
Evaluation: Average loss: 0.0790, Accuracy: 5863/6000 (97.717%)

18:48:13: Current learning rate: 0.1. Time taken for epoch: 9.42 seconds.

18:48:13: Train Epoch: 40 [0/54000 (0%)]	Loss: 0.059049
18:48:15: Train Epoch: 40 [10000/54000 (19%)]	Loss: 0.092793
18:48:16: Train Epoch: 40 [20000/54000 (37%)]	Loss: 0.097689
18:48:18: Train Epoch: 40 [30000/54000 (56%)]	Loss: 0.021344
18:48:19: Train Epoch: 40 [40000/54000 (74%)]	Loss: 0.108261
18:48:21: Train Epoch: 40 [50000/54000 (93%)]	Loss: 0.010467
18:48:22: 
Evaluation: Average loss: 0.0984, Accuracy: 5830/6000 (97.167%)

18:48:22: Current learning rate: 0.1. Time taken for epoch: 9.42 seconds.

18:48:23: Train Epoch: 41 [0/54000 (0%)]	Loss: 0.052052
18:48:24: Train Epoch: 41 [10000/54000 (19%)]	Loss: 0.047633
18:48:26: Train Epoch: 41 [20000/54000 (37%)]	Loss: 0.023538
18:48:27: Train Epoch: 41 [30000/54000 (56%)]	Loss: 0.024471
18:48:28: Train Epoch: 41 [40000/54000 (74%)]	Loss: 0.037936
18:48:30: Train Epoch: 41 [50000/54000 (93%)]	Loss: 0.046815
18:48:31: 
Evaluation: Average loss: 0.0807, Accuracy: 5867/6000 (97.783%)

18:48:31: Current learning rate: 0.1. Time taken for epoch: 9.27 seconds.

18:48:32: Train Epoch: 42 [0/54000 (0%)]	Loss: 0.049776
18:48:33: Train Epoch: 42 [10000/54000 (19%)]	Loss: 0.033855
18:48:35: Train Epoch: 42 [20000/54000 (37%)]	Loss: 0.021616
18:48:36: Train Epoch: 42 [30000/54000 (56%)]	Loss: 0.035213
18:48:38: Train Epoch: 42 [40000/54000 (74%)]	Loss: 0.011839
18:48:39: Train Epoch: 42 [50000/54000 (93%)]	Loss: 0.043052
18:48:41: 
Evaluation: Average loss: 0.0852, Accuracy: 5860/6000 (97.667%)

18:48:41: Current learning rate: 0.1. Time taken for epoch: 9.21 seconds.

18:48:41: Train Epoch: 43 [0/54000 (0%)]	Loss: 0.034474
18:48:42: Train Epoch: 43 [10000/54000 (19%)]	Loss: 0.103415
18:48:44: Train Epoch: 43 [20000/54000 (37%)]	Loss: 0.018718
18:48:45: Train Epoch: 43 [30000/54000 (56%)]	Loss: 0.029165
18:48:47: Train Epoch: 43 [40000/54000 (74%)]	Loss: 0.064337
18:48:48: Train Epoch: 43 [50000/54000 (93%)]	Loss: 0.088828
18:48:50: 
Evaluation: Average loss: 0.0960, Accuracy: 5829/6000 (97.150%)

18:48:50: Current learning rate: 0.1. Time taken for epoch: 9.24 seconds.

18:48:50: Train Epoch: 44 [0/54000 (0%)]	Loss: 0.030434
18:48:52: Train Epoch: 44 [10000/54000 (19%)]	Loss: 0.129808
18:48:53: Train Epoch: 44 [20000/54000 (37%)]	Loss: 0.010718
18:48:55: Train Epoch: 44 [30000/54000 (56%)]	Loss: 0.018519
18:48:56: Train Epoch: 44 [40000/54000 (74%)]	Loss: 0.063332
18:48:58: Train Epoch: 44 [50000/54000 (93%)]	Loss: 0.032065
18:48:59: 
Evaluation: Average loss: 0.0771, Accuracy: 5865/6000 (97.750%)

18:48:59: Current learning rate: 0.1. Time taken for epoch: 9.22 seconds.

18:48:59: Train Epoch: 45 [0/54000 (0%)]	Loss: 0.017738
18:49:01: Train Epoch: 45 [10000/54000 (19%)]	Loss: 0.013235
18:49:03: Train Epoch: 45 [20000/54000 (37%)]	Loss: 0.024169
18:49:04: Train Epoch: 45 [30000/54000 (56%)]	Loss: 0.045114
18:49:06: Train Epoch: 45 [40000/54000 (74%)]	Loss: 0.028396
18:49:07: Train Epoch: 45 [50000/54000 (93%)]	Loss: 0.060432
18:49:09: 
Evaluation: Average loss: 0.0721, Accuracy: 5876/6000 (97.933%)

18:49:09: Current learning rate: 0.1. Time taken for epoch: 9.46 seconds.

18:49:09: Train Epoch: 46 [0/54000 (0%)]	Loss: 0.060925
18:49:10: Train Epoch: 46 [10000/54000 (19%)]	Loss: 0.031529
18:49:12: Train Epoch: 46 [20000/54000 (37%)]	Loss: 0.007253
18:49:13: Train Epoch: 46 [30000/54000 (56%)]	Loss: 0.029072
18:49:15: Train Epoch: 46 [40000/54000 (74%)]	Loss: 0.073181
18:49:16: Train Epoch: 46 [50000/54000 (93%)]	Loss: 0.032730
18:49:18: 
Evaluation: Average loss: 0.0770, Accuracy: 5860/6000 (97.667%)

18:49:18: Current learning rate: 0.1. Time taken for epoch: 9.20 seconds.

18:49:18: Train Epoch: 47 [0/54000 (0%)]	Loss: 0.090755
18:49:20: Train Epoch: 47 [10000/54000 (19%)]	Loss: 0.017629
18:49:21: Train Epoch: 47 [20000/54000 (37%)]	Loss: 0.068756
18:49:23: Train Epoch: 47 [30000/54000 (56%)]	Loss: 0.011783
18:49:24: Train Epoch: 47 [40000/54000 (74%)]	Loss: 0.009358
18:49:25: Train Epoch: 47 [50000/54000 (93%)]	Loss: 0.005895
18:49:27: 
Evaluation: Average loss: 0.0482, Accuracy: 5924/6000 (98.733%)

18:49:27: Current learning rate: 0.010000000000000002. Time taken for epoch: 9.07 seconds.

18:49:27: Train Epoch: 48 [0/54000 (0%)]	Loss: 0.004535
18:49:29: Train Epoch: 48 [10000/54000 (19%)]	Loss: 0.010733
18:49:30: Train Epoch: 48 [20000/54000 (37%)]	Loss: 0.012578
18:49:31: Train Epoch: 48 [30000/54000 (56%)]	Loss: 0.015303
18:49:33: Train Epoch: 48 [40000/54000 (74%)]	Loss: 0.033127
18:49:34: Train Epoch: 48 [50000/54000 (93%)]	Loss: 0.009118
18:49:36: 
Evaluation: Average loss: 0.0468, Accuracy: 5922/6000 (98.700%)

18:49:36: Current learning rate: 0.010000000000000002. Time taken for epoch: 9.05 seconds.

18:49:36: Train Epoch: 49 [0/54000 (0%)]	Loss: 0.002952
18:49:38: Train Epoch: 49 [10000/54000 (19%)]	Loss: 0.003976
18:49:39: Train Epoch: 49 [20000/54000 (37%)]	Loss: 0.015805
18:49:41: Train Epoch: 49 [30000/54000 (56%)]	Loss: 0.002884
18:49:42: Train Epoch: 49 [40000/54000 (74%)]	Loss: 0.004184
18:49:43: Train Epoch: 49 [50000/54000 (93%)]	Loss: 0.004870
18:49:45: 
Evaluation: Average loss: 0.0458, Accuracy: 5927/6000 (98.783%)

18:49:45: Current learning rate: 0.010000000000000002. Time taken for epoch: 9.13 seconds.

18:49:45: Train Epoch: 50 [0/54000 (0%)]	Loss: 0.001705
18:49:47: Train Epoch: 50 [10000/54000 (19%)]	Loss: 0.005519
18:49:48: Train Epoch: 50 [20000/54000 (37%)]	Loss: 0.001492
18:49:50: Train Epoch: 50 [30000/54000 (56%)]	Loss: 0.017490
18:49:51: Train Epoch: 50 [40000/54000 (74%)]	Loss: 0.001654
18:49:53: Train Epoch: 50 [50000/54000 (93%)]	Loss: 0.003841
18:49:54: 
Evaluation: Average loss: 0.0451, Accuracy: 5928/6000 (98.800%)

18:49:54: Current learning rate: 0.010000000000000002. Time taken for epoch: 9.08 seconds.

18:49:54: Train Epoch: 51 [0/54000 (0%)]	Loss: 0.003369
18:49:56: Train Epoch: 51 [10000/54000 (19%)]	Loss: 0.002766
18:49:57: Train Epoch: 51 [20000/54000 (37%)]	Loss: 0.001916
18:49:59: Train Epoch: 51 [30000/54000 (56%)]	Loss: 0.008666
18:50:00: Train Epoch: 51 [40000/54000 (74%)]	Loss: 0.004126
18:50:02: Train Epoch: 51 [50000/54000 (93%)]	Loss: 0.005028
18:50:03: 
Evaluation: Average loss: 0.0441, Accuracy: 5931/6000 (98.850%)

18:50:03: Current learning rate: 0.010000000000000002. Time taken for epoch: 9.39 seconds.

18:50:04: Train Epoch: 52 [0/54000 (0%)]	Loss: 0.003321
18:50:05: Train Epoch: 52 [10000/54000 (19%)]	Loss: 0.011474
18:50:07: Train Epoch: 52 [20000/54000 (37%)]	Loss: 0.005564
18:50:08: Train Epoch: 52 [30000/54000 (56%)]	Loss: 0.002944
18:50:10: Train Epoch: 52 [40000/54000 (74%)]	Loss: 0.008693
18:50:11: Train Epoch: 52 [50000/54000 (93%)]	Loss: 0.001444
18:50:13: 
Evaluation: Average loss: 0.0443, Accuracy: 5933/6000 (98.883%)

18:50:13: Current learning rate: 0.010000000000000002. Time taken for epoch: 9.27 seconds.

18:50:13: Train Epoch: 53 [0/54000 (0%)]	Loss: 0.004519
18:50:15: Train Epoch: 53 [10000/54000 (19%)]	Loss: 0.001031
18:50:16: Train Epoch: 53 [20000/54000 (37%)]	Loss: 0.002835
18:50:17: Train Epoch: 53 [30000/54000 (56%)]	Loss: 0.005630
18:50:19: Train Epoch: 53 [40000/54000 (74%)]	Loss: 0.003268
18:50:20: Train Epoch: 53 [50000/54000 (93%)]	Loss: 0.002828
18:50:22: 
Evaluation: Average loss: 0.0448, Accuracy: 5925/6000 (98.750%)

18:50:22: Current learning rate: 0.010000000000000002. Time taken for epoch: 9.12 seconds.

18:50:22: Train Epoch: 54 [0/54000 (0%)]	Loss: 0.006139
18:50:24: Train Epoch: 54 [10000/54000 (19%)]	Loss: 0.005785
18:50:25: Train Epoch: 54 [20000/54000 (37%)]	Loss: 0.004410
18:50:27: Train Epoch: 54 [30000/54000 (56%)]	Loss: 0.002286
18:50:28: Train Epoch: 54 [40000/54000 (74%)]	Loss: 0.005085
18:50:29: Train Epoch: 54 [50000/54000 (93%)]	Loss: 0.008999
18:50:31: 
Evaluation: Average loss: 0.0439, Accuracy: 5932/6000 (98.867%)

18:50:31: Current learning rate: 0.010000000000000002. Time taken for epoch: 9.02 seconds.

18:50:31: Train Epoch: 55 [0/54000 (0%)]	Loss: 0.003978
18:50:33: Train Epoch: 55 [10000/54000 (19%)]	Loss: 0.002847
18:50:34: Train Epoch: 55 [20000/54000 (37%)]	Loss: 0.015500
18:50:36: Train Epoch: 55 [30000/54000 (56%)]	Loss: 0.002460
18:50:37: Train Epoch: 55 [40000/54000 (74%)]	Loss: 0.007533
18:50:38: Train Epoch: 55 [50000/54000 (93%)]	Loss: 0.003012
18:50:40: 
Evaluation: Average loss: 0.0435, Accuracy: 5932/6000 (98.867%)

18:50:40: Current learning rate: 0.010000000000000002. Time taken for epoch: 9.10 seconds.

18:50:40: Train Epoch: 56 [0/54000 (0%)]	Loss: 0.003023
18:50:42: Train Epoch: 56 [10000/54000 (19%)]	Loss: 0.003919
18:50:43: Train Epoch: 56 [20000/54000 (37%)]	Loss: 0.002860
18:50:45: Train Epoch: 56 [30000/54000 (56%)]	Loss: 0.009822
18:50:46: Train Epoch: 56 [40000/54000 (74%)]	Loss: 0.003868
18:50:48: Train Epoch: 56 [50000/54000 (93%)]	Loss: 0.006145
18:50:49: 
Evaluation: Average loss: 0.0435, Accuracy: 5932/6000 (98.867%)

18:50:49: Current learning rate: 0.010000000000000002. Time taken for epoch: 9.08 seconds.

18:50:49: Train Epoch: 57 [0/54000 (0%)]	Loss: 0.004370
18:50:51: Train Epoch: 57 [10000/54000 (19%)]	Loss: 0.004336
18:50:52: Train Epoch: 57 [20000/54000 (37%)]	Loss: 0.001828
18:50:54: Train Epoch: 57 [30000/54000 (56%)]	Loss: 0.005989
18:50:55: Train Epoch: 57 [40000/54000 (74%)]	Loss: 0.008869
18:50:57: Train Epoch: 57 [50000/54000 (93%)]	Loss: 0.017176
18:50:58: 
Evaluation: Average loss: 0.0432, Accuracy: 5932/6000 (98.867%)

18:50:58: Current learning rate: 0.010000000000000002. Time taken for epoch: 9.12 seconds.

18:50:59: Train Epoch: 58 [0/54000 (0%)]	Loss: 0.004993
18:51:00: Train Epoch: 58 [10000/54000 (19%)]	Loss: 0.006575
18:51:02: Train Epoch: 58 [20000/54000 (37%)]	Loss: 0.004435
18:51:03: Train Epoch: 58 [30000/54000 (56%)]	Loss: 0.002601
18:51:05: Train Epoch: 58 [40000/54000 (74%)]	Loss: 0.003825
18:51:06: Train Epoch: 58 [50000/54000 (93%)]	Loss: 0.003073
18:51:08: 
Evaluation: Average loss: 0.0428, Accuracy: 5929/6000 (98.817%)

18:51:08: Current learning rate: 0.010000000000000002. Time taken for epoch: 9.44 seconds.

18:51:08: Train Epoch: 59 [0/54000 (0%)]	Loss: 0.002442
18:51:10: Train Epoch: 59 [10000/54000 (19%)]	Loss: 0.002584
18:51:11: Train Epoch: 59 [20000/54000 (37%)]	Loss: 0.009510
18:51:12: Train Epoch: 59 [30000/54000 (56%)]	Loss: 0.005060
18:51:14: Train Epoch: 59 [40000/54000 (74%)]	Loss: 0.010634
18:51:15: Train Epoch: 59 [50000/54000 (93%)]	Loss: 0.005697
18:51:17: 
Evaluation: Average loss: 0.0428, Accuracy: 5933/6000 (98.883%)

18:51:17: Current learning rate: 0.010000000000000002. Time taken for epoch: 9.26 seconds.

18:51:17: Train Epoch: 60 [0/54000 (0%)]	Loss: 0.001946
18:51:19: Train Epoch: 60 [10000/54000 (19%)]	Loss: 0.003653
18:51:20: Train Epoch: 60 [20000/54000 (37%)]	Loss: 0.001446
18:51:22: Train Epoch: 60 [30000/54000 (56%)]	Loss: 0.003496
18:51:23: Train Epoch: 60 [40000/54000 (74%)]	Loss: 0.002135
18:51:24: Train Epoch: 60 [50000/54000 (93%)]	Loss: 0.000847
18:51:26: 
Evaluation: Average loss: 0.0429, Accuracy: 5928/6000 (98.800%)

18:51:26: Current learning rate: 0.010000000000000002. Time taken for epoch: 9.01 seconds.

18:51:26: Train Epoch: 61 [0/54000 (0%)]	Loss: 0.002802
18:51:28: Train Epoch: 61 [10000/54000 (19%)]	Loss: 0.003857
18:51:29: Train Epoch: 61 [20000/54000 (37%)]	Loss: 0.002694
18:51:30: Train Epoch: 61 [30000/54000 (56%)]	Loss: 0.006315
18:51:32: Train Epoch: 61 [40000/54000 (74%)]	Loss: 0.004229
18:51:33: Train Epoch: 61 [50000/54000 (93%)]	Loss: 0.002331
18:51:35: 
Evaluation: Average loss: 0.0425, Accuracy: 5930/6000 (98.833%)

18:51:35: Current learning rate: 0.010000000000000002. Time taken for epoch: 8.89 seconds.

18:51:35: Train Epoch: 62 [0/54000 (0%)]	Loss: 0.002562
18:51:37: Train Epoch: 62 [10000/54000 (19%)]	Loss: 0.004482
18:51:38: Train Epoch: 62 [20000/54000 (37%)]	Loss: 0.008757
18:51:39: Train Epoch: 62 [30000/54000 (56%)]	Loss: 0.002980
18:51:41: Train Epoch: 62 [40000/54000 (74%)]	Loss: 0.002552
18:51:42: Train Epoch: 62 [50000/54000 (93%)]	Loss: 0.008563
18:51:44: 
Evaluation: Average loss: 0.0431, Accuracy: 5927/6000 (98.783%)

18:51:44: Current learning rate: 0.010000000000000002. Time taken for epoch: 8.95 seconds.

18:51:44: Train Epoch: 63 [0/54000 (0%)]	Loss: 0.004704
18:51:46: Train Epoch: 63 [10000/54000 (19%)]	Loss: 0.001279
18:51:47: Train Epoch: 63 [20000/54000 (37%)]	Loss: 0.005847
18:51:48: Train Epoch: 63 [30000/54000 (56%)]	Loss: 0.006093
18:51:50: Train Epoch: 63 [40000/54000 (74%)]	Loss: 0.002647
18:51:51: Train Epoch: 63 [50000/54000 (93%)]	Loss: 0.006762
18:51:53: 
Evaluation: Average loss: 0.0434, Accuracy: 5926/6000 (98.767%)

18:51:53: Current learning rate: 0.010000000000000002. Time taken for epoch: 8.97 seconds.

18:51:53: Train Epoch: 64 [0/54000 (0%)]	Loss: 0.005140
18:51:55: Train Epoch: 64 [10000/54000 (19%)]	Loss: 0.002770
18:51:56: Train Epoch: 64 [20000/54000 (37%)]	Loss: 0.002578
18:51:57: Train Epoch: 64 [30000/54000 (56%)]	Loss: 0.001949
18:51:59: Train Epoch: 64 [40000/54000 (74%)]	Loss: 0.005632
18:52:00: Train Epoch: 64 [50000/54000 (93%)]	Loss: 0.009081
18:52:02: 
Evaluation: Average loss: 0.0425, Accuracy: 5924/6000 (98.733%)

18:52:02: Current learning rate: 0.010000000000000002. Time taken for epoch: 9.16 seconds.

18:52:02: Train Epoch: 65 [0/54000 (0%)]	Loss: 0.004321
18:52:04: Train Epoch: 65 [10000/54000 (19%)]	Loss: 0.002289
18:52:05: Train Epoch: 65 [20000/54000 (37%)]	Loss: 0.007159
18:52:07: Train Epoch: 65 [30000/54000 (56%)]	Loss: 0.001147
18:52:08: Train Epoch: 65 [40000/54000 (74%)]	Loss: 0.001763
18:52:10: Train Epoch: 65 [50000/54000 (93%)]	Loss: 0.001971
18:52:11: 
Evaluation: Average loss: 0.0425, Accuracy: 5930/6000 (98.833%)

18:52:11: Current learning rate: 0.010000000000000002. Time taken for epoch: 9.17 seconds.

18:52:11: Train Epoch: 66 [0/54000 (0%)]	Loss: 0.002681
18:52:13: Train Epoch: 66 [10000/54000 (19%)]	Loss: 0.002799
18:52:14: Train Epoch: 66 [20000/54000 (37%)]	Loss: 0.008820
18:52:16: Train Epoch: 66 [30000/54000 (56%)]	Loss: 0.015813
18:52:17: Train Epoch: 66 [40000/54000 (74%)]	Loss: 0.004384
18:52:18: Train Epoch: 66 [50000/54000 (93%)]	Loss: 0.008325
18:52:20: 
Evaluation: Average loss: 0.0425, Accuracy: 5929/6000 (98.817%)

18:52:20: Current learning rate: 0.010000000000000002. Time taken for epoch: 8.98 seconds.

18:52:20: Train Epoch: 67 [0/54000 (0%)]	Loss: 0.003168
18:52:22: Train Epoch: 67 [10000/54000 (19%)]	Loss: 0.006079
18:52:23: Train Epoch: 67 [20000/54000 (37%)]	Loss: 0.001599
18:52:25: Train Epoch: 67 [30000/54000 (56%)]	Loss: 0.003509
18:52:26: Train Epoch: 67 [40000/54000 (74%)]	Loss: 0.003397
18:52:27: Train Epoch: 67 [50000/54000 (93%)]	Loss: 0.004099
18:52:29: 
Evaluation: Average loss: 0.0429, Accuracy: 5927/6000 (98.783%)

18:52:29: Current learning rate: 0.010000000000000002. Time taken for epoch: 8.80 seconds.

18:52:29: Train Epoch: 68 [0/54000 (0%)]	Loss: 0.002592
18:52:31: Train Epoch: 68 [10000/54000 (19%)]	Loss: 0.005747
18:52:32: Train Epoch: 68 [20000/54000 (37%)]	Loss: 0.002429
18:52:33: Train Epoch: 68 [30000/54000 (56%)]	Loss: 0.004182
18:52:35: Train Epoch: 68 [40000/54000 (74%)]	Loss: 0.003077
18:52:36: Train Epoch: 68 [50000/54000 (93%)]	Loss: 0.005217
18:52:38: 
Evaluation: Average loss: 0.0433, Accuracy: 5922/6000 (98.700%)

18:52:38: Current learning rate: 0.010000000000000002. Time taken for epoch: 8.89 seconds.

18:52:38: Train Epoch: 69 [0/54000 (0%)]	Loss: 0.006673
18:52:40: Train Epoch: 69 [10000/54000 (19%)]	Loss: 0.003733
18:52:41: Train Epoch: 69 [20000/54000 (37%)]	Loss: 0.005014
18:52:42: Train Epoch: 69 [30000/54000 (56%)]	Loss: 0.003037
18:52:44: Train Epoch: 69 [40000/54000 (74%)]	Loss: 0.002420
18:52:45: Train Epoch: 69 [50000/54000 (93%)]	Loss: 0.006467
18:52:47: 
Evaluation: Average loss: 0.0430, Accuracy: 5925/6000 (98.750%)

18:52:47: Current learning rate: 0.010000000000000002. Time taken for epoch: 8.84 seconds.

18:52:47: Train Epoch: 70 [0/54000 (0%)]	Loss: 0.001809
18:52:48: Train Epoch: 70 [10000/54000 (19%)]	Loss: 0.004270
18:52:50: Train Epoch: 70 [20000/54000 (37%)]	Loss: 0.002061
18:52:51: Train Epoch: 70 [30000/54000 (56%)]	Loss: 0.004256
18:52:52: Train Epoch: 70 [40000/54000 (74%)]	Loss: 0.005820
18:52:54: Train Epoch: 70 [50000/54000 (93%)]	Loss: 0.007828
18:52:55: 
Evaluation: Average loss: 0.0431, Accuracy: 5925/6000 (98.750%)

18:52:55: Current learning rate: 0.010000000000000002. Time taken for epoch: 8.80 seconds.

18:52:56: Train Epoch: 71 [0/54000 (0%)]	Loss: 0.002341
18:52:57: Train Epoch: 71 [10000/54000 (19%)]	Loss: 0.007403
18:52:59: Train Epoch: 71 [20000/54000 (37%)]	Loss: 0.008012
18:53:00: Train Epoch: 71 [30000/54000 (56%)]	Loss: 0.005924
18:53:02: Train Epoch: 71 [40000/54000 (74%)]	Loss: 0.008039
18:53:03: Train Epoch: 71 [50000/54000 (93%)]	Loss: 0.003839
18:53:04: 
Evaluation: Average loss: 0.0439, Accuracy: 5925/6000 (98.750%)

18:53:05: Current learning rate: 0.010000000000000002. Time taken for epoch: 9.15 seconds.

18:53:05: Train Epoch: 72 [0/54000 (0%)]	Loss: 0.004462
18:53:06: Train Epoch: 72 [10000/54000 (19%)]	Loss: 0.004344
18:53:08: Train Epoch: 72 [20000/54000 (37%)]	Loss: 0.007096
18:53:09: Train Epoch: 72 [30000/54000 (56%)]	Loss: 0.006873
18:53:11: Train Epoch: 72 [40000/54000 (74%)]	Loss: 0.003591
18:53:12: Train Epoch: 72 [50000/54000 (93%)]	Loss: 0.003432
18:53:14: 
Evaluation: Average loss: 0.0427, Accuracy: 5932/6000 (98.867%)

18:53:14: Current learning rate: 0.010000000000000002. Time taken for epoch: 9.18 seconds.

18:53:14: Train Epoch: 73 [0/54000 (0%)]	Loss: 0.003401
18:53:15: Train Epoch: 73 [10000/54000 (19%)]	Loss: 0.007491
18:53:17: Train Epoch: 73 [20000/54000 (37%)]	Loss: 0.005033
18:53:18: Train Epoch: 73 [30000/54000 (56%)]	Loss: 0.002928
18:53:20: Train Epoch: 73 [40000/54000 (74%)]	Loss: 0.006247
18:53:21: Train Epoch: 73 [50000/54000 (93%)]	Loss: 0.005011
18:53:23: 
Evaluation: Average loss: 0.0425, Accuracy: 5929/6000 (98.817%)

18:53:23: Current learning rate: 0.010000000000000002. Time taken for epoch: 8.97 seconds.

18:53:23: Train Epoch: 74 [0/54000 (0%)]	Loss: 0.007122
18:53:24: Train Epoch: 74 [10000/54000 (19%)]	Loss: 0.004048
18:53:26: Train Epoch: 74 [20000/54000 (37%)]	Loss: 0.003280
18:53:27: Train Epoch: 74 [30000/54000 (56%)]	Loss: 0.005104
18:53:29: Train Epoch: 74 [40000/54000 (74%)]	Loss: 0.002749
18:53:30: Train Epoch: 74 [50000/54000 (93%)]	Loss: 0.002460
18:53:31: 
Evaluation: Average loss: 0.0426, Accuracy: 5925/6000 (98.750%)

18:53:31: Current learning rate: 0.010000000000000002. Time taken for epoch: 8.79 seconds.

18:53:32: Train Epoch: 75 [0/54000 (0%)]	Loss: 0.005326
18:53:33: Train Epoch: 75 [10000/54000 (19%)]	Loss: 0.002807
18:53:35: Train Epoch: 75 [20000/54000 (37%)]	Loss: 0.003885
18:53:36: Train Epoch: 75 [30000/54000 (56%)]	Loss: 0.003231
18:53:38: Train Epoch: 75 [40000/54000 (74%)]	Loss: 0.003547
18:53:39: Train Epoch: 75 [50000/54000 (93%)]	Loss: 0.008444
18:53:40: 
Evaluation: Average loss: 0.0433, Accuracy: 5923/6000 (98.717%)

18:53:40: Current learning rate: 0.010000000000000002. Time taken for epoch: 8.97 seconds.

18:53:41: Train Epoch: 76 [0/54000 (0%)]	Loss: 0.002370
18:53:42: Train Epoch: 76 [10000/54000 (19%)]	Loss: 0.002659
18:53:44: Train Epoch: 76 [20000/54000 (37%)]	Loss: 0.002266
18:53:45: Train Epoch: 76 [30000/54000 (56%)]	Loss: 0.003403
18:53:46: Train Epoch: 76 [40000/54000 (74%)]	Loss: 0.007334
18:53:48: Train Epoch: 76 [50000/54000 (93%)]	Loss: 0.005581
18:53:49: 
Evaluation: Average loss: 0.0432, Accuracy: 5924/6000 (98.733%)

18:53:49: Current learning rate: 0.010000000000000002. Time taken for epoch: 8.86 seconds.

18:53:50: Train Epoch: 77 [0/54000 (0%)]	Loss: 0.002338
18:53:51: Train Epoch: 77 [10000/54000 (19%)]	Loss: 0.004572
18:53:52: Train Epoch: 77 [20000/54000 (37%)]	Loss: 0.003680
18:53:54: Train Epoch: 77 [30000/54000 (56%)]	Loss: 0.008696
18:53:55: Train Epoch: 77 [40000/54000 (74%)]	Loss: 0.007226
18:53:57: Train Epoch: 77 [50000/54000 (93%)]	Loss: 0.007129
18:53:58: 
Evaluation: Average loss: 0.0428, Accuracy: 5927/6000 (98.783%)

18:53:58: Current learning rate: 0.010000000000000002. Time taken for epoch: 9.03 seconds.

18:53:59: Train Epoch: 78 [0/54000 (0%)]	Loss: 0.007116
18:54:00: Train Epoch: 78 [10000/54000 (19%)]	Loss: 0.004993
18:54:02: Train Epoch: 78 [20000/54000 (37%)]	Loss: 0.004650
18:54:03: Train Epoch: 78 [30000/54000 (56%)]	Loss: 0.009490
18:54:04: Train Epoch: 78 [40000/54000 (74%)]	Loss: 0.002585
18:54:06: Train Epoch: 78 [50000/54000 (93%)]	Loss: 0.006428
18:54:07: 
Evaluation: Average loss: 0.0428, Accuracy: 5925/6000 (98.750%)

18:54:07: Current learning rate: 0.010000000000000002. Time taken for epoch: 9.19 seconds.

18:54:08: Train Epoch: 79 [0/54000 (0%)]	Loss: 0.005853
18:54:09: Train Epoch: 79 [10000/54000 (19%)]	Loss: 0.004908
18:54:11: Train Epoch: 79 [20000/54000 (37%)]	Loss: 0.003846
18:54:12: Train Epoch: 79 [30000/54000 (56%)]	Loss: 0.004411
18:54:14: Train Epoch: 79 [40000/54000 (74%)]	Loss: 0.004912
18:54:15: Train Epoch: 79 [50000/54000 (93%)]	Loss: 0.005342
18:54:17: 
Evaluation: Average loss: 0.0431, Accuracy: 5925/6000 (98.750%)

18:54:17: Current learning rate: 0.010000000000000002. Time taken for epoch: 9.07 seconds.

18:54:17: Train Epoch: 80 [0/54000 (0%)]	Loss: 0.003775
18:54:18: Train Epoch: 80 [10000/54000 (19%)]	Loss: 0.002239
18:54:20: Train Epoch: 80 [20000/54000 (37%)]	Loss: 0.004610
18:54:21: Train Epoch: 80 [30000/54000 (56%)]	Loss: 0.004094
18:54:22: Train Epoch: 80 [40000/54000 (74%)]	Loss: 0.004595
18:54:24: Train Epoch: 80 [50000/54000 (93%)]	Loss: 0.004577
18:54:25: 
Evaluation: Average loss: 0.0431, Accuracy: 5925/6000 (98.750%)

18:54:25: Current learning rate: 0.010000000000000002. Time taken for epoch: 8.81 seconds.

18:54:26: Train Epoch: 81 [0/54000 (0%)]	Loss: 0.003913
18:54:27: Train Epoch: 81 [10000/54000 (19%)]	Loss: 0.006687
18:54:28: Train Epoch: 81 [20000/54000 (37%)]	Loss: 0.005402
18:54:30: Train Epoch: 81 [30000/54000 (56%)]	Loss: 0.001614
18:54:31: Train Epoch: 81 [40000/54000 (74%)]	Loss: 0.008064
18:54:33: Train Epoch: 81 [50000/54000 (93%)]	Loss: 0.006170
18:54:34: 
Evaluation: Average loss: 0.0430, Accuracy: 5926/6000 (98.767%)

18:54:34: Current learning rate: 0.010000000000000002. Time taken for epoch: 8.76 seconds.

18:54:34: Train Epoch: 82 [0/54000 (0%)]	Loss: 0.009085
18:54:36: Train Epoch: 82 [10000/54000 (19%)]	Loss: 0.002194
18:54:37: Train Epoch: 82 [20000/54000 (37%)]	Loss: 0.004059
18:54:39: Train Epoch: 82 [30000/54000 (56%)]	Loss: 0.003282
18:54:40: Train Epoch: 82 [40000/54000 (74%)]	Loss: 0.007010
18:54:41: Train Epoch: 82 [50000/54000 (93%)]	Loss: 0.004200
18:54:43: 
Evaluation: Average loss: 0.0425, Accuracy: 5925/6000 (98.750%)

18:54:43: Current learning rate: 0.010000000000000002. Time taken for epoch: 8.64 seconds.

18:54:43: Train Epoch: 83 [0/54000 (0%)]	Loss: 0.006972
18:54:45: Train Epoch: 83 [10000/54000 (19%)]	Loss: 0.006640
18:54:46: Train Epoch: 83 [20000/54000 (37%)]	Loss: 0.002539
18:54:47: Train Epoch: 83 [30000/54000 (56%)]	Loss: 0.005010
18:54:49: Train Epoch: 83 [40000/54000 (74%)]	Loss: 0.003676
18:54:50: Train Epoch: 83 [50000/54000 (93%)]	Loss: 0.006350
18:54:52: 
Evaluation: Average loss: 0.0437, Accuracy: 5928/6000 (98.800%)

18:54:52: Current learning rate: 0.010000000000000002. Time taken for epoch: 8.94 seconds.

18:54:52: Train Epoch: 84 [0/54000 (0%)]	Loss: 0.002596
18:54:54: Train Epoch: 84 [10000/54000 (19%)]	Loss: 0.004467
18:54:55: Train Epoch: 84 [20000/54000 (37%)]	Loss: 0.004427
18:54:56: Train Epoch: 84 [30000/54000 (56%)]	Loss: 0.006159
18:54:58: Train Epoch: 84 [40000/54000 (74%)]	Loss: 0.005554
18:54:59: Train Epoch: 84 [50000/54000 (93%)]	Loss: 0.004197
18:55:01: 
Evaluation: Average loss: 0.0427, Accuracy: 5930/6000 (98.833%)

18:55:01: Current learning rate: 0.010000000000000002. Time taken for epoch: 8.93 seconds.

18:55:01: Train Epoch: 85 [0/54000 (0%)]	Loss: 0.002185
18:55:03: Train Epoch: 85 [10000/54000 (19%)]	Loss: 0.004447
18:55:04: Train Epoch: 85 [20000/54000 (37%)]	Loss: 0.003827
18:55:05: Train Epoch: 85 [30000/54000 (56%)]	Loss: 0.008019
18:55:07: Train Epoch: 85 [40000/54000 (74%)]	Loss: 0.006690
18:55:08: Train Epoch: 85 [50000/54000 (93%)]	Loss: 0.008064
18:55:10: 
Evaluation: Average loss: 0.0428, Accuracy: 5923/6000 (98.717%)

18:55:10: Current learning rate: 0.010000000000000002. Time taken for epoch: 9.15 seconds.

18:55:10: Train Epoch: 86 [0/54000 (0%)]	Loss: 0.011082
18:55:12: Train Epoch: 86 [10000/54000 (19%)]	Loss: 0.003666
18:55:13: Train Epoch: 86 [20000/54000 (37%)]	Loss: 0.005313
18:55:15: Train Epoch: 86 [30000/54000 (56%)]	Loss: 0.006120
18:55:16: Train Epoch: 86 [40000/54000 (74%)]	Loss: 0.003210
18:55:17: Train Epoch: 86 [50000/54000 (93%)]	Loss: 0.001776
18:55:19: 
Evaluation: Average loss: 0.0445, Accuracy: 5924/6000 (98.733%)

18:55:19: Current learning rate: 0.010000000000000002. Time taken for epoch: 9.02 seconds.

18:55:19: Train Epoch: 87 [0/54000 (0%)]	Loss: 0.001834
18:55:21: Train Epoch: 87 [10000/54000 (19%)]	Loss: 0.001692
18:55:22: Train Epoch: 87 [20000/54000 (37%)]	Loss: 0.003001
18:55:23: Train Epoch: 87 [30000/54000 (56%)]	Loss: 0.004418
18:55:25: Train Epoch: 87 [40000/54000 (74%)]	Loss: 0.005626
18:55:26: Train Epoch: 87 [50000/54000 (93%)]	Loss: 0.002296
18:55:28: 
Evaluation: Average loss: 0.0429, Accuracy: 5928/6000 (98.800%)

18:55:28: Current learning rate: 0.010000000000000002. Time taken for epoch: 8.73 seconds.

18:55:28: Train Epoch: 88 [0/54000 (0%)]	Loss: 0.001631
18:55:29: Train Epoch: 88 [10000/54000 (19%)]	Loss: 0.007098
18:55:31: Train Epoch: 88 [20000/54000 (37%)]	Loss: 0.003025
18:55:32: Train Epoch: 88 [30000/54000 (56%)]	Loss: 0.003323
18:55:33: Train Epoch: 88 [40000/54000 (74%)]	Loss: 0.003992
18:55:35: Train Epoch: 88 [50000/54000 (93%)]	Loss: 0.004519
18:55:36: 
Evaluation: Average loss: 0.0441, Accuracy: 5920/6000 (98.667%)

18:55:36: Current learning rate: 0.010000000000000002. Time taken for epoch: 8.66 seconds.

18:55:37: Train Epoch: 89 [0/54000 (0%)]	Loss: 0.009289
18:55:38: Train Epoch: 89 [10000/54000 (19%)]	Loss: 0.004142
18:55:39: Train Epoch: 89 [20000/54000 (37%)]	Loss: 0.007058
18:55:41: Train Epoch: 89 [30000/54000 (56%)]	Loss: 0.001788
18:55:42: Train Epoch: 89 [40000/54000 (74%)]	Loss: 0.004411
18:55:43: Train Epoch: 89 [50000/54000 (93%)]	Loss: 0.005878
18:55:45: 
Evaluation: Average loss: 0.0421, Accuracy: 5931/6000 (98.850%)

18:55:45: Current learning rate: 0.010000000000000002. Time taken for epoch: 8.59 seconds.

18:55:45: Train Epoch: 90 [0/54000 (0%)]	Loss: 0.006134
18:55:47: Train Epoch: 90 [10000/54000 (19%)]	Loss: 0.005587
18:55:48: Train Epoch: 90 [20000/54000 (37%)]	Loss: 0.005782
18:55:49: Train Epoch: 90 [30000/54000 (56%)]	Loss: 0.006415
18:55:51: Train Epoch: 90 [40000/54000 (74%)]	Loss: 0.002044
18:55:52: Train Epoch: 90 [50000/54000 (93%)]	Loss: 0.006116
18:55:53: 
Evaluation: Average loss: 0.0434, Accuracy: 5928/6000 (98.800%)

18:55:53: Current learning rate: 0.010000000000000002. Time taken for epoch: 8.66 seconds.

18:55:54: Train Epoch: 91 [0/54000 (0%)]	Loss: 0.004525
18:55:55: Train Epoch: 91 [10000/54000 (19%)]	Loss: 0.002614
18:55:57: Train Epoch: 91 [20000/54000 (37%)]	Loss: 0.003965
18:55:58: Train Epoch: 91 [30000/54000 (56%)]	Loss: 0.016559
18:55:59: Train Epoch: 91 [40000/54000 (74%)]	Loss: 0.005805
18:56:01: Train Epoch: 91 [50000/54000 (93%)]	Loss: 0.003769
18:56:02: 
Evaluation: Average loss: 0.0436, Accuracy: 5928/6000 (98.800%)

18:56:02: Current learning rate: 0.010000000000000002. Time taken for epoch: 8.94 seconds.

18:56:03: Train Epoch: 92 [0/54000 (0%)]	Loss: 0.005267
18:56:04: Train Epoch: 92 [10000/54000 (19%)]	Loss: 0.008033
18:56:06: Train Epoch: 92 [20000/54000 (37%)]	Loss: 0.007786
18:56:07: Train Epoch: 92 [30000/54000 (56%)]	Loss: 0.004161
18:56:08: Train Epoch: 92 [40000/54000 (74%)]	Loss: 0.005842
18:56:10: Train Epoch: 92 [50000/54000 (93%)]	Loss: 0.005579
18:56:11: 
Evaluation: Average loss: 0.0432, Accuracy: 5926/6000 (98.767%)

18:56:11: Current learning rate: 0.010000000000000002. Time taken for epoch: 8.88 seconds.

18:56:12: Train Epoch: 93 [0/54000 (0%)]	Loss: 0.015293
18:56:13: Train Epoch: 93 [10000/54000 (19%)]	Loss: 0.004116
18:56:15: Train Epoch: 93 [20000/54000 (37%)]	Loss: 0.008350
18:56:16: Train Epoch: 93 [30000/54000 (56%)]	Loss: 0.003455
18:56:17: Train Epoch: 93 [40000/54000 (74%)]	Loss: 0.003501
18:56:19: Train Epoch: 93 [50000/54000 (93%)]	Loss: 0.004286
18:56:20: 
Evaluation: Average loss: 0.0432, Accuracy: 5925/6000 (98.750%)

18:56:20: Current learning rate: 0.0010000000000000002. Time taken for epoch: 8.87 seconds.

18:56:21: Train Epoch: 94 [0/54000 (0%)]	Loss: 0.003213
18:56:22: Train Epoch: 94 [10000/54000 (19%)]	Loss: 0.004150
18:56:23: Train Epoch: 94 [20000/54000 (37%)]	Loss: 0.004327
18:56:25: Train Epoch: 94 [30000/54000 (56%)]	Loss: 0.004130
18:56:26: Train Epoch: 94 [40000/54000 (74%)]	Loss: 0.008557
18:56:27: Train Epoch: 94 [50000/54000 (93%)]	Loss: 0.003207
18:56:29: 
Evaluation: Average loss: 0.0431, Accuracy: 5927/6000 (98.783%)

18:56:29: Current learning rate: 0.0010000000000000002. Time taken for epoch: 8.66 seconds.

18:56:29: Train Epoch: 95 [0/54000 (0%)]	Loss: 0.004001
18:56:31: Train Epoch: 95 [10000/54000 (19%)]	Loss: 0.003876
18:56:32: Train Epoch: 95 [20000/54000 (37%)]	Loss: 0.009629
18:56:33: Train Epoch: 95 [30000/54000 (56%)]	Loss: 0.002149
18:56:35: Train Epoch: 95 [40000/54000 (74%)]	Loss: 0.003979
18:56:36: Train Epoch: 95 [50000/54000 (93%)]	Loss: 0.003362
18:56:38: 
Evaluation: Average loss: 0.0431, Accuracy: 5931/6000 (98.850%)

18:56:38: Current learning rate: 0.0010000000000000002. Time taken for epoch: 8.75 seconds.

18:56:38: Train Epoch: 96 [0/54000 (0%)]	Loss: 0.003116
18:56:39: Train Epoch: 96 [10000/54000 (19%)]	Loss: 0.003563
18:56:41: Train Epoch: 96 [20000/54000 (37%)]	Loss: 0.004474
18:56:42: Train Epoch: 96 [30000/54000 (56%)]	Loss: 0.005419
18:56:43: Train Epoch: 96 [40000/54000 (74%)]	Loss: 0.003771
18:56:45: Train Epoch: 96 [50000/54000 (93%)]	Loss: 0.003507
18:56:46: 
Evaluation: Average loss: 0.0432, Accuracy: 5931/6000 (98.850%)

18:56:46: Current learning rate: 0.0010000000000000002. Time taken for epoch: 8.72 seconds.

18:56:47: Train Epoch: 97 [0/54000 (0%)]	Loss: 0.003115
18:56:48: Train Epoch: 97 [10000/54000 (19%)]	Loss: 0.005115
18:56:49: Train Epoch: 97 [20000/54000 (37%)]	Loss: 0.003482
18:56:51: Train Epoch: 97 [30000/54000 (56%)]	Loss: 0.003907
18:56:52: Train Epoch: 97 [40000/54000 (74%)]	Loss: 0.006502
18:56:53: Train Epoch: 97 [50000/54000 (93%)]	Loss: 0.002607
18:56:55: 
Evaluation: Average loss: 0.0433, Accuracy: 5929/6000 (98.817%)

18:56:55: Current learning rate: 0.0010000000000000002. Time taken for epoch: 8.70 seconds.

18:56:55: Train Epoch: 98 [0/54000 (0%)]	Loss: 0.002581
18:56:57: Train Epoch: 98 [10000/54000 (19%)]	Loss: 0.003113
18:56:58: Train Epoch: 98 [20000/54000 (37%)]	Loss: 0.001722
18:57:00: Train Epoch: 98 [30000/54000 (56%)]	Loss: 0.005346
18:57:01: Train Epoch: 98 [40000/54000 (74%)]	Loss: 0.005117
18:57:03: Train Epoch: 98 [50000/54000 (93%)]	Loss: 0.003113
18:57:04: 
Evaluation: Average loss: 0.0431, Accuracy: 5930/6000 (98.833%)

18:57:04: Current learning rate: 0.0010000000000000002. Time taken for epoch: 9.08 seconds.

18:57:05: Train Epoch: 99 [0/54000 (0%)]	Loss: 0.005457
18:57:06: Train Epoch: 99 [10000/54000 (19%)]	Loss: 0.004718
18:57:07: Train Epoch: 99 [20000/54000 (37%)]	Loss: 0.004409
18:57:09: Train Epoch: 99 [30000/54000 (56%)]	Loss: 0.004535
18:57:10: Train Epoch: 99 [40000/54000 (74%)]	Loss: 0.002790
18:57:11: Train Epoch: 99 [50000/54000 (93%)]	Loss: 0.003337
18:57:13: 
Evaluation: Average loss: 0.0433, Accuracy: 5931/6000 (98.850%)

18:57:13: Current learning rate: 0.0010000000000000002. Time taken for epoch: 8.79 seconds.

18:57:13: Train Epoch: 100 [0/54000 (0%)]	Loss: 0.003357
18:57:15: Train Epoch: 100 [10000/54000 (19%)]	Loss: 0.005303
18:57:16: Train Epoch: 100 [20000/54000 (37%)]	Loss: 0.003916
18:57:17: Train Epoch: 100 [30000/54000 (56%)]	Loss: 0.004814
18:57:19: Train Epoch: 100 [40000/54000 (74%)]	Loss: 0.005261
18:57:20: Train Epoch: 100 [50000/54000 (93%)]	Loss: 0.001528
18:57:22: 
Evaluation: Average loss: 0.0432, Accuracy: 5931/6000 (98.850%)

18:57:22: Current learning rate: 0.0010000000000000002. Time taken for epoch: 8.81 seconds.

18:57:23: 
Test evaluation: Average loss: 0.0436, Accuracy: 9868/10000 (98.680%)

18:57:23: 
Iteration end: 1/1

22:18:20: Namespace(batch_size=100, bench=True, data='mnist', decay_frequency=25000, decay_schedule='cosine', dense=True, density=1.0, epochs=100, fp16=False, growth='momentum', iters=1, l1=0.0, l2=0.0005, log_interval=100, lr=0.1, max_threads=10, model='lenet300-100', momentum=0.9, no_cuda=False, optimizer='sgd', prune='magnitude', prune_rate=0.7, redistribution='momentum', resume=None, save_features=False, save_model='./models/model.pt', seed=17, start_epoch=1, test_batch_size=100, valid_split=0.1, verbose=True)
22:18:20: 


22:18:20: ================================================================================
22:18:20: 
Iteration start: 1/1

22:18:22: LeNet_300_100(
  (fc1): Linear(in_features=784, out_features=300, bias=True)
  (fc2): Linear(in_features=300, out_features=100, bias=True)
  (fc3): Linear(in_features=100, out_features=10, bias=True)
)
22:18:22: ============================================================
22:18:22: lenet300-100
22:18:22: ============================================================
22:18:22: ============================================================
22:18:22: Prune mode: magnitude
22:18:22: Growth mode: momentum
22:18:22: Redistribution mode: momentum
22:18:22: ============================================================
22:18:22: Train Epoch: 1 [0/54000 (0%)]	Loss: 2.304187
22:18:23: Train Epoch: 1 [10000/54000 (19%)]	Loss: 0.241723
22:18:25: Train Epoch: 1 [20000/54000 (37%)]	Loss: 0.240182
22:18:42: Namespace(batch_size=100, bench=True, data='cifar', decay_frequency=25000, decay_schedule='cosine', dense=True, density=1.0, epochs=100, fp16=False, growth='momentum', iters=1, l1=0.0, l2=0.0005, log_interval=100, lr=0.1, max_threads=10, model='vgg-d', momentum=0.9, no_cuda=False, optimizer='sgd', prune='magnitude', prune_rate=0.7, redistribution='momentum', resume=None, save_features=False, save_model='./models/model.pt', seed=17, start_epoch=1, test_batch_size=100, valid_split=0.1, verbose=True)
22:18:42: 


22:18:42: ================================================================================
22:18:42: 
Iteration start: 1/1

22:18:44: VGG16(
  (features): Sequential(
    (0): Conv2d(3, 64, kernel_size=(3, 3), stride=(1, 1), padding=(1, 1))
    (1): BatchNorm2d(64, eps=1e-05, momentum=0.1, affine=True, track_running_stats=True)
    (2): ReLU(inplace=True)
    (3): Conv2d(64, 64, kernel_size=(3, 3), stride=(1, 1), padding=(1, 1))
    (4): BatchNorm2d(64, eps=1e-05, momentum=0.1, affine=True, track_running_stats=True)
    (5): ReLU(inplace=True)
    (6): MaxPool2d(kernel_size=2, stride=2, padding=0, dilation=1, ceil_mode=False)
    (7): Conv2d(64, 128, kernel_size=(3, 3), stride=(1, 1), padding=(1, 1))
    (8): BatchNorm2d(128, eps=1e-05, momentum=0.1, affine=True, track_running_stats=True)
    (9): ReLU(inplace=True)
    (10): Conv2d(128, 128, kernel_size=(3, 3), stride=(1, 1), padding=(1, 1))
    (11): BatchNorm2d(128, eps=1e-05, momentum=0.1, affine=True, track_running_stats=True)
    (12): ReLU(inplace=True)
    (13): MaxPool2d(kernel_size=2, stride=2, padding=0, dilation=1, ceil_mode=False)
    (14): Conv2d(128, 256, kernel_size=(3, 3), stride=(1, 1), padding=(1, 1))
    (15): BatchNorm2d(256, eps=1e-05, momentum=0.1, affine=True, track_running_stats=True)
    (16): ReLU(inplace=True)
    (17): Conv2d(256, 256, kernel_size=(3, 3), stride=(1, 1), padding=(1, 1))
    (18): BatchNorm2d(256, eps=1e-05, momentum=0.1, affine=True, track_running_stats=True)
    (19): ReLU(inplace=True)
    (20): Conv2d(256, 256, kernel_size=(3, 3), stride=(1, 1), padding=(1, 1))
    (21): BatchNorm2d(256, eps=1e-05, momentum=0.1, affine=True, track_running_stats=True)
    (22): ReLU(inplace=True)
    (23): MaxPool2d(kernel_size=2, stride=2, padding=0, dilation=1, ceil_mode=False)
    (24): Conv2d(256, 512, kernel_size=(3, 3), stride=(1, 1), padding=(1, 1))
    (25): BatchNorm2d(512, eps=1e-05, momentum=0.1, affine=True, track_running_stats=True)
    (26): ReLU(inplace=True)
    (27): Conv2d(512, 512, kernel_size=(3, 3), stride=(1, 1), padding=(1, 1))
    (28): BatchNorm2d(512, eps=1e-05, momentum=0.1, affine=True, track_running_stats=True)
    (29): ReLU(inplace=True)
    (30): Conv2d(512, 512, kernel_size=(3, 3), stride=(1, 1), padding=(1, 1))
    (31): BatchNorm2d(512, eps=1e-05, momentum=0.1, affine=True, track_running_stats=True)
    (32): ReLU(inplace=True)
    (33): MaxPool2d(kernel_size=2, stride=2, padding=0, dilation=1, ceil_mode=False)
    (34): Conv2d(512, 512, kernel_size=(3, 3), stride=(1, 1), padding=(1, 1))
    (35): BatchNorm2d(512, eps=1e-05, momentum=0.1, affine=True, track_running_stats=True)
    (36): ReLU(inplace=True)
    (37): Conv2d(512, 512, kernel_size=(3, 3), stride=(1, 1), padding=(1, 1))
    (38): BatchNorm2d(512, eps=1e-05, momentum=0.1, affine=True, track_running_stats=True)
    (39): ReLU(inplace=True)
    (40): Conv2d(512, 512, kernel_size=(3, 3), stride=(1, 1), padding=(1, 1))
    (41): BatchNorm2d(512, eps=1e-05, momentum=0.1, affine=True, track_running_stats=True)
    (42): ReLU(inplace=True)
    (43): MaxPool2d(kernel_size=2, stride=2, padding=0, dilation=1, ceil_mode=False)
  )
  (classifier): Sequential(
    (0): Linear(in_features=512, out_features=512, bias=True)
    (1): ReLU(inplace=True)
    (2): BatchNorm1d(512, eps=1e-05, momentum=0.1, affine=True, track_running_stats=True)
    (3): Linear(in_features=512, out_features=512, bias=True)
    (4): ReLU(inplace=True)
    (5): BatchNorm1d(512, eps=1e-05, momentum=0.1, affine=True, track_running_stats=True)
    (6): Linear(in_features=512, out_features=10, bias=True)
  )
)
22:18:44: ============================================================
22:18:44: vgg-d
22:18:44: ============================================================
22:18:44: ============================================================
22:18:44: Prune mode: magnitude
22:18:44: Growth mode: momentum
22:18:44: Redistribution mode: momentum
22:18:44: ============================================================
22:18:44: Train Epoch: 1 [0/45000 (0%)]	Loss: 2.493264
22:18:51: Train Epoch: 1 [10000/45000 (22%)]	Loss: 3.538699
22:18:57: Train Epoch: 1 [20000/45000 (44%)]	Loss: 1.976608
22:19:04: Train Epoch: 1 [30000/45000 (67%)]	Loss: 1.881186
22:19:11: Train Epoch: 1 [40000/45000 (89%)]	Loss: 1.843703
22:19:17: 
Evaluation: Average loss: 0.0190, Accuracy: 1242/5000 (24.840%)

22:19:17: Current learning rate: 0.1. Time taken for epoch: 33.04 seconds.

22:19:17: Train Epoch: 2 [0/45000 (0%)]	Loss: 1.915445
22:19:24: Train Epoch: 2 [10000/45000 (22%)]	Loss: 1.863323
22:19:31: Train Epoch: 2 [20000/45000 (44%)]	Loss: 1.873123
22:19:37: Train Epoch: 2 [30000/45000 (67%)]	Loss: 1.695018
22:19:44: Train Epoch: 2 [40000/45000 (89%)]	Loss: 1.553206
22:19:49: 
Evaluation: Average loss: 0.0164, Accuracy: 1828/5000 (36.560%)

22:19:50: Current learning rate: 0.1. Time taken for epoch: 32.83 seconds.

22:19:50: Train Epoch: 3 [0/45000 (0%)]	Loss: 1.825549
22:19:57: Train Epoch: 3 [10000/45000 (22%)]	Loss: 1.526147
22:20:04: Train Epoch: 3 [20000/45000 (44%)]	Loss: 1.675588
22:20:10: Train Epoch: 3 [30000/45000 (67%)]	Loss: 1.463606
22:20:16: Train Epoch: 3 [40000/45000 (89%)]	Loss: 1.686426
22:20:22: 
Evaluation: Average loss: 0.0155, Accuracy: 2021/5000 (40.420%)

22:20:22: Current learning rate: 0.1. Time taken for epoch: 32.87 seconds.

22:20:23: Train Epoch: 4 [0/45000 (0%)]	Loss: 1.457540
22:20:30: Train Epoch: 4 [10000/45000 (22%)]	Loss: 1.472508
22:20:36: Train Epoch: 4 [20000/45000 (44%)]	Loss: 1.503165
22:20:43: Train Epoch: 4 [30000/45000 (67%)]	Loss: 1.230379
22:20:49: Train Epoch: 4 [40000/45000 (89%)]	Loss: 1.479682
22:20:55: 
Evaluation: Average loss: 0.0139, Accuracy: 2413/5000 (48.260%)

22:20:55: Current learning rate: 0.1. Time taken for epoch: 32.81 seconds.

22:20:56: Train Epoch: 5 [0/45000 (0%)]	Loss: 1.192894
22:25:07: Namespace(batch_size=100, bench=True, data='cifar', decay_frequency=25000, decay_schedule='cosine', dense=True, density=1.0, epochs=100, fp16=False, growth='momentum', iters=1, l1=0.0, l2=0.0005, log_interval=100, lr=0.1, max_threads=10, model='vgg-d', momentum=0.9, no_cuda=False, optimizer='sgd', prune='magnitude', prune_rate=0.7, redistribution='momentum', resume=None, save_features=False, save_model='./models/model.pt', seed=17, start_epoch=1, test_batch_size=100, valid_split=0.1, verbose=True)
22:25:07: 


22:25:07: ================================================================================
22:25:07: 
Iteration start: 1/1

22:25:08: VGG16(
  (features): Sequential(
    (0): Conv2d(3, 64, kernel_size=(3, 3), stride=(1, 1), padding=(1, 1))
    (1): BatchNorm2d(64, eps=1e-05, momentum=0.1, affine=True, track_running_stats=True)
    (2): ReLU(inplace=True)
    (3): Conv2d(64, 64, kernel_size=(3, 3), stride=(1, 1), padding=(1, 1))
    (4): BatchNorm2d(64, eps=1e-05, momentum=0.1, affine=True, track_running_stats=True)
    (5): ReLU(inplace=True)
    (6): MaxPool2d(kernel_size=2, stride=2, padding=0, dilation=1, ceil_mode=False)
    (7): Conv2d(64, 128, kernel_size=(3, 3), stride=(1, 1), padding=(1, 1))
    (8): BatchNorm2d(128, eps=1e-05, momentum=0.1, affine=True, track_running_stats=True)
    (9): ReLU(inplace=True)
    (10): Conv2d(128, 128, kernel_size=(3, 3), stride=(1, 1), padding=(1, 1))
    (11): BatchNorm2d(128, eps=1e-05, momentum=0.1, affine=True, track_running_stats=True)
    (12): ReLU(inplace=True)
    (13): MaxPool2d(kernel_size=2, stride=2, padding=0, dilation=1, ceil_mode=False)
    (14): Conv2d(128, 256, kernel_size=(3, 3), stride=(1, 1), padding=(1, 1))
    (15): BatchNorm2d(256, eps=1e-05, momentum=0.1, affine=True, track_running_stats=True)
    (16): ReLU(inplace=True)
    (17): Conv2d(256, 256, kernel_size=(3, 3), stride=(1, 1), padding=(1, 1))
    (18): BatchNorm2d(256, eps=1e-05, momentum=0.1, affine=True, track_running_stats=True)
    (19): ReLU(inplace=True)
    (20): Conv2d(256, 256, kernel_size=(3, 3), stride=(1, 1), padding=(1, 1))
    (21): BatchNorm2d(256, eps=1e-05, momentum=0.1, affine=True, track_running_stats=True)
    (22): ReLU(inplace=True)
    (23): MaxPool2d(kernel_size=2, stride=2, padding=0, dilation=1, ceil_mode=False)
    (24): Conv2d(256, 512, kernel_size=(3, 3), stride=(1, 1), padding=(1, 1))
    (25): BatchNorm2d(512, eps=1e-05, momentum=0.1, affine=True, track_running_stats=True)
    (26): ReLU(inplace=True)
    (27): Conv2d(512, 512, kernel_size=(3, 3), stride=(1, 1), padding=(1, 1))
    (28): BatchNorm2d(512, eps=1e-05, momentum=0.1, affine=True, track_running_stats=True)
    (29): ReLU(inplace=True)
    (30): Conv2d(512, 512, kernel_size=(3, 3), stride=(1, 1), padding=(1, 1))
    (31): BatchNorm2d(512, eps=1e-05, momentum=0.1, affine=True, track_running_stats=True)
    (32): ReLU(inplace=True)
    (33): MaxPool2d(kernel_size=2, stride=2, padding=0, dilation=1, ceil_mode=False)
    (34): Conv2d(512, 512, kernel_size=(3, 3), stride=(1, 1), padding=(1, 1))
    (35): BatchNorm2d(512, eps=1e-05, momentum=0.1, affine=True, track_running_stats=True)
    (36): ReLU(inplace=True)
    (37): Conv2d(512, 512, kernel_size=(3, 3), stride=(1, 1), padding=(1, 1))
    (38): BatchNorm2d(512, eps=1e-05, momentum=0.1, affine=True, track_running_stats=True)
    (39): ReLU(inplace=True)
    (40): Conv2d(512, 512, kernel_size=(3, 3), stride=(1, 1), padding=(1, 1))
    (41): BatchNorm2d(512, eps=1e-05, momentum=0.1, affine=True, track_running_stats=True)
    (42): ReLU(inplace=True)
    (43): MaxPool2d(kernel_size=2, stride=2, padding=0, dilation=1, ceil_mode=False)
  )
  (classifier): Sequential(
    (0): Linear(in_features=512, out_features=512, bias=True)
    (1): ReLU(inplace=True)
    (2): BatchNorm1d(512, eps=1e-05, momentum=0.1, affine=True, track_running_stats=True)
    (3): Linear(in_features=512, out_features=512, bias=True)
    (4): ReLU(inplace=True)
    (5): BatchNorm1d(512, eps=1e-05, momentum=0.1, affine=True, track_running_stats=True)
    (6): Linear(in_features=512, out_features=10, bias=True)
  )
)
22:25:08: ============================================================
22:25:08: vgg-d
22:25:08: ============================================================
22:25:08: ============================================================
22:25:08: Prune mode: magnitude
22:25:08: Growth mode: momentum
22:25:08: Redistribution mode: momentum
22:25:08: ============================================================
22:25:09: Train Epoch: 1 [0/45000 (0%)]	Loss: 2.493264
22:25:15: Train Epoch: 1 [10000/45000 (22%)]	Loss: 3.538699
22:25:22: Train Epoch: 1 [20000/45000 (44%)]	Loss: 1.976608
22:25:28: Train Epoch: 1 [30000/45000 (67%)]	Loss: 1.881186
22:25:35: Train Epoch: 1 [40000/45000 (89%)]	Loss: 1.843703
22:25:41: 
Evaluation: Average loss: 0.0190, Accuracy: 1242/5000 (24.840%)

22:25:41: Current learning rate: 0.1. Time taken for epoch: 32.85 seconds.

22:25:42: Train Epoch: 2 [0/45000 (0%)]	Loss: 1.915445
22:25:48: Train Epoch: 2 [10000/45000 (22%)]	Loss: 1.863323
22:25:55: Train Epoch: 2 [20000/45000 (44%)]	Loss: 1.873123
22:26:02: Train Epoch: 2 [30000/45000 (67%)]	Loss: 1.695018
22:26:08: Train Epoch: 2 [40000/45000 (89%)]	Loss: 1.553206
22:26:14: 
Evaluation: Average loss: 0.0164, Accuracy: 1828/5000 (36.560%)

22:26:14: Current learning rate: 0.1. Time taken for epoch: 33.36 seconds.

22:26:15: Train Epoch: 3 [0/45000 (0%)]	Loss: 1.825549
