20:22:05: Namespace(batch_size=100, bench=False, data='cifar', decay_frequency=25000, decay_schedule='cosine', dense=True, density=1.0, epochs=10, fp16=False, growth='momentum', iters=1, l1=0.0, l2=0.0005, log_interval=100, lr=0.1, max_threads=10, model='MobileNet', momentum=0.9, no_cuda=False, optimizer='sgd', prune='magnitude', prune_rate=0.5, redistribution='momentum', resume='model_best.pth.tar', save_features=False, save_model='./models/model.pt', seed=17, start_epoch=1, test_batch_size=100, valid_split=0.1, verbose=False)
20:22:05: 


20:22:05: ================================================================================
20:22:05: 
Iteration start: 1/1

20:22:06: MobileNet(
  (features): Sequential(
    (0): Conv2d(3, 32, kernel_size=(3, 3), stride=(2, 2), padding=(1, 1), bias=False)
    (1): BatchNorm2d(32, eps=1e-05, momentum=0.1, affine=True, track_running_stats=True)
    (2): ReLU(inplace=True)
    (3): Conv2d(32, 32, kernel_size=(3, 3), stride=(1, 1), padding=(1, 1), groups=32, bias=False)
    (4): BatchNorm2d(32, eps=1e-05, momentum=0.1, affine=True, track_running_stats=True)
    (5): ReLU(inplace=True)
    (6): Conv2d(32, 64, kernel_size=(1, 1), stride=(1, 1), bias=False)
    (7): BatchNorm2d(64, eps=1e-05, momentum=0.1, affine=True, track_running_stats=True)
    (8): ReLU(inplace=True)
    (9): Conv2d(64, 64, kernel_size=(3, 3), stride=(2, 2), padding=(1, 1), groups=64, bias=False)
    (10): BatchNorm2d(64, eps=1e-05, momentum=0.1, affine=True, track_running_stats=True)
    (11): ReLU(inplace=True)
    (12): Conv2d(64, 128, kernel_size=(1, 1), stride=(1, 1), bias=False)
    (13): BatchNorm2d(128, eps=1e-05, momentum=0.1, affine=True, track_running_stats=True)
    (14): ReLU(inplace=True)
    (15): Conv2d(128, 128, kernel_size=(3, 3), stride=(1, 1), padding=(1, 1), groups=128, bias=False)
    (16): BatchNorm2d(128, eps=1e-05, momentum=0.1, affine=True, track_running_stats=True)
    (17): ReLU(inplace=True)
    (18): Conv2d(128, 128, kernel_size=(1, 1), stride=(1, 1), bias=False)
    (19): BatchNorm2d(128, eps=1e-05, momentum=0.1, affine=True, track_running_stats=True)
    (20): ReLU(inplace=True)
    (21): Conv2d(128, 128, kernel_size=(3, 3), stride=(2, 2), padding=(1, 1), groups=128, bias=False)
    (22): BatchNorm2d(128, eps=1e-05, momentum=0.1, affine=True, track_running_stats=True)
    (23): ReLU(inplace=True)
    (24): Conv2d(128, 256, kernel_size=(1, 1), stride=(1, 1), bias=False)
    (25): BatchNorm2d(256, eps=1e-05, momentum=0.1, affine=True, track_running_stats=True)
    (26): ReLU(inplace=True)
    (27): Conv2d(256, 256, kernel_size=(3, 3), stride=(1, 1), padding=(1, 1), groups=256, bias=False)
    (28): BatchNorm2d(256, eps=1e-05, momentum=0.1, affine=True, track_running_stats=True)
    (29): ReLU(inplace=True)
    (30): Conv2d(256, 256, kernel_size=(1, 1), stride=(1, 1), bias=False)
    (31): BatchNorm2d(256, eps=1e-05, momentum=0.1, affine=True, track_running_stats=True)
    (32): ReLU(inplace=True)
    (33): Conv2d(256, 256, kernel_size=(3, 3), stride=(2, 2), padding=(1, 1), groups=256, bias=False)
    (34): BatchNorm2d(256, eps=1e-05, momentum=0.1, affine=True, track_running_stats=True)
    (35): ReLU(inplace=True)
    (36): Conv2d(256, 512, kernel_size=(1, 1), stride=(1, 1), bias=False)
    (37): BatchNorm2d(512, eps=1e-05, momentum=0.1, affine=True, track_running_stats=True)
    (38): ReLU(inplace=True)
    (39): Conv2d(512, 512, kernel_size=(3, 3), stride=(1, 1), padding=(1, 1), groups=512, bias=False)
    (40): BatchNorm2d(512, eps=1e-05, momentum=0.1, affine=True, track_running_stats=True)
    (41): ReLU(inplace=True)
    (42): Conv2d(512, 512, kernel_size=(1, 1), stride=(1, 1), bias=False)
    (43): BatchNorm2d(512, eps=1e-05, momentum=0.1, affine=True, track_running_stats=True)
    (44): ReLU(inplace=True)
    (45): Conv2d(512, 512, kernel_size=(3, 3), stride=(1, 1), padding=(1, 1), groups=512, bias=False)
    (46): BatchNorm2d(512, eps=1e-05, momentum=0.1, affine=True, track_running_stats=True)
    (47): ReLU(inplace=True)
    (48): Conv2d(512, 512, kernel_size=(1, 1), stride=(1, 1), bias=False)
    (49): BatchNorm2d(512, eps=1e-05, momentum=0.1, affine=True, track_running_stats=True)
    (50): ReLU(inplace=True)
    (51): Conv2d(512, 512, kernel_size=(3, 3), stride=(1, 1), padding=(1, 1), groups=512, bias=False)
    (52): BatchNorm2d(512, eps=1e-05, momentum=0.1, affine=True, track_running_stats=True)
    (53): ReLU(inplace=True)
    (54): Conv2d(512, 512, kernel_size=(1, 1), stride=(1, 1), bias=False)
    (55): BatchNorm2d(512, eps=1e-05, momentum=0.1, affine=True, track_running_stats=True)
    (56): ReLU(inplace=True)
    (57): Conv2d(512, 512, kernel_size=(3, 3), stride=(1, 1), padding=(1, 1), groups=512, bias=False)
    (58): BatchNorm2d(512, eps=1e-05, momentum=0.1, affine=True, track_running_stats=True)
    (59): ReLU(inplace=True)
    (60): Conv2d(512, 512, kernel_size=(1, 1), stride=(1, 1), bias=False)
    (61): BatchNorm2d(512, eps=1e-05, momentum=0.1, affine=True, track_running_stats=True)
    (62): ReLU(inplace=True)
    (63): Conv2d(512, 512, kernel_size=(3, 3), stride=(1, 1), padding=(1, 1), groups=512, bias=False)
    (64): BatchNorm2d(512, eps=1e-05, momentum=0.1, affine=True, track_running_stats=True)
    (65): ReLU(inplace=True)
    (66): Conv2d(512, 512, kernel_size=(1, 1), stride=(1, 1), bias=False)
    (67): BatchNorm2d(512, eps=1e-05, momentum=0.1, affine=True, track_running_stats=True)
    (68): ReLU(inplace=True)
    (69): Conv2d(512, 512, kernel_size=(3, 3), stride=(2, 2), padding=(1, 1), groups=512, bias=False)
    (70): BatchNorm2d(512, eps=1e-05, momentum=0.1, affine=True, track_running_stats=True)
    (71): ReLU(inplace=True)
    (72): Conv2d(512, 1024, kernel_size=(1, 1), stride=(1, 1), bias=False)
    (73): BatchNorm2d(1024, eps=1e-05, momentum=0.1, affine=True, track_running_stats=True)
    (74): ReLU(inplace=True)
    (75): Conv2d(1024, 1024, kernel_size=(3, 3), stride=(1, 1), padding=(1, 1), groups=1024, bias=False)
    (76): BatchNorm2d(1024, eps=1e-05, momentum=0.1, affine=True, track_running_stats=True)
    (77): ReLU(inplace=True)
    (78): Conv2d(1024, 1024, kernel_size=(1, 1), stride=(1, 1), bias=False)
    (79): BatchNorm2d(1024, eps=1e-05, momentum=0.1, affine=True, track_running_stats=True)
    (80): ReLU(inplace=True)
    (81): AvgPool2d(kernel_size=1, stride=1, padding=0)
  )
  (fc): Linear(in_features=1024, out_features=100, bias=True)
)
20:22:06: ============================================================
20:22:06: MobileNet
20:22:06: ============================================================
20:22:06: ============================================================
20:22:06: Prune mode: magnitude
20:22:06: Growth mode: momentum
20:22:06: Redistribution mode: momentum
20:22:06: ============================================================
20:22:06: => loading checkpoint: 'checkpoint/MobileNet/model_best.pth.tar'
20:22:07: => loaded checkpoint 'checkpoint/MobileNet/model_best.pth.tar' (epoch 10)
20:22:07: Testing...
20:22:10: 
Evaluation: Average loss: 0.9991, Accuracy: 6491/10000 (64.910%)

20:22:52: Train Epoch: 1 [0/45000 (0%)]	Loss: 0.981194
20:22:59: Train Epoch: 1 [10000/45000 (22%)]	Loss: 0.678569
20:23:05: Train Epoch: 1 [20000/45000 (44%)]	Loss: 1.110937
20:23:12: Train Epoch: 1 [30000/45000 (67%)]	Loss: 0.995561
20:23:18: Train Epoch: 1 [40000/45000 (89%)]	Loss: 1.107355
20:23:24: 
Evaluation: Average loss: 1.0042, Accuracy: 3303/5000 (66.060%)

20:23:24: Current learning rate: 0.1. Time taken for epoch: 32.44 seconds.

20:23:25: Train Epoch: 2 [0/45000 (0%)]	Loss: 0.944602
20:23:31: Train Epoch: 2 [10000/45000 (22%)]	Loss: 0.944080
20:23:38: Train Epoch: 2 [20000/45000 (44%)]	Loss: 0.849779
20:23:44: Train Epoch: 2 [30000/45000 (67%)]	Loss: 1.034294
20:23:50: Train Epoch: 2 [40000/45000 (89%)]	Loss: 0.811791
20:23:55: 
Evaluation: Average loss: 1.0291, Accuracy: 3249/5000 (64.980%)

20:23:56: Current learning rate: 0.1. Time taken for epoch: 31.84 seconds.

20:23:56: Train Epoch: 3 [0/45000 (0%)]	Loss: 0.850359
20:24:03: Train Epoch: 3 [10000/45000 (22%)]	Loss: 1.041651
20:24:10: Train Epoch: 3 [20000/45000 (44%)]	Loss: 0.912894
20:24:16: Train Epoch: 3 [30000/45000 (67%)]	Loss: 1.050171
20:24:22: Train Epoch: 3 [40000/45000 (89%)]	Loss: 0.796639
20:24:27: 
Evaluation: Average loss: 1.0388, Accuracy: 3173/5000 (63.460%)

20:24:28: Current learning rate: 0.1. Time taken for epoch: 32.02 seconds.

20:24:28: Train Epoch: 4 [0/45000 (0%)]	Loss: 0.857467
20:24:35: Train Epoch: 4 [10000/45000 (22%)]	Loss: 0.893621
20:24:41: Train Epoch: 4 [20000/45000 (44%)]	Loss: 1.091586
20:24:48: Train Epoch: 4 [30000/45000 (67%)]	Loss: 0.920438
20:24:54: Train Epoch: 4 [40000/45000 (89%)]	Loss: 0.676894
20:24:59: 
Evaluation: Average loss: 1.4102, Accuracy: 2738/5000 (54.760%)

20:24:59: Current learning rate: 0.1. Time taken for epoch: 31.51 seconds.

20:25:00: Train Epoch: 5 [0/45000 (0%)]	Loss: 0.917367
20:25:06: Train Epoch: 5 [10000/45000 (22%)]	Loss: 0.777552
20:25:13: Train Epoch: 5 [20000/45000 (44%)]	Loss: 0.867723
20:25:19: Train Epoch: 5 [30000/45000 (67%)]	Loss: 0.935432
20:25:25: Train Epoch: 5 [40000/45000 (89%)]	Loss: 0.832503
20:25:30: 
Evaluation: Average loss: 1.2546, Accuracy: 2896/5000 (57.920%)

20:25:30: Current learning rate: 0.1. Time taken for epoch: 31.43 seconds.

20:25:31: Train Epoch: 6 [0/45000 (0%)]	Loss: 0.934611
20:25:38: Train Epoch: 6 [10000/45000 (22%)]	Loss: 0.966375
20:25:44: Train Epoch: 6 [20000/45000 (44%)]	Loss: 0.870732
20:25:50: Train Epoch: 6 [30000/45000 (67%)]	Loss: 0.992368
20:25:57: Train Epoch: 6 [40000/45000 (89%)]	Loss: 0.717443
20:26:02: 
Evaluation: Average loss: 1.2710, Accuracy: 2847/5000 (56.940%)

20:26:02: Current learning rate: 0.1. Time taken for epoch: 31.18 seconds.

20:26:02: Train Epoch: 7 [0/45000 (0%)]	Loss: 0.871612
20:26:09: Train Epoch: 7 [10000/45000 (22%)]	Loss: 0.909100
20:26:15: Train Epoch: 7 [20000/45000 (44%)]	Loss: 1.171958
20:26:22: Train Epoch: 7 [30000/45000 (67%)]	Loss: 0.762083
20:26:28: Train Epoch: 7 [40000/45000 (89%)]	Loss: 0.694722
20:26:33: 
Evaluation: Average loss: 1.0502, Accuracy: 3248/5000 (64.960%)

20:26:33: Current learning rate: 0.1. Time taken for epoch: 31.46 seconds.

20:26:34: Train Epoch: 8 [0/45000 (0%)]	Loss: 0.759229
20:26:40: Train Epoch: 8 [10000/45000 (22%)]	Loss: 0.878967
20:26:47: Train Epoch: 8 [20000/45000 (44%)]	Loss: 0.669222
20:26:53: Train Epoch: 8 [30000/45000 (67%)]	Loss: 0.807802
20:26:59: Train Epoch: 8 [40000/45000 (89%)]	Loss: 0.929198
20:27:04: 
Evaluation: Average loss: 0.9526, Accuracy: 3358/5000 (67.160%)

20:27:04: Current learning rate: 0.1. Time taken for epoch: 31.35 seconds.

20:27:05: Train Epoch: 9 [0/45000 (0%)]	Loss: 0.914853
20:27:12: Train Epoch: 9 [10000/45000 (22%)]	Loss: 0.824988
20:27:18: Train Epoch: 9 [20000/45000 (44%)]	Loss: 0.858292
20:27:25: Train Epoch: 9 [30000/45000 (67%)]	Loss: 0.966162
20:27:31: Train Epoch: 9 [40000/45000 (89%)]	Loss: 0.871396
20:27:36: 
Evaluation: Average loss: 1.1242, Accuracy: 3195/5000 (63.900%)

20:27:36: Current learning rate: 0.1. Time taken for epoch: 31.59 seconds.

20:27:37: Train Epoch: 10 [0/45000 (0%)]	Loss: 0.948809
20:27:43: Train Epoch: 10 [10000/45000 (22%)]	Loss: 0.706470
20:27:50: Train Epoch: 10 [20000/45000 (44%)]	Loss: 0.929850
20:27:56: Train Epoch: 10 [30000/45000 (67%)]	Loss: 0.918978
20:28:02: Train Epoch: 10 [40000/45000 (89%)]	Loss: 0.709934
20:28:07: 
Evaluation: Average loss: 0.9649, Accuracy: 3385/5000 (67.700%)

20:28:07: Current learning rate: 0.1. Time taken for epoch: 31.33 seconds.

20:28:10: 
Test evaluation: Average loss: 0.9077, Accuracy: 6924/10000 (69.240%)

20:28:10: 
Iteration end: 1/1

