05:49:49: Namespace(batch_size=100, bench=True, data='cifar', decay_frequency=25000, decay_schedule='cosine', dense=True, density=1.0, epochs=8, fp16=False, growth='momentum', iters=1, l1=0.0, l2=0.0005, log_interval=100, lr=0.1, max_threads=10, model='MobileNet', momentum=0.9, no_cuda=False, optimizer='sgd', prune='magnitude', prune_rate=0.5, redistribution='momentum', resume='model_best.pth.tar', save_features=False, save_model='./models/model.pt', seed=17, start_epoch=1, test_batch_size=100, valid_split=0.1, verbose=False)
05:49:49: 


05:49:49: ================================================================================
05:49:49: 
Iteration start: 1/1

05:49:59: MobileNet(
  (features): Sequential(
    (0): Conv2d(3, 32, kernel_size=(3, 3), stride=(2, 2), padding=(1, 1), bias=False)
    (1): BatchNorm2d(32, eps=1e-05, momentum=0.1, affine=True, track_running_stats=True)
    (2): ReLU(inplace=True)
    (3): Conv2d(32, 32, kernel_size=(3, 3), stride=(1, 1), padding=(1, 1), groups=32, bias=False)
    (4): BatchNorm2d(32, eps=1e-05, momentum=0.1, affine=True, track_running_stats=True)
    (5): ReLU(inplace=True)
    (6): Conv2d(32, 64, kernel_size=(1, 1), stride=(1, 1), bias=False)
    (7): BatchNorm2d(64, eps=1e-05, momentum=0.1, affine=True, track_running_stats=True)
    (8): ReLU(inplace=True)
    (9): Conv2d(64, 64, kernel_size=(3, 3), stride=(2, 2), padding=(1, 1), groups=64, bias=False)
    (10): BatchNorm2d(64, eps=1e-05, momentum=0.1, affine=True, track_running_stats=True)
    (11): ReLU(inplace=True)
    (12): Conv2d(64, 128, kernel_size=(1, 1), stride=(1, 1), bias=False)
    (13): BatchNorm2d(128, eps=1e-05, momentum=0.1, affine=True, track_running_stats=True)
    (14): ReLU(inplace=True)
    (15): Conv2d(128, 128, kernel_size=(3, 3), stride=(1, 1), padding=(1, 1), groups=128, bias=False)
    (16): BatchNorm2d(128, eps=1e-05, momentum=0.1, affine=True, track_running_stats=True)
    (17): ReLU(inplace=True)
    (18): Conv2d(128, 128, kernel_size=(1, 1), stride=(1, 1), bias=False)
    (19): BatchNorm2d(128, eps=1e-05, momentum=0.1, affine=True, track_running_stats=True)
    (20): ReLU(inplace=True)
    (21): Conv2d(128, 128, kernel_size=(3, 3), stride=(2, 2), padding=(1, 1), groups=128, bias=False)
    (22): BatchNorm2d(128, eps=1e-05, momentum=0.1, affine=True, track_running_stats=True)
    (23): ReLU(inplace=True)
    (24): Conv2d(128, 256, kernel_size=(1, 1), stride=(1, 1), bias=False)
    (25): BatchNorm2d(256, eps=1e-05, momentum=0.1, affine=True, track_running_stats=True)
    (26): ReLU(inplace=True)
    (27): Conv2d(256, 256, kernel_size=(3, 3), stride=(1, 1), padding=(1, 1), groups=256, bias=False)
    (28): BatchNorm2d(256, eps=1e-05, momentum=0.1, affine=True, track_running_stats=True)
    (29): ReLU(inplace=True)
    (30): Conv2d(256, 256, kernel_size=(1, 1), stride=(1, 1), bias=False)
    (31): BatchNorm2d(256, eps=1e-05, momentum=0.1, affine=True, track_running_stats=True)
    (32): ReLU(inplace=True)
    (33): Conv2d(256, 256, kernel_size=(3, 3), stride=(2, 2), padding=(1, 1), groups=256, bias=False)
    (34): BatchNorm2d(256, eps=1e-05, momentum=0.1, affine=True, track_running_stats=True)
    (35): ReLU(inplace=True)
    (36): Conv2d(256, 512, kernel_size=(1, 1), stride=(1, 1), bias=False)
    (37): BatchNorm2d(512, eps=1e-05, momentum=0.1, affine=True, track_running_stats=True)
    (38): ReLU(inplace=True)
    (39): Conv2d(512, 512, kernel_size=(3, 3), stride=(1, 1), padding=(1, 1), groups=512, bias=False)
    (40): BatchNorm2d(512, eps=1e-05, momentum=0.1, affine=True, track_running_stats=True)
    (41): ReLU(inplace=True)
    (42): Conv2d(512, 512, kernel_size=(1, 1), stride=(1, 1), bias=False)
    (43): BatchNorm2d(512, eps=1e-05, momentum=0.1, affine=True, track_running_stats=True)
    (44): ReLU(inplace=True)
    (45): Conv2d(512, 512, kernel_size=(3, 3), stride=(1, 1), padding=(1, 1), groups=512, bias=False)
    (46): BatchNorm2d(512, eps=1e-05, momentum=0.1, affine=True, track_running_stats=True)
    (47): ReLU(inplace=True)
    (48): Conv2d(512, 512, kernel_size=(1, 1), stride=(1, 1), bias=False)
    (49): BatchNorm2d(512, eps=1e-05, momentum=0.1, affine=True, track_running_stats=True)
    (50): ReLU(inplace=True)
    (51): Conv2d(512, 512, kernel_size=(3, 3), stride=(1, 1), padding=(1, 1), groups=512, bias=False)
    (52): BatchNorm2d(512, eps=1e-05, momentum=0.1, affine=True, track_running_stats=True)
    (53): ReLU(inplace=True)
    (54): Conv2d(512, 512, kernel_size=(1, 1), stride=(1, 1), bias=False)
    (55): BatchNorm2d(512, eps=1e-05, momentum=0.1, affine=True, track_running_stats=True)
    (56): ReLU(inplace=True)
    (57): Conv2d(512, 512, kernel_size=(3, 3), stride=(1, 1), padding=(1, 1), groups=512, bias=False)
    (58): BatchNorm2d(512, eps=1e-05, momentum=0.1, affine=True, track_running_stats=True)
    (59): ReLU(inplace=True)
    (60): Conv2d(512, 512, kernel_size=(1, 1), stride=(1, 1), bias=False)
    (61): BatchNorm2d(512, eps=1e-05, momentum=0.1, affine=True, track_running_stats=True)
    (62): ReLU(inplace=True)
    (63): Conv2d(512, 512, kernel_size=(3, 3), stride=(1, 1), padding=(1, 1), groups=512, bias=False)
    (64): BatchNorm2d(512, eps=1e-05, momentum=0.1, affine=True, track_running_stats=True)
    (65): ReLU(inplace=True)
    (66): Conv2d(512, 512, kernel_size=(1, 1), stride=(1, 1), bias=False)
    (67): BatchNorm2d(512, eps=1e-05, momentum=0.1, affine=True, track_running_stats=True)
    (68): ReLU(inplace=True)
    (69): Conv2d(512, 512, kernel_size=(3, 3), stride=(2, 2), padding=(1, 1), groups=512, bias=False)
    (70): BatchNorm2d(512, eps=1e-05, momentum=0.1, affine=True, track_running_stats=True)
    (71): ReLU(inplace=True)
    (72): Conv2d(512, 1024, kernel_size=(1, 1), stride=(1, 1), bias=False)
    (73): BatchNorm2d(1024, eps=1e-05, momentum=0.1, affine=True, track_running_stats=True)
    (74): ReLU(inplace=True)
    (75): Conv2d(1024, 1024, kernel_size=(3, 3), stride=(1, 1), padding=(1, 1), groups=1024, bias=False)
    (76): BatchNorm2d(1024, eps=1e-05, momentum=0.1, affine=True, track_running_stats=True)
    (77): ReLU(inplace=True)
    (78): Conv2d(1024, 1024, kernel_size=(1, 1), stride=(1, 1), bias=False)
    (79): BatchNorm2d(1024, eps=1e-05, momentum=0.1, affine=True, track_running_stats=True)
    (80): ReLU(inplace=True)
    (81): AvgPool2d(kernel_size=1, stride=1, padding=0)
  )
  (fc): Linear(in_features=1024, out_features=100, bias=True)
)
05:49:59: ============================================================
05:49:59: MobileNet
05:49:59: ============================================================
05:49:59: ============================================================
05:49:59: Prune mode: magnitude
05:49:59: Growth mode: momentum
05:49:59: Redistribution mode: momentum
05:49:59: ============================================================
05:49:59: => loading checkpoint: 'checkpoint/MobileNet/model_best.pth.tar'
05:49:59: => loaded checkpoint 'checkpoint/MobileNet/model_best.pth.tar' (epoch 9)
05:49:59: Testing...
05:50:03: 
Evaluation: Average loss: 0.9171, Accuracy: 6925/10000 (69.250%)

05:51:37: Train Epoch: 1 [0/45000 (0%)]	Loss: 1.009047
05:51:43: Train Epoch: 1 [10000/45000 (22%)]	Loss: 0.739737
05:51:49: Train Epoch: 1 [20000/45000 (44%)]	Loss: 1.187430
05:51:55: Train Epoch: 1 [30000/45000 (67%)]	Loss: 0.805544
05:52:01: Train Epoch: 1 [40000/45000 (89%)]	Loss: 1.042598
05:52:06: 
Evaluation: Average loss: 1.0490, Accuracy: 3286/5000 (65.720%)

05:52:07: Current learning rate: 0.1. Time taken for epoch: 30.60 seconds.

05:52:07: Train Epoch: 2 [0/45000 (0%)]	Loss: 0.835555
05:52:14: Train Epoch: 2 [10000/45000 (22%)]	Loss: 0.940721
05:52:20: Train Epoch: 2 [20000/45000 (44%)]	Loss: 0.796300
05:52:26: Train Epoch: 2 [30000/45000 (67%)]	Loss: 0.911365
05:52:32: Train Epoch: 2 [40000/45000 (89%)]	Loss: 0.797355
05:52:37: 
Evaluation: Average loss: 1.3211, Accuracy: 2842/5000 (56.840%)

05:52:37: Current learning rate: 0.1. Time taken for epoch: 30.97 seconds.

05:52:38: Train Epoch: 3 [0/45000 (0%)]	Loss: 0.798442
05:52:44: Train Epoch: 3 [10000/45000 (22%)]	Loss: 0.946216
05:52:50: Train Epoch: 3 [20000/45000 (44%)]	Loss: 0.866611
05:52:57: Train Epoch: 3 [30000/45000 (67%)]	Loss: 0.917699
05:53:03: Train Epoch: 3 [40000/45000 (89%)]	Loss: 0.851182
05:53:08: 
Evaluation: Average loss: 1.0752, Accuracy: 3228/5000 (64.560%)

05:53:08: Current learning rate: 0.1. Time taken for epoch: 30.62 seconds.

05:53:09: Train Epoch: 4 [0/45000 (0%)]	Loss: 0.782252
05:53:15: Train Epoch: 4 [10000/45000 (22%)]	Loss: 0.781282
05:53:22: Train Epoch: 4 [20000/45000 (44%)]	Loss: 1.160150
05:53:28: Train Epoch: 4 [30000/45000 (67%)]	Loss: 0.890788
05:53:34: Train Epoch: 4 [40000/45000 (89%)]	Loss: 0.785714
05:53:39: 
Evaluation: Average loss: 1.0300, Accuracy: 3283/5000 (65.660%)

05:53:39: Current learning rate: 0.1. Time taken for epoch: 31.30 seconds.

05:53:40: Train Epoch: 5 [0/45000 (0%)]	Loss: 0.822936
05:53:46: Train Epoch: 5 [10000/45000 (22%)]	Loss: 0.955494
05:53:53: Train Epoch: 5 [20000/45000 (44%)]	Loss: 0.798562
05:53:59: Train Epoch: 5 [30000/45000 (67%)]	Loss: 0.869583
05:54:05: Train Epoch: 5 [40000/45000 (89%)]	Loss: 0.800671
05:54:10: 
Evaluation: Average loss: 1.0647, Accuracy: 3198/5000 (63.960%)

05:54:10: Current learning rate: 0.1. Time taken for epoch: 31.08 seconds.

05:54:11: Train Epoch: 6 [0/45000 (0%)]	Loss: 0.838055
05:54:18: Train Epoch: 6 [10000/45000 (22%)]	Loss: 0.868640
05:54:24: Train Epoch: 6 [20000/45000 (44%)]	Loss: 0.826841
05:54:30: Train Epoch: 6 [30000/45000 (67%)]	Loss: 0.928085
05:54:37: Train Epoch: 6 [40000/45000 (89%)]	Loss: 0.635855
05:54:42: 
Evaluation: Average loss: 1.1729, Accuracy: 3100/5000 (62.000%)

05:54:42: Current learning rate: 0.1. Time taken for epoch: 31.49 seconds.

05:54:43: Train Epoch: 7 [0/45000 (0%)]	Loss: 0.776821
05:54:49: Train Epoch: 7 [10000/45000 (22%)]	Loss: 0.784899
05:54:55: Train Epoch: 7 [20000/45000 (44%)]	Loss: 1.007349
05:55:02: Train Epoch: 7 [30000/45000 (67%)]	Loss: 0.751635
05:55:08: Train Epoch: 7 [40000/45000 (89%)]	Loss: 0.799311
05:55:13: 
Evaluation: Average loss: 1.0306, Accuracy: 3264/5000 (65.280%)

05:55:13: Current learning rate: 0.1. Time taken for epoch: 31.19 seconds.

05:55:14: Train Epoch: 8 [0/45000 (0%)]	Loss: 0.742457
05:55:21: Train Epoch: 8 [10000/45000 (22%)]	Loss: 0.797130
05:55:27: Train Epoch: 8 [20000/45000 (44%)]	Loss: 0.714098
05:55:34: Train Epoch: 8 [30000/45000 (67%)]	Loss: 0.823946
05:55:40: Train Epoch: 8 [40000/45000 (89%)]	Loss: 0.941349
05:55:45: 
Evaluation: Average loss: 0.9776, Accuracy: 3374/5000 (67.480%)

05:55:45: Current learning rate: 0.1. Time taken for epoch: 32.19 seconds.

05:55:49: 
Test evaluation: Average loss: 0.9510, Accuracy: 6873/10000 (68.730%)

05:55:49: 
Iteration end: 1/1

