13:55:23: Namespace(batch_size=100, bench=False, data='cifar', decay_frequency=25000, decay_schedule='cosine', dense=False, density=0.05, epochs=100, fp16=False, growth='momentum', iters=1, l1=0.0, l2=0.0005, log_interval=100, lr=0.1, max_threads=10, model='vgg-d', momentum=0.9, no_cuda=False, optimizer='sgd', prune='magnitude', prune_rate=0.5, redistribution='momentum', resume=None, save_features=False, save_model='./models/model.pt', seed=17, start_epoch=1, test_batch_size=100, valid_split=0.1, verbose=False)
13:55:23: 


13:55:23: ================================================================================
13:55:23: 
Iteration start: 1/1

13:55:43: VGG16(
  (features): Sequential(
    (0): Conv2d(3, 64, kernel_size=(3, 3), stride=(1, 1), padding=(1, 1))
    (1): BatchNorm2d(64, eps=1e-05, momentum=0.1, affine=True, track_running_stats=True)
    (2): ReLU(inplace=True)
    (3): Conv2d(64, 64, kernel_size=(3, 3), stride=(1, 1), padding=(1, 1))
    (4): BatchNorm2d(64, eps=1e-05, momentum=0.1, affine=True, track_running_stats=True)
    (5): ReLU(inplace=True)
    (6): MaxPool2d(kernel_size=2, stride=2, padding=0, dilation=1, ceil_mode=False)
    (7): Conv2d(64, 128, kernel_size=(3, 3), stride=(1, 1), padding=(1, 1))
    (8): BatchNorm2d(128, eps=1e-05, momentum=0.1, affine=True, track_running_stats=True)
    (9): ReLU(inplace=True)
    (10): Conv2d(128, 128, kernel_size=(3, 3), stride=(1, 1), padding=(1, 1))
    (11): BatchNorm2d(128, eps=1e-05, momentum=0.1, affine=True, track_running_stats=True)
    (12): ReLU(inplace=True)
    (13): MaxPool2d(kernel_size=2, stride=2, padding=0, dilation=1, ceil_mode=False)
    (14): Conv2d(128, 256, kernel_size=(3, 3), stride=(1, 1), padding=(1, 1))
    (15): BatchNorm2d(256, eps=1e-05, momentum=0.1, affine=True, track_running_stats=True)
    (16): ReLU(inplace=True)
    (17): Conv2d(256, 256, kernel_size=(3, 3), stride=(1, 1), padding=(1, 1))
    (18): BatchNorm2d(256, eps=1e-05, momentum=0.1, affine=True, track_running_stats=True)
    (19): ReLU(inplace=True)
    (20): Conv2d(256, 256, kernel_size=(3, 3), stride=(1, 1), padding=(1, 1))
    (21): BatchNorm2d(256, eps=1e-05, momentum=0.1, affine=True, track_running_stats=True)
    (22): ReLU(inplace=True)
    (23): MaxPool2d(kernel_size=2, stride=2, padding=0, dilation=1, ceil_mode=False)
    (24): Conv2d(256, 512, kernel_size=(3, 3), stride=(1, 1), padding=(1, 1))
    (25): BatchNorm2d(512, eps=1e-05, momentum=0.1, affine=True, track_running_stats=True)
    (26): ReLU(inplace=True)
    (27): Conv2d(512, 512, kernel_size=(3, 3), stride=(1, 1), padding=(1, 1))
    (28): BatchNorm2d(512, eps=1e-05, momentum=0.1, affine=True, track_running_stats=True)
    (29): ReLU(inplace=True)
    (30): Conv2d(512, 512, kernel_size=(3, 3), stride=(1, 1), padding=(1, 1))
    (31): BatchNorm2d(512, eps=1e-05, momentum=0.1, affine=True, track_running_stats=True)
    (32): ReLU(inplace=True)
    (33): MaxPool2d(kernel_size=2, stride=2, padding=0, dilation=1, ceil_mode=False)
    (34): Conv2d(512, 512, kernel_size=(3, 3), stride=(1, 1), padding=(1, 1))
    (35): BatchNorm2d(512, eps=1e-05, momentum=0.1, affine=True, track_running_stats=True)
    (36): ReLU(inplace=True)
    (37): Conv2d(512, 512, kernel_size=(3, 3), stride=(1, 1), padding=(1, 1))
    (38): BatchNorm2d(512, eps=1e-05, momentum=0.1, affine=True, track_running_stats=True)
    (39): ReLU(inplace=True)
    (40): Conv2d(512, 512, kernel_size=(3, 3), stride=(1, 1), padding=(1, 1))
    (41): BatchNorm2d(512, eps=1e-05, momentum=0.1, affine=True, track_running_stats=True)
    (42): ReLU(inplace=True)
    (43): MaxPool2d(kernel_size=2, stride=2, padding=0, dilation=1, ceil_mode=False)
  )
  (classifier): Sequential(
    (0): Linear(in_features=512, out_features=512, bias=True)
    (1): ReLU(inplace=True)
    (2): BatchNorm1d(512, eps=1e-05, momentum=0.1, affine=True, track_running_stats=True)
    (3): Linear(in_features=512, out_features=512, bias=True)
    (4): ReLU(inplace=True)
    (5): BatchNorm1d(512, eps=1e-05, momentum=0.1, affine=True, track_running_stats=True)
    (6): Linear(in_features=512, out_features=10, bias=True)
  )
)
13:55:43: ============================================================
13:55:43: vgg-d
13:55:43: ============================================================
13:55:43: ============================================================
13:55:43: Prune mode: magnitude
13:55:43: Growth mode: momentum
13:55:43: Redistribution mode: momentum
13:55:43: ============================================================
13:55:45: Train Epoch: 1 [0/45000 (0%)]	Loss: 2.284919
13:55:50: Train Epoch: 1 [10000/45000 (22%)]	Loss: 1.506700
13:55:55: Train Epoch: 1 [20000/45000 (44%)]	Loss: 1.407333
13:55:59: Train Epoch: 1 [30000/45000 (67%)]	Loss: 1.162612
13:56:05: Train Epoch: 1 [40000/45000 (89%)]	Loss: 1.291704
13:56:09: 
Evaluation: Average loss: 1.2504, Accuracy: 2800/5000 (56.000%)

13:56:10: Current learning rate: 0.1. Time taken for epoch: 26.52 seconds.

13:56:10: Train Epoch: 2 [0/45000 (0%)]	Loss: 1.089431
13:56:16: Train Epoch: 2 [10000/45000 (22%)]	Loss: 1.901312
13:56:21: Train Epoch: 2 [20000/45000 (44%)]	Loss: 1.458351
13:56:26: Train Epoch: 2 [30000/45000 (67%)]	Loss: 1.334959
13:56:30: Train Epoch: 2 [40000/45000 (89%)]	Loss: 1.042548
13:56:35: 
Evaluation: Average loss: 1.1451, Accuracy: 2986/5000 (59.720%)

13:56:35: Current learning rate: 0.1. Time taken for epoch: 25.93 seconds.

13:56:36: Train Epoch: 3 [0/45000 (0%)]	Loss: 1.142948
13:56:41: Train Epoch: 3 [10000/45000 (22%)]	Loss: 1.077850
13:56:46: Train Epoch: 3 [20000/45000 (44%)]	Loss: 1.072861
13:56:51: Train Epoch: 3 [30000/45000 (67%)]	Loss: 1.014807
13:56:56: Train Epoch: 3 [40000/45000 (89%)]	Loss: 0.845820
13:57:01: 
Evaluation: Average loss: 0.9973, Accuracy: 3320/5000 (66.400%)

13:57:01: Current learning rate: 0.1. Time taken for epoch: 25.70 seconds.

13:57:02: Train Epoch: 4 [0/45000 (0%)]	Loss: 0.754129
13:57:07: Train Epoch: 4 [10000/45000 (22%)]	Loss: 0.962555
13:57:12: Train Epoch: 4 [20000/45000 (44%)]	Loss: 0.708146
13:57:17: Train Epoch: 4 [30000/45000 (67%)]	Loss: 0.731632
13:57:22: Train Epoch: 4 [40000/45000 (89%)]	Loss: 0.768180
13:57:27: 
Evaluation: Average loss: 0.8712, Accuracy: 3476/5000 (69.520%)

13:57:27: Current learning rate: 0.1. Time taken for epoch: 26.16 seconds.

13:57:28: Train Epoch: 5 [0/45000 (0%)]	Loss: 0.627445
13:57:33: Train Epoch: 5 [10000/45000 (22%)]	Loss: 0.763268
13:57:38: Train Epoch: 5 [20000/45000 (44%)]	Loss: 0.816127
13:57:43: Train Epoch: 5 [30000/45000 (67%)]	Loss: 0.893374
13:57:48: Train Epoch: 5 [40000/45000 (89%)]	Loss: 0.651344
13:57:53: 
Evaluation: Average loss: 0.8986, Accuracy: 3513/5000 (70.260%)

13:57:53: Current learning rate: 0.1. Time taken for epoch: 25.86 seconds.

13:57:54: Train Epoch: 6 [0/45000 (0%)]	Loss: 0.689187
13:57:59: Train Epoch: 6 [10000/45000 (22%)]	Loss: 0.717347
13:58:04: Train Epoch: 6 [20000/45000 (44%)]	Loss: 0.835225
13:58:09: Train Epoch: 6 [30000/45000 (67%)]	Loss: 0.755217
13:58:14: Train Epoch: 6 [40000/45000 (89%)]	Loss: 0.775983
13:58:19: 
Evaluation: Average loss: 0.6879, Accuracy: 3849/5000 (76.980%)

13:58:19: Current learning rate: 0.1. Time taken for epoch: 26.11 seconds.

13:58:20: Train Epoch: 7 [0/45000 (0%)]	Loss: 0.592749
13:58:25: Train Epoch: 7 [10000/45000 (22%)]	Loss: 0.636296
13:58:30: Train Epoch: 7 [20000/45000 (44%)]	Loss: 0.642742
13:58:35: Train Epoch: 7 [30000/45000 (67%)]	Loss: 0.551401
13:58:40: Train Epoch: 7 [40000/45000 (89%)]	Loss: 0.640748
13:58:45: 
Evaluation: Average loss: 0.8933, Accuracy: 3535/5000 (70.700%)

13:58:45: Current learning rate: 0.1. Time taken for epoch: 26.14 seconds.

13:58:46: Train Epoch: 8 [0/45000 (0%)]	Loss: 0.635287
13:58:51: Train Epoch: 8 [10000/45000 (22%)]	Loss: 0.417472
13:58:56: Train Epoch: 8 [20000/45000 (44%)]	Loss: 0.777198
13:59:02: Train Epoch: 8 [30000/45000 (67%)]	Loss: 0.317303
13:59:07: Train Epoch: 8 [40000/45000 (89%)]	Loss: 0.564193
13:59:11: 
Evaluation: Average loss: 0.7224, Accuracy: 3784/5000 (75.680%)

13:59:12: Current learning rate: 0.1. Time taken for epoch: 26.30 seconds.

13:59:12: Train Epoch: 9 [0/45000 (0%)]	Loss: 0.620027
13:59:18: Train Epoch: 9 [10000/45000 (22%)]	Loss: 0.557980
13:59:23: Train Epoch: 9 [20000/45000 (44%)]	Loss: 0.642064
13:59:28: Train Epoch: 9 [30000/45000 (67%)]	Loss: 0.695032
13:59:33: Train Epoch: 9 [40000/45000 (89%)]	Loss: 0.578384
13:59:38: 
Evaluation: Average loss: 0.7393, Accuracy: 3778/5000 (75.560%)

13:59:38: Current learning rate: 0.1. Time taken for epoch: 26.24 seconds.

13:59:39: Train Epoch: 10 [0/45000 (0%)]	Loss: 0.431434
13:59:44: Train Epoch: 10 [10000/45000 (22%)]	Loss: 0.773549
13:59:49: Train Epoch: 10 [20000/45000 (44%)]	Loss: 0.751121
13:59:54: Train Epoch: 10 [30000/45000 (67%)]	Loss: 0.584801
13:59:59: Train Epoch: 10 [40000/45000 (89%)]	Loss: 0.549820
14:00:04: 
Evaluation: Average loss: 1.0385, Accuracy: 3342/5000 (66.840%)

14:00:04: Current learning rate: 0.1. Time taken for epoch: 26.29 seconds.

14:00:05: Train Epoch: 11 [0/45000 (0%)]	Loss: 0.651616
14:00:10: Train Epoch: 11 [10000/45000 (22%)]	Loss: 0.582833
14:00:15: Train Epoch: 11 [20000/45000 (44%)]	Loss: 0.713288
14:00:21: Train Epoch: 11 [30000/45000 (67%)]	Loss: 0.477802
14:00:26: Train Epoch: 11 [40000/45000 (89%)]	Loss: 0.627123
14:00:30: 
Evaluation: Average loss: 1.1956, Accuracy: 3168/5000 (63.360%)

14:00:31: Current learning rate: 0.1. Time taken for epoch: 26.45 seconds.

14:00:31: Train Epoch: 12 [0/45000 (0%)]	Loss: 0.584721
14:00:37: Train Epoch: 12 [10000/45000 (22%)]	Loss: 0.638543
14:00:42: Train Epoch: 12 [20000/45000 (44%)]	Loss: 0.589051
14:00:47: Train Epoch: 12 [30000/45000 (67%)]	Loss: 0.730963
14:00:52: Train Epoch: 12 [40000/45000 (89%)]	Loss: 0.555957
14:00:57: 
Evaluation: Average loss: 1.0450, Accuracy: 3270/5000 (65.400%)

14:00:57: Current learning rate: 0.1. Time taken for epoch: 26.25 seconds.

14:00:58: Train Epoch: 13 [0/45000 (0%)]	Loss: 0.697825
14:01:03: Train Epoch: 13 [10000/45000 (22%)]	Loss: 0.522816
14:01:08: Train Epoch: 13 [20000/45000 (44%)]	Loss: 0.508562
14:01:13: Train Epoch: 13 [30000/45000 (67%)]	Loss: 0.643437
14:01:18: Train Epoch: 13 [40000/45000 (89%)]	Loss: 0.660228
14:01:23: 
Evaluation: Average loss: 0.6484, Accuracy: 3915/5000 (78.300%)

14:01:24: Current learning rate: 0.1. Time taken for epoch: 26.57 seconds.

14:01:24: Train Epoch: 14 [0/45000 (0%)]	Loss: 0.569458
14:01:30: Train Epoch: 14 [10000/45000 (22%)]	Loss: 0.649625
14:01:35: Train Epoch: 14 [20000/45000 (44%)]	Loss: 0.571776
14:01:40: Train Epoch: 14 [30000/45000 (67%)]	Loss: 0.575102
14:01:45: Train Epoch: 14 [40000/45000 (89%)]	Loss: 0.681271
14:01:50: 
Evaluation: Average loss: 0.6745, Accuracy: 3911/5000 (78.220%)

14:01:50: Current learning rate: 0.1. Time taken for epoch: 26.34 seconds.

14:01:50: Train Epoch: 15 [0/45000 (0%)]	Loss: 0.524164
14:01:56: Train Epoch: 15 [10000/45000 (22%)]	Loss: 0.452149
14:02:01: Train Epoch: 15 [20000/45000 (44%)]	Loss: 0.626251
14:02:06: Train Epoch: 15 [30000/45000 (67%)]	Loss: 0.403518
14:02:11: Train Epoch: 15 [40000/45000 (89%)]	Loss: 0.347036
14:02:16: 
Evaluation: Average loss: 0.9146, Accuracy: 3542/5000 (70.840%)

14:02:16: Current learning rate: 0.1. Time taken for epoch: 26.49 seconds.

14:02:17: Train Epoch: 16 [0/45000 (0%)]	Loss: 0.479326
14:02:22: Train Epoch: 16 [10000/45000 (22%)]	Loss: 0.421847
14:02:27: Train Epoch: 16 [20000/45000 (44%)]	Loss: 0.655609
14:02:33: Train Epoch: 16 [30000/45000 (67%)]	Loss: 0.601008
14:02:38: Train Epoch: 16 [40000/45000 (89%)]	Loss: 0.491698
14:02:42: 
Evaluation: Average loss: 0.8828, Accuracy: 3518/5000 (70.360%)

14:02:43: Current learning rate: 0.1. Time taken for epoch: 26.36 seconds.

14:02:43: Train Epoch: 17 [0/45000 (0%)]	Loss: 0.460795
14:02:49: Train Epoch: 17 [10000/45000 (22%)]	Loss: 0.644755
14:02:54: Train Epoch: 17 [20000/45000 (44%)]	Loss: 0.400394
14:02:59: Train Epoch: 17 [30000/45000 (67%)]	Loss: 0.529180
14:03:04: Train Epoch: 17 [40000/45000 (89%)]	Loss: 0.406347
14:03:09: 
Evaluation: Average loss: 0.7985, Accuracy: 3659/5000 (73.180%)

14:03:09: Current learning rate: 0.1. Time taken for epoch: 26.43 seconds.

14:03:10: Train Epoch: 18 [0/45000 (0%)]	Loss: 0.379213
14:03:15: Train Epoch: 18 [10000/45000 (22%)]	Loss: 0.623742
14:03:20: Train Epoch: 18 [20000/45000 (44%)]	Loss: 0.629212
14:03:25: Train Epoch: 18 [30000/45000 (67%)]	Loss: 0.574181
14:03:31: Train Epoch: 18 [40000/45000 (89%)]	Loss: 0.475178
14:03:35: 
Evaluation: Average loss: 0.7330, Accuracy: 3753/5000 (75.060%)

14:03:36: Current learning rate: 0.1. Time taken for epoch: 26.44 seconds.

14:03:36: Train Epoch: 19 [0/45000 (0%)]	Loss: 0.552233
14:03:42: Train Epoch: 19 [10000/45000 (22%)]	Loss: 0.572288
14:03:47: Train Epoch: 19 [20000/45000 (44%)]	Loss: 0.536216
14:03:52: Train Epoch: 19 [30000/45000 (67%)]	Loss: 0.495273
14:03:57: Train Epoch: 19 [40000/45000 (89%)]	Loss: 0.434964
14:04:02: 
Evaluation: Average loss: 0.7992, Accuracy: 3716/5000 (74.320%)

14:04:02: Current learning rate: 0.1. Time taken for epoch: 26.50 seconds.

14:04:03: Train Epoch: 20 [0/45000 (0%)]	Loss: 0.613560
14:04:08: Train Epoch: 20 [10000/45000 (22%)]	Loss: 0.466401
14:04:13: Train Epoch: 20 [20000/45000 (44%)]	Loss: 0.566402
14:04:18: Train Epoch: 20 [30000/45000 (67%)]	Loss: 0.771498
14:04:24: Train Epoch: 20 [40000/45000 (89%)]	Loss: 0.427432
14:04:28: 
Evaluation: Average loss: 0.9360, Accuracy: 3426/5000 (68.520%)

14:04:29: Current learning rate: 0.1. Time taken for epoch: 26.48 seconds.

14:04:29: Train Epoch: 21 [0/45000 (0%)]	Loss: 0.601845
14:04:35: Train Epoch: 21 [10000/45000 (22%)]	Loss: 0.467653
14:04:40: Train Epoch: 21 [20000/45000 (44%)]	Loss: 0.619130
14:04:45: Train Epoch: 21 [30000/45000 (67%)]	Loss: 0.575006
14:04:50: Train Epoch: 21 [40000/45000 (89%)]	Loss: 0.506194
14:04:55: 
Evaluation: Average loss: 0.7531, Accuracy: 3794/5000 (75.880%)

14:04:55: Current learning rate: 0.1. Time taken for epoch: 26.50 seconds.

14:04:56: Train Epoch: 22 [0/45000 (0%)]	Loss: 0.437308
14:05:01: Train Epoch: 22 [10000/45000 (22%)]	Loss: 0.493025
14:05:06: Train Epoch: 22 [20000/45000 (44%)]	Loss: 0.473173
14:05:11: Train Epoch: 22 [30000/45000 (67%)]	Loss: 0.438589
14:05:17: Train Epoch: 22 [40000/45000 (89%)]	Loss: 0.520999
14:05:21: 
Evaluation: Average loss: 0.6392, Accuracy: 3936/5000 (78.720%)

14:05:22: Current learning rate: 0.1. Time taken for epoch: 26.42 seconds.

14:05:22: Train Epoch: 23 [0/45000 (0%)]	Loss: 0.639202
14:05:27: Train Epoch: 23 [10000/45000 (22%)]	Loss: 0.571117
14:05:33: Train Epoch: 23 [20000/45000 (44%)]	Loss: 0.391442
14:05:38: Train Epoch: 23 [30000/45000 (67%)]	Loss: 0.575312
14:05:43: Train Epoch: 23 [40000/45000 (89%)]	Loss: 0.364115
14:05:48: 
Evaluation: Average loss: 0.8987, Accuracy: 3535/5000 (70.700%)

14:05:48: Current learning rate: 0.1. Time taken for epoch: 26.36 seconds.

14:05:48: Train Epoch: 24 [0/45000 (0%)]	Loss: 0.494855
14:05:54: Train Epoch: 24 [10000/45000 (22%)]	Loss: 0.496889
14:05:59: Train Epoch: 24 [20000/45000 (44%)]	Loss: 0.432519
14:06:04: Train Epoch: 24 [30000/45000 (67%)]	Loss: 0.525098
14:06:09: Train Epoch: 24 [40000/45000 (89%)]	Loss: 0.700385
14:06:14: 
Evaluation: Average loss: 0.5931, Accuracy: 4016/5000 (80.320%)

14:06:14: Current learning rate: 0.1. Time taken for epoch: 26.54 seconds.

14:06:15: Train Epoch: 25 [0/45000 (0%)]	Loss: 0.516183
14:06:20: Train Epoch: 25 [10000/45000 (22%)]	Loss: 0.755790
14:06:26: Train Epoch: 25 [20000/45000 (44%)]	Loss: 0.345798
14:06:31: Train Epoch: 25 [30000/45000 (67%)]	Loss: 0.498178
14:06:36: Train Epoch: 25 [40000/45000 (89%)]	Loss: 0.614918
14:06:41: 
Evaluation: Average loss: 0.6576, Accuracy: 3901/5000 (78.020%)

14:06:41: Current learning rate: 0.1. Time taken for epoch: 26.43 seconds.

14:06:41: Train Epoch: 26 [0/45000 (0%)]	Loss: 0.551840
14:06:47: Train Epoch: 26 [10000/45000 (22%)]	Loss: 0.501190
14:06:52: Train Epoch: 26 [20000/45000 (44%)]	Loss: 0.465558
14:06:57: Train Epoch: 26 [30000/45000 (67%)]	Loss: 0.494249
14:07:02: Train Epoch: 26 [40000/45000 (89%)]	Loss: 0.677190
14:07:07: 
Evaluation: Average loss: 0.6353, Accuracy: 3968/5000 (79.360%)

14:07:07: Current learning rate: 0.1. Time taken for epoch: 26.58 seconds.

14:07:08: Train Epoch: 27 [0/45000 (0%)]	Loss: 0.422642
14:07:14: Train Epoch: 27 [10000/45000 (22%)]	Loss: 0.289468
14:07:19: Train Epoch: 27 [20000/45000 (44%)]	Loss: 0.356578
14:07:24: Train Epoch: 27 [30000/45000 (67%)]	Loss: 0.368890
14:07:29: Train Epoch: 27 [40000/45000 (89%)]	Loss: 0.468343
14:07:33: 
Evaluation: Average loss: 0.7145, Accuracy: 3804/5000 (76.080%)

14:07:34: Current learning rate: 0.1. Time taken for epoch: 26.36 seconds.

14:07:34: Train Epoch: 28 [0/45000 (0%)]	Loss: 0.407197
14:07:40: Train Epoch: 28 [10000/45000 (22%)]	Loss: 0.440501
14:07:45: Train Epoch: 28 [20000/45000 (44%)]	Loss: 0.780623
14:07:50: Train Epoch: 28 [30000/45000 (67%)]	Loss: 0.398156
14:07:55: Train Epoch: 28 [40000/45000 (89%)]	Loss: 0.476815
14:08:00: 
Evaluation: Average loss: 0.6506, Accuracy: 3911/5000 (78.220%)

14:08:00: Current learning rate: 0.1. Time taken for epoch: 26.34 seconds.

14:08:01: Train Epoch: 29 [0/45000 (0%)]	Loss: 0.510927
14:08:06: Train Epoch: 29 [10000/45000 (22%)]	Loss: 0.367722
14:08:11: Train Epoch: 29 [20000/45000 (44%)]	Loss: 0.486082
14:08:17: Train Epoch: 29 [30000/45000 (67%)]	Loss: 0.561258
14:08:22: Train Epoch: 29 [40000/45000 (89%)]	Loss: 0.428732
14:08:26: 
Evaluation: Average loss: 0.9142, Accuracy: 3574/5000 (71.480%)

14:08:27: Current learning rate: 0.1. Time taken for epoch: 26.66 seconds.

14:08:27: Train Epoch: 30 [0/45000 (0%)]	Loss: 0.405894
14:08:33: Train Epoch: 30 [10000/45000 (22%)]	Loss: 0.501705
14:08:38: Train Epoch: 30 [20000/45000 (44%)]	Loss: 0.332439
14:08:43: Train Epoch: 30 [30000/45000 (67%)]	Loss: 0.521296
14:08:48: Train Epoch: 30 [40000/45000 (89%)]	Loss: 0.319687
14:08:53: 
Evaluation: Average loss: 0.6572, Accuracy: 3964/5000 (79.280%)

14:08:53: Current learning rate: 0.1. Time taken for epoch: 26.51 seconds.

14:08:54: Train Epoch: 31 [0/45000 (0%)]	Loss: 0.415924
14:08:59: Train Epoch: 31 [10000/45000 (22%)]	Loss: 0.549799
14:09:05: Train Epoch: 31 [20000/45000 (44%)]	Loss: 0.481887
14:09:10: Train Epoch: 31 [30000/45000 (67%)]	Loss: 0.579239
14:09:15: Train Epoch: 31 [40000/45000 (89%)]	Loss: 0.546555
14:09:20: 
Evaluation: Average loss: 0.6408, Accuracy: 3931/5000 (78.620%)

14:09:20: Current learning rate: 0.1. Time taken for epoch: 26.61 seconds.

14:09:20: Train Epoch: 32 [0/45000 (0%)]	Loss: 0.426900
14:09:26: Train Epoch: 32 [10000/45000 (22%)]	Loss: 0.489508
14:09:31: Train Epoch: 32 [20000/45000 (44%)]	Loss: 0.393741
14:09:36: Train Epoch: 32 [30000/45000 (67%)]	Loss: 0.321875
14:09:41: Train Epoch: 32 [40000/45000 (89%)]	Loss: 0.468142
14:09:46: 
Evaluation: Average loss: 0.7396, Accuracy: 3810/5000 (76.200%)

14:09:46: Current learning rate: 0.1. Time taken for epoch: 26.43 seconds.

14:09:47: Train Epoch: 33 [0/45000 (0%)]	Loss: 0.515388
14:09:52: Train Epoch: 33 [10000/45000 (22%)]	Loss: 0.384534
14:09:57: Train Epoch: 33 [20000/45000 (44%)]	Loss: 0.566025
14:10:03: Train Epoch: 33 [30000/45000 (67%)]	Loss: 0.422692
14:10:08: Train Epoch: 33 [40000/45000 (89%)]	Loss: 0.355378
14:10:13: 
Evaluation: Average loss: 0.5661, Accuracy: 4051/5000 (81.020%)

14:10:13: Current learning rate: 0.1. Time taken for epoch: 26.63 seconds.

14:10:14: Train Epoch: 34 [0/45000 (0%)]	Loss: 0.340712
14:10:19: Train Epoch: 34 [10000/45000 (22%)]	Loss: 0.489183
14:10:24: Train Epoch: 34 [20000/45000 (44%)]	Loss: 0.379569
14:10:29: Train Epoch: 34 [30000/45000 (67%)]	Loss: 0.397883
14:10:34: Train Epoch: 34 [40000/45000 (89%)]	Loss: 0.772354
14:10:39: 
Evaluation: Average loss: 0.7688, Accuracy: 3782/5000 (75.640%)

14:10:39: Current learning rate: 0.1. Time taken for epoch: 26.45 seconds.

14:10:40: Train Epoch: 35 [0/45000 (0%)]	Loss: 0.362920
14:10:45: Train Epoch: 35 [10000/45000 (22%)]	Loss: 0.348513
14:10:51: Train Epoch: 35 [20000/45000 (44%)]	Loss: 0.357277
14:10:56: Train Epoch: 35 [30000/45000 (67%)]	Loss: 0.555577
14:11:01: Train Epoch: 35 [40000/45000 (89%)]	Loss: 0.499283
14:11:06: 
Evaluation: Average loss: 0.5582, Accuracy: 4084/5000 (81.680%)

14:11:06: Current learning rate: 0.1. Time taken for epoch: 26.47 seconds.

14:11:07: Train Epoch: 36 [0/45000 (0%)]	Loss: 0.413144
14:11:12: Train Epoch: 36 [10000/45000 (22%)]	Loss: 0.422007
14:11:17: Train Epoch: 36 [20000/45000 (44%)]	Loss: 0.535991
14:11:22: Train Epoch: 36 [30000/45000 (67%)]	Loss: 0.516229
14:11:27: Train Epoch: 36 [40000/45000 (89%)]	Loss: 0.349296
14:11:32: 
Evaluation: Average loss: 0.9772, Accuracy: 3473/5000 (69.460%)

14:11:32: Current learning rate: 0.1. Time taken for epoch: 26.23 seconds.

14:11:33: Train Epoch: 37 [0/45000 (0%)]	Loss: 0.349474
14:11:38: Train Epoch: 37 [10000/45000 (22%)]	Loss: 0.488882
14:11:43: Train Epoch: 37 [20000/45000 (44%)]	Loss: 0.352476
14:11:48: Train Epoch: 37 [30000/45000 (67%)]	Loss: 0.287643
14:11:53: Train Epoch: 37 [40000/45000 (89%)]	Loss: 0.563936
14:11:58: 
Evaluation: Average loss: 0.7800, Accuracy: 3716/5000 (74.320%)

14:11:58: Current learning rate: 0.1. Time taken for epoch: 26.12 seconds.

14:11:59: Train Epoch: 38 [0/45000 (0%)]	Loss: 0.504427
14:12:04: Train Epoch: 38 [10000/45000 (22%)]	Loss: 0.375711
14:12:09: Train Epoch: 38 [20000/45000 (44%)]	Loss: 0.529340
14:12:14: Train Epoch: 38 [30000/45000 (67%)]	Loss: 0.557186
14:12:20: Train Epoch: 38 [40000/45000 (89%)]	Loss: 0.390453
14:12:24: 
Evaluation: Average loss: 0.5732, Accuracy: 4048/5000 (80.960%)

14:12:25: Current learning rate: 0.1. Time taken for epoch: 26.32 seconds.

14:12:25: Train Epoch: 39 [0/45000 (0%)]	Loss: 0.494325
14:12:30: Train Epoch: 39 [10000/45000 (22%)]	Loss: 0.479076
14:12:36: Train Epoch: 39 [20000/45000 (44%)]	Loss: 0.563077
14:12:41: Train Epoch: 39 [30000/45000 (67%)]	Loss: 0.540267
14:12:46: Train Epoch: 39 [40000/45000 (89%)]	Loss: 0.538914
14:12:50: 
Evaluation: Average loss: 0.8237, Accuracy: 3724/5000 (74.480%)

14:12:51: Current learning rate: 0.1. Time taken for epoch: 26.17 seconds.

14:12:51: Train Epoch: 40 [0/45000 (0%)]	Loss: 0.557271
14:12:57: Train Epoch: 40 [10000/45000 (22%)]	Loss: 0.456928
14:13:02: Train Epoch: 40 [20000/45000 (44%)]	Loss: 0.358909
14:13:07: Train Epoch: 40 [30000/45000 (67%)]	Loss: 0.424882
14:13:12: Train Epoch: 40 [40000/45000 (89%)]	Loss: 0.373804
14:13:17: 
Evaluation: Average loss: 0.6464, Accuracy: 3972/5000 (79.440%)

14:13:17: Current learning rate: 0.1. Time taken for epoch: 26.30 seconds.

14:13:18: Train Epoch: 41 [0/45000 (0%)]	Loss: 0.452789
14:13:23: Train Epoch: 41 [10000/45000 (22%)]	Loss: 0.401111
14:13:28: Train Epoch: 41 [20000/45000 (44%)]	Loss: 0.635519
14:13:33: Train Epoch: 41 [30000/45000 (67%)]	Loss: 0.628497
14:13:38: Train Epoch: 41 [40000/45000 (89%)]	Loss: 0.383508
14:13:43: 
Evaluation: Average loss: 0.7209, Accuracy: 3896/5000 (77.920%)

14:13:43: Current learning rate: 0.1. Time taken for epoch: 26.11 seconds.

14:13:44: Train Epoch: 42 [0/45000 (0%)]	Loss: 0.478584
14:13:49: Train Epoch: 42 [10000/45000 (22%)]	Loss: 0.486241
14:13:54: Train Epoch: 42 [20000/45000 (44%)]	Loss: 0.306224
14:13:59: Train Epoch: 42 [30000/45000 (67%)]	Loss: 0.427047
14:14:04: Train Epoch: 42 [40000/45000 (89%)]	Loss: 0.499424
14:14:09: 
Evaluation: Average loss: 0.9655, Accuracy: 3498/5000 (69.960%)

14:14:09: Current learning rate: 0.1. Time taken for epoch: 26.34 seconds.

14:14:10: Train Epoch: 43 [0/45000 (0%)]	Loss: 0.553546
14:14:16: Train Epoch: 43 [10000/45000 (22%)]	Loss: 0.427635
14:14:21: Train Epoch: 43 [20000/45000 (44%)]	Loss: 0.392891
14:14:26: Train Epoch: 43 [30000/45000 (67%)]	Loss: 0.550541
14:14:31: Train Epoch: 43 [40000/45000 (89%)]	Loss: 0.443214
14:14:35: 
Evaluation: Average loss: 0.6002, Accuracy: 3991/5000 (79.820%)

14:14:35: Current learning rate: 0.1. Time taken for epoch: 26.01 seconds.

14:14:36: Train Epoch: 44 [0/45000 (0%)]	Loss: 0.486028
14:14:41: Train Epoch: 44 [10000/45000 (22%)]	Loss: 0.477907
14:14:46: Train Epoch: 44 [20000/45000 (44%)]	Loss: 0.444572
14:14:51: Train Epoch: 44 [30000/45000 (67%)]	Loss: 0.406361
14:14:56: Train Epoch: 44 [40000/45000 (89%)]	Loss: 0.493307
14:15:01: 
Evaluation: Average loss: 0.7589, Accuracy: 3805/5000 (76.100%)

14:15:01: Current learning rate: 0.1. Time taken for epoch: 25.79 seconds.

14:15:02: Train Epoch: 45 [0/45000 (0%)]	Loss: 0.441846
14:15:07: Train Epoch: 45 [10000/45000 (22%)]	Loss: 0.489626
14:15:13: Train Epoch: 45 [20000/45000 (44%)]	Loss: 0.372645
14:15:18: Train Epoch: 45 [30000/45000 (67%)]	Loss: 0.417668
14:15:23: Train Epoch: 45 [40000/45000 (89%)]	Loss: 0.326430
14:15:27: 
Evaluation: Average loss: 0.8936, Accuracy: 3708/5000 (74.160%)

14:15:27: Current learning rate: 0.1. Time taken for epoch: 26.18 seconds.

14:15:28: Train Epoch: 46 [0/45000 (0%)]	Loss: 0.490685
14:15:33: Train Epoch: 46 [10000/45000 (22%)]	Loss: 0.312322
14:15:38: Train Epoch: 46 [20000/45000 (44%)]	Loss: 0.412470
14:15:43: Train Epoch: 46 [30000/45000 (67%)]	Loss: 0.710172
14:15:48: Train Epoch: 46 [40000/45000 (89%)]	Loss: 0.349627
14:15:53: 
Evaluation: Average loss: 0.5666, Accuracy: 4064/5000 (81.280%)

14:15:53: Current learning rate: 0.1. Time taken for epoch: 25.77 seconds.

14:15:54: Train Epoch: 47 [0/45000 (0%)]	Loss: 0.349529
14:15:59: Train Epoch: 47 [10000/45000 (22%)]	Loss: 0.497900
14:16:04: Train Epoch: 47 [20000/45000 (44%)]	Loss: 0.456642
14:16:09: Train Epoch: 47 [30000/45000 (67%)]	Loss: 0.396758
14:16:14: Train Epoch: 47 [40000/45000 (89%)]	Loss: 0.641247
14:16:19: 
Evaluation: Average loss: 0.5963, Accuracy: 4029/5000 (80.580%)

14:16:19: Current learning rate: 0.1. Time taken for epoch: 25.99 seconds.

14:16:20: Train Epoch: 48 [0/45000 (0%)]	Loss: 0.466504
14:16:25: Train Epoch: 48 [10000/45000 (22%)]	Loss: 0.243661
14:16:30: Train Epoch: 48 [20000/45000 (44%)]	Loss: 0.618984
14:16:35: Train Epoch: 48 [30000/45000 (67%)]	Loss: 0.600519
14:16:40: Train Epoch: 48 [40000/45000 (89%)]	Loss: 0.260151
14:16:45: 
Evaluation: Average loss: 0.7846, Accuracy: 3752/5000 (75.040%)

14:16:45: Current learning rate: 0.1. Time taken for epoch: 25.85 seconds.

14:16:46: Train Epoch: 49 [0/45000 (0%)]	Loss: 0.483592
14:16:51: Train Epoch: 49 [10000/45000 (22%)]	Loss: 0.548410
14:16:56: Train Epoch: 49 [20000/45000 (44%)]	Loss: 0.314826
14:17:01: Train Epoch: 49 [30000/45000 (67%)]	Loss: 0.504815
14:17:06: Train Epoch: 49 [40000/45000 (89%)]	Loss: 0.623131
14:17:11: 
Evaluation: Average loss: 0.6350, Accuracy: 3994/5000 (79.880%)

14:17:11: Current learning rate: 0.1. Time taken for epoch: 26.02 seconds.

14:17:12: Train Epoch: 50 [0/45000 (0%)]	Loss: 0.489378
14:17:17: Train Epoch: 50 [10000/45000 (22%)]	Loss: 0.400403
14:17:22: Train Epoch: 50 [20000/45000 (44%)]	Loss: 0.360258
14:17:27: Train Epoch: 50 [30000/45000 (67%)]	Loss: 0.467781
14:17:32: Train Epoch: 50 [40000/45000 (89%)]	Loss: 0.415199
14:17:36: 
Evaluation: Average loss: 0.6872, Accuracy: 3877/5000 (77.540%)

14:17:37: Current learning rate: 0.1. Time taken for epoch: 25.62 seconds.

14:17:37: Train Epoch: 51 [0/45000 (0%)]	Loss: 0.520165
14:17:43: Train Epoch: 51 [10000/45000 (22%)]	Loss: 0.353042
14:17:48: Train Epoch: 51 [20000/45000 (44%)]	Loss: 0.416969
14:17:53: Train Epoch: 51 [30000/45000 (67%)]	Loss: 0.359828
14:17:57: Train Epoch: 51 [40000/45000 (89%)]	Loss: 0.387720
14:18:02: 
Evaluation: Average loss: 0.6175, Accuracy: 4004/5000 (80.080%)

14:18:03: Current learning rate: 0.1. Time taken for epoch: 25.87 seconds.

14:18:03: Train Epoch: 52 [0/45000 (0%)]	Loss: 0.468769
14:18:09: Train Epoch: 52 [10000/45000 (22%)]	Loss: 0.363823
14:18:14: Train Epoch: 52 [20000/45000 (44%)]	Loss: 0.458774
14:18:19: Train Epoch: 52 [30000/45000 (67%)]	Loss: 0.438357
14:18:24: Train Epoch: 52 [40000/45000 (89%)]	Loss: 0.578907
14:18:28: 
Evaluation: Average loss: 0.6333, Accuracy: 3942/5000 (78.840%)

14:18:28: Current learning rate: 0.1. Time taken for epoch: 25.76 seconds.

14:18:29: Train Epoch: 53 [0/45000 (0%)]	Loss: 0.419251
14:18:34: Train Epoch: 53 [10000/45000 (22%)]	Loss: 0.453070
14:18:39: Train Epoch: 53 [20000/45000 (44%)]	Loss: 0.380958
14:18:44: Train Epoch: 53 [30000/45000 (67%)]	Loss: 0.519002
14:18:49: Train Epoch: 53 [40000/45000 (89%)]	Loss: 0.437576
14:18:53: 
Evaluation: Average loss: 0.6161, Accuracy: 3997/5000 (79.940%)

14:18:54: Current learning rate: 0.1. Time taken for epoch: 25.44 seconds.

14:18:54: Train Epoch: 54 [0/45000 (0%)]	Loss: 0.295915
14:19:00: Train Epoch: 54 [10000/45000 (22%)]	Loss: 0.373477
14:19:05: Train Epoch: 54 [20000/45000 (44%)]	Loss: 0.342097
14:19:10: Train Epoch: 54 [30000/45000 (67%)]	Loss: 0.439634
14:19:15: Train Epoch: 54 [40000/45000 (89%)]	Loss: 0.670797
14:19:19: 
Evaluation: Average loss: 0.5792, Accuracy: 4080/5000 (81.600%)

14:19:20: Current learning rate: 0.1. Time taken for epoch: 25.79 seconds.

14:19:20: Train Epoch: 55 [0/45000 (0%)]	Loss: 0.310459
14:19:25: Train Epoch: 55 [10000/45000 (22%)]	Loss: 0.372484
14:19:30: Train Epoch: 55 [20000/45000 (44%)]	Loss: 0.377240
14:19:35: Train Epoch: 55 [30000/45000 (67%)]	Loss: 0.448387
14:19:40: Train Epoch: 55 [40000/45000 (89%)]	Loss: 0.397974
14:19:45: 
Evaluation: Average loss: 0.5343, Accuracy: 4109/5000 (82.180%)

14:19:45: Current learning rate: 0.1. Time taken for epoch: 25.47 seconds.

14:19:46: Train Epoch: 56 [0/45000 (0%)]	Loss: 0.299391
14:19:51: Train Epoch: 56 [10000/45000 (22%)]	Loss: 0.481163
14:19:56: Train Epoch: 56 [20000/45000 (44%)]	Loss: 0.478765
14:20:01: Train Epoch: 56 [30000/45000 (67%)]	Loss: 0.339681
14:20:06: Train Epoch: 56 [40000/45000 (89%)]	Loss: 0.303293
14:20:10: 
Evaluation: Average loss: 0.3108, Accuracy: 4481/5000 (89.620%)

14:20:11: Current learning rate: 0.010000000000000002. Time taken for epoch: 25.52 seconds.

14:20:11: Train Epoch: 57 [0/45000 (0%)]	Loss: 0.292494
14:20:16: Train Epoch: 57 [10000/45000 (22%)]	Loss: 0.256665
14:20:21: Train Epoch: 57 [20000/45000 (44%)]	Loss: 0.241000
14:20:26: Train Epoch: 57 [30000/45000 (67%)]	Loss: 0.166483
14:20:31: Train Epoch: 57 [40000/45000 (89%)]	Loss: 0.149798
14:20:36: 
Evaluation: Average loss: 0.2886, Accuracy: 4521/5000 (90.420%)

14:20:36: Current learning rate: 0.010000000000000002. Time taken for epoch: 25.49 seconds.

14:20:37: Train Epoch: 58 [0/45000 (0%)]	Loss: 0.216616
14:20:42: Train Epoch: 58 [10000/45000 (22%)]	Loss: 0.129097
14:20:47: Train Epoch: 58 [20000/45000 (44%)]	Loss: 0.169853
14:20:52: Train Epoch: 58 [30000/45000 (67%)]	Loss: 0.231422
14:20:57: Train Epoch: 58 [40000/45000 (89%)]	Loss: 0.168986
14:21:01: 
Evaluation: Average loss: 0.2768, Accuracy: 4540/5000 (90.800%)

14:21:02: Current learning rate: 0.010000000000000002. Time taken for epoch: 25.46 seconds.

14:21:02: Train Epoch: 59 [0/45000 (0%)]	Loss: 0.206471
14:21:07: Train Epoch: 59 [10000/45000 (22%)]	Loss: 0.189214
14:21:13: Train Epoch: 59 [20000/45000 (44%)]	Loss: 0.309076
14:21:17: Train Epoch: 59 [30000/45000 (67%)]	Loss: 0.137905
14:21:22: Train Epoch: 59 [40000/45000 (89%)]	Loss: 0.289775
14:21:27: 
Evaluation: Average loss: 0.2823, Accuracy: 4538/5000 (90.760%)

14:21:27: Current learning rate: 0.010000000000000002. Time taken for epoch: 25.67 seconds.

14:21:28: Train Epoch: 60 [0/45000 (0%)]	Loss: 0.133057
14:21:33: Train Epoch: 60 [10000/45000 (22%)]	Loss: 0.165911
14:21:38: Train Epoch: 60 [20000/45000 (44%)]	Loss: 0.147435
14:21:43: Train Epoch: 60 [30000/45000 (67%)]	Loss: 0.237274
14:21:48: Train Epoch: 60 [40000/45000 (89%)]	Loss: 0.124355
14:21:52: 
Evaluation: Average loss: 0.2766, Accuracy: 4547/5000 (90.940%)

14:21:53: Current learning rate: 0.010000000000000002. Time taken for epoch: 25.39 seconds.

14:21:53: Train Epoch: 61 [0/45000 (0%)]	Loss: 0.110291
14:21:58: Train Epoch: 61 [10000/45000 (22%)]	Loss: 0.087297
14:22:03: Train Epoch: 61 [20000/45000 (44%)]	Loss: 0.110074
14:22:08: Train Epoch: 61 [30000/45000 (67%)]	Loss: 0.230036
14:22:13: Train Epoch: 61 [40000/45000 (89%)]	Loss: 0.214740
14:22:18: 
Evaluation: Average loss: 0.2710, Accuracy: 4548/5000 (90.960%)

14:22:18: Current learning rate: 0.010000000000000002. Time taken for epoch: 25.52 seconds.

14:22:19: Train Epoch: 62 [0/45000 (0%)]	Loss: 0.089041
14:22:24: Train Epoch: 62 [10000/45000 (22%)]	Loss: 0.088827
14:22:29: Train Epoch: 62 [20000/45000 (44%)]	Loss: 0.237439
14:22:34: Train Epoch: 62 [30000/45000 (67%)]	Loss: 0.152251
14:22:39: Train Epoch: 62 [40000/45000 (89%)]	Loss: 0.264746
14:22:43: 
Evaluation: Average loss: 0.2915, Accuracy: 4513/5000 (90.260%)

14:22:43: Current learning rate: 0.010000000000000002. Time taken for epoch: 25.29 seconds.

14:22:44: Train Epoch: 63 [0/45000 (0%)]	Loss: 0.213005
14:22:49: Train Epoch: 63 [10000/45000 (22%)]	Loss: 0.157431
14:22:54: Train Epoch: 63 [20000/45000 (44%)]	Loss: 0.151487
14:22:59: Train Epoch: 63 [30000/45000 (67%)]	Loss: 0.132229
14:23:04: Train Epoch: 63 [40000/45000 (89%)]	Loss: 0.186723
14:23:09: 
Evaluation: Average loss: 0.2801, Accuracy: 4541/5000 (90.820%)

14:23:09: Current learning rate: 0.010000000000000002. Time taken for epoch: 25.50 seconds.

14:23:09: Train Epoch: 64 [0/45000 (0%)]	Loss: 0.122474
14:23:15: Train Epoch: 64 [10000/45000 (22%)]	Loss: 0.061949
14:23:20: Train Epoch: 64 [20000/45000 (44%)]	Loss: 0.063830
14:23:25: Train Epoch: 64 [30000/45000 (67%)]	Loss: 0.164246
14:23:30: Train Epoch: 64 [40000/45000 (89%)]	Loss: 0.192086
14:23:34: 
Evaluation: Average loss: 0.2877, Accuracy: 4541/5000 (90.820%)

14:23:34: Current learning rate: 0.010000000000000002. Time taken for epoch: 25.50 seconds.

14:23:35: Train Epoch: 65 [0/45000 (0%)]	Loss: 0.114440
14:23:40: Train Epoch: 65 [10000/45000 (22%)]	Loss: 0.196524
14:23:45: Train Epoch: 65 [20000/45000 (44%)]	Loss: 0.090413
14:23:50: Train Epoch: 65 [30000/45000 (67%)]	Loss: 0.148740
14:23:55: Train Epoch: 65 [40000/45000 (89%)]	Loss: 0.167928
14:23:59: 
Evaluation: Average loss: 0.2805, Accuracy: 4547/5000 (90.940%)

14:24:00: Current learning rate: 0.010000000000000002. Time taken for epoch: 25.33 seconds.

14:24:00: Train Epoch: 66 [0/45000 (0%)]	Loss: 0.057159
14:24:06: Train Epoch: 66 [10000/45000 (22%)]	Loss: 0.078916
14:24:11: Train Epoch: 66 [20000/45000 (44%)]	Loss: 0.120529
14:24:16: Train Epoch: 66 [30000/45000 (67%)]	Loss: 0.079009
14:24:21: Train Epoch: 66 [40000/45000 (89%)]	Loss: 0.076135
14:24:25: 
Evaluation: Average loss: 0.2964, Accuracy: 4527/5000 (90.540%)

14:24:26: Current learning rate: 0.010000000000000002. Time taken for epoch: 25.81 seconds.

14:24:26: Train Epoch: 67 [0/45000 (0%)]	Loss: 0.288791
14:24:31: Train Epoch: 67 [10000/45000 (22%)]	Loss: 0.156243
14:24:36: Train Epoch: 67 [20000/45000 (44%)]	Loss: 0.078007
14:24:41: Train Epoch: 67 [30000/45000 (67%)]	Loss: 0.152680
14:24:46: Train Epoch: 67 [40000/45000 (89%)]	Loss: 0.195471
14:24:51: 
Evaluation: Average loss: 0.3013, Accuracy: 4520/5000 (90.400%)

14:24:51: Current learning rate: 0.010000000000000002. Time taken for epoch: 25.38 seconds.

14:24:51: Train Epoch: 68 [0/45000 (0%)]	Loss: 0.161810
14:24:57: Train Epoch: 68 [10000/45000 (22%)]	Loss: 0.116435
14:25:02: Train Epoch: 68 [20000/45000 (44%)]	Loss: 0.124835
14:25:07: Train Epoch: 68 [30000/45000 (67%)]	Loss: 0.177774
14:25:12: Train Epoch: 68 [40000/45000 (89%)]	Loss: 0.146784
14:25:16: 
Evaluation: Average loss: 0.3001, Accuracy: 4537/5000 (90.740%)

14:25:16: Current learning rate: 0.010000000000000002. Time taken for epoch: 25.39 seconds.

14:25:17: Train Epoch: 69 [0/45000 (0%)]	Loss: 0.084094
14:25:22: Train Epoch: 69 [10000/45000 (22%)]	Loss: 0.183717
14:25:27: Train Epoch: 69 [20000/45000 (44%)]	Loss: 0.090471
14:25:32: Train Epoch: 69 [30000/45000 (67%)]	Loss: 0.100404
14:25:37: Train Epoch: 69 [40000/45000 (89%)]	Loss: 0.080280
14:25:41: 
Evaluation: Average loss: 0.3080, Accuracy: 4540/5000 (90.800%)

14:25:42: Current learning rate: 0.010000000000000002. Time taken for epoch: 25.25 seconds.

14:25:42: Train Epoch: 70 [0/45000 (0%)]	Loss: 0.065717
14:25:47: Train Epoch: 70 [10000/45000 (22%)]	Loss: 0.140144
14:25:52: Train Epoch: 70 [20000/45000 (44%)]	Loss: 0.108474
14:25:57: Train Epoch: 70 [30000/45000 (67%)]	Loss: 0.085593
14:26:02: Train Epoch: 70 [40000/45000 (89%)]	Loss: 0.130026
14:26:07: 
Evaluation: Average loss: 0.3220, Accuracy: 4496/5000 (89.920%)

14:26:07: Current learning rate: 0.010000000000000002. Time taken for epoch: 25.50 seconds.

14:26:08: Train Epoch: 71 [0/45000 (0%)]	Loss: 0.134642
14:26:13: Train Epoch: 71 [10000/45000 (22%)]	Loss: 0.119331
14:26:18: Train Epoch: 71 [20000/45000 (44%)]	Loss: 0.119140
14:26:23: Train Epoch: 71 [30000/45000 (67%)]	Loss: 0.069266
14:26:28: Train Epoch: 71 [40000/45000 (89%)]	Loss: 0.136524
14:26:32: 
Evaluation: Average loss: 0.2956, Accuracy: 4549/5000 (90.980%)

14:26:32: Current learning rate: 0.010000000000000002. Time taken for epoch: 25.38 seconds.

14:26:33: Train Epoch: 72 [0/45000 (0%)]	Loss: 0.094323
14:26:38: Train Epoch: 72 [10000/45000 (22%)]	Loss: 0.158468
14:26:43: Train Epoch: 72 [20000/45000 (44%)]	Loss: 0.067297
14:26:48: Train Epoch: 72 [30000/45000 (67%)]	Loss: 0.160720
14:26:53: Train Epoch: 72 [40000/45000 (89%)]	Loss: 0.161924
14:26:57: 
Evaluation: Average loss: 0.2986, Accuracy: 4540/5000 (90.800%)

14:26:58: Current learning rate: 0.010000000000000002. Time taken for epoch: 25.23 seconds.

14:26:58: Train Epoch: 73 [0/45000 (0%)]	Loss: 0.145154
14:27:04: Train Epoch: 73 [10000/45000 (22%)]	Loss: 0.124701
14:27:09: Train Epoch: 73 [20000/45000 (44%)]	Loss: 0.114692
14:27:14: Train Epoch: 73 [30000/45000 (67%)]	Loss: 0.095377
14:27:19: Train Epoch: 73 [40000/45000 (89%)]	Loss: 0.120036
14:27:23: 
Evaluation: Average loss: 0.3008, Accuracy: 4542/5000 (90.840%)

14:27:23: Current learning rate: 0.010000000000000002. Time taken for epoch: 25.66 seconds.

14:27:24: Train Epoch: 74 [0/45000 (0%)]	Loss: 0.118008
14:27:29: Train Epoch: 74 [10000/45000 (22%)]	Loss: 0.273856
14:27:34: Train Epoch: 74 [20000/45000 (44%)]	Loss: 0.140084
14:27:39: Train Epoch: 74 [30000/45000 (67%)]	Loss: 0.166141
14:27:44: Train Epoch: 74 [40000/45000 (89%)]	Loss: 0.166701
14:27:48: 
Evaluation: Average loss: 0.2912, Accuracy: 4544/5000 (90.880%)

14:27:49: Current learning rate: 0.010000000000000002. Time taken for epoch: 25.41 seconds.

14:27:49: Train Epoch: 75 [0/45000 (0%)]	Loss: 0.123018
14:27:55: Train Epoch: 75 [10000/45000 (22%)]	Loss: 0.131120
14:27:59: Train Epoch: 75 [20000/45000 (44%)]	Loss: 0.190599
14:28:05: Train Epoch: 75 [30000/45000 (67%)]	Loss: 0.115777
14:28:09: Train Epoch: 75 [40000/45000 (89%)]	Loss: 0.177910
14:28:14: 
Evaluation: Average loss: 0.3332, Accuracy: 4493/5000 (89.860%)

14:28:14: Current learning rate: 0.010000000000000002. Time taken for epoch: 25.41 seconds.

14:28:15: Train Epoch: 76 [0/45000 (0%)]	Loss: 0.104071
14:28:20: Train Epoch: 76 [10000/45000 (22%)]	Loss: 0.129722
14:28:25: Train Epoch: 76 [20000/45000 (44%)]	Loss: 0.175625
14:28:30: Train Epoch: 76 [30000/45000 (67%)]	Loss: 0.130124
14:28:35: Train Epoch: 76 [40000/45000 (89%)]	Loss: 0.080093
14:28:39: 
Evaluation: Average loss: 0.3258, Accuracy: 4496/5000 (89.920%)

14:28:39: Current learning rate: 0.010000000000000002. Time taken for epoch: 25.21 seconds.

14:28:40: Train Epoch: 77 [0/45000 (0%)]	Loss: 0.204513
14:28:45: Train Epoch: 77 [10000/45000 (22%)]	Loss: 0.134276
14:28:50: Train Epoch: 77 [20000/45000 (44%)]	Loss: 0.060716
14:28:55: Train Epoch: 77 [30000/45000 (67%)]	Loss: 0.166175
14:29:00: Train Epoch: 77 [40000/45000 (89%)]	Loss: 0.113486
14:29:04: 
Evaluation: Average loss: 0.2971, Accuracy: 4560/5000 (91.200%)

14:29:05: Current learning rate: 0.010000000000000002. Time taken for epoch: 25.41 seconds.

14:29:05: Train Epoch: 78 [0/45000 (0%)]	Loss: 0.069552
14:29:11: Train Epoch: 78 [10000/45000 (22%)]	Loss: 0.093390
14:29:15: Train Epoch: 78 [20000/45000 (44%)]	Loss: 0.078902
14:29:20: Train Epoch: 78 [30000/45000 (67%)]	Loss: 0.123464
14:29:25: Train Epoch: 78 [40000/45000 (89%)]	Loss: 0.119923
14:29:30: 
Evaluation: Average loss: 0.3116, Accuracy: 4526/5000 (90.520%)

14:29:30: Current learning rate: 0.010000000000000002. Time taken for epoch: 25.24 seconds.

14:29:30: Train Epoch: 79 [0/45000 (0%)]	Loss: 0.109082
14:29:36: Train Epoch: 79 [10000/45000 (22%)]	Loss: 0.123920
14:29:41: Train Epoch: 79 [20000/45000 (44%)]	Loss: 0.091768
14:29:46: Train Epoch: 79 [30000/45000 (67%)]	Loss: 0.110351
14:29:50: Train Epoch: 79 [40000/45000 (89%)]	Loss: 0.097169
14:29:55: 
Evaluation: Average loss: 0.3028, Accuracy: 4531/5000 (90.620%)

14:29:55: Current learning rate: 0.010000000000000002. Time taken for epoch: 25.20 seconds.

14:29:56: Train Epoch: 80 [0/45000 (0%)]	Loss: 0.046595
14:30:01: Train Epoch: 80 [10000/45000 (22%)]	Loss: 0.141963
14:30:06: Train Epoch: 80 [20000/45000 (44%)]	Loss: 0.123671
14:30:11: Train Epoch: 80 [30000/45000 (67%)]	Loss: 0.056900
14:30:16: Train Epoch: 80 [40000/45000 (89%)]	Loss: 0.099201
14:30:20: 
Evaluation: Average loss: 0.3377, Accuracy: 4472/5000 (89.440%)

14:30:21: Current learning rate: 0.010000000000000002. Time taken for epoch: 25.38 seconds.

14:30:21: Train Epoch: 81 [0/45000 (0%)]	Loss: 0.196603
14:30:26: Train Epoch: 81 [10000/45000 (22%)]	Loss: 0.146567
14:30:31: Train Epoch: 81 [20000/45000 (44%)]	Loss: 0.136363
14:30:36: Train Epoch: 81 [30000/45000 (67%)]	Loss: 0.183952
14:30:41: Train Epoch: 81 [40000/45000 (89%)]	Loss: 0.119319
14:30:45: 
Evaluation: Average loss: 0.3481, Accuracy: 4476/5000 (89.520%)

14:30:46: Current learning rate: 0.010000000000000002. Time taken for epoch: 25.00 seconds.

14:30:46: Train Epoch: 82 [0/45000 (0%)]	Loss: 0.137860
14:30:51: Train Epoch: 82 [10000/45000 (22%)]	Loss: 0.156844
14:30:56: Train Epoch: 82 [20000/45000 (44%)]	Loss: 0.146772
14:31:01: Train Epoch: 82 [30000/45000 (67%)]	Loss: 0.163550
14:31:06: Train Epoch: 82 [40000/45000 (89%)]	Loss: 0.055817
14:31:11: 
Evaluation: Average loss: 0.3400, Accuracy: 4507/5000 (90.140%)

14:31:11: Current learning rate: 0.010000000000000002. Time taken for epoch: 25.35 seconds.

14:31:12: Train Epoch: 83 [0/45000 (0%)]	Loss: 0.129297
14:31:17: Train Epoch: 83 [10000/45000 (22%)]	Loss: 0.025649
14:31:22: Train Epoch: 83 [20000/45000 (44%)]	Loss: 0.059034
14:31:26: Train Epoch: 83 [30000/45000 (67%)]	Loss: 0.284240
14:31:31: Train Epoch: 83 [40000/45000 (89%)]	Loss: 0.118418
14:31:36: 
Evaluation: Average loss: 0.3655, Accuracy: 4470/5000 (89.400%)

14:31:36: Current learning rate: 0.010000000000000002. Time taken for epoch: 25.03 seconds.

14:31:36: Train Epoch: 84 [0/45000 (0%)]	Loss: 0.158804
14:31:42: Train Epoch: 84 [10000/45000 (22%)]	Loss: 0.063643
14:31:46: Train Epoch: 84 [20000/45000 (44%)]	Loss: 0.097073
14:31:51: Train Epoch: 84 [30000/45000 (67%)]	Loss: 0.083521
14:31:56: Train Epoch: 84 [40000/45000 (89%)]	Loss: 0.020411
14:32:01: 
Evaluation: Average loss: 0.3299, Accuracy: 4485/5000 (89.700%)

14:32:01: Current learning rate: 0.010000000000000002. Time taken for epoch: 24.91 seconds.

14:32:01: Train Epoch: 85 [0/45000 (0%)]	Loss: 0.056148
14:32:07: Train Epoch: 85 [10000/45000 (22%)]	Loss: 0.137192
14:32:12: Train Epoch: 85 [20000/45000 (44%)]	Loss: 0.125203
14:32:17: Train Epoch: 85 [30000/45000 (67%)]	Loss: 0.113972
14:32:22: Train Epoch: 85 [40000/45000 (89%)]	Loss: 0.051907
14:32:26: 
Evaluation: Average loss: 0.3180, Accuracy: 4529/5000 (90.580%)

14:32:26: Current learning rate: 0.010000000000000002. Time taken for epoch: 25.38 seconds.

14:32:27: Train Epoch: 86 [0/45000 (0%)]	Loss: 0.065478
14:32:32: Train Epoch: 86 [10000/45000 (22%)]	Loss: 0.052996
14:32:37: Train Epoch: 86 [20000/45000 (44%)]	Loss: 0.166536
14:32:42: Train Epoch: 86 [30000/45000 (67%)]	Loss: 0.046909
14:32:47: Train Epoch: 86 [40000/45000 (89%)]	Loss: 0.083268
14:32:51: 
Evaluation: Average loss: 0.3415, Accuracy: 4487/5000 (89.740%)

14:32:51: Current learning rate: 0.010000000000000002. Time taken for epoch: 25.04 seconds.

14:32:52: Train Epoch: 87 [0/45000 (0%)]	Loss: 0.125745
14:32:57: Train Epoch: 87 [10000/45000 (22%)]	Loss: 0.094118
14:33:02: Train Epoch: 87 [20000/45000 (44%)]	Loss: 0.064586
14:33:07: Train Epoch: 87 [30000/45000 (67%)]	Loss: 0.084615
14:33:12: Train Epoch: 87 [40000/45000 (89%)]	Loss: 0.054003
14:33:16: 
Evaluation: Average loss: 0.3392, Accuracy: 4508/5000 (90.160%)

14:33:16: Current learning rate: 0.010000000000000002. Time taken for epoch: 25.16 seconds.

14:33:17: Train Epoch: 88 [0/45000 (0%)]	Loss: 0.132487
14:33:22: Train Epoch: 88 [10000/45000 (22%)]	Loss: 0.091707
14:33:27: Train Epoch: 88 [20000/45000 (44%)]	Loss: 0.145265
14:33:32: Train Epoch: 88 [30000/45000 (67%)]	Loss: 0.127608
14:33:37: Train Epoch: 88 [40000/45000 (89%)]	Loss: 0.148376
14:33:41: 
Evaluation: Average loss: 0.3674, Accuracy: 4448/5000 (88.960%)

14:33:41: Current learning rate: 0.010000000000000002. Time taken for epoch: 24.90 seconds.

14:33:42: Train Epoch: 89 [0/45000 (0%)]	Loss: 0.103735
14:33:47: Train Epoch: 89 [10000/45000 (22%)]	Loss: 0.034785
14:33:52: Train Epoch: 89 [20000/45000 (44%)]	Loss: 0.050881
14:33:57: Train Epoch: 89 [30000/45000 (67%)]	Loss: 0.121122
14:34:02: Train Epoch: 89 [40000/45000 (89%)]	Loss: 0.120631
14:34:06: 
Evaluation: Average loss: 0.3470, Accuracy: 4472/5000 (89.440%)

14:34:07: Current learning rate: 0.010000000000000002. Time taken for epoch: 25.27 seconds.

14:34:07: Train Epoch: 90 [0/45000 (0%)]	Loss: 0.133488
14:34:12: Train Epoch: 90 [10000/45000 (22%)]	Loss: 0.021312
14:34:17: Train Epoch: 90 [20000/45000 (44%)]	Loss: 0.081403
14:34:22: Train Epoch: 90 [30000/45000 (67%)]	Loss: 0.118874
14:34:27: Train Epoch: 90 [40000/45000 (89%)]	Loss: 0.210985
14:34:31: 
Evaluation: Average loss: 0.3862, Accuracy: 4445/5000 (88.900%)

14:34:32: Current learning rate: 0.010000000000000002. Time taken for epoch: 25.02 seconds.

14:34:32: Train Epoch: 91 [0/45000 (0%)]	Loss: 0.077624
14:34:37: Train Epoch: 91 [10000/45000 (22%)]	Loss: 0.064681
14:34:42: Train Epoch: 91 [20000/45000 (44%)]	Loss: 0.136795
14:34:47: Train Epoch: 91 [30000/45000 (67%)]	Loss: 0.074434
14:34:52: Train Epoch: 91 [40000/45000 (89%)]	Loss: 0.226707
14:34:56: 
Evaluation: Average loss: 0.3619, Accuracy: 4474/5000 (89.480%)

14:34:57: Current learning rate: 0.010000000000000002. Time taken for epoch: 24.98 seconds.

14:34:57: Train Epoch: 92 [0/45000 (0%)]	Loss: 0.104734
14:35:02: Train Epoch: 92 [10000/45000 (22%)]	Loss: 0.186832
14:35:07: Train Epoch: 92 [20000/45000 (44%)]	Loss: 0.069428
14:35:12: Train Epoch: 92 [30000/45000 (67%)]	Loss: 0.200592
14:35:17: Train Epoch: 92 [40000/45000 (89%)]	Loss: 0.136659
14:35:22: 
Evaluation: Average loss: 0.3192, Accuracy: 4518/5000 (90.360%)

14:35:22: Current learning rate: 0.010000000000000002. Time taken for epoch: 25.24 seconds.

14:35:23: Train Epoch: 93 [0/45000 (0%)]	Loss: 0.323116
14:35:28: Train Epoch: 93 [10000/45000 (22%)]	Loss: 0.127644
14:35:32: Train Epoch: 93 [20000/45000 (44%)]	Loss: 0.127812
14:35:37: Train Epoch: 93 [30000/45000 (67%)]	Loss: 0.119216
14:35:42: Train Epoch: 93 [40000/45000 (89%)]	Loss: 0.146595
14:35:46: 
Evaluation: Average loss: 0.2990, Accuracy: 4525/5000 (90.500%)

14:35:47: Current learning rate: 0.010000000000000002. Time taken for epoch: 24.87 seconds.

14:35:47: Train Epoch: 94 [0/45000 (0%)]	Loss: 0.095523
14:35:52: Train Epoch: 94 [10000/45000 (22%)]	Loss: 0.150132
14:35:57: Train Epoch: 94 [20000/45000 (44%)]	Loss: 0.117073
14:36:02: Train Epoch: 94 [30000/45000 (67%)]	Loss: 0.111498
14:36:07: Train Epoch: 94 [40000/45000 (89%)]	Loss: 0.114820
14:36:12: 
Evaluation: Average loss: 0.3293, Accuracy: 4500/5000 (90.000%)

14:36:12: Current learning rate: 0.010000000000000002. Time taken for epoch: 25.27 seconds.

14:36:13: Train Epoch: 95 [0/45000 (0%)]	Loss: 0.071434
14:36:18: Train Epoch: 95 [10000/45000 (22%)]	Loss: 0.173102
14:36:23: Train Epoch: 95 [20000/45000 (44%)]	Loss: 0.155838
14:36:27: Train Epoch: 95 [30000/45000 (67%)]	Loss: 0.096212
14:36:32: Train Epoch: 95 [40000/45000 (89%)]	Loss: 0.072811
14:36:37: 
Evaluation: Average loss: 0.3208, Accuracy: 4517/5000 (90.340%)

14:36:37: Current learning rate: 0.010000000000000002. Time taken for epoch: 25.03 seconds.

14:36:38: Train Epoch: 96 [0/45000 (0%)]	Loss: 0.232417
14:36:43: Train Epoch: 96 [10000/45000 (22%)]	Loss: 0.113876
14:36:48: Train Epoch: 96 [20000/45000 (44%)]	Loss: 0.057103
14:36:53: Train Epoch: 96 [30000/45000 (67%)]	Loss: 0.096114
14:36:57: Train Epoch: 96 [40000/45000 (89%)]	Loss: 0.131775
14:37:02: 
Evaluation: Average loss: 0.3237, Accuracy: 4510/5000 (90.200%)

14:37:02: Current learning rate: 0.010000000000000002. Time taken for epoch: 25.26 seconds.

14:37:03: Train Epoch: 97 [0/45000 (0%)]	Loss: 0.124027
14:37:08: Train Epoch: 97 [10000/45000 (22%)]	Loss: 0.117752
14:37:13: Train Epoch: 97 [20000/45000 (44%)]	Loss: 0.061757
14:37:18: Train Epoch: 97 [30000/45000 (67%)]	Loss: 0.109895
14:37:23: Train Epoch: 97 [40000/45000 (89%)]	Loss: 0.064199
14:37:27: 
Evaluation: Average loss: 0.3153, Accuracy: 4491/5000 (89.820%)

14:37:28: Current learning rate: 0.010000000000000002. Time taken for epoch: 25.17 seconds.

14:37:28: Train Epoch: 98 [0/45000 (0%)]	Loss: 0.062773
14:37:33: Train Epoch: 98 [10000/45000 (22%)]	Loss: 0.120422
14:37:38: Train Epoch: 98 [20000/45000 (44%)]	Loss: 0.226892
14:37:43: Train Epoch: 98 [30000/45000 (67%)]	Loss: 0.155706
14:37:48: Train Epoch: 98 [40000/45000 (89%)]	Loss: 0.271781
14:37:52: 
Evaluation: Average loss: 0.3454, Accuracy: 4511/5000 (90.220%)

14:37:53: Current learning rate: 0.010000000000000002. Time taken for epoch: 25.00 seconds.

14:37:53: Train Epoch: 99 [0/45000 (0%)]	Loss: 0.117319
14:37:58: Train Epoch: 99 [10000/45000 (22%)]	Loss: 0.089881
14:38:03: Train Epoch: 99 [20000/45000 (44%)]	Loss: 0.105557
14:38:08: Train Epoch: 99 [30000/45000 (67%)]	Loss: 0.282026
14:38:13: Train Epoch: 99 [40000/45000 (89%)]	Loss: 0.128713
14:38:18: 
Evaluation: Average loss: 0.3476, Accuracy: 4476/5000 (89.520%)

14:38:18: Current learning rate: 0.010000000000000002. Time taken for epoch: 25.34 seconds.

14:38:18: Train Epoch: 100 [0/45000 (0%)]	Loss: 0.120441
14:38:24: Train Epoch: 100 [10000/45000 (22%)]	Loss: 0.109111
14:38:28: Train Epoch: 100 [20000/45000 (44%)]	Loss: 0.140660
14:38:33: Train Epoch: 100 [30000/45000 (67%)]	Loss: 0.097271
14:38:38: Train Epoch: 100 [40000/45000 (89%)]	Loss: 0.127294
14:38:42: 
Evaluation: Average loss: 0.3403, Accuracy: 4474/5000 (89.480%)

14:38:43: Current learning rate: 0.010000000000000002. Time taken for epoch: 24.82 seconds.

14:38:45: 
Test evaluation: Average loss: 0.3434, Accuracy: 8960/10000 (89.600%)

14:38:45: 
Iteration end: 1/1

