19:28:08: Namespace(batch_size=100, bench=True, data='cifar', decay_frequency=25000, decay_schedule='cosine', dense=True, density=1.0, epochs=100, fp16=False, growth='momentum', iters=1, l1=0.0, l2=0.0005, log_interval=100, lr=0.1, max_threads=10, model='vgg-d', momentum=0.9, no_cuda=False, optimizer='sgd', prune='magnitude', prune_rate=0.7, redistribution='momentum', resume=None, save_features=False, save_model='./models/model.pt', seed=17, start_epoch=1, test_batch_size=100, valid_split=0.1, verbose=True)
19:28:08: 


19:28:08: ================================================================================
19:28:08: 
Iteration start: 1/1

19:28:27: VGG16(
  (features): Sequential(
    (0): Conv2d(3, 64, kernel_size=(3, 3), stride=(1, 1), padding=(1, 1))
    (1): BatchNorm2d(64, eps=1e-05, momentum=0.1, affine=True, track_running_stats=True)
    (2): ReLU(inplace=True)
    (3): Conv2d(64, 64, kernel_size=(3, 3), stride=(1, 1), padding=(1, 1))
    (4): BatchNorm2d(64, eps=1e-05, momentum=0.1, affine=True, track_running_stats=True)
    (5): ReLU(inplace=True)
    (6): MaxPool2d(kernel_size=2, stride=2, padding=0, dilation=1, ceil_mode=False)
    (7): Conv2d(64, 128, kernel_size=(3, 3), stride=(1, 1), padding=(1, 1))
    (8): BatchNorm2d(128, eps=1e-05, momentum=0.1, affine=True, track_running_stats=True)
    (9): ReLU(inplace=True)
    (10): Conv2d(128, 128, kernel_size=(3, 3), stride=(1, 1), padding=(1, 1))
    (11): BatchNorm2d(128, eps=1e-05, momentum=0.1, affine=True, track_running_stats=True)
    (12): ReLU(inplace=True)
    (13): MaxPool2d(kernel_size=2, stride=2, padding=0, dilation=1, ceil_mode=False)
    (14): Conv2d(128, 256, kernel_size=(3, 3), stride=(1, 1), padding=(1, 1))
    (15): BatchNorm2d(256, eps=1e-05, momentum=0.1, affine=True, track_running_stats=True)
    (16): ReLU(inplace=True)
    (17): Conv2d(256, 256, kernel_size=(3, 3), stride=(1, 1), padding=(1, 1))
    (18): BatchNorm2d(256, eps=1e-05, momentum=0.1, affine=True, track_running_stats=True)
    (19): ReLU(inplace=True)
    (20): Conv2d(256, 256, kernel_size=(3, 3), stride=(1, 1), padding=(1, 1))
    (21): BatchNorm2d(256, eps=1e-05, momentum=0.1, affine=True, track_running_stats=True)
    (22): ReLU(inplace=True)
    (23): MaxPool2d(kernel_size=2, stride=2, padding=0, dilation=1, ceil_mode=False)
    (24): Conv2d(256, 512, kernel_size=(3, 3), stride=(1, 1), padding=(1, 1))
    (25): BatchNorm2d(512, eps=1e-05, momentum=0.1, affine=True, track_running_stats=True)
    (26): ReLU(inplace=True)
    (27): Conv2d(512, 512, kernel_size=(3, 3), stride=(1, 1), padding=(1, 1))
    (28): BatchNorm2d(512, eps=1e-05, momentum=0.1, affine=True, track_running_stats=True)
    (29): ReLU(inplace=True)
    (30): Conv2d(512, 512, kernel_size=(3, 3), stride=(1, 1), padding=(1, 1))
    (31): BatchNorm2d(512, eps=1e-05, momentum=0.1, affine=True, track_running_stats=True)
    (32): ReLU(inplace=True)
    (33): MaxPool2d(kernel_size=2, stride=2, padding=0, dilation=1, ceil_mode=False)
    (34): Conv2d(512, 512, kernel_size=(3, 3), stride=(1, 1), padding=(1, 1))
    (35): BatchNorm2d(512, eps=1e-05, momentum=0.1, affine=True, track_running_stats=True)
    (36): ReLU(inplace=True)
    (37): Conv2d(512, 512, kernel_size=(3, 3), stride=(1, 1), padding=(1, 1))
    (38): BatchNorm2d(512, eps=1e-05, momentum=0.1, affine=True, track_running_stats=True)
    (39): ReLU(inplace=True)
    (40): Conv2d(512, 512, kernel_size=(3, 3), stride=(1, 1), padding=(1, 1))
    (41): BatchNorm2d(512, eps=1e-05, momentum=0.1, affine=True, track_running_stats=True)
    (42): ReLU(inplace=True)
    (43): MaxPool2d(kernel_size=2, stride=2, padding=0, dilation=1, ceil_mode=False)
  )
  (classifier): Sequential(
    (0): Linear(in_features=512, out_features=512, bias=True)
    (1): ReLU(inplace=True)
    (2): BatchNorm1d(512, eps=1e-05, momentum=0.1, affine=True, track_running_stats=True)
    (3): Linear(in_features=512, out_features=512, bias=True)
    (4): ReLU(inplace=True)
    (5): BatchNorm1d(512, eps=1e-05, momentum=0.1, affine=True, track_running_stats=True)
    (6): Linear(in_features=512, out_features=10, bias=True)
  )
)
19:28:27: ============================================================
19:28:27: vgg-d
19:28:27: ============================================================
19:28:27: ============================================================
19:28:27: Prune mode: magnitude
19:28:27: Growth mode: momentum
19:28:27: Redistribution mode: momentum
19:28:27: ============================================================
19:28:28: Train Epoch: 1 [0/45000 (0%)]	Loss: 2.493264
19:28:33: Train Epoch: 1 [10000/45000 (22%)]	Loss: 2.738365
19:28:38: Train Epoch: 1 [20000/45000 (44%)]	Loss: 2.167743
19:28:43: Train Epoch: 1 [30000/45000 (67%)]	Loss: 1.905293
19:28:48: Train Epoch: 1 [40000/45000 (89%)]	Loss: 2.082934
19:28:53: 
Evaluation: Average loss: 1.8016, Accuracy: 1380/5000 (27.600%)

19:28:53: Current learning rate: 0.1. Time taken for epoch: 26.72 seconds.

19:28:54: Train Epoch: 2 [0/45000 (0%)]	Loss: 1.963365
19:29:00: Train Epoch: 2 [10000/45000 (22%)]	Loss: 1.778294
19:29:05: Train Epoch: 2 [20000/45000 (44%)]	Loss: 1.846153
19:29:10: Train Epoch: 2 [30000/45000 (67%)]	Loss: 1.707611
19:29:15: Train Epoch: 2 [40000/45000 (89%)]	Loss: 1.485055
19:29:20: 
Evaluation: Average loss: 1.5862, Accuracy: 1896/5000 (37.920%)

19:29:20: Current learning rate: 0.1. Time taken for epoch: 26.50 seconds.

19:29:20: Train Epoch: 3 [0/45000 (0%)]	Loss: 1.751657
19:29:26: Train Epoch: 3 [10000/45000 (22%)]	Loss: 1.451386
19:29:31: Train Epoch: 3 [20000/45000 (44%)]	Loss: 1.523886
19:29:36: Train Epoch: 3 [30000/45000 (67%)]	Loss: 1.360425
19:29:41: Train Epoch: 3 [40000/45000 (89%)]	Loss: 1.441209
19:29:46: 
Evaluation: Average loss: 1.4708, Accuracy: 2321/5000 (46.420%)

19:29:46: Current learning rate: 0.1. Time taken for epoch: 26.11 seconds.

19:29:47: Train Epoch: 4 [0/45000 (0%)]	Loss: 1.335889
19:29:52: Train Epoch: 4 [10000/45000 (22%)]	Loss: 1.214372
19:29:57: Train Epoch: 4 [20000/45000 (44%)]	Loss: 1.326009
19:30:03: Train Epoch: 4 [30000/45000 (67%)]	Loss: 1.140544
19:30:08: Train Epoch: 4 [40000/45000 (89%)]	Loss: 1.482177
19:30:12: 
Evaluation: Average loss: 1.4156, Accuracy: 2502/5000 (50.040%)

19:30:12: Current learning rate: 0.1. Time taken for epoch: 26.35 seconds.

19:30:13: Train Epoch: 5 [0/45000 (0%)]	Loss: 0.961799
19:30:18: Train Epoch: 5 [10000/45000 (22%)]	Loss: 1.221135
19:30:23: Train Epoch: 5 [20000/45000 (44%)]	Loss: 1.167456
19:30:28: Train Epoch: 5 [30000/45000 (67%)]	Loss: 0.968255
19:30:34: Train Epoch: 5 [40000/45000 (89%)]	Loss: 1.132036
19:30:38: 
Evaluation: Average loss: 1.2306, Accuracy: 2884/5000 (57.680%)

19:30:38: Current learning rate: 0.1. Time taken for epoch: 25.89 seconds.

19:30:39: Train Epoch: 6 [0/45000 (0%)]	Loss: 0.949157
19:30:44: Train Epoch: 6 [10000/45000 (22%)]	Loss: 1.067495
19:30:49: Train Epoch: 6 [20000/45000 (44%)]	Loss: 0.831528
19:30:55: Train Epoch: 6 [30000/45000 (67%)]	Loss: 0.812659
19:31:00: Train Epoch: 6 [40000/45000 (89%)]	Loss: 0.916204
19:31:05: 
Evaluation: Average loss: 0.9318, Accuracy: 3399/5000 (67.980%)

19:31:05: Current learning rate: 0.1. Time taken for epoch: 26.83 seconds.

19:31:06: Train Epoch: 7 [0/45000 (0%)]	Loss: 1.020432
19:31:11: Train Epoch: 7 [10000/45000 (22%)]	Loss: 0.943190
19:31:16: Train Epoch: 7 [20000/45000 (44%)]	Loss: 0.812050
19:31:21: Train Epoch: 7 [30000/45000 (67%)]	Loss: 0.786579
19:31:26: Train Epoch: 7 [40000/45000 (89%)]	Loss: 0.844572
19:31:31: 
Evaluation: Average loss: 1.1472, Accuracy: 3060/5000 (61.200%)

19:31:31: Current learning rate: 0.1. Time taken for epoch: 25.95 seconds.

19:31:32: Train Epoch: 8 [0/45000 (0%)]	Loss: 0.824685
19:31:37: Train Epoch: 8 [10000/45000 (22%)]	Loss: 0.654951
19:31:42: Train Epoch: 8 [20000/45000 (44%)]	Loss: 0.881126
19:31:47: Train Epoch: 8 [30000/45000 (67%)]	Loss: 1.029469
19:31:53: Train Epoch: 8 [40000/45000 (89%)]	Loss: 0.794186
19:31:57: 
Evaluation: Average loss: 0.8877, Accuracy: 3558/5000 (71.160%)

19:31:58: Current learning rate: 0.1. Time taken for epoch: 26.65 seconds.

19:31:58: Train Epoch: 9 [0/45000 (0%)]	Loss: 0.743898
19:32:04: Train Epoch: 9 [10000/45000 (22%)]	Loss: 0.914530
19:32:09: Train Epoch: 9 [20000/45000 (44%)]	Loss: 0.716129
19:32:14: Train Epoch: 9 [30000/45000 (67%)]	Loss: 0.685407
19:32:19: Train Epoch: 9 [40000/45000 (89%)]	Loss: 0.694855
19:32:24: 
Evaluation: Average loss: 0.7867, Accuracy: 3705/5000 (74.100%)

19:32:24: Current learning rate: 0.1. Time taken for epoch: 26.39 seconds.

19:32:24: Train Epoch: 10 [0/45000 (0%)]	Loss: 0.758604
19:32:30: Train Epoch: 10 [10000/45000 (22%)]	Loss: 0.733068
19:32:35: Train Epoch: 10 [20000/45000 (44%)]	Loss: 0.870073
19:32:40: Train Epoch: 10 [30000/45000 (67%)]	Loss: 1.005277
19:32:45: Train Epoch: 10 [40000/45000 (89%)]	Loss: 0.851800
19:32:50: 
Evaluation: Average loss: 0.9543, Accuracy: 3459/5000 (69.180%)

19:32:50: Current learning rate: 0.1. Time taken for epoch: 26.17 seconds.

19:32:51: Train Epoch: 11 [0/45000 (0%)]	Loss: 0.680628
19:32:56: Train Epoch: 11 [10000/45000 (22%)]	Loss: 0.834070
19:33:02: Train Epoch: 11 [20000/45000 (44%)]	Loss: 0.732154
19:33:07: Train Epoch: 11 [30000/45000 (67%)]	Loss: 0.533085
19:33:12: Train Epoch: 11 [40000/45000 (89%)]	Loss: 0.669626
19:33:17: 
Evaluation: Average loss: 1.0216, Accuracy: 3336/5000 (66.720%)

19:33:17: Current learning rate: 0.1. Time taken for epoch: 26.70 seconds.

19:33:17: Train Epoch: 12 [0/45000 (0%)]	Loss: 0.712650
19:33:23: Train Epoch: 12 [10000/45000 (22%)]	Loss: 0.631942
19:33:28: Train Epoch: 12 [20000/45000 (44%)]	Loss: 0.727243
19:33:33: Train Epoch: 12 [30000/45000 (67%)]	Loss: 0.717468
19:33:38: Train Epoch: 12 [40000/45000 (89%)]	Loss: 0.808683
19:33:43: 
Evaluation: Average loss: 0.8370, Accuracy: 3662/5000 (73.240%)

19:33:43: Current learning rate: 0.1. Time taken for epoch: 26.40 seconds.

19:33:44: Train Epoch: 13 [0/45000 (0%)]	Loss: 0.693306
19:33:49: Train Epoch: 13 [10000/45000 (22%)]	Loss: 0.706110
19:33:55: Train Epoch: 13 [20000/45000 (44%)]	Loss: 0.818164
19:34:00: Train Epoch: 13 [30000/45000 (67%)]	Loss: 0.884984
19:34:05: Train Epoch: 13 [40000/45000 (89%)]	Loss: 0.536444
19:34:10: 
Evaluation: Average loss: 0.7781, Accuracy: 3695/5000 (73.900%)

19:34:10: Current learning rate: 0.1. Time taken for epoch: 26.61 seconds.

19:34:11: Train Epoch: 14 [0/45000 (0%)]	Loss: 0.561677
19:34:16: Train Epoch: 14 [10000/45000 (22%)]	Loss: 0.791149
19:34:21: Train Epoch: 14 [20000/45000 (44%)]	Loss: 0.559130
19:34:26: Train Epoch: 14 [30000/45000 (67%)]	Loss: 0.565443
19:34:31: Train Epoch: 14 [40000/45000 (89%)]	Loss: 0.552625
19:34:36: 
Evaluation: Average loss: 0.8967, Accuracy: 3448/5000 (68.960%)

19:34:36: Current learning rate: 0.1. Time taken for epoch: 26.10 seconds.

19:34:37: Train Epoch: 15 [0/45000 (0%)]	Loss: 0.605419
19:34:42: Train Epoch: 15 [10000/45000 (22%)]	Loss: 0.637814
19:34:47: Train Epoch: 15 [20000/45000 (44%)]	Loss: 0.453116
19:34:53: Train Epoch: 15 [30000/45000 (67%)]	Loss: 0.576446
19:34:58: Train Epoch: 15 [40000/45000 (89%)]	Loss: 0.605671
19:35:03: 
Evaluation: Average loss: 0.8644, Accuracy: 3549/5000 (70.980%)

19:35:03: Current learning rate: 0.1. Time taken for epoch: 26.90 seconds.

19:35:04: Train Epoch: 16 [0/45000 (0%)]	Loss: 0.577202
19:35:09: Train Epoch: 16 [10000/45000 (22%)]	Loss: 0.597375
19:35:14: Train Epoch: 16 [20000/45000 (44%)]	Loss: 0.586226
19:35:19: Train Epoch: 16 [30000/45000 (67%)]	Loss: 0.601786
19:35:24: Train Epoch: 16 [40000/45000 (89%)]	Loss: 0.787172
19:35:29: 
Evaluation: Average loss: 0.8669, Accuracy: 3620/5000 (72.400%)

19:35:29: Current learning rate: 0.1. Time taken for epoch: 26.11 seconds.

19:35:30: Train Epoch: 17 [0/45000 (0%)]	Loss: 0.571058
19:35:35: Train Epoch: 17 [10000/45000 (22%)]	Loss: 0.606778
19:35:40: Train Epoch: 17 [20000/45000 (44%)]	Loss: 0.552147
19:35:45: Train Epoch: 17 [30000/45000 (67%)]	Loss: 0.610719
19:35:50: Train Epoch: 17 [40000/45000 (89%)]	Loss: 0.614529
19:35:55: 
Evaluation: Average loss: 0.7492, Accuracy: 3771/5000 (75.420%)

19:35:55: Current learning rate: 0.1. Time taken for epoch: 26.30 seconds.

19:35:56: Train Epoch: 18 [0/45000 (0%)]	Loss: 0.617111
19:36:02: Train Epoch: 18 [10000/45000 (22%)]	Loss: 0.510923
19:36:07: Train Epoch: 18 [20000/45000 (44%)]	Loss: 0.559936
19:36:12: Train Epoch: 18 [30000/45000 (67%)]	Loss: 0.774619
19:36:17: Train Epoch: 18 [40000/45000 (89%)]	Loss: 0.594095
19:36:22: 
Evaluation: Average loss: 0.8835, Accuracy: 3587/5000 (71.740%)

19:36:22: Current learning rate: 0.1. Time taken for epoch: 26.73 seconds.

19:36:23: Train Epoch: 19 [0/45000 (0%)]	Loss: 0.578244
19:36:28: Train Epoch: 19 [10000/45000 (22%)]	Loss: 0.408513
19:36:33: Train Epoch: 19 [20000/45000 (44%)]	Loss: 0.813416
19:36:38: Train Epoch: 19 [30000/45000 (67%)]	Loss: 0.589641
19:36:43: Train Epoch: 19 [40000/45000 (89%)]	Loss: 0.504046
19:36:48: 
Evaluation: Average loss: 0.7187, Accuracy: 3856/5000 (77.120%)

19:36:48: Current learning rate: 0.1. Time taken for epoch: 26.23 seconds.

19:36:49: Train Epoch: 20 [0/45000 (0%)]	Loss: 0.655626
19:36:54: Train Epoch: 20 [10000/45000 (22%)]	Loss: 0.424118
19:37:00: Train Epoch: 20 [20000/45000 (44%)]	Loss: 0.694585
19:37:05: Train Epoch: 20 [30000/45000 (67%)]	Loss: 0.515053
19:37:10: Train Epoch: 20 [40000/45000 (89%)]	Loss: 0.674632
19:37:15: 
Evaluation: Average loss: 0.7334, Accuracy: 3817/5000 (76.340%)

19:37:15: Current learning rate: 0.1. Time taken for epoch: 26.62 seconds.

19:37:15: Train Epoch: 21 [0/45000 (0%)]	Loss: 0.675015
19:37:21: Train Epoch: 21 [10000/45000 (22%)]	Loss: 0.675165
19:37:26: Train Epoch: 21 [20000/45000 (44%)]	Loss: 0.544697
19:37:31: Train Epoch: 21 [30000/45000 (67%)]	Loss: 0.832709
19:37:36: Train Epoch: 21 [40000/45000 (89%)]	Loss: 0.654217
19:37:41: 
Evaluation: Average loss: 0.6747, Accuracy: 3898/5000 (77.960%)

19:37:41: Current learning rate: 0.1. Time taken for epoch: 26.33 seconds.

19:37:42: Train Epoch: 22 [0/45000 (0%)]	Loss: 0.520183
19:37:47: Train Epoch: 22 [10000/45000 (22%)]	Loss: 0.514409
19:37:53: Train Epoch: 22 [20000/45000 (44%)]	Loss: 0.617631
19:37:58: Train Epoch: 22 [30000/45000 (67%)]	Loss: 0.578194
19:38:03: Train Epoch: 22 [40000/45000 (89%)]	Loss: 0.628963
19:38:08: 
Evaluation: Average loss: 0.7535, Accuracy: 3799/5000 (75.980%)

19:38:08: Current learning rate: 0.1. Time taken for epoch: 26.97 seconds.

19:38:09: Train Epoch: 23 [0/45000 (0%)]	Loss: 0.622728
19:38:14: Train Epoch: 23 [10000/45000 (22%)]	Loss: 0.630768
19:38:19: Train Epoch: 23 [20000/45000 (44%)]	Loss: 0.664174
19:38:25: Train Epoch: 23 [30000/45000 (67%)]	Loss: 0.542975
19:38:30: Train Epoch: 23 [40000/45000 (89%)]	Loss: 0.488577
19:38:34: 
Evaluation: Average loss: 0.6968, Accuracy: 3871/5000 (77.420%)

19:38:35: Current learning rate: 0.1. Time taken for epoch: 26.26 seconds.

19:38:35: Train Epoch: 24 [0/45000 (0%)]	Loss: 0.513802
19:38:40: Train Epoch: 24 [10000/45000 (22%)]	Loss: 0.490813
19:38:46: Train Epoch: 24 [20000/45000 (44%)]	Loss: 0.538498
19:38:51: Train Epoch: 24 [30000/45000 (67%)]	Loss: 0.435380
19:38:56: Train Epoch: 24 [40000/45000 (89%)]	Loss: 0.612956
19:39:01: 
Evaluation: Average loss: 0.7226, Accuracy: 3820/5000 (76.400%)

19:39:01: Current learning rate: 0.1. Time taken for epoch: 26.91 seconds.

19:39:02: Train Epoch: 25 [0/45000 (0%)]	Loss: 0.557977
19:39:07: Train Epoch: 25 [10000/45000 (22%)]	Loss: 0.633355
19:39:13: Train Epoch: 25 [20000/45000 (44%)]	Loss: 0.490038
19:39:18: Train Epoch: 25 [30000/45000 (67%)]	Loss: 0.618815
19:39:23: Train Epoch: 25 [40000/45000 (89%)]	Loss: 0.434685
19:39:28: 
Evaluation: Average loss: 0.7921, Accuracy: 3721/5000 (74.420%)

19:39:28: Current learning rate: 0.1. Time taken for epoch: 26.44 seconds.

19:39:28: Train Epoch: 26 [0/45000 (0%)]	Loss: 0.562804
19:39:34: Train Epoch: 26 [10000/45000 (22%)]	Loss: 0.768419
19:39:39: Train Epoch: 26 [20000/45000 (44%)]	Loss: 0.460446
19:39:44: Train Epoch: 26 [30000/45000 (67%)]	Loss: 0.742818
19:39:49: Train Epoch: 26 [40000/45000 (89%)]	Loss: 0.685259
19:39:54: 
Evaluation: Average loss: 0.7530, Accuracy: 3777/5000 (75.540%)

19:39:54: Current learning rate: 0.1. Time taken for epoch: 26.51 seconds.

19:39:55: Train Epoch: 27 [0/45000 (0%)]	Loss: 0.461147
19:40:01: Train Epoch: 27 [10000/45000 (22%)]	Loss: 0.635155
19:40:06: Train Epoch: 27 [20000/45000 (44%)]	Loss: 0.627344
19:40:11: Train Epoch: 27 [30000/45000 (67%)]	Loss: 0.660746
19:40:16: Train Epoch: 27 [40000/45000 (89%)]	Loss: 0.503107
19:40:21: 
Evaluation: Average loss: 0.7214, Accuracy: 3837/5000 (76.740%)

19:40:21: Current learning rate: 0.1. Time taken for epoch: 26.73 seconds.

19:40:22: Train Epoch: 28 [0/45000 (0%)]	Loss: 0.691393
19:40:27: Train Epoch: 28 [10000/45000 (22%)]	Loss: 0.563081
19:40:32: Train Epoch: 28 [20000/45000 (44%)]	Loss: 0.410928
19:40:38: Train Epoch: 28 [30000/45000 (67%)]	Loss: 0.589348
19:40:43: Train Epoch: 28 [40000/45000 (89%)]	Loss: 0.481074
19:40:47: 
Evaluation: Average loss: 0.7329, Accuracy: 3784/5000 (75.680%)

19:40:48: Current learning rate: 0.1. Time taken for epoch: 26.56 seconds.

19:40:48: Train Epoch: 29 [0/45000 (0%)]	Loss: 0.423425
19:40:54: Train Epoch: 29 [10000/45000 (22%)]	Loss: 0.564791
19:40:59: Train Epoch: 29 [20000/45000 (44%)]	Loss: 0.512702
19:41:05: Train Epoch: 29 [30000/45000 (67%)]	Loss: 0.609033
19:41:10: Train Epoch: 29 [40000/45000 (89%)]	Loss: 0.634735
19:41:14: 
Evaluation: Average loss: 0.8910, Accuracy: 3479/5000 (69.580%)

19:41:14: Current learning rate: 0.1. Time taken for epoch: 26.79 seconds.

19:41:15: Train Epoch: 30 [0/45000 (0%)]	Loss: 0.550075
19:41:20: Train Epoch: 30 [10000/45000 (22%)]	Loss: 0.775420
19:41:26: Train Epoch: 30 [20000/45000 (44%)]	Loss: 0.553968
19:41:31: Train Epoch: 30 [30000/45000 (67%)]	Loss: 0.729862
19:41:36: Train Epoch: 30 [40000/45000 (89%)]	Loss: 0.662097
19:41:41: 
Evaluation: Average loss: 0.6541, Accuracy: 3952/5000 (79.040%)

19:41:41: Current learning rate: 0.1. Time taken for epoch: 26.51 seconds.

19:41:42: Train Epoch: 31 [0/45000 (0%)]	Loss: 0.771778
19:41:47: Train Epoch: 31 [10000/45000 (22%)]	Loss: 0.514604
19:41:53: Train Epoch: 31 [20000/45000 (44%)]	Loss: 0.403601
19:41:58: Train Epoch: 31 [30000/45000 (67%)]	Loss: 0.495670
19:42:03: Train Epoch: 31 [40000/45000 (89%)]	Loss: 0.663564
19:42:08: 
Evaluation: Average loss: 0.7410, Accuracy: 3840/5000 (76.800%)

19:42:08: Current learning rate: 0.1. Time taken for epoch: 27.13 seconds.

19:42:09: Train Epoch: 32 [0/45000 (0%)]	Loss: 0.431618
19:42:14: Train Epoch: 32 [10000/45000 (22%)]	Loss: 0.650993
19:42:19: Train Epoch: 32 [20000/45000 (44%)]	Loss: 0.404506
19:42:24: Train Epoch: 32 [30000/45000 (67%)]	Loss: 0.522452
19:42:30: Train Epoch: 32 [40000/45000 (89%)]	Loss: 0.325610
19:42:34: 
Evaluation: Average loss: 0.6919, Accuracy: 3909/5000 (78.180%)

19:42:34: Current learning rate: 0.1. Time taken for epoch: 26.36 seconds.

19:42:35: Train Epoch: 33 [0/45000 (0%)]	Loss: 0.391515
19:42:40: Train Epoch: 33 [10000/45000 (22%)]	Loss: 0.591015
19:42:46: Train Epoch: 33 [20000/45000 (44%)]	Loss: 0.532971
19:42:51: Train Epoch: 33 [30000/45000 (67%)]	Loss: 0.474166
19:42:56: Train Epoch: 33 [40000/45000 (89%)]	Loss: 0.678126
19:43:01: 
Evaluation: Average loss: 0.8101, Accuracy: 3756/5000 (75.120%)

19:43:02: Current learning rate: 0.1. Time taken for epoch: 27.17 seconds.

19:43:02: Train Epoch: 34 [0/45000 (0%)]	Loss: 0.655395
19:43:08: Train Epoch: 34 [10000/45000 (22%)]	Loss: 0.538464
19:43:13: Train Epoch: 34 [20000/45000 (44%)]	Loss: 0.640904
19:43:18: Train Epoch: 34 [30000/45000 (67%)]	Loss: 0.397328
19:43:23: Train Epoch: 34 [40000/45000 (89%)]	Loss: 0.604788
19:43:28: 
Evaluation: Average loss: 0.7064, Accuracy: 3925/5000 (78.500%)

19:43:28: Current learning rate: 0.1. Time taken for epoch: 26.53 seconds.

19:43:29: Train Epoch: 35 [0/45000 (0%)]	Loss: 0.461705
19:43:34: Train Epoch: 35 [10000/45000 (22%)]	Loss: 0.622514
19:43:39: Train Epoch: 35 [20000/45000 (44%)]	Loss: 0.601327
19:43:45: Train Epoch: 35 [30000/45000 (67%)]	Loss: 0.416607
19:43:50: Train Epoch: 35 [40000/45000 (89%)]	Loss: 0.416740
19:43:55: 
Evaluation: Average loss: 0.8832, Accuracy: 3583/5000 (71.660%)

19:43:55: Current learning rate: 0.1. Time taken for epoch: 26.68 seconds.

19:43:55: Train Epoch: 36 [0/45000 (0%)]	Loss: 0.410348
19:44:01: Train Epoch: 36 [10000/45000 (22%)]	Loss: 0.588602
19:44:06: Train Epoch: 36 [20000/45000 (44%)]	Loss: 0.436902
19:44:12: Train Epoch: 36 [30000/45000 (67%)]	Loss: 0.491088
19:44:17: Train Epoch: 36 [40000/45000 (89%)]	Loss: 0.620781
19:44:21: 
Evaluation: Average loss: 0.8045, Accuracy: 3756/5000 (75.120%)

19:44:22: Current learning rate: 0.1. Time taken for epoch: 26.77 seconds.

19:44:22: Train Epoch: 37 [0/45000 (0%)]	Loss: 0.564511
19:44:28: Train Epoch: 37 [10000/45000 (22%)]	Loss: 0.587036
19:44:33: Train Epoch: 37 [20000/45000 (44%)]	Loss: 0.433252
19:44:38: Train Epoch: 37 [30000/45000 (67%)]	Loss: 0.600356
19:44:44: Train Epoch: 37 [40000/45000 (89%)]	Loss: 0.417604
19:44:48: 
Evaluation: Average loss: 0.7155, Accuracy: 3875/5000 (77.500%)

19:44:48: Current learning rate: 0.1. Time taken for epoch: 26.86 seconds.

19:44:49: Train Epoch: 38 [0/45000 (0%)]	Loss: 0.643673
19:44:55: Train Epoch: 38 [10000/45000 (22%)]	Loss: 0.414572
19:45:00: Train Epoch: 38 [20000/45000 (44%)]	Loss: 0.486018
19:45:05: Train Epoch: 38 [30000/45000 (67%)]	Loss: 0.501603
19:45:11: Train Epoch: 38 [40000/45000 (89%)]	Loss: 0.434206
19:45:15: 
Evaluation: Average loss: 0.6449, Accuracy: 3953/5000 (79.060%)

19:45:15: Current learning rate: 0.1. Time taken for epoch: 26.90 seconds.

19:45:16: Train Epoch: 39 [0/45000 (0%)]	Loss: 0.434180
19:45:21: Train Epoch: 39 [10000/45000 (22%)]	Loss: 0.440408
19:45:27: Train Epoch: 39 [20000/45000 (44%)]	Loss: 0.588286
19:45:32: Train Epoch: 39 [30000/45000 (67%)]	Loss: 0.623798
19:45:37: Train Epoch: 39 [40000/45000 (89%)]	Loss: 0.407333
19:45:42: 
Evaluation: Average loss: 0.6815, Accuracy: 3947/5000 (78.940%)

19:45:42: Current learning rate: 0.1. Time taken for epoch: 26.40 seconds.

19:45:42: Train Epoch: 40 [0/45000 (0%)]	Loss: 0.324913
19:45:48: Train Epoch: 40 [10000/45000 (22%)]	Loss: 0.545465
19:45:53: Train Epoch: 40 [20000/45000 (44%)]	Loss: 0.475454
19:45:59: Train Epoch: 40 [30000/45000 (67%)]	Loss: 0.379956
19:46:04: Train Epoch: 40 [40000/45000 (89%)]	Loss: 0.651712
19:46:09: 
Evaluation: Average loss: 0.8258, Accuracy: 3685/5000 (73.700%)

19:46:09: Current learning rate: 0.1. Time taken for epoch: 27.18 seconds.

19:46:10: Train Epoch: 41 [0/45000 (0%)]	Loss: 0.532223
19:46:15: Train Epoch: 41 [10000/45000 (22%)]	Loss: 0.374010
19:46:20: Train Epoch: 41 [20000/45000 (44%)]	Loss: 0.442320
19:46:25: Train Epoch: 41 [30000/45000 (67%)]	Loss: 0.476988
19:46:31: Train Epoch: 41 [40000/45000 (89%)]	Loss: 0.658300
19:46:35: 
Evaluation: Average loss: 0.7879, Accuracy: 3792/5000 (75.840%)

19:46:35: Current learning rate: 0.1. Time taken for epoch: 26.37 seconds.

19:46:36: Train Epoch: 42 [0/45000 (0%)]	Loss: 0.503543
19:46:41: Train Epoch: 42 [10000/45000 (22%)]	Loss: 0.571443
19:46:47: Train Epoch: 42 [20000/45000 (44%)]	Loss: 0.438378
19:46:52: Train Epoch: 42 [30000/45000 (67%)]	Loss: 0.451502
19:46:57: Train Epoch: 42 [40000/45000 (89%)]	Loss: 0.760240
19:47:02: 
Evaluation: Average loss: 0.9150, Accuracy: 3596/5000 (71.920%)

19:47:03: Current learning rate: 0.1. Time taken for epoch: 27.22 seconds.

19:47:03: Train Epoch: 43 [0/45000 (0%)]	Loss: 0.542723
19:47:09: Train Epoch: 43 [10000/45000 (22%)]	Loss: 0.756185
19:47:14: Train Epoch: 43 [20000/45000 (44%)]	Loss: 0.481475
19:47:19: Train Epoch: 43 [30000/45000 (67%)]	Loss: 0.352988
19:47:24: Train Epoch: 43 [40000/45000 (89%)]	Loss: 0.426310
19:47:29: 
Evaluation: Average loss: 0.7140, Accuracy: 3885/5000 (77.700%)

19:47:29: Current learning rate: 0.1. Time taken for epoch: 26.28 seconds.

19:47:29: Train Epoch: 44 [0/45000 (0%)]	Loss: 0.485714
19:47:35: Train Epoch: 44 [10000/45000 (22%)]	Loss: 0.757217
19:47:40: Train Epoch: 44 [20000/45000 (44%)]	Loss: 0.563468
19:47:45: Train Epoch: 44 [30000/45000 (67%)]	Loss: 0.591509
19:47:50: Train Epoch: 44 [40000/45000 (89%)]	Loss: 0.423791
19:47:55: 
Evaluation: Average loss: 0.8064, Accuracy: 3724/5000 (74.480%)

19:47:56: Current learning rate: 0.1. Time taken for epoch: 26.72 seconds.

19:47:56: Train Epoch: 45 [0/45000 (0%)]	Loss: 0.453180
19:48:02: Train Epoch: 45 [10000/45000 (22%)]	Loss: 0.324073
19:48:07: Train Epoch: 45 [20000/45000 (44%)]	Loss: 0.530193
19:48:12: Train Epoch: 45 [30000/45000 (67%)]	Loss: 0.464921
19:48:17: Train Epoch: 45 [40000/45000 (89%)]	Loss: 0.454517
19:48:22: 
Evaluation: Average loss: 0.8540, Accuracy: 3644/5000 (72.880%)

19:48:22: Current learning rate: 0.1. Time taken for epoch: 26.85 seconds.

19:48:23: Train Epoch: 46 [0/45000 (0%)]	Loss: 0.437140
19:48:29: Train Epoch: 46 [10000/45000 (22%)]	Loss: 0.283888
19:48:34: Train Epoch: 46 [20000/45000 (44%)]	Loss: 0.407466
19:48:39: Train Epoch: 46 [30000/45000 (67%)]	Loss: 0.583597
19:48:44: Train Epoch: 46 [40000/45000 (89%)]	Loss: 0.402294
19:48:49: 
Evaluation: Average loss: 0.6267, Accuracy: 4004/5000 (80.080%)

19:48:49: Current learning rate: 0.1. Time taken for epoch: 26.73 seconds.

19:48:50: Train Epoch: 47 [0/45000 (0%)]	Loss: 0.388796
19:48:55: Train Epoch: 47 [10000/45000 (22%)]	Loss: 0.552594
19:49:01: Train Epoch: 47 [20000/45000 (44%)]	Loss: 0.591502
19:49:06: Train Epoch: 47 [30000/45000 (67%)]	Loss: 0.502781
19:49:11: Train Epoch: 47 [40000/45000 (89%)]	Loss: 0.473004
19:49:16: 
Evaluation: Average loss: 0.6634, Accuracy: 3928/5000 (78.560%)

19:49:16: Current learning rate: 0.1. Time taken for epoch: 26.94 seconds.

19:49:17: Train Epoch: 48 [0/45000 (0%)]	Loss: 0.588897
19:49:22: Train Epoch: 48 [10000/45000 (22%)]	Loss: 0.632419
19:49:27: Train Epoch: 48 [20000/45000 (44%)]	Loss: 0.513613
19:49:32: Train Epoch: 48 [30000/45000 (67%)]	Loss: 0.439476
19:49:38: Train Epoch: 48 [40000/45000 (89%)]	Loss: 0.571517
19:49:43: 
Evaluation: Average loss: 0.6880, Accuracy: 3857/5000 (77.140%)

19:49:43: Current learning rate: 0.1. Time taken for epoch: 26.72 seconds.

19:49:43: Train Epoch: 49 [0/45000 (0%)]	Loss: 0.494711
19:49:49: Train Epoch: 49 [10000/45000 (22%)]	Loss: 0.389176
19:49:54: Train Epoch: 49 [20000/45000 (44%)]	Loss: 0.288203
19:50:00: Train Epoch: 49 [30000/45000 (67%)]	Loss: 0.636332
19:50:05: Train Epoch: 49 [40000/45000 (89%)]	Loss: 0.495779
19:50:10: 
Evaluation: Average loss: 0.7137, Accuracy: 3870/5000 (77.400%)

19:50:10: Current learning rate: 0.1. Time taken for epoch: 27.10 seconds.

19:50:10: Train Epoch: 50 [0/45000 (0%)]	Loss: 0.396432
19:50:16: Train Epoch: 50 [10000/45000 (22%)]	Loss: 0.494774
19:50:21: Train Epoch: 50 [20000/45000 (44%)]	Loss: 0.366170
19:50:26: Train Epoch: 50 [30000/45000 (67%)]	Loss: 0.612155
19:50:32: Train Epoch: 50 [40000/45000 (89%)]	Loss: 0.569686
19:50:36: 
Evaluation: Average loss: 0.7897, Accuracy: 3764/5000 (75.280%)

19:50:36: Current learning rate: 0.1. Time taken for epoch: 26.53 seconds.

19:50:37: Train Epoch: 51 [0/45000 (0%)]	Loss: 0.527204
19:50:43: Train Epoch: 51 [10000/45000 (22%)]	Loss: 0.488856
19:50:48: Train Epoch: 51 [20000/45000 (44%)]	Loss: 0.643502
19:50:53: Train Epoch: 51 [30000/45000 (67%)]	Loss: 0.382344
19:50:58: Train Epoch: 51 [40000/45000 (89%)]	Loss: 0.607961
19:51:03: 
Evaluation: Average loss: 0.7487, Accuracy: 3851/5000 (77.020%)

19:51:04: Current learning rate: 0.1. Time taken for epoch: 27.12 seconds.

19:51:04: Train Epoch: 52 [0/45000 (0%)]	Loss: 0.423782
19:51:10: Train Epoch: 52 [10000/45000 (22%)]	Loss: 0.467963
19:51:15: Train Epoch: 52 [20000/45000 (44%)]	Loss: 0.466358
19:51:20: Train Epoch: 52 [30000/45000 (67%)]	Loss: 0.523340
19:51:25: Train Epoch: 52 [40000/45000 (89%)]	Loss: 0.424672
19:51:30: 
Evaluation: Average loss: 0.6430, Accuracy: 3958/5000 (79.160%)

19:51:30: Current learning rate: 0.1. Time taken for epoch: 26.60 seconds.

19:51:31: Train Epoch: 53 [0/45000 (0%)]	Loss: 0.630442
19:51:36: Train Epoch: 53 [10000/45000 (22%)]	Loss: 0.542686
19:51:41: Train Epoch: 53 [20000/45000 (44%)]	Loss: 0.473857
19:51:47: Train Epoch: 53 [30000/45000 (67%)]	Loss: 0.518329
19:51:52: Train Epoch: 53 [40000/45000 (89%)]	Loss: 0.629640
19:51:57: 
Evaluation: Average loss: 0.6981, Accuracy: 3901/5000 (78.020%)

19:51:57: Current learning rate: 0.1. Time taken for epoch: 26.88 seconds.

19:51:58: Train Epoch: 54 [0/45000 (0%)]	Loss: 0.459808
19:52:03: Train Epoch: 54 [10000/45000 (22%)]	Loss: 0.585447
19:52:09: Train Epoch: 54 [20000/45000 (44%)]	Loss: 0.613035
19:52:14: Train Epoch: 54 [30000/45000 (67%)]	Loss: 0.686377
19:52:19: Train Epoch: 54 [40000/45000 (89%)]	Loss: 0.531025
19:52:24: 
Evaluation: Average loss: 0.6108, Accuracy: 4020/5000 (80.400%)

19:52:24: Current learning rate: 0.1. Time taken for epoch: 26.85 seconds.

19:52:25: Train Epoch: 55 [0/45000 (0%)]	Loss: 0.461751
19:52:30: Train Epoch: 55 [10000/45000 (22%)]	Loss: 0.450263
19:52:35: Train Epoch: 55 [20000/45000 (44%)]	Loss: 0.641395
19:52:40: Train Epoch: 55 [30000/45000 (67%)]	Loss: 0.535713
19:52:46: Train Epoch: 55 [40000/45000 (89%)]	Loss: 0.583221
19:52:50: 
Evaluation: Average loss: 0.8184, Accuracy: 3752/5000 (75.040%)

19:52:51: Current learning rate: 0.1. Time taken for epoch: 26.78 seconds.

19:52:52: Train Epoch: 56 [0/45000 (0%)]	Loss: 0.637814
19:52:57: Train Epoch: 56 [10000/45000 (22%)]	Loss: 0.675442
19:53:03: Train Epoch: 56 [20000/45000 (44%)]	Loss: 0.624259
19:53:08: Train Epoch: 56 [30000/45000 (67%)]	Loss: 0.442422
19:53:13: Train Epoch: 56 [40000/45000 (89%)]	Loss: 0.327921
19:53:18: 
Evaluation: Average loss: 0.3618, Accuracy: 4413/5000 (88.260%)

19:53:18: Current learning rate: 0.010000000000000002. Time taken for epoch: 27.48 seconds.

19:53:19: Train Epoch: 57 [0/45000 (0%)]	Loss: 0.413992
19:53:24: Train Epoch: 57 [10000/45000 (22%)]	Loss: 0.302298
19:53:30: Train Epoch: 57 [20000/45000 (44%)]	Loss: 0.217336
19:53:35: Train Epoch: 57 [30000/45000 (67%)]	Loss: 0.249647
19:53:40: Train Epoch: 57 [40000/45000 (89%)]	Loss: 0.256847
19:53:45: 
Evaluation: Average loss: 0.3061, Accuracy: 4505/5000 (90.100%)

19:53:45: Current learning rate: 0.010000000000000002. Time taken for epoch: 27.00 seconds.

19:53:46: Train Epoch: 58 [0/45000 (0%)]	Loss: 0.239046
19:53:51: Train Epoch: 58 [10000/45000 (22%)]	Loss: 0.214281
19:53:57: Train Epoch: 58 [20000/45000 (44%)]	Loss: 0.268195
19:54:02: Train Epoch: 58 [30000/45000 (67%)]	Loss: 0.383276
19:54:08: Train Epoch: 58 [40000/45000 (89%)]	Loss: 0.224920
19:54:12: 
Evaluation: Average loss: 0.3077, Accuracy: 4496/5000 (89.920%)

19:54:12: Current learning rate: 0.010000000000000002. Time taken for epoch: 27.35 seconds.

19:54:13: Train Epoch: 59 [0/45000 (0%)]	Loss: 0.221585
19:54:18: Train Epoch: 59 [10000/45000 (22%)]	Loss: 0.273591
19:54:24: Train Epoch: 59 [20000/45000 (44%)]	Loss: 0.192742
19:54:29: Train Epoch: 59 [30000/45000 (67%)]	Loss: 0.256204
19:54:34: Train Epoch: 59 [40000/45000 (89%)]	Loss: 0.215788
19:54:39: 
Evaluation: Average loss: 0.2999, Accuracy: 4512/5000 (90.240%)

19:54:39: Current learning rate: 0.010000000000000002. Time taken for epoch: 26.62 seconds.

19:54:40: Train Epoch: 60 [0/45000 (0%)]	Loss: 0.181613
19:54:45: Train Epoch: 60 [10000/45000 (22%)]	Loss: 0.258289
19:54:51: Train Epoch: 60 [20000/45000 (44%)]	Loss: 0.308584
19:54:56: Train Epoch: 60 [30000/45000 (67%)]	Loss: 0.141906
19:55:02: Train Epoch: 60 [40000/45000 (89%)]	Loss: 0.228982
19:55:07: 
Evaluation: Average loss: 0.2917, Accuracy: 4545/5000 (90.900%)

19:55:07: Current learning rate: 0.010000000000000002. Time taken for epoch: 27.85 seconds.

19:55:08: Train Epoch: 61 [0/45000 (0%)]	Loss: 0.196472
19:55:13: Train Epoch: 61 [10000/45000 (22%)]	Loss: 0.229545
19:55:18: Train Epoch: 61 [20000/45000 (44%)]	Loss: 0.216667
19:55:24: Train Epoch: 61 [30000/45000 (67%)]	Loss: 0.194583
19:55:29: Train Epoch: 61 [40000/45000 (89%)]	Loss: 0.200591
19:55:34: 
Evaluation: Average loss: 0.2818, Accuracy: 4558/5000 (91.160%)

19:55:34: Current learning rate: 0.010000000000000002. Time taken for epoch: 26.88 seconds.

19:55:34: Train Epoch: 62 [0/45000 (0%)]	Loss: 0.193022
19:55:40: Train Epoch: 62 [10000/45000 (22%)]	Loss: 0.088977
19:55:45: Train Epoch: 62 [20000/45000 (44%)]	Loss: 0.197569
19:55:50: Train Epoch: 62 [30000/45000 (67%)]	Loss: 0.185181
19:55:56: Train Epoch: 62 [40000/45000 (89%)]	Loss: 0.117557
19:56:01: 
Evaluation: Average loss: 0.2981, Accuracy: 4531/5000 (90.620%)

19:56:01: Current learning rate: 0.010000000000000002. Time taken for epoch: 27.32 seconds.

19:56:02: Train Epoch: 63 [0/45000 (0%)]	Loss: 0.289091
19:56:07: Train Epoch: 63 [10000/45000 (22%)]	Loss: 0.170296
19:56:12: Train Epoch: 63 [20000/45000 (44%)]	Loss: 0.052890
19:56:18: Train Epoch: 63 [30000/45000 (67%)]	Loss: 0.089323
19:56:23: Train Epoch: 63 [40000/45000 (89%)]	Loss: 0.280601
19:56:28: 
Evaluation: Average loss: 0.2876, Accuracy: 4556/5000 (91.120%)

19:56:28: Current learning rate: 0.010000000000000002. Time taken for epoch: 26.80 seconds.

19:56:28: Train Epoch: 64 [0/45000 (0%)]	Loss: 0.114707
19:56:34: Train Epoch: 64 [10000/45000 (22%)]	Loss: 0.150043
19:56:39: Train Epoch: 64 [20000/45000 (44%)]	Loss: 0.290646
19:56:45: Train Epoch: 64 [30000/45000 (67%)]	Loss: 0.331193
19:56:50: Train Epoch: 64 [40000/45000 (89%)]	Loss: 0.158294
19:56:55: 
Evaluation: Average loss: 0.3089, Accuracy: 4524/5000 (90.480%)

19:56:55: Current learning rate: 0.010000000000000002. Time taken for epoch: 27.10 seconds.

19:56:56: Train Epoch: 65 [0/45000 (0%)]	Loss: 0.074704
19:57:02: Train Epoch: 65 [10000/45000 (22%)]	Loss: 0.230376
19:57:07: Train Epoch: 65 [20000/45000 (44%)]	Loss: 0.296496
19:57:12: Train Epoch: 65 [30000/45000 (67%)]	Loss: 0.125784
19:57:17: Train Epoch: 65 [40000/45000 (89%)]	Loss: 0.104356
19:57:22: 
Evaluation: Average loss: 0.3018, Accuracy: 4545/5000 (90.900%)

19:57:22: Current learning rate: 0.010000000000000002. Time taken for epoch: 27.32 seconds.

19:57:23: Train Epoch: 66 [0/45000 (0%)]	Loss: 0.176284
19:57:29: Train Epoch: 66 [10000/45000 (22%)]	Loss: 0.106874
19:57:34: Train Epoch: 66 [20000/45000 (44%)]	Loss: 0.175179
19:57:39: Train Epoch: 66 [30000/45000 (67%)]	Loss: 0.130881
19:57:45: Train Epoch: 66 [40000/45000 (89%)]	Loss: 0.084574
19:57:49: 
Evaluation: Average loss: 0.3070, Accuracy: 4543/5000 (90.860%)

19:57:49: Current learning rate: 0.010000000000000002. Time taken for epoch: 27.14 seconds.

19:57:50: Train Epoch: 67 [0/45000 (0%)]	Loss: 0.145313
19:57:56: Train Epoch: 67 [10000/45000 (22%)]	Loss: 0.115402
19:58:01: Train Epoch: 67 [20000/45000 (44%)]	Loss: 0.119154
19:58:07: Train Epoch: 67 [30000/45000 (67%)]	Loss: 0.150913
19:58:12: Train Epoch: 67 [40000/45000 (89%)]	Loss: 0.158067
19:58:17: 
Evaluation: Average loss: 0.3306, Accuracy: 4511/5000 (90.220%)

19:58:17: Current learning rate: 0.010000000000000002. Time taken for epoch: 27.33 seconds.

19:58:18: Train Epoch: 68 [0/45000 (0%)]	Loss: 0.079986
19:58:23: Train Epoch: 68 [10000/45000 (22%)]	Loss: 0.050295
19:58:28: Train Epoch: 68 [20000/45000 (44%)]	Loss: 0.135058
19:58:33: Train Epoch: 68 [30000/45000 (67%)]	Loss: 0.128665
19:58:39: Train Epoch: 68 [40000/45000 (89%)]	Loss: 0.180326
19:58:44: 
Evaluation: Average loss: 0.3041, Accuracy: 4543/5000 (90.860%)

19:58:44: Current learning rate: 0.010000000000000002. Time taken for epoch: 26.92 seconds.

19:58:44: Train Epoch: 69 [0/45000 (0%)]	Loss: 0.156882
19:58:50: Train Epoch: 69 [10000/45000 (22%)]	Loss: 0.134820
19:58:55: Train Epoch: 69 [20000/45000 (44%)]	Loss: 0.066632
19:59:01: Train Epoch: 69 [30000/45000 (67%)]	Loss: 0.185595
19:59:06: Train Epoch: 69 [40000/45000 (89%)]	Loss: 0.184252
19:59:11: 
Evaluation: Average loss: 0.3077, Accuracy: 4529/5000 (90.580%)

19:59:11: Current learning rate: 0.010000000000000002. Time taken for epoch: 27.44 seconds.

19:59:12: Train Epoch: 70 [0/45000 (0%)]	Loss: 0.124426
19:59:17: Train Epoch: 70 [10000/45000 (22%)]	Loss: 0.068650
19:59:23: Train Epoch: 70 [20000/45000 (44%)]	Loss: 0.096816
19:59:28: Train Epoch: 70 [30000/45000 (67%)]	Loss: 0.217930
19:59:33: Train Epoch: 70 [40000/45000 (89%)]	Loss: 0.194906
19:59:38: 
Evaluation: Average loss: 0.3192, Accuracy: 4543/5000 (90.860%)

19:59:38: Current learning rate: 0.010000000000000002. Time taken for epoch: 26.75 seconds.

19:59:38: Train Epoch: 71 [0/45000 (0%)]	Loss: 0.064314
19:59:44: Train Epoch: 71 [10000/45000 (22%)]	Loss: 0.128483
19:59:49: Train Epoch: 71 [20000/45000 (44%)]	Loss: 0.206686
19:59:55: Train Epoch: 71 [30000/45000 (67%)]	Loss: 0.097301
20:00:00: Train Epoch: 71 [40000/45000 (89%)]	Loss: 0.158627
20:00:05: 
Evaluation: Average loss: 0.3330, Accuracy: 4514/5000 (90.280%)

20:00:06: Current learning rate: 0.010000000000000002. Time taken for epoch: 27.67 seconds.

20:00:06: Train Epoch: 72 [0/45000 (0%)]	Loss: 0.141755
20:00:12: Train Epoch: 72 [10000/45000 (22%)]	Loss: 0.074210
20:00:17: Train Epoch: 72 [20000/45000 (44%)]	Loss: 0.150084
20:00:22: Train Epoch: 72 [30000/45000 (67%)]	Loss: 0.185867
20:00:28: Train Epoch: 72 [40000/45000 (89%)]	Loss: 0.160620
20:00:32: 
Evaluation: Average loss: 0.2934, Accuracy: 4569/5000 (91.380%)

20:00:32: Current learning rate: 0.010000000000000002. Time taken for epoch: 26.88 seconds.

20:00:33: Train Epoch: 73 [0/45000 (0%)]	Loss: 0.163775
20:00:39: Train Epoch: 73 [10000/45000 (22%)]	Loss: 0.149893
20:00:44: Train Epoch: 73 [20000/45000 (44%)]	Loss: 0.121068
20:00:49: Train Epoch: 73 [30000/45000 (67%)]	Loss: 0.184968
20:00:55: Train Epoch: 73 [40000/45000 (89%)]	Loss: 0.135747
20:00:59: 
Evaluation: Average loss: 0.3363, Accuracy: 4504/5000 (90.080%)

20:01:00: Current learning rate: 0.010000000000000002. Time taken for epoch: 27.16 seconds.

20:01:00: Train Epoch: 74 [0/45000 (0%)]	Loss: 0.086918
20:01:06: Train Epoch: 74 [10000/45000 (22%)]	Loss: 0.110528
20:01:11: Train Epoch: 74 [20000/45000 (44%)]	Loss: 0.174686
20:01:17: Train Epoch: 74 [30000/45000 (67%)]	Loss: 0.245355
20:01:22: Train Epoch: 74 [40000/45000 (89%)]	Loss: 0.172846
20:01:27: 
Evaluation: Average loss: 0.3364, Accuracy: 4521/5000 (90.420%)

20:01:27: Current learning rate: 0.010000000000000002. Time taken for epoch: 27.19 seconds.

20:01:27: Train Epoch: 75 [0/45000 (0%)]	Loss: 0.165906
20:01:33: Train Epoch: 75 [10000/45000 (22%)]	Loss: 0.127111
20:01:38: Train Epoch: 75 [20000/45000 (44%)]	Loss: 0.089944
20:01:44: Train Epoch: 75 [30000/45000 (67%)]	Loss: 0.112981
20:01:49: Train Epoch: 75 [40000/45000 (89%)]	Loss: 0.262544
20:01:54: 
Evaluation: Average loss: 0.3741, Accuracy: 4479/5000 (89.580%)

20:01:54: Current learning rate: 0.010000000000000002. Time taken for epoch: 27.21 seconds.

20:01:55: Train Epoch: 76 [0/45000 (0%)]	Loss: 0.086939
20:02:00: Train Epoch: 76 [10000/45000 (22%)]	Loss: 0.136121
20:02:06: Train Epoch: 76 [20000/45000 (44%)]	Loss: 0.114531
20:02:11: Train Epoch: 76 [30000/45000 (67%)]	Loss: 0.186075
20:02:16: Train Epoch: 76 [40000/45000 (89%)]	Loss: 0.138094
20:02:21: 
Evaluation: Average loss: 0.3211, Accuracy: 4538/5000 (90.760%)

20:02:21: Current learning rate: 0.010000000000000002. Time taken for epoch: 26.86 seconds.

20:02:21: Train Epoch: 77 [0/45000 (0%)]	Loss: 0.037132
20:02:27: Train Epoch: 77 [10000/45000 (22%)]	Loss: 0.208990
20:02:32: Train Epoch: 77 [20000/45000 (44%)]	Loss: 0.112435
20:02:37: Train Epoch: 77 [30000/45000 (67%)]	Loss: 0.080345
20:02:43: Train Epoch: 77 [40000/45000 (89%)]	Loss: 0.200050
20:02:48: 
Evaluation: Average loss: 0.3729, Accuracy: 4451/5000 (89.020%)

20:02:48: Current learning rate: 0.010000000000000002. Time taken for epoch: 26.81 seconds.

20:02:48: Train Epoch: 78 [0/45000 (0%)]	Loss: 0.217175
20:02:54: Train Epoch: 78 [10000/45000 (22%)]	Loss: 0.143766
20:02:59: Train Epoch: 78 [20000/45000 (44%)]	Loss: 0.085597
20:03:05: Train Epoch: 78 [30000/45000 (67%)]	Loss: 0.194936
20:03:10: Train Epoch: 78 [40000/45000 (89%)]	Loss: 0.088715
20:03:15: 
Evaluation: Average loss: 0.3527, Accuracy: 4515/5000 (90.300%)

20:03:15: Current learning rate: 0.010000000000000002. Time taken for epoch: 27.22 seconds.

20:03:16: Train Epoch: 79 [0/45000 (0%)]	Loss: 0.092269
20:03:21: Train Epoch: 79 [10000/45000 (22%)]	Loss: 0.160737
20:03:26: Train Epoch: 79 [20000/45000 (44%)]	Loss: 0.117367
20:03:31: Train Epoch: 79 [30000/45000 (67%)]	Loss: 0.114900
20:03:37: Train Epoch: 79 [40000/45000 (89%)]	Loss: 0.103430
20:03:41: 
Evaluation: Average loss: 0.3411, Accuracy: 4517/5000 (90.340%)

20:03:42: Current learning rate: 0.010000000000000002. Time taken for epoch: 26.65 seconds.

20:03:42: Train Epoch: 80 [0/45000 (0%)]	Loss: 0.112353
20:03:48: Train Epoch: 80 [10000/45000 (22%)]	Loss: 0.135690
20:03:53: Train Epoch: 80 [20000/45000 (44%)]	Loss: 0.048623
20:03:59: Train Epoch: 80 [30000/45000 (67%)]	Loss: 0.090794
20:04:04: Train Epoch: 80 [40000/45000 (89%)]	Loss: 0.157976
20:04:09: 
Evaluation: Average loss: 0.3646, Accuracy: 4481/5000 (89.620%)

20:04:09: Current learning rate: 0.010000000000000002. Time taken for epoch: 27.29 seconds.

20:04:10: Train Epoch: 81 [0/45000 (0%)]	Loss: 0.076106
20:04:15: Train Epoch: 81 [10000/45000 (22%)]	Loss: 0.146995
20:04:20: Train Epoch: 81 [20000/45000 (44%)]	Loss: 0.203159
20:04:25: Train Epoch: 81 [30000/45000 (67%)]	Loss: 0.115008
20:04:31: Train Epoch: 81 [40000/45000 (89%)]	Loss: 0.142165
20:04:35: 
Evaluation: Average loss: 0.3613, Accuracy: 4495/5000 (89.900%)

20:04:35: Current learning rate: 0.010000000000000002. Time taken for epoch: 26.56 seconds.

20:04:36: Train Epoch: 82 [0/45000 (0%)]	Loss: 0.101119
20:04:42: Train Epoch: 82 [10000/45000 (22%)]	Loss: 0.110308
20:04:47: Train Epoch: 82 [20000/45000 (44%)]	Loss: 0.129099
20:04:52: Train Epoch: 82 [30000/45000 (67%)]	Loss: 0.093282
20:04:58: Train Epoch: 82 [40000/45000 (89%)]	Loss: 0.200002
20:05:03: 
Evaluation: Average loss: 0.3602, Accuracy: 4479/5000 (89.580%)

20:05:03: Current learning rate: 0.010000000000000002. Time taken for epoch: 27.29 seconds.

20:05:03: Train Epoch: 83 [0/45000 (0%)]	Loss: 0.178920
20:05:09: Train Epoch: 83 [10000/45000 (22%)]	Loss: 0.137117
20:05:14: Train Epoch: 83 [20000/45000 (44%)]	Loss: 0.078538
20:05:19: Train Epoch: 83 [30000/45000 (67%)]	Loss: 0.122842
20:05:25: Train Epoch: 83 [40000/45000 (89%)]	Loss: 0.152772
20:05:29: 
Evaluation: Average loss: 0.3583, Accuracy: 4492/5000 (89.840%)

20:05:29: Current learning rate: 0.010000000000000002. Time taken for epoch: 26.70 seconds.

20:05:30: Train Epoch: 84 [0/45000 (0%)]	Loss: 0.159186
20:05:35: Train Epoch: 84 [10000/45000 (22%)]	Loss: 0.114966
20:05:41: Train Epoch: 84 [20000/45000 (44%)]	Loss: 0.108040
20:05:46: Train Epoch: 84 [30000/45000 (67%)]	Loss: 0.117340
20:05:51: Train Epoch: 84 [40000/45000 (89%)]	Loss: 0.140518
20:05:56: 
Evaluation: Average loss: 0.4105, Accuracy: 4408/5000 (88.160%)

20:05:57: Current learning rate: 0.010000000000000002. Time taken for epoch: 27.10 seconds.

20:05:57: Train Epoch: 85 [0/45000 (0%)]	Loss: 0.156487
20:06:03: Train Epoch: 85 [10000/45000 (22%)]	Loss: 0.153541
20:06:08: Train Epoch: 85 [20000/45000 (44%)]	Loss: 0.192729
20:06:13: Train Epoch: 85 [30000/45000 (67%)]	Loss: 0.086936
20:06:18: Train Epoch: 85 [40000/45000 (89%)]	Loss: 0.174442
20:06:23: 
Evaluation: Average loss: 0.3790, Accuracy: 4470/5000 (89.400%)

20:06:23: Current learning rate: 0.010000000000000002. Time taken for epoch: 26.75 seconds.

20:06:24: Train Epoch: 86 [0/45000 (0%)]	Loss: 0.140819
20:06:29: Train Epoch: 86 [10000/45000 (22%)]	Loss: 0.120136
20:06:34: Train Epoch: 86 [20000/45000 (44%)]	Loss: 0.067781
20:06:40: Train Epoch: 86 [30000/45000 (67%)]	Loss: 0.082783
20:06:45: Train Epoch: 86 [40000/45000 (89%)]	Loss: 0.116719
20:06:50: 
Evaluation: Average loss: 0.3452, Accuracy: 4488/5000 (89.760%)

20:06:50: Current learning rate: 0.010000000000000002. Time taken for epoch: 26.60 seconds.

20:06:51: Train Epoch: 87 [0/45000 (0%)]	Loss: 0.155248
20:06:56: Train Epoch: 87 [10000/45000 (22%)]	Loss: 0.154050
20:07:02: Train Epoch: 87 [20000/45000 (44%)]	Loss: 0.076583
20:07:07: Train Epoch: 87 [30000/45000 (67%)]	Loss: 0.175631
20:07:12: Train Epoch: 87 [40000/45000 (89%)]	Loss: 0.083028
20:07:17: 
Evaluation: Average loss: 0.3889, Accuracy: 4446/5000 (88.920%)

20:07:17: Current learning rate: 0.010000000000000002. Time taken for epoch: 26.99 seconds.

20:07:18: Train Epoch: 88 [0/45000 (0%)]	Loss: 0.095340
20:07:23: Train Epoch: 88 [10000/45000 (22%)]	Loss: 0.137911
20:07:28: Train Epoch: 88 [20000/45000 (44%)]	Loss: 0.136747
20:07:33: Train Epoch: 88 [30000/45000 (67%)]	Loss: 0.119529
20:07:39: Train Epoch: 88 [40000/45000 (89%)]	Loss: 0.113745
20:07:43: 
Evaluation: Average loss: 0.3635, Accuracy: 4462/5000 (89.240%)

20:07:44: Current learning rate: 0.010000000000000002. Time taken for epoch: 26.79 seconds.

20:07:44: Train Epoch: 89 [0/45000 (0%)]	Loss: 0.244031
20:07:50: Train Epoch: 89 [10000/45000 (22%)]	Loss: 0.147150
20:07:55: Train Epoch: 89 [20000/45000 (44%)]	Loss: 0.035435
20:08:01: Train Epoch: 89 [30000/45000 (67%)]	Loss: 0.115779
20:08:06: Train Epoch: 89 [40000/45000 (89%)]	Loss: 0.044979
20:08:11: 
Evaluation: Average loss: 0.3520, Accuracy: 4490/5000 (89.800%)

20:08:11: Current learning rate: 0.010000000000000002. Time taken for epoch: 27.09 seconds.

20:08:11: Train Epoch: 90 [0/45000 (0%)]	Loss: 0.145704
20:08:17: Train Epoch: 90 [10000/45000 (22%)]	Loss: 0.084717
20:08:22: Train Epoch: 90 [20000/45000 (44%)]	Loss: 0.212210
20:08:27: Train Epoch: 90 [30000/45000 (67%)]	Loss: 0.047164
20:08:33: Train Epoch: 90 [40000/45000 (89%)]	Loss: 0.267232
20:08:37: 
Evaluation: Average loss: 0.3763, Accuracy: 4450/5000 (89.000%)

20:08:37: Current learning rate: 0.010000000000000002. Time taken for epoch: 26.64 seconds.

20:08:38: Train Epoch: 91 [0/45000 (0%)]	Loss: 0.141627
20:08:44: Train Epoch: 91 [10000/45000 (22%)]	Loss: 0.122304
20:08:49: Train Epoch: 91 [20000/45000 (44%)]	Loss: 0.074090
20:08:54: Train Epoch: 91 [30000/45000 (67%)]	Loss: 0.131645
20:09:00: Train Epoch: 91 [40000/45000 (89%)]	Loss: 0.104203
20:09:05: 
Evaluation: Average loss: 0.3719, Accuracy: 4469/5000 (89.380%)

20:09:05: Current learning rate: 0.010000000000000002. Time taken for epoch: 27.35 seconds.

20:09:05: Train Epoch: 92 [0/45000 (0%)]	Loss: 0.139920
20:09:11: Train Epoch: 92 [10000/45000 (22%)]	Loss: 0.235709
20:09:16: Train Epoch: 92 [20000/45000 (44%)]	Loss: 0.246682
20:09:21: Train Epoch: 92 [30000/45000 (67%)]	Loss: 0.081241
20:09:26: Train Epoch: 92 [40000/45000 (89%)]	Loss: 0.207255
20:09:31: 
Evaluation: Average loss: 0.3532, Accuracy: 4492/5000 (89.840%)

20:09:31: Current learning rate: 0.010000000000000002. Time taken for epoch: 26.45 seconds.

20:09:32: Train Epoch: 93 [0/45000 (0%)]	Loss: 0.111881
20:09:37: Train Epoch: 93 [10000/45000 (22%)]	Loss: 0.134479
20:09:43: Train Epoch: 93 [20000/45000 (44%)]	Loss: 0.120982
20:09:48: Train Epoch: 93 [30000/45000 (67%)]	Loss: 0.250710
20:09:53: Train Epoch: 93 [40000/45000 (89%)]	Loss: 0.128662
20:09:58: 
Evaluation: Average loss: 0.3395, Accuracy: 4531/5000 (90.620%)

20:09:58: Current learning rate: 0.010000000000000002. Time taken for epoch: 27.01 seconds.

20:09:59: Train Epoch: 94 [0/45000 (0%)]	Loss: 0.174298
20:10:04: Train Epoch: 94 [10000/45000 (22%)]	Loss: 0.130619
20:10:10: Train Epoch: 94 [20000/45000 (44%)]	Loss: 0.085170
20:10:15: Train Epoch: 94 [30000/45000 (67%)]	Loss: 0.247319
20:10:20: Train Epoch: 94 [40000/45000 (89%)]	Loss: 0.157927
20:10:25: 
Evaluation: Average loss: 0.4082, Accuracy: 4424/5000 (88.480%)

20:10:25: Current learning rate: 0.010000000000000002. Time taken for epoch: 26.69 seconds.

20:10:26: Train Epoch: 95 [0/45000 (0%)]	Loss: 0.160525
20:10:31: Train Epoch: 95 [10000/45000 (22%)]	Loss: 0.075903
20:10:36: Train Epoch: 95 [20000/45000 (44%)]	Loss: 0.093766
20:10:42: Train Epoch: 95 [30000/45000 (67%)]	Loss: 0.270487
20:10:47: Train Epoch: 95 [40000/45000 (89%)]	Loss: 0.113505
20:10:52: 
Evaluation: Average loss: 0.3755, Accuracy: 4461/5000 (89.220%)

20:10:52: Current learning rate: 0.010000000000000002. Time taken for epoch: 27.06 seconds.

20:10:53: Train Epoch: 96 [0/45000 (0%)]	Loss: 0.081204
20:10:58: Train Epoch: 96 [10000/45000 (22%)]	Loss: 0.156840
20:11:04: Train Epoch: 96 [20000/45000 (44%)]	Loss: 0.207298
20:11:09: Train Epoch: 96 [30000/45000 (67%)]	Loss: 0.153152
20:11:14: Train Epoch: 96 [40000/45000 (89%)]	Loss: 0.067051
20:11:19: 
Evaluation: Average loss: 0.3466, Accuracy: 4502/5000 (90.040%)

20:11:19: Current learning rate: 0.010000000000000002. Time taken for epoch: 26.83 seconds.

20:11:19: Train Epoch: 97 [0/45000 (0%)]	Loss: 0.121082
20:11:25: Train Epoch: 97 [10000/45000 (22%)]	Loss: 0.173964
20:11:30: Train Epoch: 97 [20000/45000 (44%)]	Loss: 0.096766
20:11:35: Train Epoch: 97 [30000/45000 (67%)]	Loss: 0.177435
20:11:40: Train Epoch: 97 [40000/45000 (89%)]	Loss: 0.284810
20:11:45: 
Evaluation: Average loss: 0.3982, Accuracy: 4437/5000 (88.740%)

20:11:45: Current learning rate: 0.010000000000000002. Time taken for epoch: 26.36 seconds.

20:11:46: Train Epoch: 98 [0/45000 (0%)]	Loss: 0.139684
20:11:51: Train Epoch: 98 [10000/45000 (22%)]	Loss: 0.052674
20:11:57: Train Epoch: 98 [20000/45000 (44%)]	Loss: 0.083091
20:12:02: Train Epoch: 98 [30000/45000 (67%)]	Loss: 0.104312
20:12:07: Train Epoch: 98 [40000/45000 (89%)]	Loss: 0.083716
20:12:12: 
Evaluation: Average loss: 0.3570, Accuracy: 4503/5000 (90.060%)

20:12:12: Current learning rate: 0.010000000000000002. Time taken for epoch: 27.12 seconds.

20:12:13: Train Epoch: 99 [0/45000 (0%)]	Loss: 0.143674
20:12:18: Train Epoch: 99 [10000/45000 (22%)]	Loss: 0.091350
20:12:23: Train Epoch: 99 [20000/45000 (44%)]	Loss: 0.128466
20:12:29: Train Epoch: 99 [30000/45000 (67%)]	Loss: 0.163016
20:12:34: Train Epoch: 99 [40000/45000 (89%)]	Loss: 0.115704
20:12:38: 
Evaluation: Average loss: 0.4322, Accuracy: 4389/5000 (87.780%)

20:12:39: Current learning rate: 0.010000000000000002. Time taken for epoch: 26.37 seconds.

20:12:39: Train Epoch: 100 [0/45000 (0%)]	Loss: 0.151441
20:12:45: Train Epoch: 100 [10000/45000 (22%)]	Loss: 0.105974
20:12:50: Train Epoch: 100 [20000/45000 (44%)]	Loss: 0.085467
20:12:55: Train Epoch: 100 [30000/45000 (67%)]	Loss: 0.170572
20:13:01: Train Epoch: 100 [40000/45000 (89%)]	Loss: 0.123524
20:13:05: 
Evaluation: Average loss: 0.3672, Accuracy: 4491/5000 (89.820%)

20:13:06: Current learning rate: 0.010000000000000002. Time taken for epoch: 26.91 seconds.

20:13:08: 
Test evaluation: Average loss: 0.3431, Accuracy: 9030/10000 (90.300%)

20:13:08: 
Iteration end: 1/1

